<?xml version="1.0" encoding="UTF-8" ?>
<testsuites name="vitest tests" tests="239" failures="38" errors="0" time="1.150034952">
    <testsuite name="tests/e2e/home.spec.ts" timestamp="2025-09-05T12:02:51.737Z" hostname="c82ba9db4d53" tests="1" failures="1" errors="0" skipped="0" time="0">
        <testcase classname="tests/e2e/home.spec.ts" name="tests/e2e/home.spec.ts" time="0">
            <failure message="Playwright Test did not expect test.describe() to be called here.
Most common reasons include:
- You are calling test.describe() in a configuration file.
- You are calling test.describe() in a file that is imported by the configuration file.
- You have two different versions of @playwright/test. This usually happens
  when one of the dependencies in your package.json depends on @playwright/test." type="Error">
Error: Playwright Test did not expect test.describe() to be called here.
Most common reasons include:
- You are calling test.describe() in a configuration file.
- You are calling test.describe() in a file that is imported by the configuration file.
- You have two different versions of @playwright/test. This usually happens
  when one of the dependencies in your package.json depends on @playwright/test.
 ❯ TestTypeImpl._currentSuite node_modules/.pnpm/playwright@1.55.0/node_modules/playwright/lib/common/testType.js:74:13
 ❯ TestTypeImpl._describe node_modules/.pnpm/playwright@1.55.0/node_modules/playwright/lib/common/testType.js:114:24
 ❯ Function.describe node_modules/.pnpm/playwright@1.55.0/node_modules/playwright/lib/transform/transform.js:275:12
 ❯ tests/e2e/home.spec.ts:3:6
            </failure>
        </testcase>
    </testsuite>
    <testsuite name="tests/utils/matchFilters/matchFilters.test.ts" timestamp="2025-09-05T12:02:51.746Z" hostname="c82ba9db4d53" tests="1" failures="1" errors="0" skipped="0" time="0">
        <testcase classname="tests/utils/matchFilters/matchFilters.test.ts" name="tests/utils/matchFilters/matchFilters.test.ts" time="0">
            <system-out>
=== Match Filter Conversion Tests ===

Test 1: &quot;artist:match AND title:contains&quot;
UI Config: {
  &quot;rules&quot;: [
    {
      &quot;id&quot;: &quot;rule-0&quot;,
      &quot;conditions&quot;: [
        {
          &quot;id&quot;: &quot;cond-0-0&quot;,
          &quot;field&quot;: &quot;artist&quot;,
          &quot;operation&quot;: &quot;match&quot;
        },
        {
          &quot;id&quot;: &quot;cond-0-1&quot;,
          &quot;field&quot;: &quot;title&quot;,
          &quot;operation&quot;: &quot;contains&quot;
        }
      ],
      &quot;combinator&quot;: &quot;AND&quot;,
      &quot;name&quot;: &quot;Filter 1&quot;
    }
  ],
  &quot;globalCombinator&quot;: &quot;OR&quot;
}
Validation: { isValid: [33mtrue[39m, errors: [] }
Back to Expression: artist:match AND title:contains
Round-trip consistent: [33mtrue[39m
---

Test 2: &quot;artist:similarity&gt;=0.8&quot;
UI Config: {
  &quot;rules&quot;: [
    {
      &quot;id&quot;: &quot;rule-0&quot;,
      &quot;conditions&quot;: [
        {
          &quot;id&quot;: &quot;cond-0-0&quot;,
          &quot;field&quot;: &quot;artist&quot;,
          &quot;operation&quot;: &quot;similarity&quot;,
          &quot;threshold&quot;: 0.8
        }
      ],
      &quot;combinator&quot;: &quot;AND&quot;,
      &quot;name&quot;: &quot;Filter 1&quot;
    }
  ],
  &quot;globalCombinator&quot;: &quot;OR&quot;
}
Validation: { isValid: [33mtrue[39m, errors: [] }
Back to Expression: artist:similarity&gt;=0.8
Round-trip consistent: [33mtrue[39m
---

Test 3: &quot;artist:match OR title:match&quot;
UI Config: {
  &quot;rules&quot;: [
    {
      &quot;id&quot;: &quot;rule-0&quot;,
      &quot;conditions&quot;: [
        {
          &quot;id&quot;: &quot;cond-0-0&quot;,
          &quot;field&quot;: &quot;artist&quot;,
          &quot;operation&quot;: &quot;match&quot;
        }
      ],
      &quot;combinator&quot;: &quot;AND&quot;,
      &quot;name&quot;: &quot;Filter 1&quot;
    },
    {
      &quot;id&quot;: &quot;rule-1&quot;,
      &quot;conditions&quot;: [
        {
          &quot;id&quot;: &quot;cond-1-0&quot;,
          &quot;field&quot;: &quot;title&quot;,
          &quot;operation&quot;: &quot;match&quot;
        }
      ],
      &quot;combinator&quot;: &quot;AND&quot;,
      &quot;name&quot;: &quot;Filter 2&quot;
    }
  ],
  &quot;globalCombinator&quot;: &quot;OR&quot;
}
Validation: { isValid: [33mtrue[39m, errors: [] }
Back to Expression: artist:match OR title:match
Round-trip consistent: [33mtrue[39m
---

Test 4: &quot;artist:match AND title:contains OR album:similarity&gt;=0.9&quot;
UI Config: {
  &quot;rules&quot;: [
    {
      &quot;id&quot;: &quot;rule-0&quot;,
      &quot;conditions&quot;: [
        {
          &quot;id&quot;: &quot;cond-0-0&quot;,
          &quot;field&quot;: &quot;artist&quot;,
          &quot;operation&quot;: &quot;match&quot;
        },
        {
          &quot;id&quot;: &quot;cond-0-1&quot;,
          &quot;field&quot;: &quot;title&quot;,
          &quot;operation&quot;: &quot;contains&quot;
        }
      ],
      &quot;combinator&quot;: &quot;AND&quot;,
      &quot;name&quot;: &quot;Filter 1&quot;
    },
    {
      &quot;id&quot;: &quot;rule-1&quot;,
      &quot;conditions&quot;: [
        {
          &quot;id&quot;: &quot;cond-1-0&quot;,
          &quot;field&quot;: &quot;album&quot;,
          &quot;operation&quot;: &quot;similarity&quot;,
          &quot;threshold&quot;: 0.9
        }
      ],
      &quot;combinator&quot;: &quot;AND&quot;,
      &quot;name&quot;: &quot;Filter 2&quot;
    }
  ],
  &quot;globalCombinator&quot;: &quot;OR&quot;
}
Validation: { isValid: [33mtrue[39m, errors: [] }
Back to Expression: artist:match AND title:contains OR album:similarity&gt;=0.9
Round-trip consistent: [33mtrue[39m
---

Test 5: &quot;&quot;
UI Config: {
  &quot;rules&quot;: [],
  &quot;globalCombinator&quot;: &quot;OR&quot;
}
Validation: { isValid: [33mfalse[39m, errors: [ [32m&apos;At least one rule is required&apos;[39m ] }
Back to Expression: 
Round-trip consistent: [33mtrue[39m
---


            </system-out>
            <failure message="No test suite found in file /var/tmp/vibe-kanban/worktrees/vk-b25b-create-tes/tests/utils/matchFilters/matchFilters.test.ts" type="Error">
Error: No test suite found in file /var/tmp/vibe-kanban/worktrees/vk-b25b-create-tes/tests/utils/matchFilters/matchFilters.test.ts
            </failure>
        </testcase>
    </testsuite>
    <testsuite name="packages/http-client/src/__tests__/AxiosRequest.test.ts" timestamp="2025-09-05T12:02:51.748Z" hostname="c82ba9db4d53" tests="1" failures="1" errors="0" skipped="0" time="0">
        <testcase classname="packages/http-client/src/__tests__/AxiosRequest.test.ts" name="src/__tests__/AxiosRequest.test.ts" time="0">
            <failure message="expect is not defined" type="ReferenceError">
ReferenceError: expect is not defined
 ❯ ../../node_modules/.pnpm/@testing-library+jest-dom@6.8.0/node_modules/@testing-library/jest-dom/dist/index.mjs:9:1
 ❯ ../../tests/setup/vitest.setup.ts:1:1
            </failure>
        </testcase>
    </testsuite>
    <testsuite name="packages/http-client/src/__tests__/methods/axiosDelete.test.ts" timestamp="2025-09-05T12:02:51.750Z" hostname="c82ba9db4d53" tests="1" failures="1" errors="0" skipped="0" time="0">
        <testcase classname="packages/http-client/src/__tests__/methods/axiosDelete.test.ts" name="src/__tests__/methods/axiosDelete.test.ts" time="0">
            <failure message="expect is not defined" type="ReferenceError">
ReferenceError: expect is not defined
 ❯ ../../node_modules/.pnpm/@testing-library+jest-dom@6.8.0/node_modules/@testing-library/jest-dom/dist/index.mjs:9:1
 ❯ ../../tests/setup/vitest.setup.ts:1:1
            </failure>
        </testcase>
    </testsuite>
    <testsuite name="packages/http-client/src/__tests__/methods/axiosGet.test.ts" timestamp="2025-09-05T12:02:51.753Z" hostname="c82ba9db4d53" tests="1" failures="1" errors="0" skipped="0" time="0">
        <testcase classname="packages/http-client/src/__tests__/methods/axiosGet.test.ts" name="src/__tests__/methods/axiosGet.test.ts" time="0">
            <failure message="expect is not defined" type="ReferenceError">
ReferenceError: expect is not defined
 ❯ ../../node_modules/.pnpm/@testing-library+jest-dom@6.8.0/node_modules/@testing-library/jest-dom/dist/index.mjs:9:1
 ❯ ../../tests/setup/vitest.setup.ts:1:1
            </failure>
        </testcase>
    </testsuite>
    <testsuite name="packages/http-client/src/__tests__/methods/axiosPost.test.ts" timestamp="2025-09-05T12:02:51.755Z" hostname="c82ba9db4d53" tests="1" failures="1" errors="0" skipped="0" time="0">
        <testcase classname="packages/http-client/src/__tests__/methods/axiosPost.test.ts" name="src/__tests__/methods/axiosPost.test.ts" time="0">
            <failure message="expect is not defined" type="ReferenceError">
ReferenceError: expect is not defined
 ❯ ../../node_modules/.pnpm/@testing-library+jest-dom@6.8.0/node_modules/@testing-library/jest-dom/dist/index.mjs:9:1
 ❯ ../../tests/setup/vitest.setup.ts:1:1
            </failure>
        </testcase>
    </testsuite>
    <testsuite name="packages/http-client/src/__tests__/methods/axiosPut.test.ts" timestamp="2025-09-05T12:02:51.757Z" hostname="c82ba9db4d53" tests="1" failures="1" errors="0" skipped="0" time="0">
        <testcase classname="packages/http-client/src/__tests__/methods/axiosPut.test.ts" name="src/__tests__/methods/axiosPut.test.ts" time="0">
            <failure message="expect is not defined" type="ReferenceError">
ReferenceError: expect is not defined
 ❯ ../../node_modules/.pnpm/@testing-library+jest-dom@6.8.0/node_modules/@testing-library/jest-dom/dist/index.mjs:9:1
 ❯ ../../tests/setup/vitest.setup.ts:1:1
            </failure>
        </testcase>
    </testsuite>
    <testsuite name="packages/shared-utils/src/__tests__/array/filterUnique.test.ts" timestamp="2025-09-05T12:02:51.759Z" hostname="c82ba9db4d53" tests="14" failures="0" errors="0" skipped="0" time="0.05144583">
        <testcase classname="packages/shared-utils/src/__tests__/array/filterUnique.test.ts" name="filterUnique &gt; basic functionality &gt; should filter out duplicate strings" time="0.003786993">
        </testcase>
        <testcase classname="packages/shared-utils/src/__tests__/array/filterUnique.test.ts" name="filterUnique &gt; basic functionality &gt; should filter out duplicate numbers" time="0.000584429">
        </testcase>
        <testcase classname="packages/shared-utils/src/__tests__/array/filterUnique.test.ts" name="filterUnique &gt; basic functionality &gt; should handle empty array" time="0.000633359">
        </testcase>
        <testcase classname="packages/shared-utils/src/__tests__/array/filterUnique.test.ts" name="filterUnique &gt; basic functionality &gt; should handle array with no duplicates" time="0.00070496">
        </testcase>
        <testcase classname="packages/shared-utils/src/__tests__/array/filterUnique.test.ts" name="filterUnique &gt; edge cases &gt; should handle single element array" time="0.000480707">
        </testcase>
        <testcase classname="packages/shared-utils/src/__tests__/array/filterUnique.test.ts" name="filterUnique &gt; edge cases &gt; should handle array with all same elements" time="0.000398346">
        </testcase>
        <testcase classname="packages/shared-utils/src/__tests__/array/filterUnique.test.ts" name="filterUnique &gt; edge cases &gt; should handle null and undefined values" time="0.000453416">
        </testcase>
        <testcase classname="packages/shared-utils/src/__tests__/array/filterUnique.test.ts" name="filterUnique &gt; edge cases &gt; should handle mixed data types" time="0.000588238">
        </testcase>
        <testcase classname="packages/shared-utils/src/__tests__/array/filterUnique.test.ts" name="filterUnique &gt; object references &gt; should compare object references, not values" time="0.028439678">
        </testcase>
        <testcase classname="packages/shared-utils/src/__tests__/array/filterUnique.test.ts" name="filterUnique &gt; object references &gt; should handle array of objects with same reference" time="0.000967413">
        </testcase>
        <testcase classname="packages/shared-utils/src/__tests__/array/filterUnique.test.ts" name="filterUnique &gt; performance considerations &gt; should handle large arrays efficiently" time="0.008502588">
        </testcase>
        <testcase classname="packages/shared-utils/src/__tests__/array/filterUnique.test.ts" name="filterUnique &gt; performance considerations &gt; should maintain original order of first occurrences" time="0.000578178">
        </testcase>
        <testcase classname="packages/shared-utils/src/__tests__/array/filterUnique.test.ts" name="filterUnique &gt; function signature verification &gt; should be compatible with Array.prototype.filter" time="0.000343115">
        </testcase>
        <testcase classname="packages/shared-utils/src/__tests__/array/filterUnique.test.ts" name="filterUnique &gt; function signature verification &gt; should receive correct parameters from filter" time="0.001488541">
        </testcase>
    </testsuite>
    <testsuite name="packages/shared-utils/src/__tests__/utils/getAPIUrl.test.ts" timestamp="2025-09-05T12:02:51.764Z" hostname="c82ba9db4d53" tests="34" failures="4" errors="0" skipped="0" time="0.080027439">
        <testcase classname="packages/shared-utils/src/__tests__/utils/getAPIUrl.test.ts" name="getAPIUrl &gt; basic functionality &gt; should construct API URL with protocol, host and path" time="0.003081453">
        </testcase>
        <testcase classname="packages/shared-utils/src/__tests__/utils/getAPIUrl.test.ts" name="getAPIUrl &gt; basic functionality &gt; should work with HTTPS URLs" time="0.000501987">
        </testcase>
        <testcase classname="packages/shared-utils/src/__tests__/utils/getAPIUrl.test.ts" name="getAPIUrl &gt; basic functionality &gt; should handle paths with query parameters" time="0.000560328">
        </testcase>
        <testcase classname="packages/shared-utils/src/__tests__/utils/getAPIUrl.test.ts" name="getAPIUrl &gt; basic functionality &gt; should handle root path" time="0.000542537">
        </testcase>
        <testcase classname="packages/shared-utils/src/__tests__/utils/getAPIUrl.test.ts" name="getAPIUrl &gt; port validation &gt; should throw error when port is missing" time="0.001971367">
        </testcase>
        <testcase classname="packages/shared-utils/src/__tests__/utils/getAPIUrl.test.ts" name="getAPIUrl &gt; port validation &gt; should throw error when URL has no port in hostname only format" time="0.000653439">
        </testcase>
        <testcase classname="packages/shared-utils/src/__tests__/utils/getAPIUrl.test.ts" name="getAPIUrl &gt; port validation &gt; should work with explicit port numbers" time="0.031926117">
            <failure message="The link to the Roon extension seems invalid. The port number might be missing" type="Error">
Error: The link to the Roon extension seems invalid. The port number might be missing
 ❯ getAPIUrl src/utils/getAPIUrl.ts:5:15
 ❯ src/__tests__/utils/getAPIUrl.test.ts:43:24
 ❯ src/__tests__/utils/getAPIUrl.test.ts:42:13
            </failure>
        </testcase>
        <testcase classname="packages/shared-utils/src/__tests__/utils/getAPIUrl.test.ts" name="getAPIUrl &gt; port validation &gt; should work with default HTTPS port" time="0.001493521">
            <failure message="The link to the Roon extension seems invalid. The port number might be missing" type="Error">
Error: The link to the Roon extension seems invalid. The port number might be missing
 ❯ getAPIUrl src/utils/getAPIUrl.ts:5:15
 ❯ src/__tests__/utils/getAPIUrl.test.ts:49:22
            </failure>
        </testcase>
        <testcase classname="packages/shared-utils/src/__tests__/utils/getAPIUrl.test.ts" name="getAPIUrl &gt; port validation &gt; should work with default HTTP port" time="0.001270898">
            <failure message="The link to the Roon extension seems invalid. The port number might be missing" type="Error">
Error: The link to the Roon extension seems invalid. The port number might be missing
 ❯ getAPIUrl src/utils/getAPIUrl.ts:5:15
 ❯ src/__tests__/utils/getAPIUrl.test.ts:54:22
            </failure>
        </testcase>
        <testcase classname="packages/shared-utils/src/__tests__/utils/getAPIUrl.test.ts" name="getAPIUrl &gt; URL parsing &gt; should handle complex hostnames" time="0.001115886">
        </testcase>
        <testcase classname="packages/shared-utils/src/__tests__/utils/getAPIUrl.test.ts" name="getAPIUrl &gt; URL parsing &gt; should preserve protocol from original URL" time="0.000489757">
        </testcase>
        <testcase classname="packages/shared-utils/src/__tests__/utils/getAPIUrl.test.ts" name="getAPIUrl &gt; URL parsing &gt; should handle URLs with existing paths that get replaced" time="0.000306254">
        </testcase>
        <testcase classname="packages/shared-utils/src/__tests__/utils/getAPIUrl.test.ts" name="getAPIUrl &gt; URL parsing &gt; should handle URLs with query parameters that get replaced" time="0.000596119">
        </testcase>
        <testcase classname="packages/shared-utils/src/__tests__/utils/getAPIUrl.test.ts" name="getAPIUrl &gt; URL parsing &gt; should handle URLs with fragments that get replaced" time="0.000365745">
        </testcase>
        <testcase classname="packages/shared-utils/src/__tests__/utils/getAPIUrl.test.ts" name="getAPIUrl &gt; path handling &gt; should handle paths starting with slash" time="0.000313884">
        </testcase>
        <testcase classname="packages/shared-utils/src/__tests__/utils/getAPIUrl.test.ts" name="getAPIUrl &gt; path handling &gt; should handle paths not starting with slash" time="0.000398915">
        </testcase>
        <testcase classname="packages/shared-utils/src/__tests__/utils/getAPIUrl.test.ts" name="getAPIUrl &gt; path handling &gt; should handle empty paths" time="0.000396185">
        </testcase>
        <testcase classname="packages/shared-utils/src/__tests__/utils/getAPIUrl.test.ts" name="getAPIUrl &gt; path handling &gt; should handle complex paths" time="0.000793931">
        </testcase>
        <testcase classname="packages/shared-utils/src/__tests__/utils/getAPIUrl.test.ts" name="getAPIUrl &gt; path handling &gt; should handle paths with special characters" time="0.000493857">
        </testcase>
        <testcase classname="packages/shared-utils/src/__tests__/utils/getAPIUrl.test.ts" name="getAPIUrl &gt; error handling &gt; should throw specific error message about Roon extension" time="0.000592858">
        </testcase>
        <testcase classname="packages/shared-utils/src/__tests__/utils/getAPIUrl.test.ts" name="getAPIUrl &gt; error handling &gt; should handle malformed URLs gracefully" time="0.000480607">
        </testcase>
        <testcase classname="packages/shared-utils/src/__tests__/utils/getAPIUrl.test.ts" name="getAPIUrl &gt; error handling &gt; should handle invalid protocols" time="0.000590628">
        </testcase>
        <testcase classname="packages/shared-utils/src/__tests__/utils/getAPIUrl.test.ts" name="getAPIUrl &gt; real-world usage patterns &gt; should work with typical Plex server configurations" time="0.002257081">
        </testcase>
        <testcase classname="packages/shared-utils/src/__tests__/utils/getAPIUrl.test.ts" name="getAPIUrl &gt; real-world usage patterns &gt; should work with Plex API endpoints" time="0.000882062">
        </testcase>
        <testcase classname="packages/shared-utils/src/__tests__/utils/getAPIUrl.test.ts" name="getAPIUrl &gt; real-world usage patterns &gt; should handle dynamic port assignments" time="0.00069828">
        </testcase>
        <testcase classname="packages/shared-utils/src/__tests__/utils/getAPIUrl.test.ts" name="getAPIUrl &gt; URL component preservation &gt; should preserve protocol exactly" time="0.000442066">
        </testcase>
        <testcase classname="packages/shared-utils/src/__tests__/utils/getAPIUrl.test.ts" name="getAPIUrl &gt; URL component preservation &gt; should preserve hostname exactly" time="0.00068207">
        </testcase>
        <testcase classname="packages/shared-utils/src/__tests__/utils/getAPIUrl.test.ts" name="getAPIUrl &gt; URL component preservation &gt; should preserve port exactly" time="0.001132236">
            <failure message="The link to the Roon extension seems invalid. The port number might be missing" type="Error">
Error: The link to the Roon extension seems invalid. The port number might be missing
 ❯ getAPIUrl src/utils/getAPIUrl.ts:5:15
 ❯ src/__tests__/utils/getAPIUrl.test.ts:232:24
 ❯ src/__tests__/utils/getAPIUrl.test.ts:231:13
            </failure>
        </testcase>
        <testcase classname="packages/shared-utils/src/__tests__/utils/getAPIUrl.test.ts" name="getAPIUrl &gt; edge cases &gt; should handle very long paths" time="0.000355475">
        </testcase>
        <testcase classname="packages/shared-utils/src/__tests__/utils/getAPIUrl.test.ts" name="getAPIUrl &gt; edge cases &gt; should handle paths with Unicode characters" time="0.000257094">
        </testcase>
        <testcase classname="packages/shared-utils/src/__tests__/utils/getAPIUrl.test.ts" name="getAPIUrl &gt; edge cases &gt; should handle IPv6 addresses with ports" time="0.000237704">
        </testcase>
        <testcase classname="packages/shared-utils/src/__tests__/utils/getAPIUrl.test.ts" name="getAPIUrl &gt; edge cases &gt; should handle unusual but valid port numbers" time="0.000429926">
        </testcase>
        <testcase classname="packages/shared-utils/src/__tests__/utils/getAPIUrl.test.ts" name="getAPIUrl &gt; performance &gt; should handle many URL constructions efficiently" time="0.00497849">
        </testcase>
        <testcase classname="packages/shared-utils/src/__tests__/utils/getAPIUrl.test.ts" name="getAPIUrl &gt; performance &gt; should handle complex URLs efficiently" time="0.000380085">
        </testcase>
    </testsuite>
    <testsuite name="packages/shared-utils/src/__tests__/validation/validateExpression.test.ts" timestamp="2025-09-05T12:02:51.780Z" hostname="c82ba9db4d53" tests="39" failures="2" errors="0" skipped="0" time="0.180323972">
        <testcase classname="packages/shared-utils/src/__tests__/validation/validateExpression.test.ts" name="validateExpression &gt; basic validation &gt; should return valid: false for empty expression" time="0.006339949">
        </testcase>
        <testcase classname="packages/shared-utils/src/__tests__/validation/validateExpression.test.ts" name="validateExpression &gt; basic validation &gt; should return valid: false for whitespace-only expression" time="0.000885533">
        </testcase>
        <testcase classname="packages/shared-utils/src/__tests__/validation/validateExpression.test.ts" name="validateExpression &gt; basic validation &gt; should return valid: true for single valid field" time="0.002382643">
        </testcase>
        <testcase classname="packages/shared-utils/src/__tests__/validation/validateExpression.test.ts" name="validateExpression &gt; basic validation &gt; should return valid: true for field with operation" time="0.002774719">
        </testcase>
        <testcase classname="packages/shared-utils/src/__tests__/validation/validateExpression.test.ts" name="validateExpression &gt; field validation &gt; should accept all valid fields as standalone" time="0.015556727">
        </testcase>
        <testcase classname="packages/shared-utils/src/__tests__/validation/validateExpression.test.ts" name="validateExpression &gt; field validation &gt; should accept all valid fields with operations" time="0.00363334">
        </testcase>
        <testcase classname="packages/shared-utils/src/__tests__/validation/validateExpression.test.ts" name="validateExpression &gt; field validation &gt; should reject invalid field names" time="0.001544541">
        </testcase>
        <testcase classname="packages/shared-utils/src/__tests__/validation/validateExpression.test.ts" name="validateExpression &gt; field validation &gt; should reject multiple invalid fields" time="0.000770181">
        </testcase>
        <testcase classname="packages/shared-utils/src/__tests__/validation/validateExpression.test.ts" name="validateExpression &gt; field validation &gt; should handle mixed valid and invalid fields" time="0.000826662">
        </testcase>
        <testcase classname="packages/shared-utils/src/__tests__/validation/validateExpression.test.ts" name="validateExpression &gt; operation validation &gt; should accept all valid operations" time="0.001745194">
        </testcase>
        <testcase classname="packages/shared-utils/src/__tests__/validation/validateExpression.test.ts" name="validateExpression &gt; operation validation &gt; should accept similarity operations with valid thresholds" time="0.003798014">
        </testcase>
        <testcase classname="packages/shared-utils/src/__tests__/validation/validateExpression.test.ts" name="validateExpression &gt; operation validation &gt; should reject invalid operations" time="0.003158924">
        </testcase>
        <testcase classname="packages/shared-utils/src/__tests__/validation/validateExpression.test.ts" name="validateExpression &gt; operation validation &gt; should reject similarity operations with invalid thresholds" time="0.001286678">
        </testcase>
        <testcase classname="packages/shared-utils/src/__tests__/validation/validateExpression.test.ts" name="validateExpression &gt; operation validation &gt; should handle missing similarity threshold" time="0.013535539">
        </testcase>
        <testcase classname="packages/shared-utils/src/__tests__/validation/validateExpression.test.ts" name="validateExpression &gt; boolean operator validation &gt; should accept AND operator" time="0.000630039">
        </testcase>
        <testcase classname="packages/shared-utils/src/__tests__/validation/validateExpression.test.ts" name="validateExpression &gt; boolean operator validation &gt; should accept OR operator" time="0.000526678">
        </testcase>
        <testcase classname="packages/shared-utils/src/__tests__/validation/validateExpression.test.ts" name="validateExpression &gt; boolean operator validation &gt; should reject invalid boolean operators" time="0.003952445">
        </testcase>
        <testcase classname="packages/shared-utils/src/__tests__/validation/validateExpression.test.ts" name="validateExpression &gt; boolean operator validation &gt; should handle multiple boolean operators" time="0.000528037">
        </testcase>
        <testcase classname="packages/shared-utils/src/__tests__/validation/validateExpression.test.ts" name="validateExpression &gt; boolean operator validation &gt; should be case sensitive for operators" time="0.000390146">
        </testcase>
        <testcase classname="packages/shared-utils/src/__tests__/validation/validateExpression.test.ts" name="validateExpression &gt; expression structure validation &gt; should validate balanced expressions" time="0.004822267">
        </testcase>
        <testcase classname="packages/shared-utils/src/__tests__/validation/validateExpression.test.ts" name="validateExpression &gt; expression structure validation &gt; should reject unbalanced expressions" time="0.000854072">
        </testcase>
        <testcase classname="packages/shared-utils/src/__tests__/validation/validateExpression.test.ts" name="validateExpression &gt; expression structure validation &gt; should handle complex valid expressions" time="0.001010924">
        </testcase>
        <testcase classname="packages/shared-utils/src/__tests__/validation/validateExpression.test.ts" name="validateExpression &gt; mixed field formats &gt; should handle expressions with both field:operation and standalone fields" time="0.000513568">
        </testcase>
        <testcase classname="packages/shared-utils/src/__tests__/validation/validateExpression.test.ts" name="validateExpression &gt; mixed field formats &gt; should handle multiple standalone fields" time="0.000467217">
        </testcase>
        <testcase classname="packages/shared-utils/src/__tests__/validation/validateExpression.test.ts" name="validateExpression &gt; mixed field formats &gt; should handle all standalone fields" time="0.000424206">
        </testcase>
        <testcase classname="packages/shared-utils/src/__tests__/validation/validateExpression.test.ts" name="validateExpression &gt; error handling &gt; should handle parsing errors gracefully" time="0.000447116">
        </testcase>
        <testcase classname="packages/shared-utils/src/__tests__/validation/validateExpression.test.ts" name="validateExpression &gt; error handling &gt; should return ValidationResult interface" time="0.00076362">
        </testcase>
        <testcase classname="packages/shared-utils/src/__tests__/validation/validateExpression.test.ts" name="validateExpression &gt; error handling &gt; should handle very long expressions" time="0.000680799">
        </testcase>
        <testcase classname="packages/shared-utils/src/__tests__/validation/validateExpression.test.ts" name="validateExpression &gt; whitespace handling &gt; should handle expressions with extra whitespace" time="0.000468257">
        </testcase>
        <testcase classname="packages/shared-utils/src/__tests__/validation/validateExpression.test.ts" name="validateExpression &gt; whitespace handling &gt; should handle expressions with no spaces around operators" time="0.000448187">
        </testcase>
        <testcase classname="packages/shared-utils/src/__tests__/validation/validateExpression.test.ts" name="validateExpression &gt; whitespace handling &gt; should handle tabs and other whitespace characters" time="0.000487857">
        </testcase>
        <testcase classname="packages/shared-utils/src/__tests__/validation/validateExpression.test.ts" name="validateExpression &gt; edge cases &gt; should handle single character inputs" time="0.024234329">
            <failure message="expected true to be false // Object.is equality" type="AssertionError">
AssertionError: expected true to be false // Object.is equality

- Expected
+ Received

- false
+ true

 ❯ src/__tests__/validation/validateExpression.test.ts:263:28
            </failure>
        </testcase>
        <testcase classname="packages/shared-utils/src/__tests__/validation/validateExpression.test.ts" name="validateExpression &gt; edge cases &gt; should handle expressions with only operators" time="0.000508137">
        </testcase>
        <testcase classname="packages/shared-utils/src/__tests__/validation/validateExpression.test.ts" name="validateExpression &gt; edge cases &gt; should handle expressions with only colons" time="0.000361755">
        </testcase>
        <testcase classname="packages/shared-utils/src/__tests__/validation/validateExpression.test.ts" name="validateExpression &gt; edge cases &gt; should handle unicode characters" time="0.017989751">
            <failure message="expected [ Array(1) ] to deep equally contain StringContaining &quot;Invalid field&quot;" type="AssertionError">
AssertionError: expected [ Array(1) ] to deep equally contain StringContaining &quot;Invalid field&quot;

- Expected: 
StringContaining &quot;Invalid field&quot;

+ Received: 
[
  &quot;Invalid expression syntax. Expected format: \&quot;field[:operation] AND/OR field[:operation]\&quot;&quot;,
]

 ❯ src/__tests__/validation/validateExpression.test.ts:282:29
            </failure>
        </testcase>
        <testcase classname="packages/shared-utils/src/__tests__/validation/validateExpression.test.ts" name="validateExpression &gt; performance &gt; should handle moderately complex expressions efficiently" time="0.00071671">
        </testcase>
        <testcase classname="packages/shared-utils/src/__tests__/validation/validateExpression.test.ts" name="validateExpression &gt; performance &gt; should handle many validation calls efficiently" time="0.043714081">
        </testcase>
        <testcase classname="packages/shared-utils/src/__tests__/validation/validateExpression.test.ts" name="validateExpression &gt; comprehensive integration &gt; should validate real-world music search expressions" time="0.001360359">
        </testcase>
        <testcase classname="packages/shared-utils/src/__tests__/validation/validateExpression.test.ts" name="validateExpression &gt; comprehensive integration &gt; should provide helpful error messages" time="0.000505887">
        </testcase>
    </testsuite>
    <testsuite name="packages/music-search/src/__tests__/utils/compareTitles.test.ts" timestamp="2025-09-05T12:02:51.791Z" hostname="c82ba9db4d53" tests="32" failures="3" errors="0" skipped="0" time="0.493209667">
        <testcase classname="packages/music-search/src/__tests__/utils/compareTitles.test.ts" name="compareTitles &gt; basic functionality &gt; should return default result for undefined inputs" time="0.00859366">
        </testcase>
        <testcase classname="packages/music-search/src/__tests__/utils/compareTitles.test.ts" name="compareTitles &gt; basic functionality &gt; should return default result when first parameter is undefined" time="0.000642689">
        </testcase>
        <testcase classname="packages/music-search/src/__tests__/utils/compareTitles.test.ts" name="compareTitles &gt; basic functionality &gt; should return default result when second parameter is undefined" time="0.001946597">
        </testcase>
        <testcase classname="packages/music-search/src/__tests__/utils/compareTitles.test.ts" name="compareTitles &gt; basic functionality &gt; should return default result for empty strings" time="0.000636598">
        </testcase>
        <testcase classname="packages/music-search/src/__tests__/utils/compareTitles.test.ts" name="compareTitles &gt; exact matching &gt; should detect exact matches (case insensitive)" time="0.049044016">
        </testcase>
        <testcase classname="packages/music-search/src/__tests__/utils/compareTitles.test.ts" name="compareTitles &gt; exact matching &gt; should detect exact matches with different cases" time="0.002281712">
        </testcase>
        <testcase classname="packages/music-search/src/__tests__/utils/compareTitles.test.ts" name="compareTitles &gt; exact matching &gt; should not match different strings" time="0.001344069">
        </testcase>
        <testcase classname="packages/music-search/src/__tests__/utils/compareTitles.test.ts" name="compareTitles &gt; exact matching &gt; should handle punctuation in matching" time="0.001122836">
        </testcase>
        <testcase classname="packages/music-search/src/__tests__/utils/compareTitles.test.ts" name="compareTitles &gt; contains functionality &gt; one-way contains (default) &gt; should detect when second string contains in first (normalized)" time="0.00075913">
        </testcase>
        <testcase classname="packages/music-search/src/__tests__/utils/compareTitles.test.ts" name="compareTitles &gt; contains functionality &gt; one-way contains (default) &gt; should not detect when first string contains in second" time="0.000661429">
        </testcase>
        <testcase classname="packages/music-search/src/__tests__/utils/compareTitles.test.ts" name="compareTitles &gt; contains functionality &gt; one-way contains (default) &gt; should handle case insensitive contains" time="0.000492477">
        </testcase>
        <testcase classname="packages/music-search/src/__tests__/utils/compareTitles.test.ts" name="compareTitles &gt; contains functionality &gt; two-way contains &gt; should detect contains in both directions when twoWayContain is true" time="0.002644157">
        </testcase>
        <testcase classname="packages/music-search/src/__tests__/utils/compareTitles.test.ts" name="compareTitles &gt; contains functionality &gt; two-way contains &gt; should work with two-way contains for equal strings" time="0.026004173">
        </testcase>
        <testcase classname="packages/music-search/src/__tests__/utils/compareTitles.test.ts" name="compareTitles &gt; contains functionality &gt; short title exclusion &gt; should not use contains for titles shorter than 5 characters" time="0.000933043">
        </testcase>
        <testcase classname="packages/music-search/src/__tests__/utils/compareTitles.test.ts" name="compareTitles &gt; contains functionality &gt; short title exclusion &gt; should not use contains when second title is shorter than 5 characters" time="0.007485595">
        </testcase>
        <testcase classname="packages/music-search/src/__tests__/utils/compareTitles.test.ts" name="compareTitles &gt; contains functionality &gt; short title exclusion &gt; should use contains when both titles are 5+ characters" time="0.000563428">
        </testcase>
        <testcase classname="packages/music-search/src/__tests__/utils/compareTitles.test.ts" name="compareTitles &gt; contains functionality &gt; short title exclusion &gt; should handle exactly 5 character strings" time="0.08437328">
            <failure message="expected false to be true // Object.is equality" type="AssertionError">
AssertionError: expected false to be true // Object.is equality

- Expected
+ Received

- true
+ false

 ❯ src/__tests__/utils/compareTitles.test.ts:115:33
            </failure>
        </testcase>
        <testcase classname="packages/music-search/src/__tests__/utils/compareTitles.test.ts" name="compareTitles &gt; similarity scoring &gt; should return similarity score between 0 and 1" time="0.00072172">
        </testcase>
        <testcase classname="packages/music-search/src/__tests__/utils/compareTitles.test.ts" name="compareTitles &gt; similarity scoring &gt; should return higher similarity for similar strings" time="0.000435526">
        </testcase>
        <testcase classname="packages/music-search/src/__tests__/utils/compareTitles.test.ts" name="compareTitles &gt; similarity scoring &gt; should return perfect similarity for identical strings" time="0.000342405">
        </testcase>
        <testcase classname="packages/music-search/src/__tests__/utils/compareTitles.test.ts" name="compareTitles &gt; createSearchString integration &gt; should call createSearchString for contains logic" time="0.001849406">
        </testcase>
        <testcase classname="packages/music-search/src/__tests__/utils/compareTitles.test.ts" name="compareTitles &gt; createSearchString integration &gt; should call createSearchString twice for two-way contains" time="0.000546688">
        </testcase>
        <testcase classname="packages/music-search/src/__tests__/utils/compareTitles.test.ts" name="compareTitles &gt; createSearchString integration &gt; should not call createSearchString for short titles" time="0.000673869">
        </testcase>
        <testcase classname="packages/music-search/src/__tests__/utils/compareTitles.test.ts" name="compareTitles &gt; real-world examples &gt; should handle music track comparisons" time="0.00140157">
        </testcase>
        <testcase classname="packages/music-search/src/__tests__/utils/compareTitles.test.ts" name="compareTitles &gt; real-world examples &gt; should handle partial track matches" time="0.00068939">
        </testcase>
        <testcase classname="packages/music-search/src/__tests__/utils/compareTitles.test.ts" name="compareTitles &gt; real-world examples &gt; should handle remixes and versions" time="0.002538216">
            <failure message="expected false to be true // Object.is equality" type="AssertionError">
AssertionError: expected false to be true // Object.is equality

- Expected
+ Received

- true
+ false

 ❯ src/__tests__/utils/compareTitles.test.ts:186:31
            </failure>
        </testcase>
        <testcase classname="packages/music-search/src/__tests__/utils/compareTitles.test.ts" name="compareTitles &gt; real-world examples &gt; should handle abbreviations" time="0.000632489">
        </testcase>
        <testcase classname="packages/music-search/src/__tests__/utils/compareTitles.test.ts" name="compareTitles &gt; edge cases &gt; should handle very long titles" time="0.001678363">
        </testcase>
        <testcase classname="packages/music-search/src/__tests__/utils/compareTitles.test.ts" name="compareTitles &gt; edge cases &gt; should handle special characters" time="0.000383055">
        </testcase>
        <testcase classname="packages/music-search/src/__tests__/utils/compareTitles.test.ts" name="compareTitles &gt; edge cases &gt; should handle unicode characters" time="0.000376276">
        </testcase>
        <testcase classname="packages/music-search/src/__tests__/utils/compareTitles.test.ts" name="compareTitles &gt; edge cases &gt; should handle whitespace variations" time="0.001588412">
            <failure message="expected false to be true // Object.is equality" type="AssertionError">
AssertionError: expected false to be true // Object.is equality

- Expected
+ Received

- true
+ false

 ❯ src/__tests__/utils/compareTitles.test.ts:218:28
            </failure>
        </testcase>
        <testcase classname="packages/music-search/src/__tests__/utils/compareTitles.test.ts" name="compareTitles &gt; performance &gt; should handle many comparisons efficiently" time="0.264813563">
        </testcase>
    </testsuite>
    <testsuite name="packages/music-search/src/__tests__/utils/createSearchString.test.ts" timestamp="2025-09-05T12:02:51.802Z" hostname="c82ba9db4d53" tests="24" failures="3" errors="0" skipped="0" time="0.123166002">
        <testcase classname="packages/music-search/src/__tests__/utils/createSearchString.test.ts" name="createSearchString &gt; basic functionality &gt; should convert string to lowercase" time="0.00353366">
        </testcase>
        <testcase classname="packages/music-search/src/__tests__/utils/createSearchString.test.ts" name="createSearchString &gt; basic functionality &gt; should trim whitespace" time="0.00073702">
        </testcase>
        <testcase classname="packages/music-search/src/__tests__/utils/createSearchString.test.ts" name="createSearchString &gt; basic functionality &gt; should handle empty string" time="0.002144179">
        </testcase>
        <testcase classname="packages/music-search/src/__tests__/utils/createSearchString.test.ts" name="createSearchString &gt; basic functionality &gt; should handle whitespace-only string" time="0.000598668">
        </testcase>
        <testcase classname="packages/music-search/src/__tests__/utils/createSearchString.test.ts" name="createSearchString &gt; diacritic normalization &gt; a variants &gt; should normalize à, á, â, ã, ä, å to a" time="0.003098834">
        </testcase>
        <testcase classname="packages/music-search/src/__tests__/utils/createSearchString.test.ts" name="createSearchString &gt; diacritic normalization &gt; e variants &gt; should normalize è, é, ê, ë to e" time="0.000818542">
        </testcase>
        <testcase classname="packages/music-search/src/__tests__/utils/createSearchString.test.ts" name="createSearchString &gt; diacritic normalization &gt; i variants &gt; should normalize ì, í, î, ï to i" time="0.000461046">
        </testcase>
        <testcase classname="packages/music-search/src/__tests__/utils/createSearchString.test.ts" name="createSearchString &gt; diacritic normalization &gt; o variants &gt; should normalize ò, ó, ô, õ, ö to o" time="0.000403666">
        </testcase>
        <testcase classname="packages/music-search/src/__tests__/utils/createSearchString.test.ts" name="createSearchString &gt; diacritic normalization &gt; u variants &gt; should normalize ù, ú, û, ü to u" time="0.000584838">
        </testcase>
        <testcase classname="packages/music-search/src/__tests__/utils/createSearchString.test.ts" name="createSearchString &gt; diacritic normalization &gt; y variants &gt; should normalize ý, ÿ to y" time="0.000447706">
        </testcase>
        <testcase classname="packages/music-search/src/__tests__/utils/createSearchString.test.ts" name="createSearchString &gt; diacritic normalization &gt; special characters &gt; should normalize æ to ae" time="0.000434936">
        </testcase>
        <testcase classname="packages/music-search/src/__tests__/utils/createSearchString.test.ts" name="createSearchString &gt; diacritic normalization &gt; special characters &gt; should normalize œ to oe" time="0.000815911">
        </testcase>
        <testcase classname="packages/music-search/src/__tests__/utils/createSearchString.test.ts" name="createSearchString &gt; diacritic normalization &gt; special characters &gt; should normalize ç to c" time="0.000432646">
        </testcase>
        <testcase classname="packages/music-search/src/__tests__/utils/createSearchString.test.ts" name="createSearchString &gt; diacritic normalization &gt; special characters &gt; should normalize ñ to n" time="0.000797292">
        </testcase>
        <testcase classname="packages/music-search/src/__tests__/utils/createSearchString.test.ts" name="createSearchString &gt; real-world examples &gt; should normalize music artist names" time="0.012518545">
        </testcase>
        <testcase classname="packages/music-search/src/__tests__/utils/createSearchString.test.ts" name="createSearchString &gt; real-world examples &gt; should normalize song titles" time="0.000655749">
        </testcase>
        <testcase classname="packages/music-search/src/__tests__/utils/createSearchString.test.ts" name="createSearchString &gt; real-world examples &gt; should handle mixed content" time="0.000390255">
        </testcase>
        <testcase classname="packages/music-search/src/__tests__/utils/createSearchString.test.ts" name="createSearchString &gt; edge cases &gt; should handle strings with only diacritics" time="0.054036896">
            <failure message="expected &apos;aaaaaaaec&apos; to be &apos;aaaaaaeac&apos; // Object.is equality" type="AssertionError">
AssertionError: expected &apos;aaaaaaaec&apos; to be &apos;aaaaaaeac&apos; // Object.is equality

Expected: &quot;aaaaaaeac&quot;
Received: &quot;aaaaaaaec&quot;

 ❯ src/__tests__/utils/createSearchString.test.ts:115:46
            </failure>
        </testcase>
        <testcase classname="packages/music-search/src/__tests__/utils/createSearchString.test.ts" name="createSearchString &gt; edge cases &gt; should handle mixed case with diacritics" time="0.000453276">
        </testcase>
        <testcase classname="packages/music-search/src/__tests__/utils/createSearchString.test.ts" name="createSearchString &gt; edge cases &gt; should handle numbers and special characters" time="0.000370115">
        </testcase>
        <testcase classname="packages/music-search/src/__tests__/utils/createSearchString.test.ts" name="createSearchString &gt; edge cases &gt; should handle very long strings" time="0.000655849">
        </testcase>
        <testcase classname="packages/music-search/src/__tests__/utils/createSearchString.test.ts" name="createSearchString &gt; performance &gt; should handle large strings efficiently" time="0.031536261">
            <failure message="expected &apos;bjork guðmundsdottir bjork guðmundsdo…&apos; to contain &apos;bjork gudmundsdottir&apos;" type="AssertionError">
AssertionError: expected &apos;bjork guðmundsdottir bjork guðmundsdo…&apos; to contain &apos;bjork gudmundsdottir&apos;

- Expected
+ Received

- bjork gudmundsdottir
+ bjork guðmundsdottir bjork guðmundsdottir bjork guðmundsdottir bjork guðmundsdottir bjork guðmundsdottir bjork guðmundsdottir bjork guðmundsdottir bjork guðmundsdottir bjork guðmundsdottir bjork guðmundsdottir bjork guðmundsdottir bjork guðmundsdottir bjork guðmundsdottir bjork guðmundsdottir bjork guðmundsdottir bjork guðmundsdottir bjork guðmundsdottir bjork guðmundsdottir bjork guðmundsdottir bjork guðmundsdottir bjork guðmundsdottir bjork guðmundsdottir bjork guðmundsdottir bjork guðmundsdottir bjork guðmundsdottir bjork guðmundsdottir bjork guðmundsdottir bjork guðmundsdottir bjork guðmundsdottir bjork guðmundsdottir bjork guðmundsdottir bjork guðmundsdottir bjork guðmundsdottir bjork guðmundsdottir bjork guðmundsdottir bjork guðmundsdottir bjork guðmundsdottir bjork guðmundsdottir bjork guðmundsdottir bjork guðmundsdottir bjork guðmundsdottir bjork guðmundsdottir bjork guðmundsdottir bjork guðmundsdottir bjork guðmundsdottir bjork guðmundsdottir bjork guðmundsdottir bjork guðmundsdottir bjork guðmundsdottir bjork guðmundsdottir bjork guðmundsdottir bjork guðmundsdottir bjork guðmundsdottir bjork guðmundsdottir bjork guðmundsdottir bjork guðmundsdottir bjork guðmundsdottir bjork guðmundsdottir bjork guðmundsdottir bjork guðmundsdottir bjork guðmundsdottir bjork guðmundsdottir bjork guðmundsdottir bjork guðmundsdottir bjork guðmundsdottir bjork guðmundsdottir bjork guðmundsdottir bjork guðmundsdottir bjork guðmundsdottir bjork guðmundsdottir bjork guðmundsdottir bjork guðmundsdottir bjork guðmundsdottir bjork guðmundsdottir bjork guðmundsdottir bjork guðmundsdottir bjork guðmundsdottir bjork guðmundsdottir bjork guðmundsdottir bjork guðmundsdottir bjork guðmundsdottir bjork guðmundsdottir bjork guðmundsdottir bjork guðmundsdottir bjork guðmundsdottir bjork guðmundsdottir bjork guðmundsdottir bjork guðmundsdottir bjork guðmundsdottir bjork guðmundsdottir bjork guðmundsdottir bjork guðmundsdottir bjork guðmundsdottir bjork guðmundsdottir bjork guðmundsdottir bjork guðmundsdottir bjork guðmundsdottir bjork guðmundsdottir bjork guðmundsdottir bjork guðmundsdottir bjork guðmundsdottir bjork guðmundsdottir bjork guðmundsdottir bjork guðmundsdottir bjork guðmundsdottir bjork guðmundsdottir bjork guðmundsdottir bjork guðmundsdottir bjork guðmundsdottir bjork guðmundsdottir bjork guðmundsdottir bjork guðmundsdottir bjork guðmundsdottir bjork guðmundsdottir bjork guðmundsdottir bjork guðmundsdottir bjork guðmundsdottir bjork guðmundsdottir bjork guðmundsdottir bjork guðmundsdottir bjork guðmundsdottir bjork guðmundsdottir bjork guðmundsdottir bjork guðmundsdottir bjork guðmundsdottir bjork guðmundsdottir bjork guðmundsdottir bjork guðmundsdottir bjork guðmundsdottir bjork guðmundsdottir bjork guðmundsdottir bjork guðmundsdottir bjork guðmundsdottir bjork guðmundsdottir bjork guðmundsdottir bjork guðmundsdottir bjork guðmundsdottir bjork guðmundsdottir bjork guðmundsdottir bjork guðmundsdottir bjork guðmundsdottir bjork guðmundsdottir bjork guðmundsdottir bjork guðmundsdottir bjork guðmundsdottir bjork guðmundsdottir bjork guðmundsdottir bjork guðmundsdottir bjork guðmundsdottir bjork guðmundsdottir bjork guðmundsdottir bjork guðmundsdottir bjork guðmundsdottir bjork guðmundsdottir bjork guðmundsdottir bjork guðmundsdottir bjork guðmundsdottir bjork guðmundsdottir bjork guðmundsdottir bjork guðmundsdottir bjork guðmundsdottir bjork guðmundsdottir bjork guðmundsdottir bjork guðmundsdottir bjork guðmundsdottir bjork guðmundsdottir bjork guðmundsdottir bjork guðmundsdottir bjork guðmundsdottir bjork guðmundsdottir bjork guðmundsdottir bjork guðmundsdottir bjork guðmundsdottir bjork guðmundsdottir bjork guðmundsdottir bjork guðmundsdottir bjork guðmundsdottir bjork guðmundsdottir bjork guðmundsdottir bjork guðmundsdottir bjork guðmundsdottir bjork guðmundsdottir bjork guðmundsdottir bjork guðmundsdottir bjork guðmundsdottir bjork guðmundsdottir bjork guðmundsdottir bjork guðmundsdottir bjork guðmundsdottir bjork guðmundsdottir bjork guðmundsdottir bjork guðmundsdottir bjork guðmundsdottir bjork guðmundsdottir bjork guðmundsdottir bjork guðmundsdottir bjork guðmundsdottir bjork guðmundsdottir bjork guðmundsdottir bjork guðmundsdottir bjork guðmundsdottir bjork guðmundsdottir bjork guðmundsdottir bjork guðmundsdottir bjork guðmundsdottir bjork guðmundsdottir bjork guðmundsdottir bjork guðmundsdottir bjork guðmundsdottir bjork guðmundsdottir bjork guðmundsdottir bjork guðmundsdottir bjork guðmundsdottir bjork guðmundsdottir bjork guðmundsdottir bjork guðmundsdottir bjork guðmundsdottir bjork guðmundsdottir bjork guðmundsdottir bjork guðmundsdottir bjork guðmundsdottir bjork guðmundsdottir bjork guðmundsdottir bjork guðmundsdottir bjork guðmundsdottir bjork guðmundsdottir bjork guðmundsdottir bjork guðmundsdottir bjork guðmundsdottir bjork guðmundsdottir bjork guðmundsdottir bjork guðmundsdottir bjork guðmundsdottir bjork guðmundsdottir bjork guðmundsdottir bjork guðmundsdottir bjork guðmundsdottir bjork guðmundsdottir bjork guðmundsdottir bjork guðmundsdottir bjork guðmundsdottir bjork guðmundsdottir bjork guðmundsdottir bjork guðmundsdottir bjork guðmundsdottir bjork guðmundsdottir bjork guðmundsdottir bjork guðmundsdottir bjork guðmundsdottir bjork guðmundsdottir bjork guðmundsdottir bjork guðmundsdottir bjork guðmundsdottir bjork guðmundsdottir bjork guðmundsdottir bjork guðmundsdottir bjork guðmundsdottir bjork guðmundsdottir bjork guðmundsdottir bjork guðmundsdottir bjork guðmundsdottir bjork guðmundsdottir bjork guðmundsdottir bjork guðmundsdottir bjork guðmundsdottir bjork guðmundsdottir bjork guðmundsdottir bjork guðmundsdottir bjork guðmundsdottir bjork guðmundsdottir bjork guðmundsdottir bjork guðmundsdottir bjork guðmundsdottir bjork guðmundsdottir bjork guðmundsdottir bjork guðmundsdottir bjork guðmundsdottir bjork guðmundsdottir bjork guðmundsdottir bjork guðmundsdottir bjork guðmundsdottir bjork guðmundsdottir bjork guðmundsdottir bjork guðmundsdottir bjork guðmundsdottir bjork guðmundsdottir bjork guðmundsdottir bjork guðmundsdottir bjork guðmundsdottir bjork guðmundsdottir bjork guðmundsdottir bjork guðmundsdottir bjork guðmundsdottir bjork guðmundsdottir bjork guðmundsdottir bjork guðmundsdottir bjork guðmundsdottir bjork guðmundsdottir bjork guðmundsdottir bjork guðmundsdottir bjork guðmundsdottir bjork guðmundsdottir bjork guðmundsdottir bjork guðmundsdottir bjork guðmundsdottir bjork guðmundsdottir bjork guðmundsdottir bjork guðmundsdottir bjork guðmundsdottir bjork guðmundsdottir bjork guðmundsdottir bjork guðmundsdottir bjork guðmundsdottir bjork guðmundsdottir bjork guðmundsdottir bjork guðmundsdottir bjork guðmundsdottir bjork guðmundsdottir bjork guðmundsdottir bjork guðmundsdottir bjork guðmundsdottir bjork guðmundsdottir bjork guðmundsdottir bjork guðmundsdottir bjork guðmundsdottir bjork guðmundsdottir bjork guðmundsdottir bjork guðmundsdottir bjork guðmundsdottir bjork guðmundsdottir bjork guðmundsdottir bjork guðmundsdottir bjork guðmundsdottir bjork guðmundsdottir bjork guðmundsdottir bjork guðmundsdottir bjork guðmundsdottir bjork guðmundsdottir bjork guðmundsdottir bjork guðmundsdottir bjork guðmundsdottir bjork guðmundsdottir bjork guðmundsdottir bjork guðmundsdottir bjork guðmundsdottir bjork guðmundsdottir bjork guðmundsdottir bjork guðmundsdottir bjork guðmundsdottir bjork guðmundsdottir bjork guðmundsdottir bjork guðmundsdottir bjork guðmundsdottir bjork guðmundsdottir bjork guðmundsdottir bjork guðmundsdottir bjork guðmundsdottir bjork guðmundsdottir bjork guðmundsdottir bjork guðmundsdottir bjork guðmundsdottir bjork guðmundsdottir bjork guðmundsdottir bjork guðmundsdottir bjork guðmundsdottir bjork guðmundsdottir bjork guðmundsdottir bjork guðmundsdottir bjork guðmundsdottir bjork guðmundsdottir bjork guðmundsdottir bjork guðmundsdottir bjork guðmundsdottir bjork guðmundsdottir bjork guðmundsdottir bjork guðmundsdottir bjork guðmundsdottir bjork guðmundsdottir bjork guðmundsdottir bjork guðmundsdottir bjork guðmundsdottir bjork guðmundsdottir bjork guðmundsdottir bjork guðmundsdottir bjork guðmundsdottir bjork guðmundsdottir bjork guðmundsdottir bjork guðmundsdottir bjork guðmundsdottir bjork guðmundsdottir bjork guðmundsdottir bjork guðmundsdottir bjork guðmundsdottir bjork guðmundsdottir bjork guðmundsdottir bjork guðmundsdottir bjork guðmundsdottir bjork guðmundsdottir bjork guðmundsdottir bjork guðmundsdottir bjork guðmundsdottir bjork guðmundsdottir bjork guðmundsdottir bjork guðmundsdottir bjork guðmundsdottir bjork guðmundsdottir bjork guðmundsdottir bjork guðmundsdottir bjork guðmundsdottir bjork guðmundsdottir bjork guðmundsdottir bjork guðmundsdottir bjork guðmundsdottir bjork guðmundsdottir bjork guðmundsdottir bjork guðmundsdottir bjork guðmundsdottir bjork guðmundsdottir bjork guðmundsdottir bjork guðmundsdottir bjork guðmundsdottir bjork guðmundsdottir bjork guðmundsdottir bjork guðmundsdottir bjork guðmundsdottir bjork guðmundsdottir bjork guðmundsdottir bjork guðmundsdottir bjork guðmundsdottir bjork guðmundsdottir bjork guðmundsdottir bjork guðmundsdottir bjork guðmundsdottir bjork guðmundsdottir bjork guðmundsdottir bjork guðmundsdottir bjork guðmundsdottir bjork guðmundsdottir bjork guðmundsdottir bjork guðmundsdottir bjork guðmundsdottir bjork guðmundsdottir bjork guðmundsdottir bjork guðmundsdottir bjork guðmundsdottir bjork guðmundsdottir bjork guðmundsdottir bjork guðmundsdottir bjork guðmundsdottir bjork guðmundsdottir bjork guðmundsdottir bjork guðmundsdottir bjork guðmundsdottir bjork guðmundsdottir bjork guðmundsdottir bjork guðmundsdottir bjork guðmundsdottir bjork guðmundsdottir bjork guðmundsdottir bjork guðmundsdottir bjork guðmundsdottir bjork guðmundsdottir bjork guðmundsdottir bjork guðmundsdottir bjork guðmundsdottir bjork guðmundsdottir bjork guðmundsdottir bjork guðmundsdottir bjork guðmundsdottir bjork guðmundsdottir bjork guðmundsdottir bjork guðmundsdottir bjork guðmundsdottir bjork guðmundsdottir bjork guðmundsdottir bjork guðmundsdottir bjork guðmundsdottir bjork guðmundsdottir bjork guðmundsdottir bjork guðmundsdottir bjork guðmundsdottir bjork guðmundsdottir bjork guðmundsdottir bjork guðmundsdottir bjork guðmundsdottir bjork guðmundsdottir bjork guðmundsdottir bjork guðmundsdottir bjork guðmundsdottir bjork guðmundsdottir bjork guðmundsdottir bjork guðmundsdottir bjork guðmundsdottir bjork guðmundsdottir bjork guðmundsdottir bjork guðmundsdottir bjork guðmundsdottir bjork guðmundsdottir bjork guðmundsdottir bjork guðmundsdottir bjork guðmundsdottir bjork guðmundsdottir bjork guðmundsdottir bjork guðmundsdottir bjork guðmundsdottir bjork guðmundsdottir bjork guðmundsdottir bjork guðmundsdottir bjork guðmundsdottir bjork guðmundsdottir bjork guðmundsdottir bjork guðmundsdottir bjork guðmundsdottir bjork guðmundsdottir bjork guðmundsdottir bjork guðmundsdottir bjork guðmundsdottir bjork guðmundsdottir bjork guðmundsdottir bjork guðmundsdottir bjork guðmundsdottir bjork guðmundsdottir bjork guðmundsdottir bjork guðmundsdottir bjork guðmundsdottir bjork guðmundsdottir bjork guðmundsdottir bjork guðmundsdottir bjork guðmundsdottir bjork guðmundsdottir bjork guðmundsdottir bjork guðmundsdottir bjork guðmundsdottir bjork guðmundsdottir bjork guðmundsdottir bjork guðmundsdottir bjork guðmundsdottir bjork guðmundsdottir bjork guðmundsdottir bjork guðmundsdottir bjork guðmundsdottir bjork guðmundsdottir bjork guðmundsdottir bjork guðmundsdottir bjork guðmundsdottir bjork guðmundsdottir bjork guðmundsdottir bjork guðmundsdottir bjork guðmundsdottir bjork guðmundsdottir bjork guðmundsdottir bjork guðmundsdottir bjork guðmundsdottir bjork guðmundsdottir bjork guðmundsdottir bjork guðmundsdottir bjork guðmundsdottir bjork guðmundsdottir bjork guðmundsdottir bjork guðmundsdottir bjork guðmundsdottir bjork guðmundsdottir bjork guðmundsdottir bjork guðmundsdottir bjork guðmundsdottir bjork guðmundsdottir bjork guðmundsdottir bjork guðmundsdottir bjork guðmundsdottir bjork guðmundsdottir bjork guðmundsdottir bjork guðmundsdottir bjork guðmundsdottir bjork guðmundsdottir bjork guðmundsdottir bjork guðmundsdottir bjork guðmundsdottir bjork guðmundsdottir bjork guðmundsdottir bjork guðmundsdottir bjork guðmundsdottir bjork guðmundsdottir bjork guðmundsdottir bjork guðmundsdottir bjork guðmundsdottir bjork guðmundsdottir bjork guðmundsdottir bjork guðmundsdottir bjork guðmundsdottir bjork guðmundsdottir bjork guðmundsdottir bjork guðmundsdottir bjork guðmundsdottir bjork guðmundsdottir bjork guðmundsdottir bjork guðmundsdottir bjork guðmundsdottir bjork guðmundsdottir bjork guðmundsdottir bjork guðmundsdottir bjork guðmundsdottir bjork guðmundsdottir bjork guðmundsdottir bjork guðmundsdottir bjork guðmundsdottir bjork guðmundsdottir bjork guðmundsdottir bjork guðmundsdottir bjork guðmundsdottir bjork guðmundsdottir bjork guðmundsdottir bjork guðmundsdottir bjork guðmundsdottir bjork guðmundsdottir bjork guðmundsdottir bjork guðmundsdottir bjork guðmundsdottir bjork guðmundsdottir bjork guðmundsdottir bjork guðmundsdottir bjork guðmundsdottir bjork guðmundsdottir bjork guðmundsdottir bjork guðmundsdottir bjork guðmundsdottir bjork guðmundsdottir bjork guðmundsdottir bjork guðmundsdottir bjork guðmundsdottir bjork guðmundsdottir bjork guðmundsdottir bjork guðmundsdottir bjork guðmundsdottir bjork guðmundsdottir bjork guðmundsdottir bjork guðmundsdottir bjork guðmundsdottir bjork guðmundsdottir bjork guðmundsdottir bjork guðmundsdottir bjork guðmundsdottir bjork guðmundsdottir bjork guðmundsdottir bjork guðmundsdottir bjork guðmundsdottir bjork guðmundsdottir bjork guðmundsdottir bjork guðmundsdottir bjork guðmundsdottir bjork guðmundsdottir bjork guðmundsdottir bjork guðmundsdottir bjork guðmundsdottir bjork guðmundsdottir bjork guðmundsdottir bjork guðmundsdottir bjork guðmundsdottir bjork guðmundsdottir bjork guðmundsdottir bjork guðmundsdottir bjork guðmundsdottir bjork guðmundsdottir bjork guðmundsdottir bjork guðmundsdottir bjork guðmundsdottir bjork guðmundsdottir bjork guðmundsdottir bjork guðmundsdottir bjork guðmundsdottir bjork guðmundsdottir bjork guðmundsdottir bjork guðmundsdottir bjork guðmundsdottir bjork guðmundsdottir bjork guðmundsdottir bjork guðmundsdottir bjork guðmundsdottir bjork guðmundsdottir bjork guðmundsdottir bjork guðmundsdottir bjork guðmundsdottir bjork guðmundsdottir bjork guðmundsdottir bjork guðmundsdottir bjork guðmundsdottir bjork guðmundsdottir bjork guðmundsdottir bjork guðmundsdottir bjork guðmundsdottir bjork guðmundsdottir bjork guðmundsdottir bjork guðmundsdottir bjork guðmundsdottir bjork guðmundsdottir bjork guðmundsdottir bjork guðmundsdottir bjork guðmundsdottir bjork guðmundsdottir bjork guðmundsdottir bjork guðmundsdottir bjork guðmundsdottir bjork guðmundsdottir bjork guðmundsdottir bjork guðmundsdottir bjork guðmundsdottir bjork guðmundsdottir bjork guðmundsdottir bjork guðmundsdottir bjork guðmundsdottir bjork guðmundsdottir bjork guðmundsdottir bjork guðmundsdottir bjork guðmundsdottir bjork guðmundsdottir bjork guðmundsdottir bjork guðmundsdottir bjork guðmundsdottir bjork guðmundsdottir bjork guðmundsdottir bjork guðmundsdottir bjork guðmundsdottir bjork guðmundsdottir bjork guðmundsdottir bjork guðmundsdottir bjork guðmundsdottir bjork guðmundsdottir bjork guðmundsdottir bjork guðmundsdottir bjork guðmundsdottir bjork guðmundsdottir bjork guðmundsdottir bjork guðmundsdottir bjork guðmundsdottir bjork guðmundsdottir bjork guðmundsdottir bjork guðmundsdottir bjork guðmundsdottir bjork guðmundsdottir bjork guðmundsdottir bjork guðmundsdottir bjork guðmundsdottir bjork guðmundsdottir bjork guðmundsdottir bjork guðmundsdottir bjork guðmundsdottir bjork guðmundsdottir bjork guðmundsdottir bjork guðmundsdottir bjork guðmundsdottir bjork guðmundsdottir bjork guðmundsdottir bjork guðmundsdottir bjork guðmundsdottir bjork guðmundsdottir bjork guðmundsdottir bjork guðmundsdottir bjork guðmundsdottir bjork guðmundsdottir bjork guðmundsdottir bjork guðmundsdottir bjork guðmundsdottir bjork guðmundsdottir bjork guðmundsdottir bjork guðmundsdottir bjork guðmundsdottir bjork guðmundsdottir bjork guðmundsdottir bjork guðmundsdottir bjork guðmundsdottir bjork guðmundsdottir bjork guðmundsdottir bjork guðmundsdottir bjork guðmundsdottir bjork guðmundsdottir bjork guðmundsdottir bjork guðmundsdottir bjork guðmundsdottir bjork guðmundsdottir bjork guðmundsdottir bjork guðmundsdottir bjork guðmundsdottir bjork guðmundsdottir bjork guðmundsdottir bjork guðmundsdottir bjork guðmundsdottir bjork guðmundsdottir bjork guðmundsdottir bjork guðmundsdottir bjork guðmundsdottir bjork guðmundsdottir bjork guðmundsdottir bjork guðmundsdottir bjork guðmundsdottir bjork guðmundsdottir bjork guðmundsdottir bjork guðmundsdottir bjork guðmundsdottir bjork guðmundsdottir bjork guðmundsdottir bjork guðmundsdottir bjork guðmundsdottir bjork guðmundsdottir bjork guðmundsdottir bjork guðmundsdottir bjork guðmundsdottir bjork guðmundsdottir bjork guðmundsdottir bjork guðmundsdottir bjork guðmundsdottir bjork guðmundsdottir bjork guðmundsdottir bjork guðmundsdottir bjork guðmundsdottir bjork guðmundsdottir bjork guðmundsdottir bjork guðmundsdottir bjork guðmundsdottir bjork guðmundsdottir bjork guðmundsdottir bjork guðmundsdottir bjork guðmundsdottir bjork guðmundsdottir bjork guðmundsdottir bjork guðmundsdottir bjork guðmundsdottir bjork guðmundsdottir bjork guðmundsdottir bjork guðmundsdottir bjork guðmundsdottir bjork guðmundsdottir bjork guðmundsdottir bjork guðmundsdottir bjork guðmundsdottir bjork guðmundsdottir bjork guðmundsdottir bjork guðmundsdottir bjork guðmundsdottir bjork guðmundsdottir bjork guðmundsdottir bjork guðmundsdottir bjork guðmundsdottir bjork guðmundsdottir bjork guðmundsdottir bjork guðmundsdottir bjork guðmundsdottir bjork guðmundsdottir bjork guðmundsdottir bjork guðmundsdottir bjork guðmundsdottir bjork guðmundsdottir bjork guðmundsdottir bjork guðmundsdottir bjork guðmundsdottir bjork guðmundsdottir bjork guðmundsdottir bjork guðmundsdottir bjork guðmundsdottir bjork guðmundsdottir bjork guðmundsdottir bjork guðmundsdottir bjork guðmundsdottir bjork guðmundsdottir bjork guðmundsdottir bjork guðmundsdottir bjork guðmundsdottir bjork guðmundsdottir bjork guðmundsdottir bjork guðmundsdottir bjork guðmundsdottir bjork guðmundsdottir bjork guðmundsdottir bjork guðmundsdottir bjork guðmundsdottir bjork guðmundsdottir bjork guðmundsdottir bjork guðmundsdottir bjork guðmundsdottir bjork guðmundsdottir bjork guðmundsdottir bjork guðmundsdottir bjork guðmundsdottir bjork guðmundsdottir bjork guðmundsdottir bjork guðmundsdottir bjork guðmundsdottir bjork guðmundsdottir bjork guðmundsdottir bjork guðmundsdottir bjork guðmundsdottir bjork guðmundsdottir bjork guðmundsdottir bjork guðmundsdottir bjork guðmundsdottir bjork guðmundsdottir bjork guðmundsdottir bjork guðmundsdottir bjork guðmundsdottir bjork guðmundsdottir bjork guðmundsdottir bjork guðmundsdottir bjork guðmundsdottir bjork guðmundsdottir bjork guðmundsdottir bjork guðmundsdottir bjork guðmundsdottir bjork guðmundsdottir bjork guðmundsdottir bjork guðmundsdottir bjork guðmundsdottir bjork guðmundsdottir bjork guðmundsdottir bjork guðmundsdottir bjork guðmundsdottir bjork guðmundsdottir bjork guðmundsdottir bjork guðmundsdottir bjork guðmundsdottir bjork guðmundsdottir bjork guðmundsdottir bjork guðmundsdottir bjork guðmundsdottir bjork guðmundsdottir bjork guðmundsdottir bjork guðmundsdottir bjork guðmundsdottir bjork guðmundsdottir bjork guðmundsdottir bjork guðmundsdottir bjork guðmundsdottir bjork guðmundsdottir bjork guðmundsdottir bjork guðmundsdottir bjork guðmundsdottir bjork guðmundsdottir bjork guðmundsdottir bjork guðmundsdottir bjork guðmundsdottir bjork guðmundsdottir bjork guðmundsdottir bjork guðmundsdottir bjork guðmundsdottir bjork guðmundsdottir bjork guðmundsdottir bjork guðmundsdottir bjork guðmundsdottir bjork guðmundsdottir bjork guðmundsdottir bjork guðmundsdottir bjork guðmundsdottir bjork guðmundsdottir bjork guðmundsdottir bjork guðmundsdottir bjork guðmundsdottir bjork guðmundsdottir bjork guðmundsdottir bjork guðmundsdottir bjork guðmundsdottir bjork guðmundsdottir bjork guðmundsdottir bjork guðmundsdottir bjork guðmundsdottir bjork guðmundsdottir bjork guðmundsdottir bjork guðmundsdottir bjork guðmundsdottir bjork guðmundsdottir bjork guðmundsdottir bjork guðmundsdottir bjork guðmundsdottir bjork guðmundsdottir bjork guðmundsdottir bjork guðmundsdottir bjork guðmundsdottir bjork guðmundsdottir bjork guðmundsdottir bjork guðmundsdottir bjork guðmundsdottir bjork guðmundsdottir bjork guðmundsdottir bjork guðmundsdottir bjork guðmundsdottir bjork guðmundsdottir bjork guðmundsdottir bjork guðmundsdottir bjork guðmundsdottir bjork guðmundsdottir bjork guðmundsdottir bjork guðmundsdottir bjork guðmundsdottir bjork guðmundsdottir bjork guðmundsdottir bjork guðmundsdottir bjork guðmundsdottir bjork guðmundsdottir bjork guðmundsdottir bjork guðmundsdottir bjork guðmundsdottir bjork guðmundsdottir bjork guðmundsdottir bjork guðmundsdottir

 ❯ src/__tests__/utils/createSearchString.test.ts:142:22
            </failure>
        </testcase>
        <testcase classname="packages/music-search/src/__tests__/utils/createSearchString.test.ts" name="createSearchString &gt; consistency &gt; should be idempotent" time="0.000347635">
        </testcase>
        <testcase classname="packages/music-search/src/__tests__/utils/createSearchString.test.ts" name="createSearchString &gt; consistency &gt; should handle null/undefined gracefully" time="0.001367119">
            <failure message="Cannot read properties of undefined (reading &apos;toLowerCase&apos;)" type="TypeError">
TypeError: Cannot read properties of undefined (reading &apos;toLowerCase&apos;)
 ❯ createSearchString src/utils/createSearchString.ts:6:10
 ❯ src/__tests__/utils/createSearchString.test.ts:157:14
            </failure>
        </testcase>
    </testsuite>
    <testsuite name="packages/music-search/src/__tests__/utils/filterOutWords.test.ts" timestamp="2025-09-05T12:02:51.812Z" hostname="c82ba9db4d53" tests="39" failures="3" errors="0" skipped="0" time="0.135745408">
        <testcase classname="packages/music-search/src/__tests__/utils/filterOutWords.test.ts" name="filterOutWords &gt; basic functionality &gt; should convert input to lowercase" time="0.003720902">
        </testcase>
        <testcase classname="packages/music-search/src/__tests__/utils/filterOutWords.test.ts" name="filterOutWords &gt; basic functionality &gt; should trim whitespace from result" time="0.000625269">
        </testcase>
        <testcase classname="packages/music-search/src/__tests__/utils/filterOutWords.test.ts" name="filterOutWords &gt; basic functionality &gt; should handle empty string" time="0.000739431">
        </testcase>
        <testcase classname="packages/music-search/src/__tests__/utils/filterOutWords.test.ts" name="filterOutWords &gt; basic functionality &gt; should handle whitespace-only string" time="0.000837892">
        </testcase>
        <testcase classname="packages/music-search/src/__tests__/utils/filterOutWords.test.ts" name="filterOutWords &gt; word filtering &gt; should filter out words when filtered=true" time="0.000569898">
        </testcase>
        <testcase classname="packages/music-search/src/__tests__/utils/filterOutWords.test.ts" name="filterOutWords &gt; word filtering &gt; should not filter out words when filtered=false" time="0.000408526">
        </testcase>
        <testcase classname="packages/music-search/src/__tests__/utils/filterOutWords.test.ts" name="filterOutWords &gt; word filtering &gt; should filter multiple words" time="0.034069997">
            <failure message="expected &apos;song  artist  someone&apos; to be &apos;song  artist  someone &apos; // Object.is equality" type="AssertionError">
AssertionError: expected &apos;song  artist  someone&apos; to be &apos;song  artist  someone &apos; // Object.is equality

Expected: &quot;song  artist  someone &quot;
Received: &quot;song  artist  someone&quot;

 ❯ src/__tests__/utils/filterOutWords.test.ts:67:22
            </failure>
        </testcase>
        <testcase classname="packages/music-search/src/__tests__/utils/filterOutWords.test.ts" name="filterOutWords &gt; word filtering &gt; should handle case insensitive filtering" time="0.000479587">
        </testcase>
        <testcase classname="packages/music-search/src/__tests__/utils/filterOutWords.test.ts" name="filterOutWords &gt; word filtering &gt; should handle words not in filter list" time="0.000634859">
        </testcase>
        <testcase classname="packages/music-search/src/__tests__/utils/filterOutWords.test.ts" name="filterOutWords &gt; quote removal &gt; should remove quotes when removeQuotes=true" time="0.00071372">
        </testcase>
        <testcase classname="packages/music-search/src/__tests__/utils/filterOutWords.test.ts" name="filterOutWords &gt; quote removal &gt; should not remove quotes when removeQuotes=false" time="0.000443507">
        </testcase>
        <testcase classname="packages/music-search/src/__tests__/utils/filterOutWords.test.ts" name="filterOutWords &gt; quote removal &gt; should remove various quote types" time="0.000417236">
        </testcase>
        <testcase classname="packages/music-search/src/__tests__/utils/filterOutWords.test.ts" name="filterOutWords &gt; quote removal &gt; should handle multiple quote characters" time="0.016051735">
        </testcase>
        <testcase classname="packages/music-search/src/__tests__/utils/filterOutWords.test.ts" name="filterOutWords &gt; separator cut-off &gt; should cut off at separators when cutOffSeparators=true" time="0.001090515">
        </testcase>
        <testcase classname="packages/music-search/src/__tests__/utils/filterOutWords.test.ts" name="filterOutWords &gt; separator cut-off &gt; should not cut off when cutOffSeparators=false" time="0.000603769">
        </testcase>
        <testcase classname="packages/music-search/src/__tests__/utils/filterOutWords.test.ts" name="filterOutWords &gt; separator cut-off &gt; should cut off at last occurrence of separator" time="0.000332785">
        </testcase>
        <testcase classname="packages/music-search/src/__tests__/utils/filterOutWords.test.ts" name="filterOutWords &gt; separator cut-off &gt; should handle multiple separator types" time="0.000471627">
        </testcase>
        <testcase classname="packages/music-search/src/__tests__/utils/filterOutWords.test.ts" name="filterOutWords &gt; separator cut-off &gt; should not cut off if separator not found" time="0.000640109">
        </testcase>
        <testcase classname="packages/music-search/src/__tests__/utils/filterOutWords.test.ts" name="filterOutWords &gt; empty brackets removal &gt; should remove empty brackets" time="0.000458817">
        </testcase>
        <testcase classname="packages/music-search/src/__tests__/utils/filterOutWords.test.ts" name="filterOutWords &gt; empty brackets removal &gt; should remove multiple empty brackets" time="0.000333325">
        </testcase>
        <testcase classname="packages/music-search/src/__tests__/utils/filterOutWords.test.ts" name="filterOutWords &gt; empty brackets removal &gt; should not remove non-empty brackets" time="0.000290964">
        </testcase>
        <testcase classname="packages/music-search/src/__tests__/utils/filterOutWords.test.ts" name="filterOutWords &gt; trailing dash removal &gt; should remove trailing dashes" time="0.000303104">
        </testcase>
        <testcase classname="packages/music-search/src/__tests__/utils/filterOutWords.test.ts" name="filterOutWords &gt; trailing dash removal &gt; should remove multiple trailing dashes" time="0.00717522">
        </testcase>
        <testcase classname="packages/music-search/src/__tests__/utils/filterOutWords.test.ts" name="filterOutWords &gt; trailing dash removal &gt; should not remove dashes from short strings" time="0.004308961">
        </testcase>
        <testcase classname="packages/music-search/src/__tests__/utils/filterOutWords.test.ts" name="filterOutWords &gt; trailing dash removal &gt; should handle starting dashes" time="0.000329105">
        </testcase>
        <testcase classname="packages/music-search/src/__tests__/utils/filterOutWords.test.ts" name="filterOutWords &gt; trailing dash removal &gt; should not affect middle dashes" time="0.000310054">
        </testcase>
        <testcase classname="packages/music-search/src/__tests__/utils/filterOutWords.test.ts" name="filterOutWords &gt; combined operations &gt; should apply all filters when all flags are true" time="0.000338344">
        </testcase>
        <testcase classname="packages/music-search/src/__tests__/utils/filterOutWords.test.ts" name="filterOutWords &gt; combined operations &gt; should handle complex real-world examples" time="0.000302614">
        </testcase>
        <testcase classname="packages/music-search/src/__tests__/utils/filterOutWords.test.ts" name="filterOutWords &gt; combined operations &gt; should preserve order of operations" time="0.000286284">
        </testcase>
        <testcase classname="packages/music-search/src/__tests__/utils/filterOutWords.test.ts" name="filterOutWords &gt; edge cases &gt; should handle strings with only filtered content" time="0.000462237">
        </testcase>
        <testcase classname="packages/music-search/src/__tests__/utils/filterOutWords.test.ts" name="filterOutWords &gt; edge cases &gt; should handle repeated separators" time="0.001887556">
            <failure message="expected &apos;song&apos; to be &apos;song --&apos; // Object.is equality" type="AssertionError">
AssertionError: expected &apos;song&apos; to be &apos;song --&apos; // Object.is equality

Expected: &quot;song --&quot;
Received: &quot;song&quot;

 ❯ src/__tests__/utils/filterOutWords.test.ts:217:22
            </failure>
        </testcase>
        <testcase classname="packages/music-search/src/__tests__/utils/filterOutWords.test.ts" name="filterOutWords &gt; edge cases &gt; should handle mixed whitespace" time="0.000368025">
        </testcase>
        <testcase classname="packages/music-search/src/__tests__/utils/filterOutWords.test.ts" name="filterOutWords &gt; edge cases &gt; should handle very long strings" time="0.000749821">
        </testcase>
        <testcase classname="packages/music-search/src/__tests__/utils/filterOutWords.test.ts" name="filterOutWords &gt; edge cases &gt; should handle strings with only separators" time="0.000316384">
        </testcase>
        <testcase classname="packages/music-search/src/__tests__/utils/filterOutWords.test.ts" name="filterOutWords &gt; configuration dependency &gt; should call getCurrentMusicSearchConfig" time="0.000587789">
        </testcase>
        <testcase classname="packages/music-search/src/__tests__/utils/filterOutWords.test.ts" name="filterOutWords &gt; configuration dependency &gt; should use configuration values" time="0.000363735">
        </testcase>
        <testcase classname="packages/music-search/src/__tests__/utils/filterOutWords.test.ts" name="filterOutWords &gt; configuration dependency &gt; should handle empty configuration arrays" time="0.013171434">
            <failure message="expected &apos;test feat. &quot;quote&quot; - extra&apos; to be &apos;test feat. quote - extra&apos; // Object.is equality" type="AssertionError">
AssertionError: expected &apos;test feat. &quot;quote&quot; - extra&apos; to be &apos;test feat. quote - extra&apos; // Object.is equality

Expected: &quot;test feat. quote - extra&quot;
Received: &quot;test feat. &quot;quote&quot; - extra&quot;

 ❯ src/__tests__/utils/filterOutWords.test.ts:269:22
            </failure>
        </testcase>
        <testcase classname="packages/music-search/src/__tests__/utils/filterOutWords.test.ts" name="filterOutWords &gt; performance &gt; should handle many filter operations efficiently" time="0.000525447">
        </testcase>
        <testcase classname="packages/music-search/src/__tests__/utils/filterOutWords.test.ts" name="filterOutWords &gt; performance &gt; should handle large filter arrays efficiently" time="0.001741305">
        </testcase>
    </testsuite>
    <testsuite name="packages/music-search/src/__tests__/utils/removeFeaturing.test.ts" timestamp="2025-09-05T12:02:51.823Z" hostname="c82ba9db4d53" tests="36" failures="2" errors="0" skipped="0" time="0.086116634">
[...]
        </testcase>
        <testcase classname="packages/music-search/src/__tests__/utils/removeFeaturing.test.ts" name="removeFeaturing &gt; edge cases &gt; should handle very short strings" time="0.000573618">
        </testcase>
        <testcase classname="packages/music-search/src/__tests__/utils/removeFeaturing.test.ts" name="removeFeaturing &gt; edge cases &gt; should handle strings with only feat or parentheses" time="0.000505537">
        </testcase>
        <testcase classname="packages/music-search/src/__tests__/utils/removeFeaturing.test.ts" name="removeFeaturing &gt; edge cases &gt; should handle whitespace around markers" time="0.000363935">
        </testcase>
        <testcase classname="packages/music-search/src/__tests__/utils/removeFeaturing.test.ts" name="removeFeaturing &gt; edge cases &gt; should handle special characters" time="0.000358875">
        </testcase>
        <testcase classname="packages/music-search/src/__tests__/utils/removeFeaturing.test.ts" name="removeFeaturing &gt; edge cases &gt; should handle very long strings" time="0.000333285">
        </testcase>
        <testcase classname="packages/music-search/src/__tests__/utils/removeFeaturing.test.ts" name="removeFeaturing &gt; edge cases &gt; should handle strings with numbers" time="0.000367825">
        </testcase>
        <testcase classname="packages/music-search/src/__tests__/utils/removeFeaturing.test.ts" name="removeFeaturing &gt; real-world examples &gt; should handle common music title patterns" time="0.000406246">
        </testcase>
        <testcase classname="packages/music-search/src/__tests__/utils/removeFeaturing.test.ts" name="removeFeaturing &gt; real-world examples &gt; should handle remix and version indicators" time="0.000385506">
        </testcase>
        <testcase classname="packages/music-search/src/__tests__/utils/removeFeaturing.test.ts" name="removeFeaturing &gt; real-world examples &gt; should handle featuring variations in real usage" time="0.000361775">
        </testcase>
        <testcase classname="packages/music-search/src/__tests__/utils/removeFeaturing.test.ts" name="removeFeaturing &gt; real-world examples &gt; should handle multiple artists and complex titles" time="0.000299354">
        </testcase>
        <testcase classname="packages/music-search/src/__tests__/utils/removeFeaturing.test.ts" name="removeFeaturing &gt; performance &gt; should handle large numbers of operations efficiently" time="0.015810621">
        </testcase>
        <testcase classname="packages/music-search/src/__tests__/utils/removeFeaturing.test.ts" name="removeFeaturing &gt; performance &gt; should handle very long strings efficiently" time="0.000823772">
        </testcase>
        <testcase classname="packages/music-search/src/__tests__/utils/removeFeaturing.test.ts" name="removeFeaturing &gt; consistency and idempotency &gt; should be idempotent for strings without markers" time="0.000260944">
        </testcase>
        <testcase classname="packages/music-search/src/__tests__/utils/removeFeaturing.test.ts" name="removeFeaturing &gt; consistency and idempotency &gt; should be consistent with repeated calls" time="0.000221363">
        </testcase>
        <testcase classname="packages/music-search/src/__tests__/utils/removeFeaturing.test.ts" name="removeFeaturing &gt; consistency and idempotency &gt; should handle already processed strings gracefully" time="0.000221974">
        </testcase>
    </testsuite>
    <testsuite name="apps/web/__tests__/api/index.test.ts" timestamp="2025-09-05T12:02:51.835Z" hostname="c82ba9db4d53" tests="1" failures="1" errors="0" skipped="0" time="0">
        <testcase classname="apps/web/__tests__/api/index.test.ts" name="__tests__/api/index.test.ts" time="0">
            <failure message="Cannot find module &apos;/var/tmp/vibe-kanban/worktrees/vk-b25b-create-tes/apps/web/tests/setup/vitest.setup.ts&apos;" type="Error">
Error: Cannot find module &apos;/var/tmp/vibe-kanban/worktrees/vk-b25b-create-tes/apps/web/tests/setup/vitest.setup.ts&apos;
⎯⎯⎯⎯⎯⎯⎯⎯⎯⎯⎯⎯⎯⎯⎯⎯⎯⎯⎯⎯⎯⎯⎯⎯⎯⎯⎯⎯⎯⎯
Serialized Error: { code: &apos;ERR_MODULE_NOT_FOUND&apos; }
Caused by: Error: Failed to load url /var/tmp/vibe-kanban/worktrees/vk-b25b-create-tes/apps/web/tests/setup/vitest.setup.ts (resolved id: /var/tmp/vibe-kanban/worktrees/vk-b25b-create-tes/apps/web/tests/setup/vitest.setup.ts). Does the file exist?
 ❯ loadAndTransform ../../node_modules/.pnpm/vite@7.1.4_@types+node@20.19.11_sass@1.90.0/node_modules/vite/dist/node/chunks/dep-C6pp_iVS.js:26400:33
            </failure>
        </testcase>
    </testsuite>
    <testsuite name="apps/web/__tests__/api/plex-connection.test.ts" timestamp="2025-09-05T12:02:51.838Z" hostname="c82ba9db4d53" tests="1" failures="1" errors="0" skipped="0" time="0">
        <testcase classname="apps/web/__tests__/api/plex-connection.test.ts" name="__tests__/api/plex-connection.test.ts" time="0">
            <failure message="Cannot find module &apos;/var/tmp/vibe-kanban/worktrees/vk-b25b-create-tes/apps/web/tests/setup/vitest.setup.ts&apos;" type="Error">
Error: Cannot find module &apos;/var/tmp/vibe-kanban/worktrees/vk-b25b-create-tes/apps/web/tests/setup/vitest.setup.ts&apos;
⎯⎯⎯⎯⎯⎯⎯⎯⎯⎯⎯⎯⎯⎯⎯⎯⎯⎯⎯⎯⎯⎯⎯⎯⎯⎯⎯⎯⎯⎯
Serialized Error: { code: &apos;ERR_MODULE_NOT_FOUND&apos; }
Caused by: Error: Failed to load url /var/tmp/vibe-kanban/worktrees/vk-b25b-create-tes/apps/web/tests/setup/vitest.setup.ts (resolved id: /var/tmp/vibe-kanban/worktrees/vk-b25b-create-tes/apps/web/tests/setup/vitest.setup.ts). Does the file exist?
 ❯ loadAndTransform ../../node_modules/.pnpm/vite@7.1.4_@types+node@20.19.11_sass@1.90.0/node_modules/vite/dist/node/chunks/dep-C6pp_iVS.js:26400:33
            </failure>
        </testcase>
    </testsuite>
    <testsuite name="apps/web/__tests__/api/plex-tracks.test.ts" timestamp="2025-09-05T12:02:51.841Z" hostname="c82ba9db4d53" tests="1" failures="1" errors="0" skipped="0" time="0">
        <testcase classname="apps/web/__tests__/api/plex-tracks.test.ts" name="__tests__/api/plex-tracks.test.ts" time="0">
            <failure message="Cannot find module &apos;/var/tmp/vibe-kanban/worktrees/vk-b25b-create-tes/apps/web/tests/setup/vitest.setup.ts&apos;" type="Error">
Error: Cannot find module &apos;/var/tmp/vibe-kanban/worktrees/vk-b25b-create-tes/apps/web/tests/setup/vitest.setup.ts&apos;
⎯⎯⎯⎯⎯⎯⎯⎯⎯⎯⎯⎯⎯⎯⎯⎯⎯⎯⎯⎯⎯⎯⎯⎯⎯⎯⎯⎯⎯⎯
Serialized Error: { code: &apos;ERR_MODULE_NOT_FOUND&apos; }
Caused by: Error: Failed to load url /var/tmp/vibe-kanban/worktrees/vk-b25b-create-tes/apps/web/tests/setup/vitest.setup.ts (resolved id: /var/tmp/vibe-kanban/worktrees/vk-b25b-create-tes/apps/web/tests/setup/vitest.setup.ts). Does the file exist?
 ❯ loadAndTransform ../../node_modules/.pnpm/vite@7.1.4_@types+node@20.19.11_sass@1.90.0/node_modules/vite/dist/node/chunks/dep-C6pp_iVS.js:26400:33
            </failure>
        </testcase>
    </testsuite>
    <testsuite name="apps/web/__tests__/api/settings.test.ts" timestamp="2025-09-05T12:02:51.842Z" hostname="c82ba9db4d53" tests="1" failures="1" errors="0" skipped="0" time="0">
        <testcase classname="apps/web/__tests__/api/settings.test.ts" name="__tests__/api/settings.test.ts" time="0">
            <failure message="Cannot find module &apos;/var/tmp/vibe-kanban/worktrees/vk-b25b-create-tes/apps/web/tests/setup/vitest.setup.ts&apos;" type="Error">
Error: Cannot find module &apos;/var/tmp/vibe-kanban/worktrees/vk-b25b-create-tes/apps/web/tests/setup/vitest.setup.ts&apos;
⎯⎯⎯⎯⎯⎯⎯⎯⎯⎯⎯⎯⎯⎯⎯⎯⎯⎯⎯⎯⎯⎯⎯⎯⎯⎯⎯⎯⎯⎯
Serialized Error: { code: &apos;ERR_MODULE_NOT_FOUND&apos; }
Caused by: Error: Failed to load url /var/tmp/vibe-kanban/worktrees/vk-b25b-create-tes/apps/web/tests/setup/vitest.setup.ts (resolved id: /var/tmp/vibe-kanban/worktrees/vk-b25b-create-tes/apps/web/tests/setup/vitest.setup.ts). Does the file exist?
 ❯ loadAndTransform ../../node_modules/.pnpm/vite@7.1.4_@types+node@20.19.11_sass@1.90.0/node_modules/vite/dist/node/chunks/dep-C6pp_iVS.js:26400:33
            </failure>
        </testcase>
    </testsuite>
    <testsuite name="apps/web/__tests__/api/spotify-auth.test.ts" timestamp="2025-09-05T12:02:51.844Z" hostname="c82ba9db4d53" tests="1" failures="1" errors="0" skipped="0" time="0">
        <testcase classname="apps/web/__tests__/api/spotify-auth.test.ts" name="__tests__/api/spotify-auth.test.ts" time="0">
            <failure message="Cannot find module &apos;/var/tmp/vibe-kanban/worktrees/vk-b25b-create-tes/apps/web/tests/setup/vitest.setup.ts&apos;" type="Error">
Error: Cannot find module &apos;/var/tmp/vibe-kanban/worktrees/vk-b25b-create-tes/apps/web/tests/setup/vitest.setup.ts&apos;
⎯⎯⎯⎯⎯⎯⎯⎯⎯⎯⎯⎯⎯⎯⎯⎯⎯⎯⎯⎯⎯⎯⎯⎯⎯⎯⎯⎯⎯⎯
Serialized Error: { code: &apos;ERR_MODULE_NOT_FOUND&apos; }
Caused by: Error: Failed to load url /var/tmp/vibe-kanban/worktrees/vk-b25b-create-tes/apps/web/tests/setup/vitest.setup.ts (resolved id: /var/tmp/vibe-kanban/worktrees/vk-b25b-create-tes/apps/web/tests/setup/vitest.setup.ts). Does the file exist?
 ❯ loadAndTransform ../../node_modules/.pnpm/vite@7.1.4_@types+node@20.19.11_sass@1.90.0/node_modules/vite/dist/node/chunks/dep-C6pp_iVS.js:26400:33
            </failure>
        </testcase>
    </testsuite>
    <testsuite name="apps/web/__tests__/api/spotify-data.test.ts" timestamp="2025-09-05T12:02:51.849Z" hostname="c82ba9db4d53" tests="1" failures="1" errors="0" skipped="0" time="0">
        <testcase classname="apps/web/__tests__/api/spotify-data.test.ts" name="__tests__/api/spotify-data.test.ts" time="0">
            <failure message="Cannot find module &apos;/var/tmp/vibe-kanban/worktrees/vk-b25b-create-tes/apps/web/tests/setup/vitest.setup.ts&apos;" type="Error">
Error: Cannot find module &apos;/var/tmp/vibe-kanban/worktrees/vk-b25b-create-tes/apps/web/tests/setup/vitest.setup.ts&apos;
⎯⎯⎯⎯⎯⎯⎯⎯⎯⎯⎯⎯⎯⎯⎯⎯⎯⎯⎯⎯⎯⎯⎯⎯⎯⎯⎯⎯⎯⎯
Serialized Error: { code: &apos;ERR_MODULE_NOT_FOUND&apos; }
Caused by: Error: Failed to load url /var/tmp/vibe-kanban/worktrees/vk-b25b-create-tes/apps/web/tests/setup/vitest.setup.ts (resolved id: /var/tmp/vibe-kanban/worktrees/vk-b25b-create-tes/apps/web/tests/setup/vitest.setup.ts). Does the file exist?
 ❯ loadAndTransform ../../node_modules/.pnpm/vite@7.1.4_@types+node@20.19.11_sass@1.90.0/node_modules/vite/dist/node/chunks/dep-C6pp_iVS.js:26400:33
            </failure>
        </testcase>
    </testsuite>
    <testsuite name="apps/web/__tests__/api/sync-operations.test.ts" timestamp="2025-09-05T12:02:51.850Z" hostname="c82ba9db4d53" tests="1" failures="1" errors="0" skipped="0" time="0">
        <testcase classname="apps/web/__tests__/api/sync-operations.test.ts" name="__tests__/api/sync-operations.test.ts" time="0">
            <failure message="Cannot find module &apos;/var/tmp/vibe-kanban/worktrees/vk-b25b-create-tes/apps/web/tests/setup/vitest.setup.ts&apos;" type="Error">
Error: Cannot find module &apos;/var/tmp/vibe-kanban/worktrees/vk-b25b-create-tes/apps/web/tests/setup/vitest.setup.ts&apos;
⎯⎯⎯⎯⎯⎯⎯⎯⎯⎯⎯⎯⎯⎯⎯⎯⎯⎯⎯⎯⎯⎯⎯⎯⎯⎯⎯⎯⎯⎯
Serialized Error: { code: &apos;ERR_MODULE_NOT_FOUND&apos; }
Caused by: Error: Failed to load url /var/tmp/vibe-kanban/worktrees/vk-b25b-create-tes/apps/web/tests/setup/vitest.setup.ts (resolved id: /var/tmp/vibe-kanban/worktrees/vk-b25b-create-tes/apps/web/tests/setup/vitest.setup.ts). Does the file exist?
 ❯ loadAndTransform ../../node_modules/.pnpm/vite@7.1.4_@types+node@20.19.11_sass@1.90.0/node_modules/vite/dist/node/chunks/dep-C6pp_iVS.js:26400:33
            </failure>
        </testcase>
    </testsuite>
    <testsuite name="apps/web/__tests__/hooks/useDualModeEditor.simple.test.ts" timestamp="2025-09-05T12:02:51.854Z" hostname="c82ba9db4d53" tests="1" failures="1" errors="0" skipped="0" time="0">
        <testcase classname="apps/web/__tests__/hooks/useDualModeEditor.simple.test.ts" name="__tests__/hooks/useDualModeEditor.simple.test.ts" time="0">
            <failure message="Cannot find module &apos;/var/tmp/vibe-kanban/worktrees/vk-b25b-create-tes/apps/web/tests/setup/vitest.setup.ts&apos;" type="Error">
Error: Cannot find module &apos;/var/tmp/vibe-kanban/worktrees/vk-b25b-create-tes/apps/web/tests/setup/vitest.setup.ts&apos;
⎯⎯⎯⎯⎯⎯⎯⎯⎯⎯⎯⎯⎯⎯⎯⎯⎯⎯⎯⎯⎯⎯⎯⎯⎯⎯⎯⎯⎯⎯
Serialized Error: { code: &apos;ERR_MODULE_NOT_FOUND&apos; }
Caused by: Error: Failed to load url /var/tmp/vibe-kanban/worktrees/vk-b25b-create-tes/apps/web/tests/setup/vitest.setup.ts (resolved id: /var/tmp/vibe-kanban/worktrees/vk-b25b-create-tes/apps/web/tests/setup/vitest.setup.ts). Does the file exist?
 ❯ loadAndTransform ../../node_modules/.pnpm/vite@7.1.4_@types+node@20.19.11_sass@1.90.0/node_modules/vite/dist/node/chunks/dep-C6pp_iVS.js:26400:33
            </failure>
        </testcase>
    </testsuite>
    <testsuite name="apps/web/__tests__/hooks/useDualModeEditor.test.ts" timestamp="2025-09-05T12:02:51.855Z" hostname="c82ba9db4d53" tests="1" failures="1" errors="0" skipped="0" time="0">
        <testcase classname="apps/web/__tests__/hooks/useDualModeEditor.test.ts" name="__tests__/hooks/useDualModeEditor.test.ts" time="0">
            <failure message="Cannot find module &apos;/var/tmp/vibe-kanban/worktrees/vk-b25b-create-tes/apps/web/tests/setup/vitest.setup.ts&apos;" type="Error">
Error: Cannot find module &apos;/var/tmp/vibe-kanban/worktrees/vk-b25b-create-tes/apps/web/tests/setup/vitest.setup.ts&apos;
⎯⎯⎯⎯⎯⎯⎯⎯⎯⎯⎯⎯⎯⎯⎯⎯⎯⎯⎯⎯⎯⎯⎯⎯⎯⎯⎯⎯⎯⎯
Serialized Error: { code: &apos;ERR_MODULE_NOT_FOUND&apos; }
Caused by: Error: Failed to load url /var/tmp/vibe-kanban/worktrees/vk-b25b-create-tes/apps/web/tests/setup/vitest.setup.ts (resolved id: /var/tmp/vibe-kanban/worktrees/vk-b25b-create-tes/apps/web/tests/setup/vitest.setup.ts). Does the file exist?
 ❯ loadAndTransform ../../node_modules/.pnpm/vite@7.1.4_@types+node@20.19.11_sass@1.90.0/node_modules/vite/dist/node/chunks/dep-C6pp_iVS.js:26400:33
            </failure>
        </testcase>
    </testsuite>
    <testsuite name="apps/web/__tests__/hooks/useMatchFiltersApi.simple.test.ts" timestamp="2025-09-05T12:02:51.857Z" hostname="c82ba9db4d53" tests="1" failures="1" errors="0" skipped="0" time="0">
        <testcase classname="apps/web/__tests__/hooks/useMatchFiltersApi.simple.test.ts" name="__tests__/hooks/useMatchFiltersApi.simple.test.ts" time="0">
            <failure message="Cannot find module &apos;/var/tmp/vibe-kanban/worktrees/vk-b25b-create-tes/apps/web/tests/setup/vitest.setup.ts&apos;" type="Error">
Error: Cannot find module &apos;/var/tmp/vibe-kanban/worktrees/vk-b25b-create-tes/apps/web/tests/setup/vitest.setup.ts&apos;
⎯⎯⎯⎯⎯⎯⎯⎯⎯⎯⎯⎯⎯⎯⎯⎯⎯⎯⎯⎯⎯⎯⎯⎯⎯⎯⎯⎯⎯⎯
Serialized Error: { code: &apos;ERR_MODULE_NOT_FOUND&apos; }
Caused by: Error: Failed to load url /var/tmp/vibe-kanban/worktrees/vk-b25b-create-tes/apps/web/tests/setup/vitest.setup.ts (resolved id: /var/tmp/vibe-kanban/worktrees/vk-b25b-create-tes/apps/web/tests/setup/vitest.setup.ts). Does the file exist?
 ❯ loadAndTransform ../../node_modules/.pnpm/vite@7.1.4_@types+node@20.19.11_sass@1.90.0/node_modules/vite/dist/node/chunks/dep-C6pp_iVS.js:26400:33
            </failure>
        </testcase>
    </testsuite>
    <testsuite name="apps/web/__tests__/hooks/useMatchFiltersApi.test.ts" timestamp="2025-09-05T12:02:51.862Z" hostname="c82ba9db4d53" tests="1" failures="1" errors="0" skipped="0" time="0">
        <testcase classname="apps/web/__tests__/hooks/useMatchFiltersApi.test.ts" name="__tests__/hooks/useMatchFiltersApi.test.ts" time="0">
            <failure message="Cannot find module &apos;/var/tmp/vibe-kanban/worktrees/vk-b25b-create-tes/apps/web/tests/setup/vitest.setup.ts&apos;" type="Error">
Error: Cannot find module &apos;/var/tmp/vibe-kanban/worktrees/vk-b25b-create-tes/apps/web/tests/setup/vitest.setup.ts&apos;
⎯⎯⎯⎯⎯⎯⎯⎯⎯⎯⎯⎯⎯⎯⎯⎯⎯⎯⎯⎯⎯⎯⎯⎯⎯⎯⎯⎯⎯⎯
Serialized Error: { code: &apos;ERR_MODULE_NOT_FOUND&apos; }
Caused by: Error: Failed to load url /var/tmp/vibe-kanban/worktrees/vk-b25b-create-tes/apps/web/tests/setup/vitest.setup.ts (resolved id: /var/tmp/vibe-kanban/worktrees/vk-b25b-create-tes/apps/web/tests/setup/vitest.setup.ts). Does the file exist?
 ❯ loadAndTransform ../../node_modules/.pnpm/vite@7.1.4_@types+node@20.19.11_sass@1.90.0/node_modules/vite/dist/node/chunks/dep-C6pp_iVS.js:26400:33
            </failure>
        </testcase>
    </testsuite>
    <testsuite name="apps/web/__tests__/components/ErrorProvider/ErrorProvider.test.tsx" timestamp="2025-09-05T12:02:51.864Z" hostname="c82ba9db4d53" tests="1" failures="1" errors="0" skipped="0" time="0">
        <testcase classname="apps/web/__tests__/components/ErrorProvider/ErrorProvider.test.tsx" name="__tests__/components/ErrorProvider/ErrorProvider.test.tsx" time="0">
            <failure message="Cannot find module &apos;/var/tmp/vibe-kanban/worktrees/vk-b25b-create-tes/apps/web/tests/setup/vitest.setup.ts&apos;" type="Error">
Error: Cannot find module &apos;/var/tmp/vibe-kanban/worktrees/vk-b25b-create-tes/apps/web/tests/setup/vitest.setup.ts&apos;
⎯⎯⎯⎯⎯⎯⎯⎯⎯⎯⎯⎯⎯⎯⎯⎯⎯⎯⎯⎯⎯⎯⎯⎯⎯⎯⎯⎯⎯⎯
Serialized Error: { code: &apos;ERR_MODULE_NOT_FOUND&apos; }
Caused by: Error: Failed to load url /var/tmp/vibe-kanban/worktrees/vk-b25b-create-tes/apps/web/tests/setup/vitest.setup.ts (resolved id: /var/tmp/vibe-kanban/worktrees/vk-b25b-create-tes/apps/web/tests/setup/vitest.setup.ts). Does the file exist?
 ❯ loadAndTransform ../../node_modules/.pnpm/vite@7.1.4_@types+node@20.19.11_sass@1.90.0/node_modules/vite/dist/node/chunks/dep-C6pp_iVS.js:26400:33
            </failure>
        </testcase>
    </testsuite>
    <testsuite name="apps/web/__tests__/components/MatchFilterEditor/MatchFilterEditor.test.tsx" timestamp="2025-09-05T12:02:51.865Z" hostname="c82ba9db4d53" tests="1" failures="1" errors="0" skipped="0" time="0">
        <testcase classname="apps/web/__tests__/components/MatchFilterEditor/MatchFilterEditor.test.tsx" name="__tests__/components/MatchFilterEditor/MatchFilterEditor.test.tsx" time="0">
            <failure message="Cannot find module &apos;/var/tmp/vibe-kanban/worktrees/vk-b25b-create-tes/apps/web/tests/setup/vitest.setup.ts&apos;" type="Error">
Error: Cannot find module &apos;/var/tmp/vibe-kanban/worktrees/vk-b25b-create-tes/apps/web/tests/setup/vitest.setup.ts&apos;
⎯⎯⎯⎯⎯⎯⎯⎯⎯⎯⎯⎯⎯⎯⎯⎯⎯⎯⎯⎯⎯⎯⎯⎯⎯⎯⎯⎯⎯⎯
Serialized Error: { code: &apos;ERR_MODULE_NOT_FOUND&apos; }
Caused by: Error: Failed to load url /var/tmp/vibe-kanban/worktrees/vk-b25b-create-tes/apps/web/tests/setup/vitest.setup.ts (resolved id: /var/tmp/vibe-kanban/worktrees/vk-b25b-create-tes/apps/web/tests/setup/vitest.setup.ts). Does the file exist?
 ❯ loadAndTransform ../../node_modules/.pnpm/vite@7.1.4_@types+node@20.19.11_sass@1.90.0/node_modules/vite/dist/node/chunks/dep-C6pp_iVS.js:26400:33
            </failure>
        </testcase>
    </testsuite>
    <testsuite name="apps/web/__tests__/components/PillEditor/PillEditor.test.tsx" timestamp="2025-09-05T12:02:51.867Z" hostname="c82ba9db4d53" tests="1" failures="1" errors="0" skipped="0" time="0">
        <testcase classname="apps/web/__tests__/components/PillEditor/PillEditor.test.tsx" name="__tests__/components/PillEditor/PillEditor.test.tsx" time="0">
            <failure message="Cannot find module &apos;/var/tmp/vibe-kanban/worktrees/vk-b25b-create-tes/apps/web/tests/setup/vitest.setup.ts&apos;" type="Error">
Error: Cannot find module &apos;/var/tmp/vibe-kanban/worktrees/vk-b25b-create-tes/apps/web/tests/setup/vitest.setup.ts&apos;
⎯⎯⎯⎯⎯⎯⎯⎯⎯⎯⎯⎯⎯⎯⎯⎯⎯⎯⎯⎯⎯⎯⎯⎯⎯⎯⎯⎯⎯⎯
Serialized Error: { code: &apos;ERR_MODULE_NOT_FOUND&apos; }
Caused by: Error: Failed to load url /var/tmp/vibe-kanban/worktrees/vk-b25b-create-tes/apps/web/tests/setup/vitest.setup.ts (resolved id: /var/tmp/vibe-kanban/worktrees/vk-b25b-create-tes/apps/web/tests/setup/vitest.setup.ts). Does the file exist?
 ❯ loadAndTransform ../../node_modules/.pnpm/vite@7.1.4_@types+node@20.19.11_sass@1.90.0/node_modules/vite/dist/node/chunks/dep-C6pp_iVS.js:26400:33
            </failure>
        </testcase>
    </testsuite>
</testsuites>
