<?xml version="1.0" encoding="UTF-8" ?>
<testsuites name="vitest tests" tests="290" failures="43" errors="0" time="1.263598019">
    <testsuite name="tests/api/auth-verify.test.ts" timestamp="2025-09-06T16:08:30.300Z" hostname="c82ba9db4d53" tests="19" failures="0" errors="0" skipped="0" time="0.1426646">
        <testcase classname="tests/api/auth-verify.test.ts" name="/api/auth/verify - Plex Authentication Verification &gt; POST requests - Authentication verification &gt; should verify authentication successfully with valid pin" time="0.054646594">
        </testcase>
        <testcase classname="tests/api/auth-verify.test.ts" name="/api/auth/verify - Plex Authentication Verification &gt; POST requests - Authentication verification &gt; should return 400 when pin_id is missing" time="0.001878727">
        </testcase>
        <testcase classname="tests/api/auth-verify.test.ts" name="/api/auth/verify - Plex Authentication Verification &gt; POST requests - Authentication verification &gt; should return 400 when pin_code is missing" time="0.001617903">
        </testcase>
        <testcase classname="tests/api/auth-verify.test.ts" name="/api/auth/verify - Plex Authentication Verification &gt; POST requests - Authentication verification &gt; should return 400 when both pin_id and pin_code are missing" time="0.001102046">
        </testcase>
        <testcase classname="tests/api/auth-verify.test.ts" name="/api/auth/verify - Plex Authentication Verification &gt; POST requests - Authentication verification &gt; should handle empty string pins" time="0.001049185">
        </testcase>
        <testcase classname="tests/api/auth-verify.test.ts" name="/api/auth/verify - Plex Authentication Verification &gt; POST requests - Authentication verification &gt; should handle Plex TV API errors" time="0.022364746">
            <system-err>
Error verifying Plex authentication: Error: Invalid pin code
    at Module.createMockAxiosError [90m(/var/tmp/vibe-kanban/worktrees/vk-b25b-create-tes/[39mapps/web/__tests__/api/api-test-helpers.ts:58:19[90m)[39m
    at [90m/var/tmp/vibe-kanban/worktrees/vk-b25b-create-tes/[39mtests/api/auth-verify.test.ts:208:9
    at [90mfile:///var/tmp/vibe-kanban/worktrees/vk-b25b-create-tes/[39mnode_modules/[4m.pnpm[24m/@vitest+runner@3.2.4/node_modules/[4m@vitest[24m/runner/dist/chunk-hooks.js:155:11
    at [90mfile:///var/tmp/vibe-kanban/worktrees/vk-b25b-create-tes/[39mnode_modules/[4m.pnpm[24m/@vitest+runner@3.2.4/node_modules/[4m@vitest[24m/runner/dist/chunk-hooks.js:752:26
    at [90mfile:///var/tmp/vibe-kanban/worktrees/vk-b25b-create-tes/[39mnode_modules/[4m.pnpm[24m/@vitest+runner@3.2.4/node_modules/[4m@vitest[24m/runner/dist/chunk-hooks.js:1897:20
    at new Promise (&lt;anonymous&gt;)
    at runWithTimeout [90m(file:///var/tmp/vibe-kanban/worktrees/vk-b25b-create-tes/[39mnode_modules/[4m.pnpm[24m/@vitest+runner@3.2.4/node_modules/[4m@vitest[24m/runner/dist/chunk-hooks.js:1863:10[90m)[39m
    at runTest [90m(file:///var/tmp/vibe-kanban/worktrees/vk-b25b-create-tes/[39mnode_modules/[4m.pnpm[24m/@vitest+runner@3.2.4/node_modules/[4m@vitest[24m/runner/dist/chunk-hooks.js:1574:12[90m)[39m
[90m    at processTicksAndRejections (node:internal/process/task_queues:95:5)[39m
    at runSuite [90m(file:///var/tmp/vibe-kanban/worktrees/vk-b25b-create-tes/[39mnode_modules/[4m.pnpm[24m/@vitest+runner@3.2.4/node_modules/[4m@vitest[24m/runner/dist/chunk-hooks.js:1729:8[90m)[39m {
  response: {
    status: [33m400[39m,
    data: { error: [32m&apos;Invalid pin code&apos;[39m },
    statusText: [32m&apos;Internal Server Error&apos;[39m
  }
}

            </system-err>
        </testcase>
        <testcase classname="tests/api/auth-verify.test.ts" name="/api/auth/verify - Plex Authentication Verification &gt; POST requests - Authentication verification &gt; should handle Plex TV API unauthorized error" time="0.005960704">
            <system-err>
Error verifying Plex authentication: Error: Unauthorized
    at Module.createMockAxiosError [90m(/var/tmp/vibe-kanban/worktrees/vk-b25b-create-tes/[39mapps/web/__tests__/api/api-test-helpers.ts:58:19[90m)[39m
    at [90m/var/tmp/vibe-kanban/worktrees/vk-b25b-create-tes/[39mtests/api/auth-verify.test.ts:232:9
    at [90mfile:///var/tmp/vibe-kanban/worktrees/vk-b25b-create-tes/[39mnode_modules/[4m.pnpm[24m/@vitest+runner@3.2.4/node_modules/[4m@vitest[24m/runner/dist/chunk-hooks.js:155:11
    at [90mfile:///var/tmp/vibe-kanban/worktrees/vk-b25b-create-tes/[39mnode_modules/[4m.pnpm[24m/@vitest+runner@3.2.4/node_modules/[4m@vitest[24m/runner/dist/chunk-hooks.js:752:26
    at [90mfile:///var/tmp/vibe-kanban/worktrees/vk-b25b-create-tes/[39mnode_modules/[4m.pnpm[24m/@vitest+runner@3.2.4/node_modules/[4m@vitest[24m/runner/dist/chunk-hooks.js:1897:20
    at new Promise (&lt;anonymous&gt;)
    at runWithTimeout [90m(file:///var/tmp/vibe-kanban/worktrees/vk-b25b-create-tes/[39mnode_modules/[4m.pnpm[24m/@vitest+runner@3.2.4/node_modules/[4m@vitest[24m/runner/dist/chunk-hooks.js:1863:10[90m)[39m
    at runTest [90m(file:///var/tmp/vibe-kanban/worktrees/vk-b25b-create-tes/[39mnode_modules/[4m.pnpm[24m/@vitest+runner@3.2.4/node_modules/[4m@vitest[24m/runner/dist/chunk-hooks.js:1574:12[90m)[39m
[90m    at processTicksAndRejections (node:internal/process/task_queues:95:5)[39m
    at runSuite [90m(file:///var/tmp/vibe-kanban/worktrees/vk-b25b-create-tes/[39mnode_modules/[4m.pnpm[24m/@vitest+runner@3.2.4/node_modules/[4m@vitest[24m/runner/dist/chunk-hooks.js:1729:8[90m)[39m {
  response: {
    status: [33m401[39m,
    data: { error: [32m&apos;Unauthorized&apos;[39m },
    statusText: [32m&apos;Internal Server Error&apos;[39m
  }
}

            </system-err>
        </testcase>
        <testcase classname="tests/api/auth-verify.test.ts" name="/api/auth/verify - Plex Authentication Verification &gt; POST requests - Authentication verification &gt; should handle network timeout errors" time="0.003057684">
            <system-err>
Error verifying Plex authentication: Error: Network timeout
    at [90m/var/tmp/vibe-kanban/worktrees/vk-b25b-create-tes/[39mtests/api/auth-verify.test.ts:256:28
    at [90mfile:///var/tmp/vibe-kanban/worktrees/vk-b25b-create-tes/[39mnode_modules/[4m.pnpm[24m/@vitest+runner@3.2.4/node_modules/[4m@vitest[24m/runner/dist/chunk-hooks.js:155:11
    at [90mfile:///var/tmp/vibe-kanban/worktrees/vk-b25b-create-tes/[39mnode_modules/[4m.pnpm[24m/@vitest+runner@3.2.4/node_modules/[4m@vitest[24m/runner/dist/chunk-hooks.js:752:26
    at [90mfile:///var/tmp/vibe-kanban/worktrees/vk-b25b-create-tes/[39mnode_modules/[4m.pnpm[24m/@vitest+runner@3.2.4/node_modules/[4m@vitest[24m/runner/dist/chunk-hooks.js:1897:20
    at new Promise (&lt;anonymous&gt;)
    at runWithTimeout [90m(file:///var/tmp/vibe-kanban/worktrees/vk-b25b-create-tes/[39mnode_modules/[4m.pnpm[24m/@vitest+runner@3.2.4/node_modules/[4m@vitest[24m/runner/dist/chunk-hooks.js:1863:10[90m)[39m
    at runTest [90m(file:///var/tmp/vibe-kanban/worktrees/vk-b25b-create-tes/[39mnode_modules/[4m.pnpm[24m/@vitest+runner@3.2.4/node_modules/[4m@vitest[24m/runner/dist/chunk-hooks.js:1574:12[90m)[39m
[90m    at processTicksAndRejections (node:internal/process/task_queues:95:5)[39m
    at runSuite [90m(file:///var/tmp/vibe-kanban/worktrees/vk-b25b-create-tes/[39mnode_modules/[4m.pnpm[24m/@vitest+runner@3.2.4/node_modules/[4m@vitest[24m/runner/dist/chunk-hooks.js:1729:8[90m)[39m
    at runSuite [90m(file:///var/tmp/vibe-kanban/worktrees/vk-b25b-create-tes/[39mnode_modules/[4m.pnpm[24m/@vitest+runner@3.2.4/node_modules/[4m@vitest[24m/runner/dist/chunk-hooks.js:1729:8[90m)[39m {
  code: [32m&apos;ETIMEDOUT&apos;[39m
}

            </system-err>
        </testcase>
        <testcase classname="tests/api/auth-verify.test.ts" name="/api/auth/verify - Plex Authentication Verification &gt; POST requests - Authentication verification &gt; should handle malformed Plex TV response" time="0.002167311">
        </testcase>
        <testcase classname="tests/api/auth-verify.test.ts" name="/api/auth/verify - Plex Authentication Verification &gt; POST requests - Authentication verification &gt; should handle settings update failure" time="0.003372608">
            <system-err>
Error verifying Plex authentication: Error: Failed to save settings
    at [90m/var/tmp/vibe-kanban/worktrees/vk-b25b-create-tes/[39mtests/api/auth-verify.test.ts:319:49
    at [90mfile:///var/tmp/vibe-kanban/worktrees/vk-b25b-create-tes/[39mnode_modules/[4m.pnpm[24m/@vitest+runner@3.2.4/node_modules/[4m@vitest[24m/runner/dist/chunk-hooks.js:155:11
    at [90mfile:///var/tmp/vibe-kanban/worktrees/vk-b25b-create-tes/[39mnode_modules/[4m.pnpm[24m/@vitest+runner@3.2.4/node_modules/[4m@vitest[24m/runner/dist/chunk-hooks.js:752:26
    at [90mfile:///var/tmp/vibe-kanban/worktrees/vk-b25b-create-tes/[39mnode_modules/[4m.pnpm[24m/@vitest+runner@3.2.4/node_modules/[4m@vitest[24m/runner/dist/chunk-hooks.js:1897:20
    at new Promise (&lt;anonymous&gt;)
    at runWithTimeout [90m(file:///var/tmp/vibe-kanban/worktrees/vk-b25b-create-tes/[39mnode_modules/[4m.pnpm[24m/@vitest+runner@3.2.4/node_modules/[4m@vitest[24m/runner/dist/chunk-hooks.js:1863:10[90m)[39m
    at runTest [90m(file:///var/tmp/vibe-kanban/worktrees/vk-b25b-create-tes/[39mnode_modules/[4m.pnpm[24m/@vitest+runner@3.2.4/node_modules/[4m@vitest[24m/runner/dist/chunk-hooks.js:1574:12[90m)[39m
[90m    at processTicksAndRejections (node:internal/process/task_queues:95:5)[39m
    at runSuite [90m(file:///var/tmp/vibe-kanban/worktrees/vk-b25b-create-tes/[39mnode_modules/[4m.pnpm[24m/@vitest+runner@3.2.4/node_modules/[4m@vitest[24m/runner/dist/chunk-hooks.js:1729:8[90m)[39m
    at runSuite [90m(file:///var/tmp/vibe-kanban/worktrees/vk-b25b-create-tes/[39mnode_modules/[4m.pnpm[24m/@vitest+runner@3.2.4/node_modules/[4m@vitest[24m/runner/dist/chunk-hooks.js:1729:8[90m)[39m

            </system-err>
        </testcase>
        <testcase classname="tests/api/auth-verify.test.ts" name="/api/auth/verify - Plex Authentication Verification &gt; POST requests - Authentication verification &gt; should handle settings read failure" time="0.004596135">
            <system-err>
Error verifying Plex authentication: Error: Failed to read settings
    at [90m/var/tmp/vibe-kanban/worktrees/vk-b25b-create-tes/[39mtests/api/auth-verify.test.ts:335:46
    at [90mfile:///var/tmp/vibe-kanban/worktrees/vk-b25b-create-tes/[39mnode_modules/[4m.pnpm[24m/@vitest+runner@3.2.4/node_modules/[4m@vitest[24m/runner/dist/chunk-hooks.js:155:11
    at [90mfile:///var/tmp/vibe-kanban/worktrees/vk-b25b-create-tes/[39mnode_modules/[4m.pnpm[24m/@vitest+runner@3.2.4/node_modules/[4m@vitest[24m/runner/dist/chunk-hooks.js:752:26
    at [90mfile:///var/tmp/vibe-kanban/worktrees/vk-b25b-create-tes/[39mnode_modules/[4m.pnpm[24m/@vitest+runner@3.2.4/node_modules/[4m@vitest[24m/runner/dist/chunk-hooks.js:1897:20
    at new Promise (&lt;anonymous&gt;)
    at runWithTimeout [90m(file:///var/tmp/vibe-kanban/worktrees/vk-b25b-create-tes/[39mnode_modules/[4m.pnpm[24m/@vitest+runner@3.2.4/node_modules/[4m@vitest[24m/runner/dist/chunk-hooks.js:1863:10[90m)[39m
    at runTest [90m(file:///var/tmp/vibe-kanban/worktrees/vk-b25b-create-tes/[39mnode_modules/[4m.pnpm[24m/@vitest+runner@3.2.4/node_modules/[4m@vitest[24m/runner/dist/chunk-hooks.js:1574:12[90m)[39m
[90m    at processTicksAndRejections (node:internal/process/task_queues:95:5)[39m
    at runSuite [90m(file:///var/tmp/vibe-kanban/worktrees/vk-b25b-create-tes/[39mnode_modules/[4m.pnpm[24m/@vitest+runner@3.2.4/node_modules/[4m@vitest[24m/runner/dist/chunk-hooks.js:1729:8[90m)[39m
    at runSuite [90m(file:///var/tmp/vibe-kanban/worktrees/vk-b25b-create-tes/[39mnode_modules/[4m.pnpm[24m/@vitest+runner@3.2.4/node_modules/[4m@vitest[24m/runner/dist/chunk-hooks.js:1729:8[90m)[39m

            </system-err>
        </testcase>
        <testcase classname="tests/api/auth-verify.test.ts" name="/api/auth/verify - Plex Authentication Verification &gt; POST requests - Authentication verification &gt; should handle missing environment variables" time="0.01130544">
        </testcase>
        <testcase classname="tests/api/auth-verify.test.ts" name="/api/auth/verify - Plex Authentication Verification &gt; POST requests - Authentication verification &gt; should handle empty authToken in response" time="0.001582243">
        </testcase>
        <testcase classname="tests/api/auth-verify.test.ts" name="/api/auth/verify - Plex Authentication Verification &gt; Request validation and edge cases &gt; should only accept POST requests" time="0.014052619">
        </testcase>
        <testcase classname="tests/api/auth-verify.test.ts" name="/api/auth/verify - Plex Authentication Verification &gt; Request validation and edge cases &gt; should handle very long pin values" time="0.001597543">
        </testcase>
        <testcase classname="tests/api/auth-verify.test.ts" name="/api/auth/verify - Plex Authentication Verification &gt; Request validation and edge cases &gt; should handle special characters in pins" time="0.001626203">
        </testcase>
        <testcase classname="tests/api/auth-verify.test.ts" name="/api/auth/verify - Plex Authentication Verification &gt; Request validation and edge cases &gt; should handle concurrent verification requests" time="0.002613097">
        </testcase>
        <testcase classname="tests/api/auth-verify.test.ts" name="/api/auth/verify - Plex Authentication Verification &gt; Request validation and edge cases &gt; should handle Plex TV API rate limiting" time="0.002958432">
            <system-err>
Error verifying Plex authentication: Error: Too Many Requests
    at Module.createMockAxiosError [90m(/var/tmp/vibe-kanban/worktrees/vk-b25b-create-tes/[39mapps/web/__tests__/api/api-test-helpers.ts:58:19[90m)[39m
    at [90m/var/tmp/vibe-kanban/worktrees/vk-b25b-create-tes/[39mtests/api/auth-verify.test.ts:574:9
    at [90mfile:///var/tmp/vibe-kanban/worktrees/vk-b25b-create-tes/[39mnode_modules/[4m.pnpm[24m/@vitest+runner@3.2.4/node_modules/[4m@vitest[24m/runner/dist/chunk-hooks.js:155:11
    at [90mfile:///var/tmp/vibe-kanban/worktrees/vk-b25b-create-tes/[39mnode_modules/[4m.pnpm[24m/@vitest+runner@3.2.4/node_modules/[4m@vitest[24m/runner/dist/chunk-hooks.js:752:26
    at [90mfile:///var/tmp/vibe-kanban/worktrees/vk-b25b-create-tes/[39mnode_modules/[4m.pnpm[24m/@vitest+runner@3.2.4/node_modules/[4m@vitest[24m/runner/dist/chunk-hooks.js:1897:20
    at new Promise (&lt;anonymous&gt;)
    at runWithTimeout [90m(file:///var/tmp/vibe-kanban/worktrees/vk-b25b-create-tes/[39mnode_modules/[4m.pnpm[24m/@vitest+runner@3.2.4/node_modules/[4m@vitest[24m/runner/dist/chunk-hooks.js:1863:10[90m)[39m
    at runTest [90m(file:///var/tmp/vibe-kanban/worktrees/vk-b25b-create-tes/[39mnode_modules/[4m.pnpm[24m/@vitest+runner@3.2.4/node_modules/[4m@vitest[24m/runner/dist/chunk-hooks.js:1574:12[90m)[39m
[90m    at processTicksAndRejections (node:internal/process/task_queues:95:5)[39m
    at runSuite [90m(file:///var/tmp/vibe-kanban/worktrees/vk-b25b-create-tes/[39mnode_modules/[4m.pnpm[24m/@vitest+runner@3.2.4/node_modules/[4m@vitest[24m/runner/dist/chunk-hooks.js:1729:8[90m)[39m {
  response: {
    status: [33m429[39m,
    data: { error: [32m&apos;Too Many Requests&apos;[39m },
    statusText: [32m&apos;Internal Server Error&apos;[39m
  }
}

            </system-err>
        </testcase>
        <testcase classname="tests/api/auth-verify.test.ts" name="/api/auth/verify - Plex Authentication Verification &gt; Request validation and edge cases &gt; should preserve auth token format" time="0.001391609">
        </testcase>
    </testsuite>
    <testsuite name="tests/api/combined-music-search-config.test.ts" timestamp="2025-09-06T16:08:30.312Z" hostname="c82ba9db4d53" tests="18" failures="0" errors="0" skipped="0" time="0.131257978">
        <testcase classname="tests/api/combined-music-search-config.test.ts" name="/api/plex/music-search-config/combined - Combined Configuration Management &gt; GET requests - Fetch combined configuration &gt; should return combined text processing and search approaches configuration" time="0.011139608">
        </testcase>
        <testcase classname="tests/api/combined-music-search-config.test.ts" name="/api/plex/music-search-config/combined - Combined Configuration Management &gt; GET requests - Fetch combined configuration &gt; should handle first endpoint failure gracefully" time="0.037579832">
            <system-err>
Error in combined config API: Error: Text processing config not found
    at Module.createMockAxiosError [90m(/var/tmp/vibe-kanban/worktrees/vk-b25b-create-tes/[39mapps/web/__tests__/api/api-test-helpers.ts:58:19[90m)[39m
    at [90m/var/tmp/vibe-kanban/worktrees/vk-b25b-create-tes/[39mtests/api/combined-music-search-config.test.ts:86:32
    at [90mfile:///var/tmp/vibe-kanban/worktrees/vk-b25b-create-tes/[39mnode_modules/[4m.pnpm[24m/@vitest+runner@3.2.4/node_modules/[4m@vitest[24m/runner/dist/chunk-hooks.js:155:11
    at [90mfile:///var/tmp/vibe-kanban/worktrees/vk-b25b-create-tes/[39mnode_modules/[4m.pnpm[24m/@vitest+runner@3.2.4/node_modules/[4m@vitest[24m/runner/dist/chunk-hooks.js:752:26
    at [90mfile:///var/tmp/vibe-kanban/worktrees/vk-b25b-create-tes/[39mnode_modules/[4m.pnpm[24m/@vitest+runner@3.2.4/node_modules/[4m@vitest[24m/runner/dist/chunk-hooks.js:1897:20
    at new Promise (&lt;anonymous&gt;)
    at runWithTimeout [90m(file:///var/tmp/vibe-kanban/worktrees/vk-b25b-create-tes/[39mnode_modules/[4m.pnpm[24m/@vitest+runner@3.2.4/node_modules/[4m@vitest[24m/runner/dist/chunk-hooks.js:1863:10[90m)[39m
    at runTest [90m(file:///var/tmp/vibe-kanban/worktrees/vk-b25b-create-tes/[39mnode_modules/[4m.pnpm[24m/@vitest+runner@3.2.4/node_modules/[4m@vitest[24m/runner/dist/chunk-hooks.js:1574:12[90m)[39m
[90m    at processTicksAndRejections (node:internal/process/task_queues:95:5)[39m
    at runSuite [90m(file:///var/tmp/vibe-kanban/worktrees/vk-b25b-create-tes/[39mnode_modules/[4m.pnpm[24m/@vitest+runner@3.2.4/node_modules/[4m@vitest[24m/runner/dist/chunk-hooks.js:1729:8[90m)[39m {
  response: {
    status: [33m404[39m,
    data: { error: [32m&apos;Text processing config not found&apos;[39m },
    statusText: [32m&apos;Not Found&apos;[39m
  }
}

            </system-err>
        </testcase>
        <testcase classname="tests/api/combined-music-search-config.test.ts" name="/api/plex/music-search-config/combined - Combined Configuration Management &gt; GET requests - Fetch combined configuration &gt; should handle second endpoint failure gracefully" time="0.003236546">
            <system-err>
Error in combined config API: Error: Search approaches config not found
    at Module.createMockAxiosError [90m(/var/tmp/vibe-kanban/worktrees/vk-b25b-create-tes/[39mapps/web/__tests__/api/api-test-helpers.ts:58:19[90m)[39m
    at [90m/var/tmp/vibe-kanban/worktrees/vk-b25b-create-tes/[39mtests/api/combined-music-search-config.test.ts:108:32
    at [90mfile:///var/tmp/vibe-kanban/worktrees/vk-b25b-create-tes/[39mnode_modules/[4m.pnpm[24m/@vitest+runner@3.2.4/node_modules/[4m@vitest[24m/runner/dist/chunk-hooks.js:155:11
    at [90mfile:///var/tmp/vibe-kanban/worktrees/vk-b25b-create-tes/[39mnode_modules/[4m.pnpm[24m/@vitest+runner@3.2.4/node_modules/[4m@vitest[24m/runner/dist/chunk-hooks.js:752:26
    at [90mfile:///var/tmp/vibe-kanban/worktrees/vk-b25b-create-tes/[39mnode_modules/[4m.pnpm[24m/@vitest+runner@3.2.4/node_modules/[4m@vitest[24m/runner/dist/chunk-hooks.js:1897:20
    at new Promise (&lt;anonymous&gt;)
    at runWithTimeout [90m(file:///var/tmp/vibe-kanban/worktrees/vk-b25b-create-tes/[39mnode_modules/[4m.pnpm[24m/@vitest+runner@3.2.4/node_modules/[4m@vitest[24m/runner/dist/chunk-hooks.js:1863:10[90m)[39m
    at runTest [90m(file:///var/tmp/vibe-kanban/worktrees/vk-b25b-create-tes/[39mnode_modules/[4m.pnpm[24m/@vitest+runner@3.2.4/node_modules/[4m@vitest[24m/runner/dist/chunk-hooks.js:1574:12[90m)[39m
[90m    at processTicksAndRejections (node:internal/process/task_queues:95:5)[39m
    at runSuite [90m(file:///var/tmp/vibe-kanban/worktrees/vk-b25b-create-tes/[39mnode_modules/[4m.pnpm[24m/@vitest+runner@3.2.4/node_modules/[4m@vitest[24m/runner/dist/chunk-hooks.js:1729:8[90m)[39m {
  response: {
    status: [33m404[39m,
    data: { error: [32m&apos;Search approaches config not found&apos;[39m },
    statusText: [32m&apos;Not Found&apos;[39m
  }
}

            </system-err>
        </testcase>
        <testcase classname="tests/api/combined-music-search-config.test.ts" name="/api/plex/music-search-config/combined - Combined Configuration Management &gt; GET requests - Fetch combined configuration &gt; should handle both endpoints failure" time="0.002778699">
            <system-err>
Error in combined config API: Error: First endpoint failed
    at Module.createMockAxiosError [90m(/var/tmp/vibe-kanban/worktrees/vk-b25b-create-tes/[39mapps/web/__tests__/api/api-test-helpers.ts:58:19[90m)[39m
    at [90m/var/tmp/vibe-kanban/worktrees/vk-b25b-create-tes/[39mtests/api/combined-music-search-config.test.ts:128:32
    at [90mfile:///var/tmp/vibe-kanban/worktrees/vk-b25b-create-tes/[39mnode_modules/[4m.pnpm[24m/@vitest+runner@3.2.4/node_modules/[4m@vitest[24m/runner/dist/chunk-hooks.js:155:11
    at [90mfile:///var/tmp/vibe-kanban/worktrees/vk-b25b-create-tes/[39mnode_modules/[4m.pnpm[24m/@vitest+runner@3.2.4/node_modules/[4m@vitest[24m/runner/dist/chunk-hooks.js:752:26
    at [90mfile:///var/tmp/vibe-kanban/worktrees/vk-b25b-create-tes/[39mnode_modules/[4m.pnpm[24m/@vitest+runner@3.2.4/node_modules/[4m@vitest[24m/runner/dist/chunk-hooks.js:1897:20
    at new Promise (&lt;anonymous&gt;)
    at runWithTimeout [90m(file:///var/tmp/vibe-kanban/worktrees/vk-b25b-create-tes/[39mnode_modules/[4m.pnpm[24m/@vitest+runner@3.2.4/node_modules/[4m@vitest[24m/runner/dist/chunk-hooks.js:1863:10[90m)[39m
    at runTest [90m(file:///var/tmp/vibe-kanban/worktrees/vk-b25b-create-tes/[39mnode_modules/[4m.pnpm[24m/@vitest+runner@3.2.4/node_modules/[4m@vitest[24m/runner/dist/chunk-hooks.js:1574:12[90m)[39m
[90m    at processTicksAndRejections (node:internal/process/task_queues:95:5)[39m
    at runSuite [90m(file:///var/tmp/vibe-kanban/worktrees/vk-b25b-create-tes/[39mnode_modules/[4m.pnpm[24m/@vitest+runner@3.2.4/node_modules/[4m@vitest[24m/runner/dist/chunk-hooks.js:1729:8[90m)[39m {
  response: {
    status: [33m500[39m,
    data: { error: [32m&apos;First endpoint failed&apos;[39m },
    statusText: [32m&apos;Internal Server Error&apos;[39m
  }
}

            </system-err>
        </testcase>
        <testcase classname="tests/api/combined-music-search-config.test.ts" name="/api/plex/music-search-config/combined - Combined Configuration Management &gt; GET requests - Fetch combined configuration &gt; should handle network timeout errors" time="0.002697039">
            <system-err>
Error in combined config API: Error: Network timeout
    at [90m/var/tmp/vibe-kanban/worktrees/vk-b25b-create-tes/[39mtests/api/combined-music-search-config.test.ts:148:28
    at [90mfile:///var/tmp/vibe-kanban/worktrees/vk-b25b-create-tes/[39mnode_modules/[4m.pnpm[24m/@vitest+runner@3.2.4/node_modules/[4m@vitest[24m/runner/dist/chunk-hooks.js:155:11
    at [90mfile:///var/tmp/vibe-kanban/worktrees/vk-b25b-create-tes/[39mnode_modules/[4m.pnpm[24m/@vitest+runner@3.2.4/node_modules/[4m@vitest[24m/runner/dist/chunk-hooks.js:752:26
    at [90mfile:///var/tmp/vibe-kanban/worktrees/vk-b25b-create-tes/[39mnode_modules/[4m.pnpm[24m/@vitest+runner@3.2.4/node_modules/[4m@vitest[24m/runner/dist/chunk-hooks.js:1897:20
    at new Promise (&lt;anonymous&gt;)
    at runWithTimeout [90m(file:///var/tmp/vibe-kanban/worktrees/vk-b25b-create-tes/[39mnode_modules/[4m.pnpm[24m/@vitest+runner@3.2.4/node_modules/[4m@vitest[24m/runner/dist/chunk-hooks.js:1863:10[90m)[39m
    at runTest [90m(file:///var/tmp/vibe-kanban/worktrees/vk-b25b-create-tes/[39mnode_modules/[4m.pnpm[24m/@vitest+runner@3.2.4/node_modules/[4m@vitest[24m/runner/dist/chunk-hooks.js:1574:12[90m)[39m
[90m    at processTicksAndRejections (node:internal/process/task_queues:95:5)[39m
    at runSuite [90m(file:///var/tmp/vibe-kanban/worktrees/vk-b25b-create-tes/[39mnode_modules/[4m.pnpm[24m/@vitest+runner@3.2.4/node_modules/[4m@vitest[24m/runner/dist/chunk-hooks.js:1729:8[90m)[39m
    at runSuite [90m(file:///var/tmp/vibe-kanban/worktrees/vk-b25b-create-tes/[39mnode_modules/[4m.pnpm[24m/@vitest+runner@3.2.4/node_modules/[4m@vitest[24m/runner/dist/chunk-hooks.js:1729:8[90m)[39m {
  code: [32m&apos;ETIMEDOUT&apos;[39m
}

            </system-err>
        </testcase>
        <testcase classname="tests/api/combined-music-search-config.test.ts" name="/api/plex/music-search-config/combined - Combined Configuration Management &gt; GET requests - Fetch combined configuration &gt; should handle empty responses from both endpoints" time="0.00142895">
        </testcase>
        <testcase classname="tests/api/combined-music-search-config.test.ts" name="/api/plex/music-search-config/combined - Combined Configuration Management &gt; POST requests - Update combined configuration &gt; should update both configurations successfully" time="0.009110539">
        </testcase>
        <testcase classname="tests/api/combined-music-search-config.test.ts" name="/api/plex/music-search-config/combined - Combined Configuration Management &gt; POST requests - Update combined configuration &gt; should return 400 when textProcessing is missing from request body" time="0.001756565">
        </testcase>
        <testcase classname="tests/api/combined-music-search-config.test.ts" name="/api/plex/music-search-config/combined - Combined Configuration Management &gt; POST requests - Update combined configuration &gt; should return 400 when searchApproaches is missing from request body" time="0.001561182">
        </testcase>
        <testcase classname="tests/api/combined-music-search-config.test.ts" name="/api/plex/music-search-config/combined - Combined Configuration Management &gt; POST requests - Update combined configuration &gt; should return 400 when both configurations are missing" time="0.001248087">
        </testcase>
        <testcase classname="tests/api/combined-music-search-config.test.ts" name="/api/plex/music-search-config/combined - Combined Configuration Management &gt; POST requests - Update combined configuration &gt; should handle null/undefined request body" time="0.000833962">
        </testcase>
        <testcase classname="tests/api/combined-music-search-config.test.ts" name="/api/plex/music-search-config/combined - Combined Configuration Management &gt; POST requests - Update combined configuration &gt; should handle first endpoint update failure" time="0.002711868">
            <system-err>
Error in combined config API: Error: Failed to update text processing
    at Module.createMockAxiosError [90m(/var/tmp/vibe-kanban/worktrees/vk-b25b-create-tes/[39mapps/web/__tests__/api/api-test-helpers.ts:58:19[90m)[39m
    at [90m/var/tmp/vibe-kanban/worktrees/vk-b25b-create-tes/[39mtests/api/combined-music-search-config.test.ts:339:32
    at [90mfile:///var/tmp/vibe-kanban/worktrees/vk-b25b-create-tes/[39mnode_modules/[4m.pnpm[24m/@vitest+runner@3.2.4/node_modules/[4m@vitest[24m/runner/dist/chunk-hooks.js:155:11
    at [90mfile:///var/tmp/vibe-kanban/worktrees/vk-b25b-create-tes/[39mnode_modules/[4m.pnpm[24m/@vitest+runner@3.2.4/node_modules/[4m@vitest[24m/runner/dist/chunk-hooks.js:752:26
    at [90mfile:///var/tmp/vibe-kanban/worktrees/vk-b25b-create-tes/[39mnode_modules/[4m.pnpm[24m/@vitest+runner@3.2.4/node_modules/[4m@vitest[24m/runner/dist/chunk-hooks.js:1897:20
    at new Promise (&lt;anonymous&gt;)
    at runWithTimeout [90m(file:///var/tmp/vibe-kanban/worktrees/vk-b25b-create-tes/[39mnode_modules/[4m.pnpm[24m/@vitest+runner@3.2.4/node_modules/[4m@vitest[24m/runner/dist/chunk-hooks.js:1863:10[90m)[39m
    at runTest [90m(file:///var/tmp/vibe-kanban/worktrees/vk-b25b-create-tes/[39mnode_modules/[4m.pnpm[24m/@vitest+runner@3.2.4/node_modules/[4m@vitest[24m/runner/dist/chunk-hooks.js:1574:12[90m)[39m
[90m    at processTicksAndRejections (node:internal/process/task_queues:95:5)[39m
    at runSuite [90m(file:///var/tmp/vibe-kanban/worktrees/vk-b25b-create-tes/[39mnode_modules/[4m.pnpm[24m/@vitest+runner@3.2.4/node_modules/[4m@vitest[24m/runner/dist/chunk-hooks.js:1729:8[90m)[39m {
  response: {
    status: [33m500[39m,
    data: { error: [32m&apos;Failed to update text processing&apos;[39m },
    statusText: [32m&apos;Internal Server Error&apos;[39m
  }
}

            </system-err>
        </testcase>
        <testcase classname="tests/api/combined-music-search-config.test.ts" name="/api/plex/music-search-config/combined - Combined Configuration Management &gt; POST requests - Update combined configuration &gt; should handle second endpoint update failure" time="0.003959576">
            <system-err>
Error in combined config API: Error: Failed to update search approaches
    at Module.createMockAxiosError [90m(/var/tmp/vibe-kanban/worktrees/vk-b25b-create-tes/[39mapps/web/__tests__/api/api-test-helpers.ts:58:19[90m)[39m
    at [90m/var/tmp/vibe-kanban/worktrees/vk-b25b-create-tes/[39mtests/api/combined-music-search-config.test.ts:367:32
    at [90mfile:///var/tmp/vibe-kanban/worktrees/vk-b25b-create-tes/[39mnode_modules/[4m.pnpm[24m/@vitest+runner@3.2.4/node_modules/[4m@vitest[24m/runner/dist/chunk-hooks.js:155:11
    at [90mfile:///var/tmp/vibe-kanban/worktrees/vk-b25b-create-tes/[39mnode_modules/[4m.pnpm[24m/@vitest+runner@3.2.4/node_modules/[4m@vitest[24m/runner/dist/chunk-hooks.js:752:26
    at [90mfile:///var/tmp/vibe-kanban/worktrees/vk-b25b-create-tes/[39mnode_modules/[4m.pnpm[24m/@vitest+runner@3.2.4/node_modules/[4m@vitest[24m/runner/dist/chunk-hooks.js:1897:20
    at new Promise (&lt;anonymous&gt;)
    at runWithTimeout [90m(file:///var/tmp/vibe-kanban/worktrees/vk-b25b-create-tes/[39mnode_modules/[4m.pnpm[24m/@vitest+runner@3.2.4/node_modules/[4m@vitest[24m/runner/dist/chunk-hooks.js:1863:10[90m)[39m
    at runTest [90m(file:///var/tmp/vibe-kanban/worktrees/vk-b25b-create-tes/[39mnode_modules/[4m.pnpm[24m/@vitest+runner@3.2.4/node_modules/[4m@vitest[24m/runner/dist/chunk-hooks.js:1574:12[90m)[39m
[90m    at processTicksAndRejections (node:internal/process/task_queues:95:5)[39m
    at runSuite [90m(file:///var/tmp/vibe-kanban/worktrees/vk-b25b-create-tes/[39mnode_modules/[4m.pnpm[24m/@vitest+runner@3.2.4/node_modules/[4m@vitest[24m/runner/dist/chunk-hooks.js:1729:8[90m)[39m {
  response: {
    status: [33m500[39m,
    data: { error: [32m&apos;Failed to update search approaches&apos;[39m },
    statusText: [32m&apos;Internal Server Error&apos;[39m
  }
}

            </system-err>
        </testcase>
        <testcase classname="tests/api/combined-music-search-config.test.ts" name="/api/plex/music-search-config/combined - Combined Configuration Management &gt; POST requests - Update combined configuration &gt; should handle complex nested configuration objects" time="0.002025189">
        </testcase>
        <testcase classname="tests/api/combined-music-search-config.test.ts" name="/api/plex/music-search-config/combined - Combined Configuration Management &gt; Request validation and edge cases &gt; should return 405 for unsupported HTTP methods" time="0.001689574">
        </testcase>
        <testcase classname="tests/api/combined-music-search-config.test.ts" name="/api/plex/music-search-config/combined - Combined Configuration Management &gt; Request validation and edge cases &gt; should handle very large configuration objects" time="0.003492459">
        </testcase>
        <testcase classname="tests/api/combined-music-search-config.test.ts" name="/api/plex/music-search-config/combined - Combined Configuration Management &gt; Request validation and edge cases &gt; should handle concurrent requests to same endpoint" time="0.002253432">
        </testcase>
        <testcase classname="tests/api/combined-music-search-config.test.ts" name="/api/plex/music-search-config/combined - Combined Configuration Management &gt; Request validation and edge cases &gt; should handle partial success scenarios gracefully" time="0.037664343">
            <system-err>
Error in combined config API: Error: Database connection lost
    at Module.createMockAxiosError [90m(/var/tmp/vibe-kanban/worktrees/vk-b25b-create-tes/[39mapps/web/__tests__/api/api-test-helpers.ts:58:19[90m)[39m
    at [90m/var/tmp/vibe-kanban/worktrees/vk-b25b-create-tes/[39mtests/api/combined-music-search-config.test.ts:549:32
    at [90mfile:///var/tmp/vibe-kanban/worktrees/vk-b25b-create-tes/[39mnode_modules/[4m.pnpm[24m/@vitest+runner@3.2.4/node_modules/[4m@vitest[24m/runner/dist/chunk-hooks.js:155:11
    at [90mfile:///var/tmp/vibe-kanban/worktrees/vk-b25b-create-tes/[39mnode_modules/[4m.pnpm[24m/@vitest+runner@3.2.4/node_modules/[4m@vitest[24m/runner/dist/chunk-hooks.js:752:26
    at [90mfile:///var/tmp/vibe-kanban/worktrees/vk-b25b-create-tes/[39mnode_modules/[4m.pnpm[24m/@vitest+runner@3.2.4/node_modules/[4m@vitest[24m/runner/dist/chunk-hooks.js:1897:20
    at new Promise (&lt;anonymous&gt;)
    at runWithTimeout [90m(file:///var/tmp/vibe-kanban/worktrees/vk-b25b-create-tes/[39mnode_modules/[4m.pnpm[24m/@vitest+runner@3.2.4/node_modules/[4m@vitest[24m/runner/dist/chunk-hooks.js:1863:10[90m)[39m
    at runTest [90m(file:///var/tmp/vibe-kanban/worktrees/vk-b25b-create-tes/[39mnode_modules/[4m.pnpm[24m/@vitest+runner@3.2.4/node_modules/[4m@vitest[24m/runner/dist/chunk-hooks.js:1574:12[90m)[39m
[90m    at processTicksAndRejections (node:internal/process/task_queues:95:5)[39m
    at runSuite [90m(file:///var/tmp/vibe-kanban/worktrees/vk-b25b-create-tes/[39mnode_modules/[4m.pnpm[24m/@vitest+runner@3.2.4/node_modules/[4m@vitest[24m/runner/dist/chunk-hooks.js:1729:8[90m)[39m {
  response: {
    status: [33m503[39m,
    data: { error: [32m&apos;Database connection lost&apos;[39m },
    statusText: [32m&apos;Internal Server Error&apos;[39m
  }
}

            </system-err>
        </testcase>
    </testsuite>
    <testsuite name="tests/api/match-filters-config.test.ts" timestamp="2025-09-06T16:08:30.317Z" hostname="c82ba9db4d53" tests="1" failures="1" errors="0" skipped="0" time="0">
        <testcase classname="tests/api/match-filters-config.test.ts" name="tests/api/match-filters-config.test.ts" time="0">
            <failure message="[vitest] There was an error when mocking a module. If you are using &quot;vi.mock&quot; factory, make sure there are no top level variables inside, since this call is hoisted to top of the file. Read more: https://vitest.dev/api/vi.html#vi-mock" type="Error">
Error: [vitest] There was an error when mocking a module. If you are using &quot;vi.mock&quot; factory, make sure there are no top level variables inside, since this call is hoisted to top of the file. Read more: https://vitest.dev/api/vi.html#vi-mock
 ❯ apps/web/pages/api/plex/music-search-config/match-filters.ts:2:1

Caused by: Caused by: ReferenceError: Cannot access &apos;mockGetMatchFilters&apos; before initialization
 ❯ tests/api/match-filters-config.test.ts:29:20
 ❯ apps/web/pages/api/plex/music-search-config/match-filters.ts:2:1
            </failure>
        </testcase>
    </testsuite>
    <testsuite name="tests/api/settings-management.test.ts" timestamp="2025-09-06T16:08:30.319Z" hostname="c82ba9db4d53" tests="30" failures="1" errors="0" skipped="0" time="0.095066526">
        <testcase classname="tests/api/settings-management.test.ts" name="/api/settings - Advanced Settings Management &gt; GET requests - Retrieve settings &gt; should return current settings when user is authenticated" time="0.00849099">
        </testcase>
        <testcase classname="tests/api/settings-management.test.ts" name="/api/settings - Advanced Settings Management &gt; GET requests - Retrieve settings &gt; should return not logged in when no token exists" time="0.001617263">
        </testcase>
        <testcase classname="tests/api/settings-management.test.ts" name="/api/settings - Advanced Settings Management &gt; GET requests - Retrieve settings &gt; should handle empty token (empty string)" time="0.001097425">
        </testcase>
        <testcase classname="tests/api/settings-management.test.ts" name="/api/settings - Advanced Settings Management &gt; GET requests - Retrieve settings &gt; should handle undefined token" time="0.000967014">
        </testcase>
        <testcase classname="tests/api/settings-management.test.ts" name="/api/settings - Advanced Settings Management &gt; GET requests - Retrieve settings &gt; should handle missing URI and ID gracefully" time="0.000923613">
        </testcase>
        <testcase classname="tests/api/settings-management.test.ts" name="/api/settings - Advanced Settings Management &gt; GET requests - Retrieve settings &gt; should handle settings read errors" time="0.022337606">
            <system-err>
Error getting Plex settings: Error: Settings file not found
    at [90m/var/tmp/vibe-kanban/worktrees/vk-b25b-create-tes/[39mtests/api/settings-management.test.ts:179:46
    at [90mfile:///var/tmp/vibe-kanban/worktrees/vk-b25b-create-tes/[39mnode_modules/[4m.pnpm[24m/@vitest+runner@3.2.4/node_modules/[4m@vitest[24m/runner/dist/chunk-hooks.js:155:11
    at [90mfile:///var/tmp/vibe-kanban/worktrees/vk-b25b-create-tes/[39mnode_modules/[4m.pnpm[24m/@vitest+runner@3.2.4/node_modules/[4m@vitest[24m/runner/dist/chunk-hooks.js:752:26
    at [90mfile:///var/tmp/vibe-kanban/worktrees/vk-b25b-create-tes/[39mnode_modules/[4m.pnpm[24m/@vitest+runner@3.2.4/node_modules/[4m@vitest[24m/runner/dist/chunk-hooks.js:1897:20
    at new Promise (&lt;anonymous&gt;)
    at runWithTimeout [90m(file:///var/tmp/vibe-kanban/worktrees/vk-b25b-create-tes/[39mnode_modules/[4m.pnpm[24m/@vitest+runner@3.2.4/node_modules/[4m@vitest[24m/runner/dist/chunk-hooks.js:1863:10[90m)[39m
    at runTest [90m(file:///var/tmp/vibe-kanban/worktrees/vk-b25b-create-tes/[39mnode_modules/[4m.pnpm[24m/@vitest+runner@3.2.4/node_modules/[4m@vitest[24m/runner/dist/chunk-hooks.js:1574:12[90m)[39m
[90m    at processTicksAndRejections (node:internal/process/task_queues:95:5)[39m
    at runSuite [90m(file:///var/tmp/vibe-kanban/worktrees/vk-b25b-create-tes/[39mnode_modules/[4m.pnpm[24m/@vitest+runner@3.2.4/node_modules/[4m@vitest[24m/runner/dist/chunk-hooks.js:1729:8[90m)[39m
    at runSuite [90m(file:///var/tmp/vibe-kanban/worktrees/vk-b25b-create-tes/[39mnode_modules/[4m.pnpm[24m/@vitest+runner@3.2.4/node_modules/[4m@vitest[24m/runner/dist/chunk-hooks.js:1729:8[90m)[39m

            </system-err>
        </testcase>
        <testcase classname="tests/api/settings-management.test.ts" name="/api/settings - Advanced Settings Management &gt; GET requests - Retrieve settings &gt; should handle file permission errors" time="0.005251434">
            <system-err>
Error getting Plex settings: Error: EACCES: permission denied
    at [90m/var/tmp/vibe-kanban/worktrees/vk-b25b-create-tes/[39mtests/api/settings-management.test.ts:195:31
    at [90mfile:///var/tmp/vibe-kanban/worktrees/vk-b25b-create-tes/[39mnode_modules/[4m.pnpm[24m/@vitest+runner@3.2.4/node_modules/[4m@vitest[24m/runner/dist/chunk-hooks.js:155:11
    at [90mfile:///var/tmp/vibe-kanban/worktrees/vk-b25b-create-tes/[39mnode_modules/[4m.pnpm[24m/@vitest+runner@3.2.4/node_modules/[4m@vitest[24m/runner/dist/chunk-hooks.js:752:26
    at [90mfile:///var/tmp/vibe-kanban/worktrees/vk-b25b-create-tes/[39mnode_modules/[4m.pnpm[24m/@vitest+runner@3.2.4/node_modules/[4m@vitest[24m/runner/dist/chunk-hooks.js:1897:20
    at new Promise (&lt;anonymous&gt;)
    at runWithTimeout [90m(file:///var/tmp/vibe-kanban/worktrees/vk-b25b-create-tes/[39mnode_modules/[4m.pnpm[24m/@vitest+runner@3.2.4/node_modules/[4m@vitest[24m/runner/dist/chunk-hooks.js:1863:10[90m)[39m
    at runTest [90m(file:///var/tmp/vibe-kanban/worktrees/vk-b25b-create-tes/[39mnode_modules/[4m.pnpm[24m/@vitest+runner@3.2.4/node_modules/[4m@vitest[24m/runner/dist/chunk-hooks.js:1574:12[90m)[39m
[90m    at processTicksAndRejections (node:internal/process/task_queues:95:5)[39m
    at runSuite [90m(file:///var/tmp/vibe-kanban/worktrees/vk-b25b-create-tes/[39mnode_modules/[4m.pnpm[24m/@vitest+runner@3.2.4/node_modules/[4m@vitest[24m/runner/dist/chunk-hooks.js:1729:8[90m)[39m
    at runSuite [90m(file:///var/tmp/vibe-kanban/worktrees/vk-b25b-create-tes/[39mnode_modules/[4m.pnpm[24m/@vitest+runner@3.2.4/node_modules/[4m@vitest[24m/runner/dist/chunk-hooks.js:1729:8[90m)[39m {
  code: [32m&apos;EACCES&apos;[39m
}

            </system-err>
        </testcase>
        <testcase classname="tests/api/settings-management.test.ts" name="/api/settings - Advanced Settings Management &gt; GET requests - Retrieve settings &gt; should handle corrupted settings file" time="0.00636009">
            <system-err>
Error getting Plex settings: Error: Unexpected token in JSON
    at [90m/var/tmp/vibe-kanban/worktrees/vk-b25b-create-tes/[39mtests/api/settings-management.test.ts:213:46
    at [90mfile:///var/tmp/vibe-kanban/worktrees/vk-b25b-create-tes/[39mnode_modules/[4m.pnpm[24m/@vitest+runner@3.2.4/node_modules/[4m@vitest[24m/runner/dist/chunk-hooks.js:155:11
    at [90mfile:///var/tmp/vibe-kanban/worktrees/vk-b25b-create-tes/[39mnode_modules/[4m.pnpm[24m/@vitest+runner@3.2.4/node_modules/[4m@vitest[24m/runner/dist/chunk-hooks.js:752:26
    at [90mfile:///var/tmp/vibe-kanban/worktrees/vk-b25b-create-tes/[39mnode_modules/[4m.pnpm[24m/@vitest+runner@3.2.4/node_modules/[4m@vitest[24m/runner/dist/chunk-hooks.js:1897:20
    at new Promise (&lt;anonymous&gt;)
    at runWithTimeout [90m(file:///var/tmp/vibe-kanban/worktrees/vk-b25b-create-tes/[39mnode_modules/[4m.pnpm[24m/@vitest+runner@3.2.4/node_modules/[4m@vitest[24m/runner/dist/chunk-hooks.js:1863:10[90m)[39m
    at runTest [90m(file:///var/tmp/vibe-kanban/worktrees/vk-b25b-create-tes/[39mnode_modules/[4m.pnpm[24m/@vitest+runner@3.2.4/node_modules/[4m@vitest[24m/runner/dist/chunk-hooks.js:1574:12[90m)[39m
[90m    at processTicksAndRejections (node:internal/process/task_queues:95:5)[39m
    at runSuite [90m(file:///var/tmp/vibe-kanban/worktrees/vk-b25b-create-tes/[39mnode_modules/[4m.pnpm[24m/@vitest+runner@3.2.4/node_modules/[4m@vitest[24m/runner/dist/chunk-hooks.js:1729:8[90m)[39m
    at runSuite [90m(file:///var/tmp/vibe-kanban/worktrees/vk-b25b-create-tes/[39mnode_modules/[4m.pnpm[24m/@vitest+runner@3.2.4/node_modules/[4m@vitest[24m/runner/dist/chunk-hooks.js:1729:8[90m)[39m

            </system-err>
        </testcase>
        <testcase classname="tests/api/settings-management.test.ts" name="/api/settings - Advanced Settings Management &gt; POST requests - Update settings &gt; should update settings successfully with valid URI and ID" time="0.003972466">
        </testcase>
        <testcase classname="tests/api/settings-management.test.ts" name="/api/settings - Advanced Settings Management &gt; POST requests - Update settings &gt; should update only URI when ID is not provided" time="0.001648384">
        </testcase>
        <testcase classname="tests/api/settings-management.test.ts" name="/api/settings - Advanced Settings Management &gt; POST requests - Update settings &gt; should handle empty URI update request" time="0.005409727">
            <failure message="expected &quot;spy&quot; to be called with arguments: [ { uri: &apos;&apos;, id: undefined } ][90m

Number of calls: [1m0[22m
[39m" type="AssertionError">
AssertionError: expected &quot;spy&quot; to be called with arguments: [ { uri: &apos;&apos;, id: undefined } ]

Number of calls: 0

 ❯ tests/api/settings-management.test.ts:316:39
            </failure>
        </testcase>
        <testcase classname="tests/api/settings-management.test.ts" name="/api/settings - Advanced Settings Management &gt; POST requests - Update settings &gt; should skip update when no URI is provided in body" time="0.001130686">
        </testcase>
        <testcase classname="tests/api/settings-management.test.ts" name="/api/settings - Advanced Settings Management &gt; POST requests - Update settings &gt; should handle null/undefined request body" time="0.000804782">
        </testcase>
        <testcase classname="tests/api/settings-management.test.ts" name="/api/settings - Advanced Settings Management &gt; POST requests - Update settings &gt; should handle empty object request body" time="0.001242438">
        </testcase>
        <testcase classname="tests/api/settings-management.test.ts" name="/api/settings - Advanced Settings Management &gt; POST requests - Update settings &gt; should handle update settings errors" time="0.003003493">
            <system-err>
Error updating Plex settings: Error: Failed to write settings file
    at [90m/var/tmp/vibe-kanban/worktrees/vk-b25b-create-tes/[39mtests/api/settings-management.test.ts:402:49
    at [90mfile:///var/tmp/vibe-kanban/worktrees/vk-b25b-create-tes/[39mnode_modules/[4m.pnpm[24m/@vitest+runner@3.2.4/node_modules/[4m@vitest[24m/runner/dist/chunk-hooks.js:155:11
    at [90mfile:///var/tmp/vibe-kanban/worktrees/vk-b25b-create-tes/[39mnode_modules/[4m.pnpm[24m/@vitest+runner@3.2.4/node_modules/[4m@vitest[24m/runner/dist/chunk-hooks.js:752:26
    at [90mfile:///var/tmp/vibe-kanban/worktrees/vk-b25b-create-tes/[39mnode_modules/[4m.pnpm[24m/@vitest+runner@3.2.4/node_modules/[4m@vitest[24m/runner/dist/chunk-hooks.js:1897:20
    at new Promise (&lt;anonymous&gt;)
    at runWithTimeout [90m(file:///var/tmp/vibe-kanban/worktrees/vk-b25b-create-tes/[39mnode_modules/[4m.pnpm[24m/@vitest+runner@3.2.4/node_modules/[4m@vitest[24m/runner/dist/chunk-hooks.js:1863:10[90m)[39m
    at runTest [90m(file:///var/tmp/vibe-kanban/worktrees/vk-b25b-create-tes/[39mnode_modules/[4m.pnpm[24m/@vitest+runner@3.2.4/node_modules/[4m@vitest[24m/runner/dist/chunk-hooks.js:1574:12[90m)[39m
[90m    at processTicksAndRejections (node:internal/process/task_queues:95:5)[39m
    at runSuite [90m(file:///var/tmp/vibe-kanban/worktrees/vk-b25b-create-tes/[39mnode_modules/[4m.pnpm[24m/@vitest+runner@3.2.4/node_modules/[4m@vitest[24m/runner/dist/chunk-hooks.js:1729:8[90m)[39m
    at runSuite [90m(file:///var/tmp/vibe-kanban/worktrees/vk-b25b-create-tes/[39mnode_modules/[4m.pnpm[24m/@vitest+runner@3.2.4/node_modules/[4m@vitest[24m/runner/dist/chunk-hooks.js:1729:8[90m)[39m

            </system-err>
        </testcase>
        <testcase classname="tests/api/settings-management.test.ts" name="/api/settings - Advanced Settings Management &gt; POST requests - Update settings &gt; should handle disk space errors during update" time="0.003352207">
            <system-err>
Error updating Plex settings: Error: ENOSPC: no space left on device
    at [90m/var/tmp/vibe-kanban/worktrees/vk-b25b-create-tes/[39mtests/api/settings-management.test.ts:426:29
    at [90mfile:///var/tmp/vibe-kanban/worktrees/vk-b25b-create-tes/[39mnode_modules/[4m.pnpm[24m/@vitest+runner@3.2.4/node_modules/[4m@vitest[24m/runner/dist/chunk-hooks.js:155:11
    at [90mfile:///var/tmp/vibe-kanban/worktrees/vk-b25b-create-tes/[39mnode_modules/[4m.pnpm[24m/@vitest+runner@3.2.4/node_modules/[4m@vitest[24m/runner/dist/chunk-hooks.js:752:26
    at [90mfile:///var/tmp/vibe-kanban/worktrees/vk-b25b-create-tes/[39mnode_modules/[4m.pnpm[24m/@vitest+runner@3.2.4/node_modules/[4m@vitest[24m/runner/dist/chunk-hooks.js:1897:20
    at new Promise (&lt;anonymous&gt;)
    at runWithTimeout [90m(file:///var/tmp/vibe-kanban/worktrees/vk-b25b-create-tes/[39mnode_modules/[4m.pnpm[24m/@vitest+runner@3.2.4/node_modules/[4m@vitest[24m/runner/dist/chunk-hooks.js:1863:10[90m)[39m
    at runTest [90m(file:///var/tmp/vibe-kanban/worktrees/vk-b25b-create-tes/[39mnode_modules/[4m.pnpm[24m/@vitest+runner@3.2.4/node_modules/[4m@vitest[24m/runner/dist/chunk-hooks.js:1574:12[90m)[39m
[90m    at processTicksAndRejections (node:internal/process/task_queues:95:5)[39m
    at runSuite [90m(file:///var/tmp/vibe-kanban/worktrees/vk-b25b-create-tes/[39mnode_modules/[4m.pnpm[24m/@vitest+runner@3.2.4/node_modules/[4m@vitest[24m/runner/dist/chunk-hooks.js:1729:8[90m)[39m
    at runSuite [90m(file:///var/tmp/vibe-kanban/worktrees/vk-b25b-create-tes/[39mnode_modules/[4m.pnpm[24m/@vitest+runner@3.2.4/node_modules/[4m@vitest[24m/runner/dist/chunk-hooks.js:1729:8[90m)[39m {
  code: [32m&apos;ENOSPC&apos;[39m
}

            </system-err>
        </testcase>
        <testcase classname="tests/api/settings-management.test.ts" name="/api/settings - Advanced Settings Management &gt; POST requests - Update settings &gt; should handle settings read error after successful update" time="0.003079173">
            <system-err>
Error updating Plex settings: Error: Failed to read updated settings
    at [90m/var/tmp/vibe-kanban/worktrees/vk-b25b-create-tes/[39mtests/api/settings-management.test.ts:453:46
    at [90mfile:///var/tmp/vibe-kanban/worktrees/vk-b25b-create-tes/[39mnode_modules/[4m.pnpm[24m/@vitest+runner@3.2.4/node_modules/[4m@vitest[24m/runner/dist/chunk-hooks.js:155:11
    at [90mfile:///var/tmp/vibe-kanban/worktrees/vk-b25b-create-tes/[39mnode_modules/[4m.pnpm[24m/@vitest+runner@3.2.4/node_modules/[4m@vitest[24m/runner/dist/chunk-hooks.js:752:26
    at [90mfile:///var/tmp/vibe-kanban/worktrees/vk-b25b-create-tes/[39mnode_modules/[4m.pnpm[24m/@vitest+runner@3.2.4/node_modules/[4m@vitest[24m/runner/dist/chunk-hooks.js:1897:20
    at new Promise (&lt;anonymous&gt;)
    at runWithTimeout [90m(file:///var/tmp/vibe-kanban/worktrees/vk-b25b-create-tes/[39mnode_modules/[4m.pnpm[24m/@vitest+runner@3.2.4/node_modules/[4m@vitest[24m/runner/dist/chunk-hooks.js:1863:10[90m)[39m
    at runTest [90m(file:///var/tmp/vibe-kanban/worktrees/vk-b25b-create-tes/[39mnode_modules/[4m.pnpm[24m/@vitest+runner@3.2.4/node_modules/[4m@vitest[24m/runner/dist/chunk-hooks.js:1574:12[90m)[39m
[90m    at processTicksAndRejections (node:internal/process/task_queues:95:5)[39m
    at runSuite [90m(file:///var/tmp/vibe-kanban/worktrees/vk-b25b-create-tes/[39mnode_modules/[4m.pnpm[24m/@vitest+runner@3.2.4/node_modules/[4m@vitest[24m/runner/dist/chunk-hooks.js:1729:8[90m)[39m
    at runSuite [90m(file:///var/tmp/vibe-kanban/worktrees/vk-b25b-create-tes/[39mnode_modules/[4m.pnpm[24m/@vitest+runner@3.2.4/node_modules/[4m@vitest[24m/runner/dist/chunk-hooks.js:1729:8[90m)[39m

            </system-err>
        </testcase>
        <testcase classname="tests/api/settings-management.test.ts" name="/api/settings - Advanced Settings Management &gt; POST requests - Update settings &gt; should handle complex URI formats" time="0.00217906">
        </testcase>
        <testcase classname="tests/api/settings-management.test.ts" name="/api/settings - Advanced Settings Management &gt; POST requests - Update settings &gt; should handle very long URI and ID values" time="0.000865512">
        </testcase>
        <testcase classname="tests/api/settings-management.test.ts" name="/api/settings - Advanced Settings Management &gt; POST requests - Update settings &gt; should handle special characters in URI and ID" time="0.000784021">
        </testcase>
        <testcase classname="tests/api/settings-management.test.ts" name="/api/settings - Advanced Settings Management &gt; Advanced edge cases and error handling &gt; should handle settings with all null values" time="0.000788571">
        </testcase>
        <testcase classname="tests/api/settings-management.test.ts" name="/api/settings - Advanced Settings Management &gt; Advanced edge cases and error handling &gt; should handle concurrent settings read requests" time="0.003888355">
        </testcase>
        <testcase classname="tests/api/settings-management.test.ts" name="/api/settings - Advanced Settings Management &gt; Advanced edge cases and error handling &gt; should handle concurrent settings update requests" time="0.001888727">
        </testcase>
        <testcase classname="tests/api/settings-management.test.ts" name="/api/settings - Advanced Settings Management &gt; Advanced edge cases and error handling &gt; should handle race condition between update and read" time="0.000885892">
        </testcase>
        <testcase classname="tests/api/settings-management.test.ts" name="/api/settings - Advanced Settings Management &gt; Advanced edge cases and error handling &gt; should handle malformed JSON-like strings in settings" time="0.000778021">
        </testcase>
        <testcase classname="tests/api/settings-management.test.ts" name="/api/settings - Advanced Settings Management &gt; Advanced edge cases and error handling &gt; should handle mixed data types in request body" time="0.001296068">
        </testcase>
        <testcase classname="tests/api/settings-management.test.ts" name="/api/settings - Advanced Settings Management &gt; Advanced edge cases and error handling &gt; should maintain settings persistence across errors" time="0.003217275">
            <system-err>
Error updating Plex settings: Error: First update failed
    at [90m/var/tmp/vibe-kanban/worktrees/vk-b25b-create-tes/[39mtests/api/settings-management.test.ts:764:32
    at [90mfile:///var/tmp/vibe-kanban/worktrees/vk-b25b-create-tes/[39mnode_modules/[4m.pnpm[24m/@vitest+runner@3.2.4/node_modules/[4m@vitest[24m/runner/dist/chunk-hooks.js:155:11
    at [90mfile:///var/tmp/vibe-kanban/worktrees/vk-b25b-create-tes/[39mnode_modules/[4m.pnpm[24m/@vitest+runner@3.2.4/node_modules/[4m@vitest[24m/runner/dist/chunk-hooks.js:752:26
    at [90mfile:///var/tmp/vibe-kanban/worktrees/vk-b25b-create-tes/[39mnode_modules/[4m.pnpm[24m/@vitest+runner@3.2.4/node_modules/[4m@vitest[24m/runner/dist/chunk-hooks.js:1897:20
    at new Promise (&lt;anonymous&gt;)
    at runWithTimeout [90m(file:///var/tmp/vibe-kanban/worktrees/vk-b25b-create-tes/[39mnode_modules/[4m.pnpm[24m/@vitest+runner@3.2.4/node_modules/[4m@vitest[24m/runner/dist/chunk-hooks.js:1863:10[90m)[39m
    at runTest [90m(file:///var/tmp/vibe-kanban/worktrees/vk-b25b-create-tes/[39mnode_modules/[4m.pnpm[24m/@vitest+runner@3.2.4/node_modules/[4m@vitest[24m/runner/dist/chunk-hooks.js:1574:12[90m)[39m
[90m    at processTicksAndRejections (node:internal/process/task_queues:95:5)[39m
    at runSuite [90m(file:///var/tmp/vibe-kanban/worktrees/vk-b25b-create-tes/[39mnode_modules/[4m.pnpm[24m/@vitest+runner@3.2.4/node_modules/[4m@vitest[24m/runner/dist/chunk-hooks.js:1729:8[90m)[39m
    at runSuite [90m(file:///var/tmp/vibe-kanban/worktrees/vk-b25b-create-tes/[39mnode_modules/[4m.pnpm[24m/@vitest+runner@3.2.4/node_modules/[4m@vitest[24m/runner/dist/chunk-hooks.js:1729:8[90m)[39m

            </system-err>
        </testcase>
        <testcase classname="tests/api/settings-management.test.ts" name="/api/settings - Advanced Settings Management &gt; Request validation &gt; should handle unsupported HTTP methods" time="0.001424051">
        </testcase>
        <testcase classname="tests/api/settings-management.test.ts" name="/api/settings - Advanced Settings Management &gt; Request validation &gt; should handle requests with custom headers" time="0.000895492">
        </testcase>
        <testcase classname="tests/api/settings-management.test.ts" name="/api/settings - Advanced Settings Management &gt; Request validation &gt; should handle very large request payloads" time="0.000640189">
        </testcase>
    </testsuite>
    <testsuite name="tests/api/validation-endpoint.test.ts" timestamp="2025-09-06T16:08:30.326Z" hostname="c82ba9db4d53" tests="1" failures="1" errors="0" skipped="0" time="0">
        <testcase classname="tests/api/validation-endpoint.test.ts" name="tests/api/validation-endpoint.test.ts" time="0">
            <failure message="[vitest] There was an error when mocking a module. If you are using &quot;vi.mock&quot; factory, make sure there are no top level variables inside, since this call is hoisted to top of the file. Read more: https://vitest.dev/api/vi.html#vi-mock" type="Error">
Error: [vitest] There was an error when mocking a module. If you are using &quot;vi.mock&quot; factory, make sure there are no top level variables inside, since this call is hoisted to top of the file. Read more: https://vitest.dev/api/vi.html#vi-mock
 ❯ apps/web/pages/api/plex/music-search-config/validate.ts:2:1

Caused by: Caused by: ReferenceError: Cannot access &apos;mockValidateExpression&apos; before initialization
 ❯ tests/api/validation-endpoint.test.ts:29:23
 ❯ apps/web/pages/api/plex/music-search-config/validate.ts:2:1
            </failure>
        </testcase>
    </testsuite>
    <testsuite name="tests/e2e/home.spec.ts" timestamp="2025-09-06T16:08:30.327Z" hostname="c82ba9db4d53" tests="1" failures="1" errors="0" skipped="0" time="0">
        <testcase classname="tests/e2e/home.spec.ts" name="tests/e2e/home.spec.ts" time="0">
            <failure message="Playwright Test did not expect test.describe() to be called here.
Most common reasons include:
- You are calling test.describe() in a configuration file.
- You are calling test.describe() in a file that is imported by the configuration file.
- You have two different versions of @playwright/test. This usually happens
  when one of the dependencies in your package.json depends on @playwright/test." type="Error">
Error: Playwright Test did not expect test.describe() to be called here.
Most common reasons include:
- You are calling test.describe() in a configuration file.
- You are calling test.describe() in a file that is imported by the configuration file.
- You have two different versions of @playwright/test. This usually happens
  when one of the dependencies in your package.json depends on @playwright/test.
 ❯ TestTypeImpl._currentSuite node_modules/.pnpm/playwright@1.55.0/node_modules/playwright/lib/common/testType.js:74:13
 ❯ TestTypeImpl._describe node_modules/.pnpm/playwright@1.55.0/node_modules/playwright/lib/common/testType.js:114:24
 ❯ Function.describe node_modules/.pnpm/playwright@1.55.0/node_modules/playwright/lib/transform/transform.js:275:12
 ❯ tests/e2e/home.spec.ts:3:6
            </failure>
        </testcase>
    </testsuite>
    <testsuite name="tests/utils/matchFilters/matchFilters.test.ts" timestamp="2025-09-06T16:08:30.328Z" hostname="c82ba9db4d53" tests="1" failures="1" errors="0" skipped="0" time="0">
        <testcase classname="tests/utils/matchFilters/matchFilters.test.ts" name="tests/utils/matchFilters/matchFilters.test.ts" time="0">
            <system-out>
=== Match Filter Conversion Tests ===

Test 1: &quot;artist:match AND title:contains&quot;
UI Config: {
  &quot;rules&quot;: [
    {
      &quot;id&quot;: &quot;rule-0&quot;,
      &quot;conditions&quot;: [
        {
          &quot;id&quot;: &quot;cond-0-0&quot;,
          &quot;field&quot;: &quot;artist&quot;,
          &quot;operation&quot;: &quot;match&quot;
        },
        {
          &quot;id&quot;: &quot;cond-0-1&quot;,
          &quot;field&quot;: &quot;title&quot;,
          &quot;operation&quot;: &quot;contains&quot;
        }
      ],
      &quot;combinator&quot;: &quot;AND&quot;,
      &quot;name&quot;: &quot;Filter 1&quot;
    }
  ],
  &quot;globalCombinator&quot;: &quot;OR&quot;
}
Validation: { isValid: [33mtrue[39m, errors: [] }
Back to Expression: artist:match AND title:contains
Round-trip consistent: [33mtrue[39m
---

Test 2: &quot;artist:similarity&gt;=0.8&quot;
UI Config: {
  &quot;rules&quot;: [
    {
      &quot;id&quot;: &quot;rule-0&quot;,
      &quot;conditions&quot;: [
        {
          &quot;id&quot;: &quot;cond-0-0&quot;,
          &quot;field&quot;: &quot;artist&quot;,
          &quot;operation&quot;: &quot;similarity&quot;,
          &quot;threshold&quot;: 0.8
        }
      ],
      &quot;combinator&quot;: &quot;AND&quot;,
      &quot;name&quot;: &quot;Filter 1&quot;
    }
  ],
  &quot;globalCombinator&quot;: &quot;OR&quot;
}
Validation: { isValid: [33mtrue[39m, errors: [] }
Back to Expression: artist:similarity&gt;=0.8
Round-trip consistent: [33mtrue[39m
---

Test 3: &quot;artist:match OR title:match&quot;
UI Config: {
  &quot;rules&quot;: [
    {
      &quot;id&quot;: &quot;rule-0&quot;,
      &quot;conditions&quot;: [
        {
          &quot;id&quot;: &quot;cond-0-0&quot;,
          &quot;field&quot;: &quot;artist&quot;,
          &quot;operation&quot;: &quot;match&quot;
        }
      ],
      &quot;combinator&quot;: &quot;AND&quot;,
      &quot;name&quot;: &quot;Filter 1&quot;
    },
    {
      &quot;id&quot;: &quot;rule-1&quot;,
      &quot;conditions&quot;: [
        {
          &quot;id&quot;: &quot;cond-1-0&quot;,
          &quot;field&quot;: &quot;title&quot;,
          &quot;operation&quot;: &quot;match&quot;
        }
      ],
      &quot;combinator&quot;: &quot;AND&quot;,
      &quot;name&quot;: &quot;Filter 2&quot;
    }
  ],
  &quot;globalCombinator&quot;: &quot;OR&quot;
}
Validation: { isValid: [33mtrue[39m, errors: [] }
Back to Expression: artist:match OR title:match
Round-trip consistent: [33mtrue[39m
---

Test 4: &quot;artist:match AND title:contains OR album:similarity&gt;=0.9&quot;
UI Config: {
  &quot;rules&quot;: [
    {
      &quot;id&quot;: &quot;rule-0&quot;,
      &quot;conditions&quot;: [
        {
          &quot;id&quot;: &quot;cond-0-0&quot;,
          &quot;field&quot;: &quot;artist&quot;,
          &quot;operation&quot;: &quot;match&quot;
        },
        {
          &quot;id&quot;: &quot;cond-0-1&quot;,
          &quot;field&quot;: &quot;title&quot;,
          &quot;operation&quot;: &quot;contains&quot;
        }
      ],
      &quot;combinator&quot;: &quot;AND&quot;,
      &quot;name&quot;: &quot;Filter 1&quot;
    },
    {
      &quot;id&quot;: &quot;rule-1&quot;,
      &quot;conditions&quot;: [
        {
          &quot;id&quot;: &quot;cond-1-0&quot;,
          &quot;field&quot;: &quot;album&quot;,
          &quot;operation&quot;: &quot;similarity&quot;,
          &quot;threshold&quot;: 0.9
        }
      ],
      &quot;combinator&quot;: &quot;AND&quot;,
      &quot;name&quot;: &quot;Filter 2&quot;
    }
  ],
  &quot;globalCombinator&quot;: &quot;OR&quot;
}
Validation: { isValid: [33mtrue[39m, errors: [] }
Back to Expression: artist:match AND title:contains OR album:similarity&gt;=0.9
Round-trip consistent: [33mtrue[39m
---

Test 5: &quot;&quot;
UI Config: {
  &quot;rules&quot;: [],
  &quot;globalCombinator&quot;: &quot;OR&quot;
}
Validation: { isValid: [33mfalse[39m, errors: [ [32m&apos;At least one rule is required&apos;[39m ] }
Back to Expression: 
Round-trip consistent: [33mtrue[39m
---


            </system-out>
            <failure message="No test suite found in file /var/tmp/vibe-kanban/worktrees/vk-b25b-create-tes/tests/utils/matchFilters/matchFilters.test.ts" type="Error">
Error: No test suite found in file /var/tmp/vibe-kanban/worktrees/vk-b25b-create-tes/tests/utils/matchFilters/matchFilters.test.ts
            </failure>
        </testcase>
    </testsuite>
    <testsuite name="packages/http-client/src/__tests__/AxiosRequest.test.ts" timestamp="2025-09-06T16:08:30.329Z" hostname="c82ba9db4d53" tests="1" failures="1" errors="0" skipped="0" time="0">
        <testcase classname="packages/http-client/src/__tests__/AxiosRequest.test.ts" name="src/__tests__/AxiosRequest.test.ts" time="0">
            <failure message="expect is not defined" type="ReferenceError">
ReferenceError: expect is not defined
 ❯ ../../node_modules/.pnpm/@testing-library+jest-dom@6.8.0/node_modules/@testing-library/jest-dom/dist/index.mjs:9:1
 ❯ ../../tests/setup/vitest.setup.ts:1:1
            </failure>
        </testcase>
    </testsuite>
    <testsuite name="packages/http-client/src/__tests__/methods/axiosDelete.test.ts" timestamp="2025-09-06T16:08:30.330Z" hostname="c82ba9db4d53" tests="1" failures="1" errors="0" skipped="0" time="0">
        <testcase classname="packages/http-client/src/__tests__/methods/axiosDelete.test.ts" name="src/__tests__/methods/axiosDelete.test.ts" time="0">
            <failure message="expect is not defined" type="ReferenceError">
ReferenceError: expect is not defined
 ❯ ../../node_modules/.pnpm/@testing-library+jest-dom@6.8.0/node_modules/@testing-library/jest-dom/dist/index.mjs:9:1
 ❯ ../../tests/setup/vitest.setup.ts:1:1
            </failure>
        </testcase>
    </testsuite>
    <testsuite name="packages/http-client/src/__tests__/methods/axiosGet.test.ts" timestamp="2025-09-06T16:08:30.331Z" hostname="c82ba9db4d53" tests="1" failures="1" errors="0" skipped="0" time="0">
        <testcase classname="packages/http-client/src/__tests__/methods/axiosGet.test.ts" name="src/__tests__/methods/axiosGet.test.ts" time="0">
            <failure message="expect is not defined" type="ReferenceError">
ReferenceError: expect is not defined
 ❯ ../../node_modules/.pnpm/@testing-library+jest-dom@6.8.0/node_modules/@testing-library/jest-dom/dist/index.mjs:9:1
 ❯ ../../tests/setup/vitest.setup.ts:1:1
            </failure>
        </testcase>
    </testsuite>
    <testsuite name="packages/http-client/src/__tests__/methods/axiosPost.test.ts" timestamp="2025-09-06T16:08:30.332Z" hostname="c82ba9db4d53" tests="1" failures="1" errors="0" skipped="0" time="0">
        <testcase classname="packages/http-client/src/__tests__/methods/axiosPost.test.ts" name="src/__tests__/methods/axiosPost.test.ts" time="0">
            <failure message="expect is not defined" type="ReferenceError">
ReferenceError: expect is not defined
 ❯ ../../node_modules/.pnpm/@testing-library+jest-dom@6.8.0/node_modules/@testing-library/jest-dom/dist/index.mjs:9:1
 ❯ ../../tests/setup/vitest.setup.ts:1:1
            </failure>
        </testcase>
    </testsuite>
    <testsuite name="packages/http-client/src/__tests__/methods/axiosPut.test.ts" timestamp="2025-09-06T16:08:30.333Z" hostname="c82ba9db4d53" tests="1" failures="1" errors="0" skipped="0" time="0">
        <testcase classname="packages/http-client/src/__tests__/methods/axiosPut.test.ts" name="src/__tests__/methods/axiosPut.test.ts" time="0">
            <failure message="expect is not defined" type="ReferenceError">
ReferenceError: expect is not defined
 ❯ ../../node_modules/.pnpm/@testing-library+jest-dom@6.8.0/node_modules/@testing-library/jest-dom/dist/index.mjs:9:1
 ❯ ../../tests/setup/vitest.setup.ts:1:1
            </failure>
        </testcase>
    </testsuite>
    <testsuite name="packages/shared-utils/src/__tests__/array/filterUnique.test.ts" timestamp="2025-09-06T16:08:30.334Z" hostname="c82ba9db4d53" tests="14" failures="0" errors="0" skipped="0" time="0.022694511">
        <testcase classname="packages/shared-utils/src/__tests__/array/filterUnique.test.ts" name="filterUnique &gt; basic functionality &gt; should filter out duplicate strings" time="0.003964947">
        </testcase>
        <testcase classname="packages/shared-utils/src/__tests__/array/filterUnique.test.ts" name="filterUnique &gt; basic functionality &gt; should filter out duplicate numbers" time="0.000572878">
        </testcase>
        <testcase classname="packages/shared-utils/src/__tests__/array/filterUnique.test.ts" name="filterUnique &gt; basic functionality &gt; should handle empty array" time="0.000631419">
        </testcase>
        <testcase classname="packages/shared-utils/src/__tests__/array/filterUnique.test.ts" name="filterUnique &gt; basic functionality &gt; should handle array with no duplicates" time="0.000670669">
        </testcase>
        <testcase classname="packages/shared-utils/src/__tests__/array/filterUnique.test.ts" name="filterUnique &gt; edge cases &gt; should handle single element array" time="0.000453146">
        </testcase>
        <testcase classname="packages/shared-utils/src/__tests__/array/filterUnique.test.ts" name="filterUnique &gt; edge cases &gt; should handle array with all same elements" time="0.000306665">
        </testcase>
        <testcase classname="packages/shared-utils/src/__tests__/array/filterUnique.test.ts" name="filterUnique &gt; edge cases &gt; should handle null and undefined values" time="0.000367365">
        </testcase>
        <testcase classname="packages/shared-utils/src/__tests__/array/filterUnique.test.ts" name="filterUnique &gt; edge cases &gt; should handle mixed data types" time="0.000518298">
        </testcase>
        <testcase classname="packages/shared-utils/src/__tests__/array/filterUnique.test.ts" name="filterUnique &gt; object references &gt; should compare object references, not values" time="0.002324073">
        </testcase>
        <testcase classname="packages/shared-utils/src/__tests__/array/filterUnique.test.ts" name="filterUnique &gt; object references &gt; should handle array of objects with same reference" time="0.000925534">
        </testcase>
        <testcase classname="packages/shared-utils/src/__tests__/array/filterUnique.test.ts" name="filterUnique &gt; performance considerations &gt; should handle large arrays efficiently" time="0.006049386">
        </testcase>
        <testcase classname="packages/shared-utils/src/__tests__/array/filterUnique.test.ts" name="filterUnique &gt; performance considerations &gt; should maintain original order of first occurrences" time="0.000533518">
        </testcase>
        <testcase classname="packages/shared-utils/src/__tests__/array/filterUnique.test.ts" name="filterUnique &gt; function signature verification &gt; should be compatible with Array.prototype.filter" time="0.000327674">
        </testcase>
        <testcase classname="packages/shared-utils/src/__tests__/array/filterUnique.test.ts" name="filterUnique &gt; function signature verification &gt; should receive correct parameters from filter" time="0.001559222">
        </testcase>
    </testsuite>
    <testsuite name="packages/shared-utils/src/__tests__/utils/getAPIUrl.test.ts" timestamp="2025-09-06T16:08:30.337Z" hostname="c82ba9db4d53" tests="34" failures="4" errors="0" skipped="0" time="0.094776902">
        <testcase classname="packages/shared-utils/src/__tests__/utils/getAPIUrl.test.ts" name="getAPIUrl &gt; basic functionality &gt; should construct API URL with protocol, host and path" time="0.003127164">
        </testcase>
        <testcase classname="packages/shared-utils/src/__tests__/utils/getAPIUrl.test.ts" name="getAPIUrl &gt; basic functionality &gt; should work with HTTPS URLs" time="0.000500477">
        </testcase>
        <testcase classname="packages/shared-utils/src/__tests__/utils/getAPIUrl.test.ts" name="getAPIUrl &gt; basic functionality &gt; should handle paths with query parameters" time="0.000520088">
        </testcase>
        <testcase classname="packages/shared-utils/src/__tests__/utils/getAPIUrl.test.ts" name="getAPIUrl &gt; basic functionality &gt; should handle root path" time="0.000507477">
        </testcase>
        <testcase classname="packages/shared-utils/src/__tests__/utils/getAPIUrl.test.ts" name="getAPIUrl &gt; port validation &gt; should throw error when port is missing" time="0.001898976">
        </testcase>
        <testcase classname="packages/shared-utils/src/__tests__/utils/getAPIUrl.test.ts" name="getAPIUrl &gt; port validation &gt; should throw error when URL has no port in hostname only format" time="0.000589328">
        </testcase>
        <testcase classname="packages/shared-utils/src/__tests__/utils/getAPIUrl.test.ts" name="getAPIUrl &gt; port validation &gt; should work with explicit port numbers" time="0.022370097">
            <failure message="The link to the Roon extension seems invalid. The port number might be missing" type="Error">
Error: The link to the Roon extension seems invalid. The port number might be missing
 ❯ getAPIUrl src/utils/getAPIUrl.ts:5:15
 ❯ src/__tests__/utils/getAPIUrl.test.ts:43:32
 ❯ src/__tests__/utils/getAPIUrl.test.ts:42:19
            </failure>
        </testcase>
        <testcase classname="packages/shared-utils/src/__tests__/utils/getAPIUrl.test.ts" name="getAPIUrl &gt; port validation &gt; should work with default HTTPS port" time="0.001615183">
            <failure message="The link to the Roon extension seems invalid. The port number might be missing" type="Error">
Error: The link to the Roon extension seems invalid. The port number might be missing
 ❯ getAPIUrl src/utils/getAPIUrl.ts:5:15
 ❯ src/__tests__/utils/getAPIUrl.test.ts:49:28
            </failure>
        </testcase>
        <testcase classname="packages/shared-utils/src/__tests__/utils/getAPIUrl.test.ts" name="getAPIUrl &gt; port validation &gt; should work with default HTTP port" time="0.001180047">
            <failure message="The link to the Roon extension seems invalid. The port number might be missing" type="Error">
Error: The link to the Roon extension seems invalid. The port number might be missing
 ❯ getAPIUrl src/utils/getAPIUrl.ts:5:15
 ❯ src/__tests__/utils/getAPIUrl.test.ts:54:28
            </failure>
        </testcase>
        <testcase classname="packages/shared-utils/src/__tests__/utils/getAPIUrl.test.ts" name="getAPIUrl &gt; URL parsing &gt; should handle complex hostnames" time="0.001227097">
        </testcase>
        <testcase classname="packages/shared-utils/src/__tests__/utils/getAPIUrl.test.ts" name="getAPIUrl &gt; URL parsing &gt; should preserve protocol from original URL" time="0.000483796">
        </testcase>
        <testcase classname="packages/shared-utils/src/__tests__/utils/getAPIUrl.test.ts" name="getAPIUrl &gt; URL parsing &gt; should handle URLs with existing paths that get replaced" time="0.000317264">
        </testcase>
        <testcase classname="packages/shared-utils/src/__tests__/utils/getAPIUrl.test.ts" name="getAPIUrl &gt; URL parsing &gt; should handle URLs with query parameters that get replaced" time="0.000614808">
        </testcase>
        <testcase classname="packages/shared-utils/src/__tests__/utils/getAPIUrl.test.ts" name="getAPIUrl &gt; URL parsing &gt; should handle URLs with fragments that get replaced" time="0.000416066">
        </testcase>
        <testcase classname="packages/shared-utils/src/__tests__/utils/getAPIUrl.test.ts" name="getAPIUrl &gt; path handling &gt; should handle paths starting with slash" time="0.000362935">
        </testcase>
        <testcase classname="packages/shared-utils/src/__tests__/utils/getAPIUrl.test.ts" name="getAPIUrl &gt; path handling &gt; should handle paths not starting with slash" time="0.000450406">
        </testcase>
        <testcase classname="packages/shared-utils/src/__tests__/utils/getAPIUrl.test.ts" name="getAPIUrl &gt; path handling &gt; should handle empty paths" time="0.000436466">
        </testcase>
        <testcase classname="packages/shared-utils/src/__tests__/utils/getAPIUrl.test.ts" name="getAPIUrl &gt; path handling &gt; should handle complex paths" time="0.001021345">
        </testcase>
        <testcase classname="packages/shared-utils/src/__tests__/utils/getAPIUrl.test.ts" name="getAPIUrl &gt; path handling &gt; should handle paths with special characters" time="0.000595729">
        </testcase>
        <testcase classname="packages/shared-utils/src/__tests__/utils/getAPIUrl.test.ts" name="getAPIUrl &gt; error handling &gt; should throw specific error message about Roon extension" time="0.000608528">
        </testcase>
        <testcase classname="packages/shared-utils/src/__tests__/utils/getAPIUrl.test.ts" name="getAPIUrl &gt; error handling &gt; should handle malformed URLs gracefully" time="0.000563758">
        </testcase>
        <testcase classname="packages/shared-utils/src/__tests__/utils/getAPIUrl.test.ts" name="getAPIUrl &gt; error handling &gt; should handle invalid protocols" time="0.00066874">
        </testcase>
        <testcase classname="packages/shared-utils/src/__tests__/utils/getAPIUrl.test.ts" name="getAPIUrl &gt; real-world usage patterns &gt; should work with typical Plex server configurations" time="0.001241737">
        </testcase>
        <testcase classname="packages/shared-utils/src/__tests__/utils/getAPIUrl.test.ts" name="getAPIUrl &gt; real-world usage patterns &gt; should work with Plex API endpoints" time="0.000878232">
        </testcase>
        <testcase classname="packages/shared-utils/src/__tests__/utils/getAPIUrl.test.ts" name="getAPIUrl &gt; real-world usage patterns &gt; should handle dynamic port assignments" time="0.000660509">
        </testcase>
        <testcase classname="packages/shared-utils/src/__tests__/utils/getAPIUrl.test.ts" name="getAPIUrl &gt; URL component preservation &gt; should preserve protocol exactly" time="0.019923832">
        </testcase>
        <testcase classname="packages/shared-utils/src/__tests__/utils/getAPIUrl.test.ts" name="getAPIUrl &gt; URL component preservation &gt; should preserve hostname exactly" time="0.00071191">
        </testcase>
        <testcase classname="packages/shared-utils/src/__tests__/utils/getAPIUrl.test.ts" name="getAPIUrl &gt; URL component preservation &gt; should preserve port exactly" time="0.001096516">
            <failure message="The link to the Roon extension seems invalid. The port number might be missing" type="Error">
Error: The link to the Roon extension seems invalid. The port number might be missing
 ❯ getAPIUrl src/utils/getAPIUrl.ts:5:15
 ❯ src/__tests__/utils/getAPIUrl.test.ts:232:32
 ❯ src/__tests__/utils/getAPIUrl.test.ts:231:19
            </failure>
        </testcase>
        <testcase classname="packages/shared-utils/src/__tests__/utils/getAPIUrl.test.ts" name="getAPIUrl &gt; edge cases &gt; should handle very long paths" time="0.000314885">
        </testcase>
        <testcase classname="packages/shared-utils/src/__tests__/utils/getAPIUrl.test.ts" name="getAPIUrl &gt; edge cases &gt; should handle paths with Unicode characters" time="0.000237293">
        </testcase>
        <testcase classname="packages/shared-utils/src/__tests__/utils/getAPIUrl.test.ts" name="getAPIUrl &gt; edge cases &gt; should handle IPv6 addresses with ports" time="0.000231504">
        </testcase>
        <testcase classname="packages/shared-utils/src/__tests__/utils/getAPIUrl.test.ts" name="getAPIUrl &gt; edge cases &gt; should handle unusual but valid port numbers" time="0.000443546">
        </testcase>
        <testcase classname="packages/shared-utils/src/__tests__/utils/getAPIUrl.test.ts" name="getAPIUrl &gt; performance &gt; should handle many URL constructions efficiently" time="0.003444669">
        </testcase>
        <testcase classname="packages/shared-utils/src/__tests__/utils/getAPIUrl.test.ts" name="getAPIUrl &gt; performance &gt; should handle complex URLs efficiently" time="0.020568892">
        </testcase>
    </testsuite>
    <testsuite name="packages/shared-utils/src/__tests__/validation/validateExpression.test.ts" timestamp="2025-09-06T16:08:30.346Z" hostname="c82ba9db4d53" tests="39" failures="2" errors="0" skipped="0" time="0.143145977">
        <testcase classname="packages/shared-utils/src/__tests__/validation/validateExpression.test.ts" name="validateExpression &gt; basic validation &gt; should return valid: false for empty expression" time="0.005320755">
        </testcase>
        <testcase classname="packages/shared-utils/src/__tests__/validation/validateExpression.test.ts" name="validateExpression &gt; basic validation &gt; should return valid: false for whitespace-only expression" time="0.001004164">
        </testcase>
        <testcase classname="packages/shared-utils/src/__tests__/validation/validateExpression.test.ts" name="validateExpression &gt; basic validation &gt; should return valid: true for single valid field" time="0.020387869">
        </testcase>
        <testcase classname="packages/shared-utils/src/__tests__/validation/validateExpression.test.ts" name="validateExpression &gt; basic validation &gt; should return valid: true for field with operation" time="0.001704594">
        </testcase>
        <testcase classname="packages/shared-utils/src/__tests__/validation/validateExpression.test.ts" name="validateExpression &gt; field validation &gt; should accept all valid fields as standalone" time="0.003005262">
        </testcase>
[...]
        <testcase classname="apps/web/__tests__/api/plex-connection.test.ts" name="__tests__/api/plex-connection.test.ts" time="0">
            <failure message="Cannot find module &apos;/var/tmp/vibe-kanban/worktrees/vk-b25b-create-tes/apps/web/tests/setup/vitest.setup.ts&apos;" type="Error">
Error: Cannot find module &apos;/var/tmp/vibe-kanban/worktrees/vk-b25b-create-tes/apps/web/tests/setup/vitest.setup.ts&apos;
⎯⎯⎯⎯⎯⎯⎯⎯⎯⎯⎯⎯⎯⎯⎯⎯⎯⎯⎯⎯⎯⎯⎯⎯⎯⎯⎯⎯⎯⎯
Serialized Error: { code: &apos;ERR_MODULE_NOT_FOUND&apos; }
Caused by: Error: Failed to load url /var/tmp/vibe-kanban/worktrees/vk-b25b-create-tes/apps/web/tests/setup/vitest.setup.ts (resolved id: /var/tmp/vibe-kanban/worktrees/vk-b25b-create-tes/apps/web/tests/setup/vitest.setup.ts). Does the file exist?
 ❯ loadAndTransform ../../node_modules/.pnpm/vite@7.1.4_@types+node@20.19.11_sass@1.90.0/node_modules/vite/dist/node/chunks/dep-C6pp_iVS.js:26400:33
            </failure>
        </testcase>
    </testsuite>
    <testsuite name="apps/web/__tests__/api/plex-tracks.test.ts" timestamp="2025-09-06T16:08:30.384Z" hostname="c82ba9db4d53" tests="1" failures="1" errors="0" skipped="0" time="0">
        <testcase classname="apps/web/__tests__/api/plex-tracks.test.ts" name="__tests__/api/plex-tracks.test.ts" time="0">
            <failure message="Cannot find module &apos;/var/tmp/vibe-kanban/worktrees/vk-b25b-create-tes/apps/web/tests/setup/vitest.setup.ts&apos;" type="Error">
Error: Cannot find module &apos;/var/tmp/vibe-kanban/worktrees/vk-b25b-create-tes/apps/web/tests/setup/vitest.setup.ts&apos;
⎯⎯⎯⎯⎯⎯⎯⎯⎯⎯⎯⎯⎯⎯⎯⎯⎯⎯⎯⎯⎯⎯⎯⎯⎯⎯⎯⎯⎯⎯
Serialized Error: { code: &apos;ERR_MODULE_NOT_FOUND&apos; }
Caused by: Error: Failed to load url /var/tmp/vibe-kanban/worktrees/vk-b25b-create-tes/apps/web/tests/setup/vitest.setup.ts (resolved id: /var/tmp/vibe-kanban/worktrees/vk-b25b-create-tes/apps/web/tests/setup/vitest.setup.ts). Does the file exist?
 ❯ loadAndTransform ../../node_modules/.pnpm/vite@7.1.4_@types+node@20.19.11_sass@1.90.0/node_modules/vite/dist/node/chunks/dep-C6pp_iVS.js:26400:33
            </failure>
        </testcase>
    </testsuite>
    <testsuite name="apps/web/__tests__/api/settings-create.test.ts" timestamp="2025-09-06T16:08:30.385Z" hostname="c82ba9db4d53" tests="1" failures="1" errors="0" skipped="0" time="0">
        <testcase classname="apps/web/__tests__/api/settings-create.test.ts" name="__tests__/api/settings-create.test.ts" time="0">
            <failure message="Cannot find module &apos;/var/tmp/vibe-kanban/worktrees/vk-b25b-create-tes/apps/web/tests/setup/vitest.setup.ts&apos;" type="Error">
Error: Cannot find module &apos;/var/tmp/vibe-kanban/worktrees/vk-b25b-create-tes/apps/web/tests/setup/vitest.setup.ts&apos;
⎯⎯⎯⎯⎯⎯⎯⎯⎯⎯⎯⎯⎯⎯⎯⎯⎯⎯⎯⎯⎯⎯⎯⎯⎯⎯⎯⎯⎯⎯
Serialized Error: { code: &apos;ERR_MODULE_NOT_FOUND&apos; }
Caused by: Error: Failed to load url /var/tmp/vibe-kanban/worktrees/vk-b25b-create-tes/apps/web/tests/setup/vitest.setup.ts (resolved id: /var/tmp/vibe-kanban/worktrees/vk-b25b-create-tes/apps/web/tests/setup/vitest.setup.ts). Does the file exist?
 ❯ loadAndTransform ../../node_modules/.pnpm/vite@7.1.4_@types+node@20.19.11_sass@1.90.0/node_modules/vite/dist/node/chunks/dep-C6pp_iVS.js:26400:33
            </failure>
        </testcase>
    </testsuite>
    <testsuite name="apps/web/__tests__/api/settings.test.ts" timestamp="2025-09-06T16:08:30.387Z" hostname="c82ba9db4d53" tests="1" failures="1" errors="0" skipped="0" time="0">
        <testcase classname="apps/web/__tests__/api/settings.test.ts" name="__tests__/api/settings.test.ts" time="0">
            <failure message="Cannot find module &apos;/var/tmp/vibe-kanban/worktrees/vk-b25b-create-tes/apps/web/tests/setup/vitest.setup.ts&apos;" type="Error">
Error: Cannot find module &apos;/var/tmp/vibe-kanban/worktrees/vk-b25b-create-tes/apps/web/tests/setup/vitest.setup.ts&apos;
⎯⎯⎯⎯⎯⎯⎯⎯⎯⎯⎯⎯⎯⎯⎯⎯⎯⎯⎯⎯⎯⎯⎯⎯⎯⎯⎯⎯⎯⎯
Serialized Error: { code: &apos;ERR_MODULE_NOT_FOUND&apos; }
Caused by: Error: Failed to load url /var/tmp/vibe-kanban/worktrees/vk-b25b-create-tes/apps/web/tests/setup/vitest.setup.ts (resolved id: /var/tmp/vibe-kanban/worktrees/vk-b25b-create-tes/apps/web/tests/setup/vitest.setup.ts). Does the file exist?
 ❯ loadAndTransform ../../node_modules/.pnpm/vite@7.1.4_@types+node@20.19.11_sass@1.90.0/node_modules/vite/dist/node/chunks/dep-C6pp_iVS.js:26400:33
            </failure>
        </testcase>
    </testsuite>
    <testsuite name="apps/web/__tests__/api/spotify-auth.test.ts" timestamp="2025-09-06T16:08:30.388Z" hostname="c82ba9db4d53" tests="1" failures="1" errors="0" skipped="0" time="0">
        <testcase classname="apps/web/__tests__/api/spotify-auth.test.ts" name="__tests__/api/spotify-auth.test.ts" time="0">
            <failure message="Cannot find module &apos;/var/tmp/vibe-kanban/worktrees/vk-b25b-create-tes/apps/web/tests/setup/vitest.setup.ts&apos;" type="Error">
Error: Cannot find module &apos;/var/tmp/vibe-kanban/worktrees/vk-b25b-create-tes/apps/web/tests/setup/vitest.setup.ts&apos;
⎯⎯⎯⎯⎯⎯⎯⎯⎯⎯⎯⎯⎯⎯⎯⎯⎯⎯⎯⎯⎯⎯⎯⎯⎯⎯⎯⎯⎯⎯
Serialized Error: { code: &apos;ERR_MODULE_NOT_FOUND&apos; }
Caused by: Error: Failed to load url /var/tmp/vibe-kanban/worktrees/vk-b25b-create-tes/apps/web/tests/setup/vitest.setup.ts (resolved id: /var/tmp/vibe-kanban/worktrees/vk-b25b-create-tes/apps/web/tests/setup/vitest.setup.ts). Does the file exist?
 ❯ loadAndTransform ../../node_modules/.pnpm/vite@7.1.4_@types+node@20.19.11_sass@1.90.0/node_modules/vite/dist/node/chunks/dep-C6pp_iVS.js:26400:33
            </failure>
        </testcase>
    </testsuite>
    <testsuite name="apps/web/__tests__/api/spotify-data-playlists.test.ts" timestamp="2025-09-06T16:08:30.389Z" hostname="c82ba9db4d53" tests="1" failures="1" errors="0" skipped="0" time="0">
        <testcase classname="apps/web/__tests__/api/spotify-data-playlists.test.ts" name="__tests__/api/spotify-data-playlists.test.ts" time="0">
            <failure message="Cannot find module &apos;/var/tmp/vibe-kanban/worktrees/vk-b25b-create-tes/apps/web/tests/setup/vitest.setup.ts&apos;" type="Error">
Error: Cannot find module &apos;/var/tmp/vibe-kanban/worktrees/vk-b25b-create-tes/apps/web/tests/setup/vitest.setup.ts&apos;
⎯⎯⎯⎯⎯⎯⎯⎯⎯⎯⎯⎯⎯⎯⎯⎯⎯⎯⎯⎯⎯⎯⎯⎯⎯⎯⎯⎯⎯⎯
Serialized Error: { code: &apos;ERR_MODULE_NOT_FOUND&apos; }
Caused by: Error: Failed to load url /var/tmp/vibe-kanban/worktrees/vk-b25b-create-tes/apps/web/tests/setup/vitest.setup.ts (resolved id: /var/tmp/vibe-kanban/worktrees/vk-b25b-create-tes/apps/web/tests/setup/vitest.setup.ts). Does the file exist?
 ❯ loadAndTransform ../../node_modules/.pnpm/vite@7.1.4_@types+node@20.19.11_sass@1.90.0/node_modules/vite/dist/node/chunks/dep-C6pp_iVS.js:26400:33
            </failure>
        </testcase>
    </testsuite>
    <testsuite name="apps/web/__tests__/api/spotify-data.test.ts" timestamp="2025-09-06T16:08:30.391Z" hostname="c82ba9db4d53" tests="1" failures="1" errors="0" skipped="0" time="0">
        <testcase classname="apps/web/__tests__/api/spotify-data.test.ts" name="__tests__/api/spotify-data.test.ts" time="0">
            <failure message="Cannot find module &apos;/var/tmp/vibe-kanban/worktrees/vk-b25b-create-tes/apps/web/tests/setup/vitest.setup.ts&apos;" type="Error">
Error: Cannot find module &apos;/var/tmp/vibe-kanban/worktrees/vk-b25b-create-tes/apps/web/tests/setup/vitest.setup.ts&apos;
⎯⎯⎯⎯⎯⎯⎯⎯⎯⎯⎯⎯⎯⎯⎯⎯⎯⎯⎯⎯⎯⎯⎯⎯⎯⎯⎯⎯⎯⎯
Serialized Error: { code: &apos;ERR_MODULE_NOT_FOUND&apos; }
Caused by: Error: Failed to load url /var/tmp/vibe-kanban/worktrees/vk-b25b-create-tes/apps/web/tests/setup/vitest.setup.ts (resolved id: /var/tmp/vibe-kanban/worktrees/vk-b25b-create-tes/apps/web/tests/setup/vitest.setup.ts). Does the file exist?
 ❯ loadAndTransform ../../node_modules/.pnpm/vite@7.1.4_@types+node@20.19.11_sass@1.90.0/node_modules/vite/dist/node/chunks/dep-C6pp_iVS.js:26400:33
            </failure>
        </testcase>
    </testsuite>
    <testsuite name="apps/web/__tests__/api/sync-operations.test.ts" timestamp="2025-09-06T16:08:30.392Z" hostname="c82ba9db4d53" tests="1" failures="1" errors="0" skipped="0" time="0">
        <testcase classname="apps/web/__tests__/api/sync-operations.test.ts" name="__tests__/api/sync-operations.test.ts" time="0">
            <failure message="Cannot find module &apos;/var/tmp/vibe-kanban/worktrees/vk-b25b-create-tes/apps/web/tests/setup/vitest.setup.ts&apos;" type="Error">
Error: Cannot find module &apos;/var/tmp/vibe-kanban/worktrees/vk-b25b-create-tes/apps/web/tests/setup/vitest.setup.ts&apos;
⎯⎯⎯⎯⎯⎯⎯⎯⎯⎯⎯⎯⎯⎯⎯⎯⎯⎯⎯⎯⎯⎯⎯⎯⎯⎯⎯⎯⎯⎯
Serialized Error: { code: &apos;ERR_MODULE_NOT_FOUND&apos; }
Caused by: Error: Failed to load url /var/tmp/vibe-kanban/worktrees/vk-b25b-create-tes/apps/web/tests/setup/vitest.setup.ts (resolved id: /var/tmp/vibe-kanban/worktrees/vk-b25b-create-tes/apps/web/tests/setup/vitest.setup.ts). Does the file exist?
 ❯ loadAndTransform ../../node_modules/.pnpm/vite@7.1.4_@types+node@20.19.11_sass@1.90.0/node_modules/vite/dist/node/chunks/dep-C6pp_iVS.js:26400:33
            </failure>
        </testcase>
    </testsuite>
    <testsuite name="apps/web/__tests__/hooks/useDualModeEditor.test.ts" timestamp="2025-09-06T16:08:30.393Z" hostname="c82ba9db4d53" tests="1" failures="1" errors="0" skipped="0" time="0">
        <testcase classname="apps/web/__tests__/hooks/useDualModeEditor.test.ts" name="__tests__/hooks/useDualModeEditor.test.ts" time="0">
            <failure message="Cannot find module &apos;/var/tmp/vibe-kanban/worktrees/vk-b25b-create-tes/apps/web/tests/setup/vitest.setup.ts&apos;" type="Error">
Error: Cannot find module &apos;/var/tmp/vibe-kanban/worktrees/vk-b25b-create-tes/apps/web/tests/setup/vitest.setup.ts&apos;
⎯⎯⎯⎯⎯⎯⎯⎯⎯⎯⎯⎯⎯⎯⎯⎯⎯⎯⎯⎯⎯⎯⎯⎯⎯⎯⎯⎯⎯⎯
Serialized Error: { code: &apos;ERR_MODULE_NOT_FOUND&apos; }
Caused by: Error: Failed to load url /var/tmp/vibe-kanban/worktrees/vk-b25b-create-tes/apps/web/tests/setup/vitest.setup.ts (resolved id: /var/tmp/vibe-kanban/worktrees/vk-b25b-create-tes/apps/web/tests/setup/vitest.setup.ts). Does the file exist?
 ❯ loadAndTransform ../../node_modules/.pnpm/vite@7.1.4_@types+node@20.19.11_sass@1.90.0/node_modules/vite/dist/node/chunks/dep-C6pp_iVS.js:26400:33
            </failure>
        </testcase>
    </testsuite>
    <testsuite name="apps/web/__tests__/pages/index.test.tsx" timestamp="2025-09-06T16:08:30.394Z" hostname="c82ba9db4d53" tests="1" failures="1" errors="0" skipped="0" time="0">
        <testcase classname="apps/web/__tests__/pages/index.test.tsx" name="__tests__/pages/index.test.tsx" time="0">
            <failure message="Cannot find module &apos;/var/tmp/vibe-kanban/worktrees/vk-b25b-create-tes/apps/web/tests/setup/vitest.setup.ts&apos;" type="Error">
Error: Cannot find module &apos;/var/tmp/vibe-kanban/worktrees/vk-b25b-create-tes/apps/web/tests/setup/vitest.setup.ts&apos;
⎯⎯⎯⎯⎯⎯⎯⎯⎯⎯⎯⎯⎯⎯⎯⎯⎯⎯⎯⎯⎯⎯⎯⎯⎯⎯⎯⎯⎯⎯
Serialized Error: { code: &apos;ERR_MODULE_NOT_FOUND&apos; }
Caused by: Error: Failed to load url /var/tmp/vibe-kanban/worktrees/vk-b25b-create-tes/apps/web/tests/setup/vitest.setup.ts (resolved id: /var/tmp/vibe-kanban/worktrees/vk-b25b-create-tes/apps/web/tests/setup/vitest.setup.ts). Does the file exist?
 ❯ loadAndTransform ../../node_modules/.pnpm/vite@7.1.4_@types+node@20.19.11_sass@1.90.0/node_modules/vite/dist/node/chunks/dep-C6pp_iVS.js:26400:33
            </failure>
        </testcase>
    </testsuite>
    <testsuite name="apps/web/__tests__/components/ConfirmProvider/ConfirmProvider.test.tsx" timestamp="2025-09-06T16:08:30.396Z" hostname="c82ba9db4d53" tests="1" failures="1" errors="0" skipped="0" time="0">
        <testcase classname="apps/web/__tests__/components/ConfirmProvider/ConfirmProvider.test.tsx" name="__tests__/components/ConfirmProvider/ConfirmProvider.test.tsx" time="0">
            <failure message="Cannot find module &apos;/var/tmp/vibe-kanban/worktrees/vk-b25b-create-tes/apps/web/tests/setup/vitest.setup.ts&apos;" type="Error">
Error: Cannot find module &apos;/var/tmp/vibe-kanban/worktrees/vk-b25b-create-tes/apps/web/tests/setup/vitest.setup.ts&apos;
⎯⎯⎯⎯⎯⎯⎯⎯⎯⎯⎯⎯⎯⎯⎯⎯⎯⎯⎯⎯⎯⎯⎯⎯⎯⎯⎯⎯⎯⎯
Serialized Error: { code: &apos;ERR_MODULE_NOT_FOUND&apos; }
Caused by: Error: Failed to load url /var/tmp/vibe-kanban/worktrees/vk-b25b-create-tes/apps/web/tests/setup/vitest.setup.ts (resolved id: /var/tmp/vibe-kanban/worktrees/vk-b25b-create-tes/apps/web/tests/setup/vitest.setup.ts). Does the file exist?
 ❯ loadAndTransform ../../node_modules/.pnpm/vite@7.1.4_@types+node@20.19.11_sass@1.90.0/node_modules/vite/dist/node/chunks/dep-C6pp_iVS.js:26400:33
            </failure>
        </testcase>
    </testsuite>
    <testsuite name="apps/web/__tests__/components/CustomPaper/CustomPaper.test.tsx" timestamp="2025-09-06T16:08:30.397Z" hostname="c82ba9db4d53" tests="1" failures="1" errors="0" skipped="0" time="0">
        <testcase classname="apps/web/__tests__/components/CustomPaper/CustomPaper.test.tsx" name="__tests__/components/CustomPaper/CustomPaper.test.tsx" time="0">
            <failure message="Cannot find module &apos;/var/tmp/vibe-kanban/worktrees/vk-b25b-create-tes/apps/web/tests/setup/vitest.setup.ts&apos;" type="Error">
Error: Cannot find module &apos;/var/tmp/vibe-kanban/worktrees/vk-b25b-create-tes/apps/web/tests/setup/vitest.setup.ts&apos;
⎯⎯⎯⎯⎯⎯⎯⎯⎯⎯⎯⎯⎯⎯⎯⎯⎯⎯⎯⎯⎯⎯⎯⎯⎯⎯⎯⎯⎯⎯
Serialized Error: { code: &apos;ERR_MODULE_NOT_FOUND&apos; }
Caused by: Error: Failed to load url /var/tmp/vibe-kanban/worktrees/vk-b25b-create-tes/apps/web/tests/setup/vitest.setup.ts (resolved id: /var/tmp/vibe-kanban/worktrees/vk-b25b-create-tes/apps/web/tests/setup/vitest.setup.ts). Does the file exist?
 ❯ loadAndTransform ../../node_modules/.pnpm/vite@7.1.4_@types+node@20.19.11_sass@1.90.0/node_modules/vite/dist/node/chunks/dep-C6pp_iVS.js:26400:33
            </failure>
        </testcase>
    </testsuite>
    <testsuite name="apps/web/__tests__/components/EditorHeader/EditorHeader.test.tsx" timestamp="2025-09-06T16:08:30.398Z" hostname="c82ba9db4d53" tests="1" failures="1" errors="0" skipped="0" time="0">
        <testcase classname="apps/web/__tests__/components/EditorHeader/EditorHeader.test.tsx" name="__tests__/components/EditorHeader/EditorHeader.test.tsx" time="0">
            <failure message="Cannot find module &apos;/var/tmp/vibe-kanban/worktrees/vk-b25b-create-tes/apps/web/tests/setup/vitest.setup.ts&apos;" type="Error">
Error: Cannot find module &apos;/var/tmp/vibe-kanban/worktrees/vk-b25b-create-tes/apps/web/tests/setup/vitest.setup.ts&apos;
⎯⎯⎯⎯⎯⎯⎯⎯⎯⎯⎯⎯⎯⎯⎯⎯⎯⎯⎯⎯⎯⎯⎯⎯⎯⎯⎯⎯⎯⎯
Serialized Error: { code: &apos;ERR_MODULE_NOT_FOUND&apos; }
Caused by: Error: Failed to load url /var/tmp/vibe-kanban/worktrees/vk-b25b-create-tes/apps/web/tests/setup/vitest.setup.ts (resolved id: /var/tmp/vibe-kanban/worktrees/vk-b25b-create-tes/apps/web/tests/setup/vitest.setup.ts). Does the file exist?
 ❯ loadAndTransform ../../node_modules/.pnpm/vite@7.1.4_@types+node@20.19.11_sass@1.90.0/node_modules/vite/dist/node/chunks/dep-C6pp_iVS.js:26400:33
            </failure>
        </testcase>
    </testsuite>
    <testsuite name="apps/web/__tests__/components/EnhancedMonacoJsonEditor/EnhancedMonacoJsonEditor.test.tsx" timestamp="2025-09-06T16:08:30.399Z" hostname="c82ba9db4d53" tests="1" failures="1" errors="0" skipped="0" time="0">
        <testcase classname="apps/web/__tests__/components/EnhancedMonacoJsonEditor/EnhancedMonacoJsonEditor.test.tsx" name="__tests__/components/EnhancedMonacoJsonEditor/EnhancedMonacoJsonEditor.test.tsx" time="0">
            <failure message="Cannot find module &apos;/var/tmp/vibe-kanban/worktrees/vk-b25b-create-tes/apps/web/tests/setup/vitest.setup.ts&apos;" type="Error">
Error: Cannot find module &apos;/var/tmp/vibe-kanban/worktrees/vk-b25b-create-tes/apps/web/tests/setup/vitest.setup.ts&apos;
⎯⎯⎯⎯⎯⎯⎯⎯⎯⎯⎯⎯⎯⎯⎯⎯⎯⎯⎯⎯⎯⎯⎯⎯⎯⎯⎯⎯⎯⎯
Serialized Error: { code: &apos;ERR_MODULE_NOT_FOUND&apos; }
Caused by: Error: Failed to load url /var/tmp/vibe-kanban/worktrees/vk-b25b-create-tes/apps/web/tests/setup/vitest.setup.ts (resolved id: /var/tmp/vibe-kanban/worktrees/vk-b25b-create-tes/apps/web/tests/setup/vitest.setup.ts). Does the file exist?
 ❯ loadAndTransform ../../node_modules/.pnpm/vite@7.1.4_@types+node@20.19.11_sass@1.90.0/node_modules/vite/dist/node/chunks/dep-C6pp_iVS.js:26400:33
            </failure>
        </testcase>
    </testsuite>
    <testsuite name="apps/web/__tests__/components/ErrorProvider/ErrorProvider.test.tsx" timestamp="2025-09-06T16:08:30.401Z" hostname="c82ba9db4d53" tests="1" failures="1" errors="0" skipped="0" time="0">
        <testcase classname="apps/web/__tests__/components/ErrorProvider/ErrorProvider.test.tsx" name="__tests__/components/ErrorProvider/ErrorProvider.test.tsx" time="0">
            <failure message="Cannot find module &apos;/var/tmp/vibe-kanban/worktrees/vk-b25b-create-tes/apps/web/tests/setup/vitest.setup.ts&apos;" type="Error">
Error: Cannot find module &apos;/var/tmp/vibe-kanban/worktrees/vk-b25b-create-tes/apps/web/tests/setup/vitest.setup.ts&apos;
⎯⎯⎯⎯⎯⎯⎯⎯⎯⎯⎯⎯⎯⎯⎯⎯⎯⎯⎯⎯⎯⎯⎯⎯⎯⎯⎯⎯⎯⎯
Serialized Error: { code: &apos;ERR_MODULE_NOT_FOUND&apos; }
Caused by: Error: Failed to load url /var/tmp/vibe-kanban/worktrees/vk-b25b-create-tes/apps/web/tests/setup/vitest.setup.ts (resolved id: /var/tmp/vibe-kanban/worktrees/vk-b25b-create-tes/apps/web/tests/setup/vitest.setup.ts). Does the file exist?
 ❯ loadAndTransform ../../node_modules/.pnpm/vite@7.1.4_@types+node@20.19.11_sass@1.90.0/node_modules/vite/dist/node/chunks/dep-C6pp_iVS.js:26400:33
            </failure>
        </testcase>
    </testsuite>
    <testsuite name="apps/web/__tests__/components/MatchFilterEditor/MatchFilterEditor.test.tsx" timestamp="2025-09-06T16:08:30.402Z" hostname="c82ba9db4d53" tests="1" failures="1" errors="0" skipped="0" time="0">
        <testcase classname="apps/web/__tests__/components/MatchFilterEditor/MatchFilterEditor.test.tsx" name="__tests__/components/MatchFilterEditor/MatchFilterEditor.test.tsx" time="0">
            <failure message="Cannot find module &apos;/var/tmp/vibe-kanban/worktrees/vk-b25b-create-tes/apps/web/tests/setup/vitest.setup.ts&apos;" type="Error">
Error: Cannot find module &apos;/var/tmp/vibe-kanban/worktrees/vk-b25b-create-tes/apps/web/tests/setup/vitest.setup.ts&apos;
⎯⎯⎯⎯⎯⎯⎯⎯⎯⎯⎯⎯⎯⎯⎯⎯⎯⎯⎯⎯⎯⎯⎯⎯⎯⎯⎯⎯⎯⎯
Serialized Error: { code: &apos;ERR_MODULE_NOT_FOUND&apos; }
Caused by: Error: Failed to load url /var/tmp/vibe-kanban/worktrees/vk-b25b-create-tes/apps/web/tests/setup/vitest.setup.ts (resolved id: /var/tmp/vibe-kanban/worktrees/vk-b25b-create-tes/apps/web/tests/setup/vitest.setup.ts). Does the file exist?
 ❯ loadAndTransform ../../node_modules/.pnpm/vite@7.1.4_@types+node@20.19.11_sass@1.90.0/node_modules/vite/dist/node/chunks/dep-C6pp_iVS.js:26400:33
            </failure>
        </testcase>
    </testsuite>
    <testsuite name="apps/web/__tests__/components/PillEditor/PillEditor.test.tsx" timestamp="2025-09-06T16:08:30.403Z" hostname="c82ba9db4d53" tests="1" failures="1" errors="0" skipped="0" time="0">
        <testcase classname="apps/web/__tests__/components/PillEditor/PillEditor.test.tsx" name="__tests__/components/PillEditor/PillEditor.test.tsx" time="0">
            <failure message="Cannot find module &apos;/var/tmp/vibe-kanban/worktrees/vk-b25b-create-tes/apps/web/tests/setup/vitest.setup.ts&apos;" type="Error">
Error: Cannot find module &apos;/var/tmp/vibe-kanban/worktrees/vk-b25b-create-tes/apps/web/tests/setup/vitest.setup.ts&apos;
⎯⎯⎯⎯⎯⎯⎯⎯⎯⎯⎯⎯⎯⎯⎯⎯⎯⎯⎯⎯⎯⎯⎯⎯⎯⎯⎯⎯⎯⎯
Serialized Error: { code: &apos;ERR_MODULE_NOT_FOUND&apos; }
Caused by: Error: Failed to load url /var/tmp/vibe-kanban/worktrees/vk-b25b-create-tes/apps/web/tests/setup/vitest.setup.ts (resolved id: /var/tmp/vibe-kanban/worktrees/vk-b25b-create-tes/apps/web/tests/setup/vitest.setup.ts). Does the file exist?
 ❯ loadAndTransform ../../node_modules/.pnpm/vite@7.1.4_@types+node@20.19.11_sass@1.90.0/node_modules/vite/dist/node/chunks/dep-C6pp_iVS.js:26400:33
            </failure>
        </testcase>
    </testsuite>
</testsuites>
