<?xml version="1.0" encoding="UTF-8" ?>
<testsuites name="vitest tests" tests="475" failures="25" errors="0" time="16.766105939">
    <testsuite name="packages/http-client/src/__tests__/AxiosRequest.test.ts" timestamp="2025-09-06T20:37:10.830Z" hostname="c82ba9db4d53" tests="21" failures="0" errors="0" skipped="0" time="0.029985033">
        <testcase classname="packages/http-client/src/__tests__/AxiosRequest.test.ts" name="AxiosRequest &gt; structure &gt; should have all HTTP methods" time="0.004139382">
        </testcase>
        <testcase classname="packages/http-client/src/__tests__/AxiosRequest.test.ts" name="AxiosRequest &gt; structure &gt; should map to correct method functions" time="0.001163917">
        </testcase>
        <testcase classname="packages/http-client/src/__tests__/AxiosRequest.test.ts" name="AxiosRequest &gt; method delegation &gt; should delegate GET requests correctly" time="0.003594423">
        </testcase>
        <testcase classname="packages/http-client/src/__tests__/AxiosRequest.test.ts" name="AxiosRequest &gt; method delegation &gt; should delegate POST requests correctly" time="0.000769682">
        </testcase>
        <testcase classname="packages/http-client/src/__tests__/AxiosRequest.test.ts" name="AxiosRequest &gt; method delegation &gt; should delegate PUT requests correctly" time="0.000970054">
        </testcase>
        <testcase classname="packages/http-client/src/__tests__/AxiosRequest.test.ts" name="AxiosRequest &gt; method delegation &gt; should delegate DELETE requests correctly" time="0.000771741">
        </testcase>
        <testcase classname="packages/http-client/src/__tests__/AxiosRequest.test.ts" name="AxiosRequest &gt; error handling delegation &gt; should propagate GET errors" time="0.003233838">
        </testcase>
        <testcase classname="packages/http-client/src/__tests__/AxiosRequest.test.ts" name="AxiosRequest &gt; error handling delegation &gt; should propagate POST errors" time="0.00065017">
        </testcase>
        <testcase classname="packages/http-client/src/__tests__/AxiosRequest.test.ts" name="AxiosRequest &gt; error handling delegation &gt; should propagate PUT errors" time="0.001004874">
        </testcase>
        <testcase classname="packages/http-client/src/__tests__/AxiosRequest.test.ts" name="AxiosRequest &gt; error handling delegation &gt; should propagate DELETE errors" time="0.000842522">
        </testcase>
        <testcase classname="packages/http-client/src/__tests__/AxiosRequest.test.ts" name="AxiosRequest &gt; type safety &gt; should support generic type parameters for GET" time="0.000809772">
        </testcase>
        <testcase classname="packages/http-client/src/__tests__/AxiosRequest.test.ts" name="AxiosRequest &gt; type safety &gt; should support generic type parameters for POST" time="0.000498588">
        </testcase>
        <testcase classname="packages/http-client/src/__tests__/AxiosRequest.test.ts" name="AxiosRequest &gt; type safety &gt; should support generic type parameters for PUT" time="0.00071419">
        </testcase>
        <testcase classname="packages/http-client/src/__tests__/AxiosRequest.test.ts" name="AxiosRequest &gt; type safety &gt; should support generic type parameters for DELETE" time="0.000898223">
        </testcase>
        <testcase classname="packages/http-client/src/__tests__/AxiosRequest.test.ts" name="AxiosRequest &gt; usage patterns &gt; should support chaining and method calls" time="0.000756141">
        </testcase>
        <testcase classname="packages/http-client/src/__tests__/AxiosRequest.test.ts" name="AxiosRequest &gt; usage patterns &gt; should handle concurrent requests" time="0.001652465">
        </testcase>
        <testcase classname="packages/http-client/src/__tests__/AxiosRequest.test.ts" name="AxiosRequest &gt; interface consistency &gt; should provide consistent interface across all methods" time="0.000523278">
        </testcase>
        <testcase classname="packages/http-client/src/__tests__/AxiosRequest.test.ts" name="AxiosRequest &gt; interface consistency &gt; should maintain object structure" time="0.001501902">
        </testcase>
        <testcase classname="packages/http-client/src/__tests__/AxiosRequest.test.ts" name="AxiosRequest &gt; interface consistency &gt; should be extensible" time="0.000837762">
        </testcase>
        <testcase classname="packages/http-client/src/__tests__/AxiosRequest.test.ts" name="AxiosRequest &gt; module exports &gt; should be the default export of the module" time="0.000388495">
        </testcase>
        <testcase classname="packages/http-client/src/__tests__/AxiosRequest.test.ts" name="AxiosRequest &gt; module exports &gt; should not expose internal implementation details" time="0.000504697">
        </testcase>
    </testsuite>
    <testsuite name="packages/http-client/src/__tests__/methods/axiosDelete.test.ts" timestamp="2025-09-06T20:37:10.840Z" hostname="c82ba9db4d53" tests="24" failures="0" errors="0" skipped="0" time="0.046176363">
        <testcase classname="packages/http-client/src/__tests__/methods/axiosDelete.test.ts" name="axiosDelete &gt; basic functionality &gt; should make DELETE request with correct parameters" time="0.007969298">
        </testcase>
        <testcase classname="packages/http-client/src/__tests__/methods/axiosDelete.test.ts" name="axiosDelete &gt; basic functionality &gt; should use HTTPS agent with rejectUnauthorized: false" time="0.004445096">
        </testcase>
        <testcase classname="packages/http-client/src/__tests__/methods/axiosDelete.test.ts" name="axiosDelete &gt; headers configuration &gt; should include required headers" time="0.001916818">
        </testcase>
        <testcase classname="packages/http-client/src/__tests__/methods/axiosDelete.test.ts" name="axiosDelete &gt; headers configuration &gt; should always include Accept header for JSON responses" time="0.001156047">
        </testcase>
        <testcase classname="packages/http-client/src/__tests__/methods/axiosDelete.test.ts" name="axiosDelete &gt; headers configuration &gt; should always include X-Plex-Token header" time="0.00067111">
        </testcase>
        <testcase classname="packages/http-client/src/__tests__/methods/axiosDelete.test.ts" name="axiosDelete &gt; error handling &gt; should propagate axios errors" time="0.003543482">
        </testcase>
        <testcase classname="packages/http-client/src/__tests__/methods/axiosDelete.test.ts" name="axiosDelete &gt; error handling &gt; should propagate HTTP error responses" time="0.000974724">
        </testcase>
        <testcase classname="packages/http-client/src/__tests__/methods/axiosDelete.test.ts" name="axiosDelete &gt; error handling &gt; should handle authorization errors" time="0.000977054">
        </testcase>
        <testcase classname="packages/http-client/src/__tests__/methods/axiosDelete.test.ts" name="axiosDelete &gt; error handling &gt; should handle not found errors" time="0.001079905">
        </testcase>
        <testcase classname="packages/http-client/src/__tests__/methods/axiosDelete.test.ts" name="axiosDelete &gt; error handling &gt; should handle connection timeouts" time="0.001084186">
        </testcase>
        <testcase classname="packages/http-client/src/__tests__/methods/axiosDelete.test.ts" name="axiosDelete &gt; type safety &gt; should support generic type parameters" time="0.001096366">
        </testcase>
        <testcase classname="packages/http-client/src/__tests__/methods/axiosDelete.test.ts" name="axiosDelete &gt; type safety &gt; should handle complex response types" time="0.00068189">
        </testcase>
        <testcase classname="packages/http-client/src/__tests__/methods/axiosDelete.test.ts" name="axiosDelete &gt; type safety &gt; should handle void response types" time="0.000622759">
        </testcase>
        <testcase classname="packages/http-client/src/__tests__/methods/axiosDelete.test.ts" name="axiosDelete &gt; Plex API specific features &gt; should work with playlist deletion endpoint" time="0.001729276">
        </testcase>
        <testcase classname="packages/http-client/src/__tests__/methods/axiosDelete.test.ts" name="axiosDelete &gt; Plex API specific features &gt; should work with different Plex resource endpoints" time="0.001967569">
        </testcase>
        <testcase classname="packages/http-client/src/__tests__/methods/axiosDelete.test.ts" name="axiosDelete &gt; Plex API specific features &gt; should handle different token formats" time="0.002893403">
        </testcase>
        <testcase classname="packages/http-client/src/__tests__/methods/axiosDelete.test.ts" name="axiosDelete &gt; performance and reliability &gt; should handle concurrent requests" time="0.002078251">
        </testcase>
        <testcase classname="packages/http-client/src/__tests__/methods/axiosDelete.test.ts" name="axiosDelete &gt; performance and reliability &gt; should maintain consistent configuration across calls" time="0.001805797">
        </testcase>
        <testcase classname="packages/http-client/src/__tests__/methods/axiosDelete.test.ts" name="axiosDelete &gt; performance and reliability &gt; should handle network retries gracefully" time="0.000979095">
        </testcase>
        <testcase classname="packages/http-client/src/__tests__/methods/axiosDelete.test.ts" name="axiosDelete &gt; edge cases &gt; should handle empty token" time="0.001076246">
        </testcase>
        <testcase classname="packages/http-client/src/__tests__/methods/axiosDelete.test.ts" name="axiosDelete &gt; edge cases &gt; should handle special characters in URL" time="0.00067745">
        </testcase>
        <testcase classname="packages/http-client/src/__tests__/methods/axiosDelete.test.ts" name="axiosDelete &gt; edge cases &gt; should handle very long URLs" time="0.000776271">
        </testcase>
        <testcase classname="packages/http-client/src/__tests__/methods/axiosDelete.test.ts" name="axiosDelete &gt; edge cases &gt; should work with both HTTP and HTTPS URLs" time="0.001035525">
        </testcase>
        <testcase classname="packages/http-client/src/__tests__/methods/axiosDelete.test.ts" name="axiosDelete &gt; edge cases &gt; should handle numeric IDs in URLs" time="0.001178018">
        </testcase>
    </testsuite>
    <testsuite name="packages/http-client/src/__tests__/methods/axiosGet.test.ts" timestamp="2025-09-06T20:37:10.849Z" hostname="c82ba9db4d53" tests="22" failures="0" errors="0" skipped="0" time="0.045658285">
        <testcase classname="packages/http-client/src/__tests__/methods/axiosGet.test.ts" name="axiosGet &gt; basic functionality &gt; should make GET request with correct parameters" time="0.007161256">
        </testcase>
        <testcase classname="packages/http-client/src/__tests__/methods/axiosGet.test.ts" name="axiosGet &gt; basic functionality &gt; should use default timeout of 10 seconds" time="0.004379735">
        </testcase>
        <testcase classname="packages/http-client/src/__tests__/methods/axiosGet.test.ts" name="axiosGet &gt; basic functionality &gt; should use HTTPS agent with rejectUnauthorized: false" time="0.00205577">
        </testcase>
        <testcase classname="packages/http-client/src/__tests__/methods/axiosGet.test.ts" name="axiosGet &gt; configuration merging &gt; should merge custom config with defaults" time="0.001502352">
        </testcase>
        <testcase classname="packages/http-client/src/__tests__/methods/axiosGet.test.ts" name="axiosGet &gt; configuration merging &gt; should allow custom timeout to override default" time="0.001128277">
        </testcase>
        <testcase classname="packages/http-client/src/__tests__/methods/axiosGet.test.ts" name="axiosGet &gt; configuration merging &gt; should merge custom headers with Plex token header" time="0.001392381">
        </testcase>
        <testcase classname="packages/http-client/src/__tests__/methods/axiosGet.test.ts" name="axiosGet &gt; configuration merging &gt; should not allow custom headers to override Plex token" time="0.001266019">
        </testcase>
        <testcase classname="packages/http-client/src/__tests__/methods/axiosGet.test.ts" name="axiosGet &gt; configuration merging &gt; should preserve httpsAgent from default configuration" time="0.001213938">
        </testcase>
        <testcase classname="packages/http-client/src/__tests__/methods/axiosGet.test.ts" name="axiosGet &gt; error handling &gt; should propagate axios errors" time="0.003487832">
        </testcase>
        <testcase classname="packages/http-client/src/__tests__/methods/axiosGet.test.ts" name="axiosGet &gt; error handling &gt; should propagate HTTP error responses" time="0.001015015">
        </testcase>
        <testcase classname="packages/http-client/src/__tests__/methods/axiosGet.test.ts" name="axiosGet &gt; error handling &gt; should handle timeout errors" time="0.000847512">
        </testcase>
        <testcase classname="packages/http-client/src/__tests__/methods/axiosGet.test.ts" name="axiosGet &gt; type safety &gt; should support generic type parameters" time="0.000959624">
        </testcase>
        <testcase classname="packages/http-client/src/__tests__/methods/axiosGet.test.ts" name="axiosGet &gt; type safety &gt; should handle complex response types" time="0.001470862">
        </testcase>
        <testcase classname="packages/http-client/src/__tests__/methods/axiosGet.test.ts" name="axiosGet &gt; Plex API specific features &gt; should always include X-Plex-Token header" time="0.001024005">
        </testcase>
        <testcase classname="packages/http-client/src/__tests__/methods/axiosGet.test.ts" name="axiosGet &gt; Plex API specific features &gt; should handle different token formats" time="0.002628758">
        </testcase>
        <testcase classname="packages/http-client/src/__tests__/methods/axiosGet.test.ts" name="axiosGet &gt; Plex API specific features &gt; should work with different Plex API endpoints" time="0.001411441">
        </testcase>
        <testcase classname="packages/http-client/src/__tests__/methods/axiosGet.test.ts" name="axiosGet &gt; performance and reliability &gt; should handle concurrent requests" time="0.001721105">
        </testcase>
        <testcase classname="packages/http-client/src/__tests__/methods/axiosGet.test.ts" name="axiosGet &gt; performance and reliability &gt; should handle large response data" time="0.004452795">
        </testcase>
        <testcase classname="packages/http-client/src/__tests__/methods/axiosGet.test.ts" name="axiosGet &gt; performance and reliability &gt; should maintain consistent configuration across calls" time="0.001581853">
        </testcase>
        <testcase classname="packages/http-client/src/__tests__/methods/axiosGet.test.ts" name="axiosGet &gt; edge cases &gt; should handle empty token" time="0.00063347">
        </testcase>
        <testcase classname="packages/http-client/src/__tests__/methods/axiosGet.test.ts" name="axiosGet &gt; edge cases &gt; should handle very long URLs" time="0.000494417">
        </testcase>
        <testcase classname="packages/http-client/src/__tests__/methods/axiosGet.test.ts" name="axiosGet &gt; edge cases &gt; should handle special characters in URL" time="0.000782812">
        </testcase>
    </testsuite>
    <testsuite name="packages/http-client/src/__tests__/methods/axiosPost.test.ts" timestamp="2025-09-06T20:37:10.857Z" hostname="c82ba9db4d53" tests="28" failures="0" errors="0" skipped="0" time="0.043176718">
        <testcase classname="packages/http-client/src/__tests__/methods/axiosPost.test.ts" name="axiosPost &gt; basic functionality &gt; should make POST request with correct parameters" time="0.006663148">
        </testcase>
        <testcase classname="packages/http-client/src/__tests__/methods/axiosPost.test.ts" name="axiosPost &gt; basic functionality &gt; should use empty object as request body" time="0.000993174">
        </testcase>
        <testcase classname="packages/http-client/src/__tests__/methods/axiosPost.test.ts" name="axiosPost &gt; basic functionality &gt; should create Agent with rejectUnauthorized: false" time="0.000870623">
        </testcase>
        <testcase classname="packages/http-client/src/__tests__/methods/axiosPost.test.ts" name="axiosPost &gt; headers configuration &gt; should include required headers" time="0.003699055">
        </testcase>
        <testcase classname="packages/http-client/src/__tests__/methods/axiosPost.test.ts" name="axiosPost &gt; headers configuration &gt; should always include Accept header for JSON responses" time="0.001239258">
        </testcase>
        <testcase classname="packages/http-client/src/__tests__/methods/axiosPost.test.ts" name="axiosPost &gt; headers configuration &gt; should always include X-Plex-Token header" time="0.000755341">
        </testcase>
        <testcase classname="packages/http-client/src/__tests__/methods/axiosPost.test.ts" name="axiosPost &gt; HTTPS Agent configuration &gt; should use custom HTTPS agent" time="0.001307989">
        </testcase>
        <testcase classname="packages/http-client/src/__tests__/methods/axiosPost.test.ts" name="axiosPost &gt; HTTPS Agent configuration &gt; should configure agent to not reject unauthorized certificates" time="0.000567168">
        </testcase>
        <testcase classname="packages/http-client/src/__tests__/methods/axiosPost.test.ts" name="axiosPost &gt; HTTPS Agent configuration &gt; should create new agent instance for each call" time="0.000571389">
        </testcase>
        <testcase classname="packages/http-client/src/__tests__/methods/axiosPost.test.ts" name="axiosPost &gt; error handling &gt; should propagate axios errors" time="0.00333698">
        </testcase>
        <testcase classname="packages/http-client/src/__tests__/methods/axiosPost.test.ts" name="axiosPost &gt; error handling &gt; should propagate HTTP error responses" time="0.000829923">
        </testcase>
        <testcase classname="packages/http-client/src/__tests__/methods/axiosPost.test.ts" name="axiosPost &gt; error handling &gt; should handle server errors" time="0.000538068">
        </testcase>
        <testcase classname="packages/http-client/src/__tests__/methods/axiosPost.test.ts" name="axiosPost &gt; error handling &gt; should handle connection timeouts" time="0.00070723">
        </testcase>
        <testcase classname="packages/http-client/src/__tests__/methods/axiosPost.test.ts" name="axiosPost &gt; type safety &gt; should support generic type parameters" time="0.001204528">
        </testcase>
        <testcase classname="packages/http-client/src/__tests__/methods/axiosPost.test.ts" name="axiosPost &gt; type safety &gt; should handle complex response types" time="0.000732621">
        </testcase>
        <testcase classname="packages/http-client/src/__tests__/methods/axiosPost.test.ts" name="axiosPost &gt; type safety &gt; should handle void response types" time="0.00073362">
        </testcase>
        <testcase classname="packages/http-client/src/__tests__/methods/axiosPost.test.ts" name="axiosPost &gt; Plex API specific features &gt; should work with playlist creation endpoint" time="0.000978335">
        </testcase>
        <testcase classname="packages/http-client/src/__tests__/methods/axiosPost.test.ts" name="axiosPost &gt; Plex API specific features &gt; should work with different Plex server URLs" time="0.001606344">
        </testcase>
        <testcase classname="packages/http-client/src/__tests__/methods/axiosPost.test.ts" name="axiosPost &gt; Plex API specific features &gt; should handle different token formats" time="0.002552328">
        </testcase>
        <testcase classname="packages/http-client/src/__tests__/methods/axiosPost.test.ts" name="axiosPost &gt; performance and reliability &gt; should handle concurrent requests" time="0.001699585">
        </testcase>
        <testcase classname="packages/http-client/src/__tests__/methods/axiosPost.test.ts" name="axiosPost &gt; performance and reliability &gt; should maintain consistent configuration across calls" time="0.002280084">
        </testcase>
        <testcase classname="packages/http-client/src/__tests__/methods/axiosPost.test.ts" name="axiosPost &gt; performance and reliability &gt; should handle large response payloads" time="0.001180937">
        </testcase>
        <testcase classname="packages/http-client/src/__tests__/methods/axiosPost.test.ts" name="axiosPost &gt; edge cases &gt; should handle empty token" time="0.000863463">
        </testcase>
        <testcase classname="packages/http-client/src/__tests__/methods/axiosPost.test.ts" name="axiosPost &gt; edge cases &gt; should handle special characters in URL" time="0.00065179">
        </testcase>
        <testcase classname="packages/http-client/src/__tests__/methods/axiosPost.test.ts" name="axiosPost &gt; edge cases &gt; should handle very long URLs" time="0.00067929">
        </testcase>
        <testcase classname="packages/http-client/src/__tests__/methods/axiosPost.test.ts" name="axiosPost &gt; edge cases &gt; should work with HTTP and HTTPS URLs" time="0.000923614">
        </testcase>
        <testcase classname="packages/http-client/src/__tests__/methods/axiosPost.test.ts" name="axiosPost &gt; request body consistency &gt; should always send empty object as body" time="0.000827262">
        </testcase>
        <testcase classname="packages/http-client/src/__tests__/methods/axiosPost.test.ts" name="axiosPost &gt; request body consistency &gt; should send same body structure across multiple calls" time="0.000614229">
        </testcase>
    </testsuite>
    <testsuite name="packages/http-client/src/__tests__/methods/axiosPut.test.ts" timestamp="2025-09-06T20:37:10.865Z" hostname="c82ba9db4d53" tests="32" failures="0" errors="0" skipped="0" time="0.044341986">
        <testcase classname="packages/http-client/src/__tests__/methods/axiosPut.test.ts" name="axiosPut &gt; basic functionality &gt; should make PUT request with correct parameters" time="0.006055089">
        </testcase>
        <testcase classname="packages/http-client/src/__tests__/methods/axiosPut.test.ts" name="axiosPut &gt; basic functionality &gt; should use empty object as request body" time="0.000946544">
        </testcase>
        <testcase classname="packages/http-client/src/__tests__/methods/axiosPut.test.ts" name="axiosPut &gt; basic functionality &gt; should create Agent with rejectUnauthorized: false" time="0.000793772">
        </testcase>
        <testcase classname="packages/http-client/src/__tests__/methods/axiosPut.test.ts" name="axiosPut &gt; headers configuration &gt; should include required headers" time="0.003304309">
        </testcase>
        <testcase classname="packages/http-client/src/__tests__/methods/axiosPut.test.ts" name="axiosPut &gt; headers configuration &gt; should always include Accept header for JSON responses" time="0.001243729">
        </testcase>
        <testcase classname="packages/http-client/src/__tests__/methods/axiosPut.test.ts" name="axiosPut &gt; headers configuration &gt; should always include X-Plex-Token header" time="0.000844182">
        </testcase>
        <testcase classname="packages/http-client/src/__tests__/methods/axiosPut.test.ts" name="axiosPut &gt; HTTPS Agent configuration &gt; should use custom HTTPS agent" time="0.001266998">
        </testcase>
        <testcase classname="packages/http-client/src/__tests__/methods/axiosPut.test.ts" name="axiosPut &gt; HTTPS Agent configuration &gt; should configure agent to not reject unauthorized certificates" time="0.000445786">
        </testcase>
        <testcase classname="packages/http-client/src/__tests__/methods/axiosPut.test.ts" name="axiosPut &gt; HTTPS Agent configuration &gt; should create new agent instance for each call" time="0.000432257">
        </testcase>
        <testcase classname="packages/http-client/src/__tests__/methods/axiosPut.test.ts" name="axiosPut &gt; error handling &gt; should propagate axios errors" time="0.002415546">
        </testcase>
        <testcase classname="packages/http-client/src/__tests__/methods/axiosPut.test.ts" name="axiosPut &gt; error handling &gt; should propagate HTTP error responses" time="0.000704481">
        </testcase>
        <testcase classname="packages/http-client/src/__tests__/methods/axiosPut.test.ts" name="axiosPut &gt; error handling &gt; should handle authorization errors" time="0.000530698">
        </testcase>
        <testcase classname="packages/http-client/src/__tests__/methods/axiosPut.test.ts" name="axiosPut &gt; error handling &gt; should handle conflict errors" time="0.000469757">
        </testcase>
        <testcase classname="packages/http-client/src/__tests__/methods/axiosPut.test.ts" name="axiosPut &gt; error handling &gt; should handle connection timeouts" time="0.001199498">
        </testcase>
        <testcase classname="packages/http-client/src/__tests__/methods/axiosPut.test.ts" name="axiosPut &gt; type safety &gt; should support generic type parameters" time="0.000896913">
        </testcase>
        <testcase classname="packages/http-client/src/__tests__/methods/axiosPut.test.ts" name="axiosPut &gt; type safety &gt; should handle complex response types" time="0.001301129">
        </testcase>
        <testcase classname="packages/http-client/src/__tests__/methods/axiosPut.test.ts" name="axiosPut &gt; type safety &gt; should handle void response types" time="0.000600119">
        </testcase>
        <testcase classname="packages/http-client/src/__tests__/methods/axiosPut.test.ts" name="axiosPut &gt; Plex API specific features &gt; should work with playlist update endpoint" time="0.000891013">
        </testcase>
        <testcase classname="packages/http-client/src/__tests__/methods/axiosPut.test.ts" name="axiosPut &gt; Plex API specific features &gt; should work with different Plex resource endpoints" time="0.001440911">
        </testcase>
        <testcase classname="packages/http-client/src/__tests__/methods/axiosPut.test.ts" name="axiosPut &gt; Plex API specific features &gt; should handle different token formats" time="0.00267251">
        </testcase>
        <testcase classname="packages/http-client/src/__tests__/methods/axiosPut.test.ts" name="axiosPut &gt; performance and reliability &gt; should handle concurrent requests" time="0.001049156">
        </testcase>
        <testcase classname="packages/http-client/src/__tests__/methods/axiosPut.test.ts" name="axiosPut &gt; performance and reliability &gt; should maintain consistent configuration across calls" time="0.002207483">
        </testcase>
        <testcase classname="packages/http-client/src/__tests__/methods/axiosPut.test.ts" name="axiosPut &gt; performance and reliability &gt; should handle large response payloads" time="0.001027615">
        </testcase>
        <testcase classname="packages/http-client/src/__tests__/methods/axiosPut.test.ts" name="axiosPut &gt; performance and reliability &gt; should handle network retries gracefully" time="0.000949294">
        </testcase>
        <testcase classname="packages/http-client/src/__tests__/methods/axiosPut.test.ts" name="axiosPut &gt; edge cases &gt; should handle empty token" time="0.000997735">
        </testcase>
        <testcase classname="packages/http-client/src/__tests__/methods/axiosPut.test.ts" name="axiosPut &gt; edge cases &gt; should handle special characters in URL" time="0.00065094">
        </testcase>
        <testcase classname="packages/http-client/src/__tests__/methods/axiosPut.test.ts" name="axiosPut &gt; edge cases &gt; should handle very long URLs" time="0.000599689">
        </testcase>
        <testcase classname="packages/http-client/src/__tests__/methods/axiosPut.test.ts" name="axiosPut &gt; edge cases &gt; should work with both HTTP and HTTPS URLs" time="0.001173728">
        </testcase>
        <testcase classname="packages/http-client/src/__tests__/methods/axiosPut.test.ts" name="axiosPut &gt; edge cases &gt; should handle numeric IDs in URLs" time="0.000840192">
        </testcase>
        <testcase classname="packages/http-client/src/__tests__/methods/axiosPut.test.ts" name="axiosPut &gt; request body consistency &gt; should always send empty object as body" time="0.001014545">
        </testcase>
        <testcase classname="packages/http-client/src/__tests__/methods/axiosPut.test.ts" name="axiosPut &gt; request body consistency &gt; should send same body structure across multiple calls" time="0.000998275">
        </testcase>
        <testcase classname="packages/http-client/src/__tests__/methods/axiosPut.test.ts" name="axiosPut &gt; idempotency characteristics &gt; should be idempotent - multiple calls with same parameters" time="0.00068083">
        </testcase>
    </testsuite>
    <testsuite name="packages/shared-utils/src/__tests__/array/filterUnique.test.ts" timestamp="2025-09-06T20:37:10.872Z" hostname="c82ba9db4d53" tests="14" failures="0" errors="0" skipped="0" time="0.028690104">
        <testcase classname="packages/shared-utils/src/__tests__/array/filterUnique.test.ts" name="filterUnique &gt; basic functionality &gt; should filter out duplicate strings" time="0.005026374">
        </testcase>
        <testcase classname="packages/shared-utils/src/__tests__/array/filterUnique.test.ts" name="filterUnique &gt; basic functionality &gt; should filter out duplicate numbers" time="0.000721121">
        </testcase>
        <testcase classname="packages/shared-utils/src/__tests__/array/filterUnique.test.ts" name="filterUnique &gt; basic functionality &gt; should handle empty array" time="0.000782132">
        </testcase>
        <testcase classname="packages/shared-utils/src/__tests__/array/filterUnique.test.ts" name="filterUnique &gt; basic functionality &gt; should handle array with no duplicates" time="0.000839693">
        </testcase>
        <testcase classname="packages/shared-utils/src/__tests__/array/filterUnique.test.ts" name="filterUnique &gt; edge cases &gt; should handle single element array" time="0.000748821">
        </testcase>
        <testcase classname="packages/shared-utils/src/__tests__/array/filterUnique.test.ts" name="filterUnique &gt; edge cases &gt; should handle array with all same elements" time="0.000542028">
        </testcase>
        <testcase classname="packages/shared-utils/src/__tests__/array/filterUnique.test.ts" name="filterUnique &gt; edge cases &gt; should handle null and undefined values" time="0.000810682">
        </testcase>
        <testcase classname="packages/shared-utils/src/__tests__/array/filterUnique.test.ts" name="filterUnique &gt; edge cases &gt; should handle mixed data types" time="0.000892944">
        </testcase>
        <testcase classname="packages/shared-utils/src/__tests__/array/filterUnique.test.ts" name="filterUnique &gt; object references &gt; should compare object references, not values" time="0.002965684">
        </testcase>
        <testcase classname="packages/shared-utils/src/__tests__/array/filterUnique.test.ts" name="filterUnique &gt; object references &gt; should handle array of objects with same reference" time="0.001255778">
        </testcase>
        <testcase classname="packages/shared-utils/src/__tests__/array/filterUnique.test.ts" name="filterUnique &gt; performance considerations &gt; should handle large arrays efficiently" time="0.006511506">
        </testcase>
        <testcase classname="packages/shared-utils/src/__tests__/array/filterUnique.test.ts" name="filterUnique &gt; performance considerations &gt; should maintain original order of first occurrences" time="0.0006649">
        </testcase>
        <testcase classname="packages/shared-utils/src/__tests__/array/filterUnique.test.ts" name="filterUnique &gt; function signature verification &gt; should be compatible with Array.prototype.filter" time="0.000525478">
        </testcase>
        <testcase classname="packages/shared-utils/src/__tests__/array/filterUnique.test.ts" name="filterUnique &gt; function signature verification &gt; should receive correct parameters from filter" time="0.001711536">
        </testcase>
    </testsuite>
    <testsuite name="packages/shared-utils/src/__tests__/utils/getAPIUrl.test.ts" timestamp="2025-09-06T20:37:10.876Z" hostname="c82ba9db4d53" tests="34" failures="0" errors="0" skipped="0" time="0.028050745">
        <testcase classname="packages/shared-utils/src/__tests__/utils/getAPIUrl.test.ts" name="getAPIUrl &gt; basic functionality &gt; should construct API URL with protocol, host and path" time="0.002555228">
        </testcase>
        <testcase classname="packages/shared-utils/src/__tests__/utils/getAPIUrl.test.ts" name="getAPIUrl &gt; basic functionality &gt; should work with HTTPS URLs" time="0.000419376">
        </testcase>
        <testcase classname="packages/shared-utils/src/__tests__/utils/getAPIUrl.test.ts" name="getAPIUrl &gt; basic functionality &gt; should handle paths with query parameters" time="0.000427837">
        </testcase>
        <testcase classname="packages/shared-utils/src/__tests__/utils/getAPIUrl.test.ts" name="getAPIUrl &gt; basic functionality &gt; should handle root path" time="0.000393006">
        </testcase>
        <testcase classname="packages/shared-utils/src/__tests__/utils/getAPIUrl.test.ts" name="getAPIUrl &gt; port validation &gt; should throw error when port is missing" time="0.001766936">
        </testcase>
        <testcase classname="packages/shared-utils/src/__tests__/utils/getAPIUrl.test.ts" name="getAPIUrl &gt; port validation &gt; should throw error when URL has no port in hostname only format" time="0.000527447">
        </testcase>
        <testcase classname="packages/shared-utils/src/__tests__/utils/getAPIUrl.test.ts" name="getAPIUrl &gt; port validation &gt; should work with explicit port numbers" time="0.00071964">
        </testcase>
        <testcase classname="packages/shared-utils/src/__tests__/utils/getAPIUrl.test.ts" name="getAPIUrl &gt; port validation &gt; should work with default HTTPS port" time="0.000361045">
        </testcase>
        <testcase classname="packages/shared-utils/src/__tests__/utils/getAPIUrl.test.ts" name="getAPIUrl &gt; port validation &gt; should work with default HTTP port" time="0.000316505">
        </testcase>
        <testcase classname="packages/shared-utils/src/__tests__/utils/getAPIUrl.test.ts" name="getAPIUrl &gt; URL parsing &gt; should handle complex hostnames" time="0.000915834">
        </testcase>
        <testcase classname="packages/shared-utils/src/__tests__/utils/getAPIUrl.test.ts" name="getAPIUrl &gt; URL parsing &gt; should preserve protocol from original URL" time="0.000431266">
        </testcase>
        <testcase classname="packages/shared-utils/src/__tests__/utils/getAPIUrl.test.ts" name="getAPIUrl &gt; URL parsing &gt; should handle URLs with existing paths that get replaced" time="0.000423166">
        </testcase>
        <testcase classname="packages/shared-utils/src/__tests__/utils/getAPIUrl.test.ts" name="getAPIUrl &gt; URL parsing &gt; should handle URLs with query parameters that get replaced" time="0.000272034">
        </testcase>
        <testcase classname="packages/shared-utils/src/__tests__/utils/getAPIUrl.test.ts" name="getAPIUrl &gt; URL parsing &gt; should handle URLs with fragments that get replaced" time="0.000547268">
        </testcase>
        <testcase classname="packages/shared-utils/src/__tests__/utils/getAPIUrl.test.ts" name="getAPIUrl &gt; path handling &gt; should handle paths starting with slash" time="0.000269934">
        </testcase>
        <testcase classname="packages/shared-utils/src/__tests__/utils/getAPIUrl.test.ts" name="getAPIUrl &gt; path handling &gt; should handle paths not starting with slash" time="0.000255313">
        </testcase>
        <testcase classname="packages/shared-utils/src/__tests__/utils/getAPIUrl.test.ts" name="getAPIUrl &gt; path handling &gt; should handle empty paths" time="0.000173072">
        </testcase>
        <testcase classname="packages/shared-utils/src/__tests__/utils/getAPIUrl.test.ts" name="getAPIUrl &gt; path handling &gt; should handle complex paths" time="0.00063041">
        </testcase>
        <testcase classname="packages/shared-utils/src/__tests__/utils/getAPIUrl.test.ts" name="getAPIUrl &gt; path handling &gt; should handle paths with special characters" time="0.000405176">
        </testcase>
        <testcase classname="packages/shared-utils/src/__tests__/utils/getAPIUrl.test.ts" name="getAPIUrl &gt; error handling &gt; should throw specific error message about Roon extension" time="0.000504307">
        </testcase>
        <testcase classname="packages/shared-utils/src/__tests__/utils/getAPIUrl.test.ts" name="getAPIUrl &gt; error handling &gt; should handle malformed URLs gracefully" time="0.000461247">
        </testcase>
        <testcase classname="packages/shared-utils/src/__tests__/utils/getAPIUrl.test.ts" name="getAPIUrl &gt; error handling &gt; should handle invalid protocols" time="0.000573099">
        </testcase>
        <testcase classname="packages/shared-utils/src/__tests__/utils/getAPIUrl.test.ts" name="getAPIUrl &gt; real-world usage patterns &gt; should work with typical Plex server configurations" time="0.000806592">
        </testcase>
        <testcase classname="packages/shared-utils/src/__tests__/utils/getAPIUrl.test.ts" name="getAPIUrl &gt; real-world usage patterns &gt; should work with Plex API endpoints" time="0.000611999">
        </testcase>
        <testcase classname="packages/shared-utils/src/__tests__/utils/getAPIUrl.test.ts" name="getAPIUrl &gt; real-world usage patterns &gt; should handle dynamic port assignments" time="0.000560319">
        </testcase>
        <testcase classname="packages/shared-utils/src/__tests__/utils/getAPIUrl.test.ts" name="getAPIUrl &gt; URL component preservation &gt; should preserve protocol exactly" time="0.000319875">
        </testcase>
        <testcase classname="packages/shared-utils/src/__tests__/utils/getAPIUrl.test.ts" name="getAPIUrl &gt; URL component preservation &gt; should preserve hostname exactly" time="0.000556729">
        </testcase>
        <testcase classname="packages/shared-utils/src/__tests__/utils/getAPIUrl.test.ts" name="getAPIUrl &gt; URL component preservation &gt; should preserve port exactly" time="0.001687335">
        </testcase>
        <testcase classname="packages/shared-utils/src/__tests__/utils/getAPIUrl.test.ts" name="getAPIUrl &gt; edge cases &gt; should handle very long paths" time="0.000327135">
        </testcase>
        <testcase classname="packages/shared-utils/src/__tests__/utils/getAPIUrl.test.ts" name="getAPIUrl &gt; edge cases &gt; should handle paths with Unicode characters" time="0.000263384">
        </testcase>
        <testcase classname="packages/shared-utils/src/__tests__/utils/getAPIUrl.test.ts" name="getAPIUrl &gt; edge cases &gt; should handle IPv6 addresses with ports" time="0.000220244">
        </testcase>
        <testcase classname="packages/shared-utils/src/__tests__/utils/getAPIUrl.test.ts" name="getAPIUrl &gt; edge cases &gt; should handle unusual but valid port numbers" time="0.002121991">
        </testcase>
        <testcase classname="packages/shared-utils/src/__tests__/utils/getAPIUrl.test.ts" name="getAPIUrl &gt; performance &gt; should handle many URL constructions efficiently" time="0.003284728">
        </testcase>
        <testcase classname="packages/shared-utils/src/__tests__/utils/getAPIUrl.test.ts" name="getAPIUrl &gt; performance &gt; should handle complex URLs efficiently" time="0.000235694">
        </testcase>
    </testsuite>
    <testsuite name="packages/shared-utils/src/__tests__/validation/validateExpression.test.ts" timestamp="2025-09-06T20:37:10.884Z" hostname="c82ba9db4d53" tests="39" failures="0" errors="0" skipped="0" time="0.067615359">
        <testcase classname="packages/shared-utils/src/__tests__/validation/validateExpression.test.ts" name="validateExpression &gt; basic validation &gt; should return valid: false for empty expression" time="0.004336214">
        </testcase>
        <testcase classname="packages/shared-utils/src/__tests__/validation/validateExpression.test.ts" name="validateExpression &gt; basic validation &gt; should return valid: false for whitespace-only expression" time="0.000755231">
        </testcase>
        <testcase classname="packages/shared-utils/src/__tests__/validation/validateExpression.test.ts" name="validateExpression &gt; basic validation &gt; should return valid: true for single valid field" time="0.002454846">
        </testcase>
        <testcase classname="packages/shared-utils/src/__tests__/validation/validateExpression.test.ts" name="validateExpression &gt; basic validation &gt; should return valid: true for field with operation" time="0.001243519">
        </testcase>
        <testcase classname="packages/shared-utils/src/__tests__/validation/validateExpression.test.ts" name="validateExpression &gt; field validation &gt; should accept all valid fields as standalone" time="0.002189183">
        </testcase>
        <testcase classname="packages/shared-utils/src/__tests__/validation/validateExpression.test.ts" name="validateExpression &gt; field validation &gt; should accept all valid fields with operations" time="0.002396275">
        </testcase>
        <testcase classname="packages/shared-utils/src/__tests__/validation/validateExpression.test.ts" name="validateExpression &gt; field validation &gt; should reject invalid field names" time="0.001315529">
        </testcase>
        <testcase classname="packages/shared-utils/src/__tests__/validation/validateExpression.test.ts" name="validateExpression &gt; field validation &gt; should reject multiple invalid fields" time="0.000801202">
        </testcase>
        <testcase classname="packages/shared-utils/src/__tests__/validation/validateExpression.test.ts" name="validateExpression &gt; field validation &gt; should handle mixed valid and invalid fields" time="0.000535228">
        </testcase>
        <testcase classname="packages/shared-utils/src/__tests__/validation/validateExpression.test.ts" name="validateExpression &gt; operation validation &gt; should accept all valid operations" time="0.001761786">
        </testcase>
        <testcase classname="packages/shared-utils/src/__tests__/validation/validateExpression.test.ts" name="validateExpression &gt; operation validation &gt; should accept similarity operations with valid thresholds" time="0.004219992">
        </testcase>
        <testcase classname="packages/shared-utils/src/__tests__/validation/validateExpression.test.ts" name="validateExpression &gt; operation validation &gt; should reject invalid operations" time="0.000548988">
        </testcase>
        <testcase classname="packages/shared-utils/src/__tests__/validation/validateExpression.test.ts" name="validateExpression &gt; operation validation &gt; should reject similarity operations with invalid thresholds" time="0.001022565">
        </testcase>
        <testcase classname="packages/shared-utils/src/__tests__/validation/validateExpression.test.ts" name="validateExpression &gt; operation validation &gt; should handle missing similarity threshold" time="0.00068531">
        </testcase>
        <testcase classname="packages/shared-utils/src/__tests__/validation/validateExpression.test.ts" name="validateExpression &gt; boolean operator validation &gt; should accept AND operator" time="0.000385416">
        </testcase>
        <testcase classname="packages/shared-utils/src/__tests__/validation/validateExpression.test.ts" name="validateExpression &gt; boolean operator validation &gt; should accept OR operator" time="0.000287894">
        </testcase>
        <testcase classname="packages/shared-utils/src/__tests__/validation/validateExpression.test.ts" name="validateExpression &gt; boolean operator validation &gt; should reject invalid boolean operators" time="0.000509987">
        </testcase>
        <testcase classname="packages/shared-utils/src/__tests__/validation/validateExpression.test.ts" name="validateExpression &gt; boolean operator validation &gt; should handle multiple boolean operators" time="0.000443436">
        </testcase>
        <testcase classname="packages/shared-utils/src/__tests__/validation/validateExpression.test.ts" name="validateExpression &gt; boolean operator validation &gt; should be case sensitive for operators" time="0.000362036">
        </testcase>
        <testcase classname="packages/shared-utils/src/__tests__/validation/validateExpression.test.ts" name="validateExpression &gt; expression structure validation &gt; should validate balanced expressions" time="0.002831952">
        </testcase>
        <testcase classname="packages/shared-utils/src/__tests__/validation/validateExpression.test.ts" name="validateExpression &gt; expression structure validation &gt; should reject unbalanced expressions" time="0.000639969">
        </testcase>
        <testcase classname="packages/shared-utils/src/__tests__/validation/validateExpression.test.ts" name="validateExpression &gt; expression structure validation &gt; should handle complex valid expressions" time="0.000928754">
        </testcase>
        <testcase classname="packages/shared-utils/src/__tests__/validation/validateExpression.test.ts" name="validateExpression &gt; mixed field formats &gt; should handle expressions with both field:operation and standalone fields" time="0.000440027">
        </testcase>
        <testcase classname="packages/shared-utils/src/__tests__/validation/validateExpression.test.ts" name="validateExpression &gt; mixed field formats &gt; should handle multiple standalone fields" time="0.000366395">
        </testcase>
        <testcase classname="packages/shared-utils/src/__tests__/validation/validateExpression.test.ts" name="validateExpression &gt; mixed field formats &gt; should handle all standalone fields" time="0.000437676">
        </testcase>
        <testcase classname="packages/shared-utils/src/__tests__/validation/validateExpression.test.ts" name="validateExpression &gt; error handling &gt; should handle parsing errors gracefully" time="0.000505617">
        </testcase>
        <testcase classname="packages/shared-utils/src/__tests__/validation/validateExpression.test.ts" name="validateExpression &gt; error handling &gt; should return ValidationResult interface" time="0.00072439">
        </testcase>
        <testcase classname="packages/shared-utils/src/__tests__/validation/validateExpression.test.ts" name="validateExpression &gt; error handling &gt; should handle very long expressions" time="0.000578649">
        </testcase>
        <testcase classname="packages/shared-utils/src/__tests__/validation/validateExpression.test.ts" name="validateExpression &gt; whitespace handling &gt; should handle expressions with extra whitespace" time="0.000407226">
        </testcase>
        <testcase classname="packages/shared-utils/src/__tests__/validation/validateExpression.test.ts" name="validateExpression &gt; whitespace handling &gt; should handle expressions with no spaces around operators" time="0.000397446">
        </testcase>
        <testcase classname="packages/shared-utils/src/__tests__/validation/validateExpression.test.ts" name="validateExpression &gt; whitespace handling &gt; should handle tabs and other whitespace characters" time="0.000371785">
        </testcase>
        <testcase classname="packages/shared-utils/src/__tests__/validation/validateExpression.test.ts" name="validateExpression &gt; edge cases &gt; should handle single character inputs" time="0.000494437">
        </testcase>
        <testcase classname="packages/shared-utils/src/__tests__/validation/validateExpression.test.ts" name="validateExpression &gt; edge cases &gt; should handle expressions with only operators" time="0.000399216">
        </testcase>
        <testcase classname="packages/shared-utils/src/__tests__/validation/validateExpression.test.ts" name="validateExpression &gt; edge cases &gt; should handle expressions with only colons" time="0.000270504">
        </testcase>
        <testcase classname="packages/shared-utils/src/__tests__/validation/validateExpression.test.ts" name="validateExpression &gt; edge cases &gt; should handle unicode characters" time="0.000793811">
        </testcase>
        <testcase classname="packages/shared-utils/src/__tests__/validation/validateExpression.test.ts" name="validateExpression &gt; performance &gt; should handle moderately complex expressions efficiently" time="0.000520867">
        </testcase>
        <testcase classname="packages/shared-utils/src/__tests__/validation/validateExpression.test.ts" name="validateExpression &gt; performance &gt; should handle many validation calls efficiently" time="0.02304606">
        </testcase>
        <testcase classname="packages/shared-utils/src/__tests__/validation/validateExpression.test.ts" name="validateExpression &gt; comprehensive integration &gt; should validate real-world music search expressions" time="0.001111926">
        </testcase>
        <testcase classname="packages/shared-utils/src/__tests__/validation/validateExpression.test.ts" name="validateExpression &gt; comprehensive integration &gt; should provide helpful error messages" time="0.000444867">
        </testcase>
    </testsuite>
    <testsuite name="packages/music-search/src/__tests__/utils/compareTitles.test.ts" timestamp="2025-09-06T20:37:10.893Z" hostname="c82ba9db4d53" tests="32" failures="0" errors="0" skipped="0" time="0.153257344">
        <testcase classname="packages/music-search/src/__tests__/utils/compareTitles.test.ts" name="compareTitles &gt; basic functionality &gt; should return default result for undefined inputs" time="0.004200412">
        </testcase>
        <testcase classname="packages/music-search/src/__tests__/utils/compareTitles.test.ts" name="compareTitles &gt; basic functionality &gt; should return default result when first parameter is undefined" time="0.000529558">
        </testcase>
        <testcase classname="packages/music-search/src/__tests__/utils/compareTitles.test.ts" name="compareTitles &gt; basic functionality &gt; should return default result when second parameter is undefined" time="0.000751861">
        </testcase>
        <testcase classname="packages/music-search/src/__tests__/utils/compareTitles.test.ts" name="compareTitles &gt; basic functionality &gt; should return default result for empty strings" time="0.000563079">
        </testcase>
        <testcase classname="packages/music-search/src/__tests__/utils/compareTitles.test.ts" name="compareTitles &gt; exact matching &gt; should detect exact matches (case insensitive)" time="0.020122187">
        </testcase>
        <testcase classname="packages/music-search/src/__tests__/utils/compareTitles.test.ts" name="compareTitles &gt; exact matching &gt; should detect exact matches with different cases" time="0.000625789">
        </testcase>
        <testcase classname="packages/music-search/src/__tests__/utils/compareTitles.test.ts" name="compareTitles &gt; exact matching &gt; should not match different strings" time="0.00065434">
        </testcase>
        <testcase classname="packages/music-search/src/__tests__/utils/compareTitles.test.ts" name="compareTitles &gt; exact matching &gt; should handle punctuation in matching" time="0.000529838">
        </testcase>
        <testcase classname="packages/music-search/src/__tests__/utils/compareTitles.test.ts" name="compareTitles &gt; contains functionality &gt; one-way contains (default) &gt; should detect when second string contains in first (normalized)" time="0.00067256">
        </testcase>
        <testcase classname="packages/music-search/src/__tests__/utils/compareTitles.test.ts" name="compareTitles &gt; contains functionality &gt; one-way contains (default) &gt; should not detect when first string contains in second" time="0.000490727">
        </testcase>
        <testcase classname="packages/music-search/src/__tests__/utils/compareTitles.test.ts" name="compareTitles &gt; contains functionality &gt; one-way contains (default) &gt; should handle case insensitive contains" time="0.000560248">
        </testcase>
        <testcase classname="packages/music-search/src/__tests__/utils/compareTitles.test.ts" name="compareTitles &gt; contains functionality &gt; two-way contains &gt; should detect contains in both directions when twoWayContain is true" time="0.000965875">
        </testcase>
        <testcase classname="packages/music-search/src/__tests__/utils/compareTitles.test.ts" name="compareTitles &gt; contains functionality &gt; two-way contains &gt; should work with two-way contains for equal strings" time="0.000542698">
        </testcase>
        <testcase classname="packages/music-search/src/__tests__/utils/compareTitles.test.ts" name="compareTitles &gt; contains functionality &gt; short title exclusion &gt; should not use contains for titles shorter than 5 characters" time="0.000731801">
        </testcase>
        <testcase classname="packages/music-search/src/__tests__/utils/compareTitles.test.ts" name="compareTitles &gt; contains functionality &gt; short title exclusion &gt; should not use contains when second title is shorter than 5 characters" time="0.000469267">
        </testcase>
        <testcase classname="packages/music-search/src/__tests__/utils/compareTitles.test.ts" name="compareTitles &gt; contains functionality &gt; short title exclusion &gt; should use contains when both titles are 5+ characters" time="0.000544938">
        </testcase>
        <testcase classname="packages/music-search/src/__tests__/utils/compareTitles.test.ts" name="compareTitles &gt; contains functionality &gt; short title exclusion &gt; should handle exactly 5 character strings" time="0.000351766">
        </testcase>
        <testcase classname="packages/music-search/src/__tests__/utils/compareTitles.test.ts" name="compareTitles &gt; similarity scoring &gt; should return similarity score between 0 and 1" time="0.000552278">
        </testcase>
        <testcase classname="packages/music-search/src/__tests__/utils/compareTitles.test.ts" name="compareTitles &gt; similarity scoring &gt; should return higher similarity for similar strings" time="0.000550788">
        </testcase>
        <testcase classname="packages/music-search/src/__tests__/utils/compareTitles.test.ts" name="compareTitles &gt; similarity scoring &gt; should return perfect similarity for identical strings" time="0.000711111">
        </testcase>
        <testcase classname="packages/music-search/src/__tests__/utils/compareTitles.test.ts" name="compareTitles &gt; createSearchString integration &gt; should call createSearchString for contains logic" time="0.002117811">
        </testcase>
        <testcase classname="packages/music-search/src/__tests__/utils/compareTitles.test.ts" name="compareTitles &gt; createSearchString integration &gt; should call createSearchString twice for two-way contains" time="0.000444366">
        </testcase>
        <testcase classname="packages/music-search/src/__tests__/utils/compareTitles.test.ts" name="compareTitles &gt; createSearchString integration &gt; should not call createSearchString for short titles" time="0.000624499">
        </testcase>
        <testcase classname="packages/music-search/src/__tests__/utils/compareTitles.test.ts" name="compareTitles &gt; real-world examples &gt; should handle music track comparisons" time="0.004140851">
        </testcase>
        <testcase classname="packages/music-search/src/__tests__/utils/compareTitles.test.ts" name="compareTitles &gt; real-world examples &gt; should handle partial track matches" time="0.000978134">
        </testcase>
        <testcase classname="packages/music-search/src/__tests__/utils/compareTitles.test.ts" name="compareTitles &gt; real-world examples &gt; should handle remixes and versions" time="0.000835623">
        </testcase>
        <testcase classname="packages/music-search/src/__tests__/utils/compareTitles.test.ts" name="compareTitles &gt; real-world examples &gt; should handle abbreviations" time="0.000989515">
        </testcase>
        <testcase classname="packages/music-search/src/__tests__/utils/compareTitles.test.ts" name="compareTitles &gt; edge cases &gt; should handle very long titles" time="0.001996389">
        </testcase>
        <testcase classname="packages/music-search/src/__tests__/utils/compareTitles.test.ts" name="compareTitles &gt; edge cases &gt; should handle special characters" time="0.000507478">
        </testcase>
        <testcase classname="packages/music-search/src/__tests__/utils/compareTitles.test.ts" name="compareTitles &gt; edge cases &gt; should handle unicode characters" time="0.000447587">
        </testcase>
        <testcase classname="packages/music-search/src/__tests__/utils/compareTitles.test.ts" name="compareTitles &gt; edge cases &gt; should handle whitespace variations" time="0.000414156">
        </testcase>
        <testcase classname="packages/music-search/src/__tests__/utils/compareTitles.test.ts" name="compareTitles &gt; performance &gt; should handle many comparisons efficiently" time="0.09817695">
        </testcase>
    </testsuite>
    <testsuite name="packages/music-search/src/__tests__/utils/createSearchString.test.ts" timestamp="2025-09-06T20:37:10.901Z" hostname="c82ba9db4d53" tests="24" failures="0" errors="0" skipped="0" time="0.026314429">
        <testcase classname="packages/music-search/src/__tests__/utils/createSearchString.test.ts" name="createSearchString &gt; basic functionality &gt; should convert string to lowercase" time="0.003718085">
        </testcase>
        <testcase classname="packages/music-search/src/__tests__/utils/createSearchString.test.ts" name="createSearchString &gt; basic functionality &gt; should trim whitespace" time="0.000828712">
        </testcase>
        <testcase classname="packages/music-search/src/__tests__/utils/createSearchString.test.ts" name="createSearchString &gt; basic functionality &gt; should handle empty string" time="0.000672849">
        </testcase>
        <testcase classname="packages/music-search/src/__tests__/utils/createSearchString.test.ts" name="createSearchString &gt; basic functionality &gt; should handle whitespace-only string" time="0.00068496">
        </testcase>
        <testcase classname="packages/music-search/src/__tests__/utils/createSearchString.test.ts" name="createSearchString &gt; diacritic normalization &gt; a variants &gt; should normalize à, á, â, ã, ä, å to a" time="0.000966344">
        </testcase>
        <testcase classname="packages/music-search/src/__tests__/utils/createSearchString.test.ts" name="createSearchString &gt; diacritic normalization &gt; e variants &gt; should normalize è, é, ê, ë to e" time="0.000563538">
        </testcase>
        <testcase classname="packages/music-search/src/__tests__/utils/createSearchString.test.ts" name="createSearchString &gt; diacritic normalization &gt; i variants &gt; should normalize ì, í, î, ï to i" time="0.000437746">
        </testcase>
        <testcase classname="packages/music-search/src/__tests__/utils/createSearchString.test.ts" name="createSearchString &gt; diacritic normalization &gt; o variants &gt; should normalize ò, ó, ô, õ, ö to o" time="0.000511407">
        </testcase>
        <testcase classname="packages/music-search/src/__tests__/utils/createSearchString.test.ts" name="createSearchString &gt; diacritic normalization &gt; u variants &gt; should normalize ù, ú, û, ü to u" time="0.0006553">
        </testcase>
        <testcase classname="packages/music-search/src/__tests__/utils/createSearchString.test.ts" name="createSearchString &gt; diacritic normalization &gt; y variants &gt; should normalize ý, ÿ to y" time="0.000426026">
        </testcase>
        <testcase classname="packages/music-search/src/__tests__/utils/createSearchString.test.ts" name="createSearchString &gt; diacritic normalization &gt; special characters &gt; should normalize æ to ae" time="0.000456627">
        </testcase>
        <testcase classname="packages/music-search/src/__tests__/utils/createSearchString.test.ts" name="createSearchString &gt; diacritic normalization &gt; special characters &gt; should normalize œ to oe" time="0.000777202">
        </testcase>
        <testcase classname="packages/music-search/src/__tests__/utils/createSearchString.test.ts" name="createSearchString &gt; diacritic normalization &gt; special characters &gt; should normalize ç to c" time="0.000390336">
        </testcase>
        <testcase classname="packages/music-search/src/__tests__/utils/createSearchString.test.ts" name="createSearchString &gt; diacritic normalization &gt; special characters &gt; should normalize ñ to n" time="0.000928614">
        </testcase>
        <testcase classname="packages/music-search/src/__tests__/utils/createSearchString.test.ts" name="createSearchString &gt; real-world examples &gt; should normalize music artist names" time="0.00064706">
        </testcase>
        <testcase classname="packages/music-search/src/__tests__/utils/createSearchString.test.ts" name="createSearchString &gt; real-world examples &gt; should normalize song titles" time="0.000750471">
        </testcase>
        <testcase classname="packages/music-search/src/__tests__/utils/createSearchString.test.ts" name="createSearchString &gt; real-world examples &gt; should handle mixed content" time="0.000502218">
        </testcase>
        <testcase classname="packages/music-search/src/__tests__/utils/createSearchString.test.ts" name="createSearchString &gt; edge cases &gt; should handle strings with only diacritics" time="0.000274784">
        </testcase>
        <testcase classname="packages/music-search/src/__tests__/utils/createSearchString.test.ts" name="createSearchString &gt; edge cases &gt; should handle mixed case with diacritics" time="0.000296715">
        </testcase>
        <testcase classname="packages/music-search/src/__tests__/utils/createSearchString.test.ts" name="createSearchString &gt; edge cases &gt; should handle numbers and special characters" time="0.000333235">
        </testcase>
        <testcase classname="packages/music-search/src/__tests__/utils/createSearchString.test.ts" name="createSearchString &gt; edge cases &gt; should handle very long strings" time="0.000832472">
        </testcase>
        <testcase classname="packages/music-search/src/__tests__/utils/createSearchString.test.ts" name="createSearchString &gt; performance &gt; should handle large strings efficiently" time="0.005221918">
        </testcase>
        <testcase classname="packages/music-search/src/__tests__/utils/createSearchString.test.ts" name="createSearchString &gt; consistency &gt; should be idempotent" time="0.000354025">
        </testcase>
        <testcase classname="packages/music-search/src/__tests__/utils/createSearchString.test.ts" name="createSearchString &gt; consistency &gt; should handle null/undefined gracefully" time="0.000286034">
        </testcase>
    </testsuite>
    <testsuite name="packages/music-search/src/__tests__/utils/filterOutWords.test.ts" timestamp="2025-09-06T20:37:10.914Z" hostname="c82ba9db4d53" tests="39" failures="0" errors="0" skipped="0" time="0.033032089">
        <testcase classname="packages/music-search/src/__tests__/utils/filterOutWords.test.ts" name="filterOutWords &gt; basic functionality &gt; should convert input to lowercase" time="0.004191772">
        </testcase>
        <testcase classname="packages/music-search/src/__tests__/utils/filterOutWords.test.ts" name="filterOutWords &gt; basic functionality &gt; should trim whitespace from result" time="0.000695581">
        </testcase>
        <testcase classname="packages/music-search/src/__tests__/utils/filterOutWords.test.ts" name="filterOutWords &gt; basic functionality &gt; should handle empty string" time="0.000906113">
        </testcase>
        <testcase classname="packages/music-search/src/__tests__/utils/filterOutWords.test.ts" name="filterOutWords &gt; basic functionality &gt; should handle whitespace-only string" time="0.000721361">
        </testcase>
        <testcase classname="packages/music-search/src/__tests__/utils/filterOutWords.test.ts" name="filterOutWords &gt; word filtering &gt; should filter out words when filtered=true" time="0.000550918">
        </testcase>
        <testcase classname="packages/music-search/src/__tests__/utils/filterOutWords.test.ts" name="filterOutWords &gt; word filtering &gt; should not filter out words when filtered=false" time="0.000478618">
        </testcase>
        <testcase classname="packages/music-search/src/__tests__/utils/filterOutWords.test.ts" name="filterOutWords &gt; word filtering &gt; should filter multiple words" time="0.000461567">
        </testcase>
        <testcase classname="packages/music-search/src/__tests__/utils/filterOutWords.test.ts" name="filterOutWords &gt; word filtering &gt; should handle case insensitive filtering" time="0.00066711">
        </testcase>
        <testcase classname="packages/music-search/src/__tests__/utils/filterOutWords.test.ts" name="filterOutWords &gt; word filtering &gt; should handle words not in filter list" time="0.000743061">
        </testcase>
        <testcase classname="packages/music-search/src/__tests__/utils/filterOutWords.test.ts" name="filterOutWords &gt; quote removal &gt; should remove quotes when removeQuotes=true" time="0.000497617">
        </testcase>
        <testcase classname="packages/music-search/src/__tests__/utils/filterOutWords.test.ts" name="filterOutWords &gt; quote removal &gt; should not remove quotes when removeQuotes=false" time="0.000443127">
        </testcase>
        <testcase classname="packages/music-search/src/__tests__/utils/filterOutWords.test.ts" name="filterOutWords &gt; quote removal &gt; should remove various quote types" time="0.000452946">
        </testcase>
        <testcase classname="packages/music-search/src/__tests__/utils/filterOutWords.test.ts" name="filterOutWords &gt; quote removal &gt; should handle multiple quote characters" time="0.000534508">
        </testcase>
        <testcase classname="packages/music-search/src/__tests__/utils/filterOutWords.test.ts" name="filterOutWords &gt; separator cut-off &gt; should cut off at separators when cutOffSeparators=true" time="0.000922184">
        </testcase>
        <testcase classname="packages/music-search/src/__tests__/utils/filterOutWords.test.ts" name="filterOutWords &gt; separator cut-off &gt; should not cut off when cutOffSeparators=false" time="0.000508597">
        </testcase>
        <testcase classname="packages/music-search/src/__tests__/utils/filterOutWords.test.ts" name="filterOutWords &gt; separator cut-off &gt; should cut off at last occurrence of separator" time="0.000381985">
        </testcase>
        <testcase classname="packages/music-search/src/__tests__/utils/filterOutWords.test.ts" name="filterOutWords &gt; separator cut-off &gt; should handle multiple separator types" time="0.000614479">
        </testcase>
        <testcase classname="packages/music-search/src/__tests__/utils/filterOutWords.test.ts" name="filterOutWords &gt; separator cut-off &gt; should not cut off if separator not found" time="0.000488227">
        </testcase>
        <testcase classname="packages/music-search/src/__tests__/utils/filterOutWords.test.ts" name="filterOutWords &gt; empty brackets removal &gt; should remove empty brackets" time="0.000380046">
        </testcase>
        <testcase classname="packages/music-search/src/__tests__/utils/filterOutWords.test.ts" name="filterOutWords &gt; empty brackets removal &gt; should remove multiple empty brackets" time="0.000361886">
        </testcase>
        <testcase classname="packages/music-search/src/__tests__/utils/filterOutWords.test.ts" name="filterOutWords &gt; empty brackets removal &gt; should not remove non-empty brackets" time="0.000368326">
        </testcase>
        <testcase classname="packages/music-search/src/__tests__/utils/filterOutWords.test.ts" name="filterOutWords &gt; trailing dash removal &gt; should remove trailing dashes" time="0.000580459">
        </testcase>
        <testcase classname="packages/music-search/src/__tests__/utils/filterOutWords.test.ts" name="filterOutWords &gt; trailing dash removal &gt; should remove multiple trailing dashes" time="0.000497018">
        </testcase>
        <testcase classname="packages/music-search/src/__tests__/utils/filterOutWords.test.ts" name="filterOutWords &gt; trailing dash removal &gt; should not remove dashes from short strings" time="0.000317195">
        </testcase>
        <testcase classname="packages/music-search/src/__tests__/utils/filterOutWords.test.ts" name="filterOutWords &gt; trailing dash removal &gt; should handle starting dashes" time="0.000259544">
        </testcase>
        <testcase classname="packages/music-search/src/__tests__/utils/filterOutWords.test.ts" name="filterOutWords &gt; trailing dash removal &gt; should not affect middle dashes" time="0.000369006">
        </testcase>
        <testcase classname="packages/music-search/src/__tests__/utils/filterOutWords.test.ts" name="filterOutWords &gt; combined operations &gt; should apply all filters when all flags are true" time="0.000351955">
        </testcase>
        <testcase classname="packages/music-search/src/__tests__/utils/filterOutWords.test.ts" name="filterOutWords &gt; combined operations &gt; should handle complex real-world examples" time="0.000377665">
        </testcase>
        <testcase classname="packages/music-search/src/__tests__/utils/filterOutWords.test.ts" name="filterOutWords &gt; combined operations &gt; should preserve order of operations" time="0.000501387">
        </testcase>
        <testcase classname="packages/music-search/src/__tests__/utils/filterOutWords.test.ts" name="filterOutWords &gt; edge cases &gt; should handle strings with only filtered content" time="0.000418886">
        </testcase>
        <testcase classname="packages/music-search/src/__tests__/utils/filterOutWords.test.ts" name="filterOutWords &gt; edge cases &gt; should handle repeated separators" time="0.000398356">
        </testcase>
        <testcase classname="packages/music-search/src/__tests__/utils/filterOutWords.test.ts" name="filterOutWords &gt; edge cases &gt; should handle mixed whitespace" time="0.000357506">
        </testcase>
        <testcase classname="packages/music-search/src/__tests__/utils/filterOutWords.test.ts" name="filterOutWords &gt; edge cases &gt; should handle very long strings" time="0.000732351">
        </testcase>
        <testcase classname="packages/music-search/src/__tests__/utils/filterOutWords.test.ts" name="filterOutWords &gt; edge cases &gt; should handle strings with only separators" time="0.000304694">
        </testcase>
        <testcase classname="packages/music-search/src/__tests__/utils/filterOutWords.test.ts" name="filterOutWords &gt; configuration dependency &gt; should call getCurrentMusicSearchConfig" time="0.001073576">
        </testcase>
        <testcase classname="packages/music-search/src/__tests__/utils/filterOutWords.test.ts" name="filterOutWords &gt; configuration dependency &gt; should use configuration values" time="0.000368885">
        </testcase>
        <testcase classname="packages/music-search/src/__tests__/utils/filterOutWords.test.ts" name="filterOutWords &gt; configuration dependency &gt; should handle empty configuration arrays" time="0.000316014">
        </testcase>
        <testcase classname="packages/music-search/src/__tests__/utils/filterOutWords.test.ts" name="filterOutWords &gt; performance &gt; should handle many filter operations efficiently" time="0.000458157">
        </testcase>
        <testcase classname="packages/music-search/src/__tests__/utils/filterOutWords.test.ts" name="filterOutWords &gt; performance &gt; should handle large filter arrays efficiently" time="0.001912549">
        </testcase>
    </testsuite>
    <testsuite name="packages/music-search/src/__tests__/utils/removeFeaturing.test.ts" timestamp="2025-09-06T20:37:10.927Z" hostname="c82ba9db4d53" tests="14" failures="0" errors="0" skipped="0" time="0.031067359">
        <testcase classname="packages/music-search/src/__tests__/utils/removeFeaturing.test.ts" name="removeFeaturing &gt; happy path &gt; returns clean song titles" time="0.009411259">
        </testcase>
        <testcase classname="packages/music-search/src/__tests__/utils/removeFeaturing.test.ts" name="removeFeaturing &gt; happy path &gt; removes feat markers" time="0.001533333">
        </testcase>
        <testcase classname="packages/music-search/src/__tests__/utils/removeFeaturing.test.ts" name="removeFeaturing &gt; happy path &gt; removes parentheses content" time="0.002820861">
        </testcase>
        <testcase classname="packages/music-search/src/__tests__/utils/removeFeaturing.test.ts" name="removeFeaturing &gt; happy path &gt; prioritizes first occurrence" time="0.001238628">
        </testcase>
        <testcase classname="packages/music-search/src/__tests__/utils/removeFeaturing.test.ts" name="removeFeaturing &gt; edge cases &gt; handles boundary inputs: &quot;&quot; -&gt; &quot;&quot;" time="0.000601409">
        </testcase>
        <testcase classname="packages/music-search/src/__tests__/utils/removeFeaturing.test.ts" name="removeFeaturing &gt; edge cases &gt; handles boundary inputs: &quot;(&quot; -&gt; &quot;&quot;" time="0.000286475">
        </testcase>
        <testcase classname="packages/music-search/src/__tests__/utils/removeFeaturing.test.ts" name="removeFeaturing &gt; edge cases &gt; handles boundary inputs: &quot;feat&quot; -&gt; &quot;&quot;" time="0.000593499">
        </testcase>
        <testcase classname="packages/music-search/src/__tests__/utils/removeFeaturing.test.ts" name="removeFeaturing &gt; edge cases &gt; handles boundary inputs: &quot;a&quot; -&gt; &quot;a&quot;" time="0.000275774">
        </testcase>
        <testcase classname="packages/music-search/src/__tests__/utils/removeFeaturing.test.ts" name="removeFeaturing &gt; edge cases &gt; removes from first &quot;feat&quot; occurrence" time="0.000877763">
        </testcase>
        <testcase classname="packages/music-search/src/__tests__/utils/removeFeaturing.test.ts" name="removeFeaturing &gt; edge cases &gt; handles case sensitivity" time="0.001018015">
        </testcase>
        <testcase classname="packages/music-search/src/__tests__/utils/removeFeaturing.test.ts" name="removeFeaturing &gt; edge cases &gt; ignores closing parenthesis only" time="0.000574418">
        </testcase>
        <testcase classname="packages/music-search/src/__tests__/utils/removeFeaturing.test.ts" name="removeFeaturing &gt; error handling &gt; handles null and undefined inputs" time="0.002888733">
        </testcase>
        <testcase classname="packages/music-search/src/__tests__/utils/removeFeaturing.test.ts" name="removeFeaturing &gt; real-world examples &gt; processes common patterns: &quot;Despacito feat. Justin Bieber&quot;" time="0.000658289">
        </testcase>
        <testcase classname="packages/music-search/src/__tests__/utils/removeFeaturing.test.ts" name="removeFeaturing &gt; real-world examples &gt; processes common patterns: &quot;Bohemian Rhapsody (Live Aid 1985)&quot;" time="0.000866213">
        </testcase>
    </testsuite>
    <testsuite name="apps/web/__tests__/api/index.test.ts" timestamp="2025-09-06T20:37:10.933Z" hostname="c82ba9db4d53" tests="2" failures="0" errors="0" skipped="0" time="0.012808589">
        <testcase classname="apps/web/__tests__/api/index.test.ts" name="API Test Utilities &gt; should create mock request and response objects" time="0.007318128">
        </testcase>
        <testcase classname="apps/web/__tests__/api/index.test.ts" name="API Test Utilities &gt; should verify response helper works" time="0.002465317">
        </testcase>
    </testsuite>
    <testsuite name="apps/web/__tests__/pages/index.test.tsx" timestamp="2025-09-06T20:37:10.934Z" hostname="c82ba9db4d53" tests="1" failures="1" errors="0" skipped="0" time="0">
        <testcase classname="apps/web/__tests__/pages/index.test.tsx" name="__tests__/pages/index.test.tsx" time="0">
            <failure message="Failed to resolve import &quot;@/components/Logo&quot; from &quot;apps/web/pages/index.tsx&quot;. Does the file exist?" type="Error">
Error: Failed to resolve import &quot;@/components/Logo&quot; from &quot;apps/web/pages/index.tsx&quot;. Does the file exist?
  Plugin: vite:import-analysis
  File: /var/tmp/vibe-kanban/worktrees/vk-b25b-create-tes/apps/web/pages/index.tsx:1:17
  1  |  &quot;use strict&quot;;
  2  |  import Logo from &quot;@/components/Logo&quot;;
     |                    ^
  3  |  import PlexConnection from &quot;@/components/PlexConnection&quot;;
  4  |  import PlexConnectionDialog from &quot;@/components/PlexConnectionDialog&quot;;
 ❯ TransformPluginContext._formatLog ../../node_modules/.pnpm/vite@7.1.4_@types+node@20.19.11_sass@1.90.0/node_modules/vite/dist/node/chunks/dep-C6pp_iVS.js:31522:43
 ❯ TransformPluginContext.error ../../node_modules/.pnpm/vite@7.1.4_@types+node@20.19.11_sass@1.90.0/node_modules/vite/dist/node/chunks/dep-C6pp_iVS.js:31519:14
 ❯ normalizeUrl ../../node_modules/.pnpm/vite@7.1.4_@types+node@20.19.11_sass@1.90.0/node_modules/vite/dist/node/chunks/dep-C6pp_iVS.js:29991:18
 ❯ ../../node_modules/.pnpm/vite@7.1.4_@types+node@20.19.11_sass@1.90.0/node_modules/vite/dist/node/chunks/dep-C6pp_iVS.js:30049:32
 ❯ TransformPluginContext.transform ../../node_modules/.pnpm/vite@7.1.4_@types+node@20.19.11_sass@1.90.0/node_modules/vite/dist/node/chunks/dep-C6pp_iVS.js:30017:4
 ❯ EnvironmentPluginContainer.transform ../../node_modules/.pnpm/vite@7.1.4_@types+node@20.19.11_sass@1.90.0/node_modules/vite/dist/node/chunks/dep-C6pp_iVS.js:31320:14
 ❯ loadAndTransform ../../node_modules/.pnpm/vite@7.1.4_@types+node@20.19.11_sass@1.90.0/node_modules/vite/dist/node/chunks/dep-C6pp_iVS.js:26407:26
            </failure>
        </testcase>
    </testsuite>
    <testsuite name="apps/web/__tests__/hooks/useDualModeEditor.test.ts" timestamp="2025-09-06T20:37:10.937Z" hostname="c82ba9db4d53" tests="3" failures="0" errors="0" skipped="0" time="0.028554972">
        <testcase classname="apps/web/__tests__/hooks/useDualModeEditor.test.ts" name="useDualModeEditor Hook &gt; should initialize with default state" time="0.0182394">
        </testcase>
        <testcase classname="apps/web/__tests__/hooks/useDualModeEditor.test.ts" name="useDualModeEditor Hook &gt; should switch view modes" time="0.004949573">
        </testcase>
        <testcase classname="apps/web/__tests__/hooks/useDualModeEditor.test.ts" name="useDualModeEditor Hook &gt; should update data when changed" time="0.003242078">
        </testcase>
    </testsuite>
    <testsuite name="apps/web/__tests__/components/ConfirmProvider/ConfirmProvider.test.tsx" timestamp="2025-09-06T20:37:10.938Z" hostname="c82ba9db4d53" tests="7" failures="1" errors="0" skipped="0" time="0.852315626">
        <testcase classname="apps/web/__tests__/components/ConfirmProvider/ConfirmProvider.test.tsx" name="ConfirmProvider &gt; Basic Functionality &gt; should render without crashing" time="0.06086627">
        </testcase>
        <testcase classname="apps/web/__tests__/components/ConfirmProvider/ConfirmProvider.test.tsx" name="ConfirmProvider &gt; Basic Functionality &gt; should not display confirmation dialog initially" time="0.01621509">
        </testcase>
        <testcase classname="apps/web/__tests__/components/ConfirmProvider/ConfirmProvider.test.tsx" name="ConfirmProvider &gt; Basic Functionality &gt; should display confirmation dialog when triggered" time="0.327605081">
        </testcase>
[...]
      sibling: [1mnull[22m,
      index: [33m1[39m,
      ref: [1mnull[22m,
      pendingProps: [36m[Object][39m,
      memoizedProps: [36m[Object][39m,
      updateQueue: [1mnull[22m,
      memoizedState: [1mnull[22m,
      dependencies: [1mnull[22m,
      mode: [33m1[39m,
      flags: [33m0[39m,
      subtreeFlags: [33m5[39m,
      deletions: [1mnull[22m,
      lanes: [33m0[39m,
      childLanes: [33m0[39m,
      alternate: [36m[Circular *2][39m,
      actualDuration: [33m0[39m,
      actualStartTime: [33m-1[39m,
      selfBaseDuration: [33m0[39m,
      treeBaseDuration: [33m0[39m,
      _debugSource: [1mnull[22m,
      _debugOwner: [36m[FiberNode][39m,
      _debugNeedsRemount: [33mfalse[39m,
      _debugHookTypes: [1mnull[22m
    },
    actualDuration: [33m0[39m,
    actualStartTime: [33m-1[39m,
    selfBaseDuration: [33m0[39m,
    treeBaseDuration: [33m0[39m,
    _debugSource: [1mnull[22m,
    _debugOwner: FiberNode {
      tag: [33m11[39m,
      key: [1mnull[22m,
      elementType: [36m[Object][39m,
      type: [36m[Object][39m,
      stateNode: [1mnull[22m,
      return: [36m[FiberNode][39m,
      child: [36m[FiberNode][39m,
      sibling: [1mnull[22m,
      index: [33m0[39m,
      ref: [1mnull[22m,
      pendingProps: [36m[Object][39m,
      memoizedProps: [36m[Object][39m,
      updateQueue: [1mnull[22m,
      memoizedState: [1mnull[22m,
      dependencies: [36m[Object][39m,
      mode: [33m1[39m,
      flags: [33m1[39m,
      subtreeFlags: [33m1048581[39m,
      deletions: [1mnull[22m,
      lanes: [33m0[39m,
      childLanes: [33m0[39m,
      alternate: [36m[FiberNode][39m,
      actualDuration: [33m0[39m,
      actualStartTime: [33m-1[39m,
      selfBaseDuration: [33m0[39m,
      treeBaseDuration: [33m0[39m,
      _debugSource: [90mundefined[39m,
      _debugOwner: [36m[FiberNode][39m,
      _debugNeedsRemount: [33mfalse[39m,
      _debugHookTypes: [36m[Array][39m
    },
    _debugNeedsRemount: [33mfalse[39m,
    _debugHookTypes: [1mnull[22m
  },
  [32m&apos;__reactProps$a2doyi6ytu8&apos;[39m: {
    className: [32m&apos;MuiBox-root css-0&apos;[39m,
    id: [32m&apos;pill-pill-0&apos;[39m,
    children: {
      [32m&apos;$$typeof&apos;[39m: [32mSymbol(react.element)[39m,
      type: [36m[Function: FieldPill][39m,
      key: [1mnull[22m,
      ref: [1mnull[22m,
      props: [36m[Object][39m,
      _owner: [36m[FiberNode][39m,
      _store: {}
    }
  }
}
Operation selector positioning element: [36m&lt;ref *1&gt;[39m HTMLDivElement {
  [32m&apos;__reactFiber$a2doyi6ytu8&apos;[39m: [36m&lt;ref *2&gt;[39m FiberNode {
    tag: [33m5[39m,
    key: [1mnull[22m,
    elementType: [32m&apos;div&apos;[39m,
    type: [32m&apos;div&apos;[39m,
    stateNode: [36m[Circular *1][39m,
    return: FiberNode {
      tag: [33m11[39m,
      key: [1mnull[22m,
      elementType: [36m[Object][39m,
      type: [36m[Object][39m,
      stateNode: [1mnull[22m,
      return: [36m[FiberNode][39m,
      child: [36m[FiberNode][39m,
      sibling: [1mnull[22m,
      index: [33m0[39m,
      ref: [1mnull[22m,
      pendingProps: [36m[Object][39m,
      memoizedProps: [36m[Object][39m,
      updateQueue: [1mnull[22m,
      memoizedState: [1mnull[22m,
      dependencies: [36m[Object][39m,
      mode: [33m1[39m,
      flags: [33m1[39m,
      subtreeFlags: [33m1048581[39m,
      deletions: [1mnull[22m,
      lanes: [33m0[39m,
      childLanes: [33m0[39m,
      alternate: [36m[FiberNode][39m,
      actualDuration: [33m0[39m,
      actualStartTime: [33m-1[39m,
      selfBaseDuration: [33m0[39m,
      treeBaseDuration: [33m0[39m,
      _debugSource: [90mundefined[39m,
      _debugOwner: [36m[FiberNode][39m,
      _debugNeedsRemount: [33mfalse[39m,
      _debugHookTypes: [36m[Array][39m
    },
    child: FiberNode {
      tag: [33m0[39m,
      key: [1mnull[22m,
      elementType: [36m[Function: FieldPill][39m,
      type: [36m[Function: FieldPill][39m,
      stateNode: [1mnull[22m,
      return: [36m[Circular *2][39m,
      child: [36m[FiberNode][39m,
      sibling: [1mnull[22m,
      index: [33m0[39m,
      ref: [1mnull[22m,
      pendingProps: [36m[Object][39m,
      memoizedProps: [36m[Object][39m,
      updateQueue: [1mnull[22m,
      memoizedState: [1mnull[22m,
      dependencies: [1mnull[22m,
      mode: [33m1[39m,
      flags: [33m1[39m,
      subtreeFlags: [33m0[39m,
      deletions: [1mnull[22m,
      lanes: [33m0[39m,
      childLanes: [33m0[39m,
      alternate: [36m[FiberNode][39m,
      actualDuration: [33m0[39m,
      actualStartTime: [33m-1[39m,
      selfBaseDuration: [33m0[39m,
      treeBaseDuration: [33m0[39m,
      _debugSource: [1mnull[22m,
      _debugOwner: [36m[FiberNode][39m,
      _debugNeedsRemount: [33mfalse[39m,
      _debugHookTypes: [1mnull[22m
    },
    sibling: [1mnull[22m,
    index: [33m1[39m,
    ref: [1mnull[22m,
    pendingProps: {
      className: [32m&apos;MuiBox-root css-0&apos;[39m,
      id: [32m&apos;pill-pill-0&apos;[39m,
      children: [36m[Object][39m
    },
    memoizedProps: {
      className: [32m&apos;MuiBox-root css-0&apos;[39m,
      id: [32m&apos;pill-pill-0&apos;[39m,
      children: [36m[Object][39m
    },
    updateQueue: [1mnull[22m,
    memoizedState: [1mnull[22m,
    dependencies: [1mnull[22m,
    mode: [33m1[39m,
    flags: [33m1048576[39m,
    subtreeFlags: [33m1[39m,
    deletions: [1mnull[22m,
    lanes: [33m0[39m,
    childLanes: [33m0[39m,
    alternate: FiberNode {
      tag: [33m5[39m,
      key: [1mnull[22m,
      elementType: [32m&apos;div&apos;[39m,
      type: [32m&apos;div&apos;[39m,
      stateNode: [36m[Circular *1][39m,
      return: [36m[FiberNode][39m,
      child: [36m[FiberNode][39m,
      sibling: [1mnull[22m,
      index: [33m1[39m,
      ref: [1mnull[22m,
      pendingProps: [36m[Object][39m,
      memoizedProps: [36m[Object][39m,
      updateQueue: [1mnull[22m,
      memoizedState: [1mnull[22m,
      dependencies: [1mnull[22m,
      mode: [33m1[39m,
      flags: [33m0[39m,
      subtreeFlags: [33m5[39m,
      deletions: [1mnull[22m,
      lanes: [33m0[39m,
      childLanes: [33m0[39m,
      alternate: [36m[Circular *2][39m,
      actualDuration: [33m0[39m,
      actualStartTime: [33m-1[39m,
      selfBaseDuration: [33m0[39m,
      treeBaseDuration: [33m0[39m,
      _debugSource: [1mnull[22m,
      _debugOwner: [36m[FiberNode][39m,
      _debugNeedsRemount: [33mfalse[39m,
      _debugHookTypes: [1mnull[22m
    },
    actualDuration: [33m0[39m,
    actualStartTime: [33m-1[39m,
    selfBaseDuration: [33m0[39m,
    treeBaseDuration: [33m0[39m,
    _debugSource: [1mnull[22m,
    _debugOwner: FiberNode {
      tag: [33m11[39m,
      key: [1mnull[22m,
      elementType: [36m[Object][39m,
      type: [36m[Object][39m,
      stateNode: [1mnull[22m,
      return: [36m[FiberNode][39m,
      child: [36m[FiberNode][39m,
      sibling: [1mnull[22m,
      index: [33m0[39m,
      ref: [1mnull[22m,
      pendingProps: [36m[Object][39m,
      memoizedProps: [36m[Object][39m,
      updateQueue: [1mnull[22m,
      memoizedState: [1mnull[22m,
      dependencies: [36m[Object][39m,
      mode: [33m1[39m,
      flags: [33m1[39m,
      subtreeFlags: [33m1048581[39m,
      deletions: [1mnull[22m,
      lanes: [33m0[39m,
      childLanes: [33m0[39m,
      alternate: [36m[FiberNode][39m,
      actualDuration: [33m0[39m,
      actualStartTime: [33m-1[39m,
      selfBaseDuration: [33m0[39m,
      treeBaseDuration: [33m0[39m,
      _debugSource: [90mundefined[39m,
      _debugOwner: [36m[FiberNode][39m,
      _debugNeedsRemount: [33mfalse[39m,
      _debugHookTypes: [36m[Array][39m
    },
    _debugNeedsRemount: [33mfalse[39m,
    _debugHookTypes: [1mnull[22m
  },
  [32m&apos;__reactProps$a2doyi6ytu8&apos;[39m: {
    className: [32m&apos;MuiBox-root css-0&apos;[39m,
    id: [32m&apos;pill-pill-0&apos;[39m,
    children: {
      [32m&apos;$$typeof&apos;[39m: [32mSymbol(react.element)[39m,
      type: [36m[Function: FieldPill][39m,
      key: [1mnull[22m,
      ref: [1mnull[22m,
      props: [36m[Object][39m,
      _owner: [36m[FiberNode][39m,
      _store: {}
    }
  }
}

Field selector positioning element: [1mnull[22m
Operation selector positioning element: [1mnull[22m

            </system-out>
        </testcase>
        <testcase classname="apps/web/__tests__/components/PillEditor/PillEditor.test.tsx" name="PillEditor &gt; Expression Updates &gt; should handle rapid updates without conflicts" time="0.086279105">
            <system-out>
Field selector positioning element: [1mnull[22m
Operation selector positioning element: [1mnull[22m

Field selector positioning element: [36m&lt;ref *1&gt;[39m HTMLDivElement {
  [32m&apos;__reactFiber$a2doyi6ytu8&apos;[39m: [36m&lt;ref *2&gt;[39m FiberNode {
    tag: [33m5[39m,
    key: [1mnull[22m,
    elementType: [32m&apos;div&apos;[39m,
    type: [32m&apos;div&apos;[39m,
    stateNode: [36m[Circular *1][39m,
    return: FiberNode {
      tag: [33m11[39m,
      key: [1mnull[22m,
      elementType: [36m[Object][39m,
      type: [36m[Object][39m,
      stateNode: [1mnull[22m,
      return: [36m[FiberNode][39m,
      child: [36m[FiberNode][39m,
      sibling: [1mnull[22m,
      index: [33m0[39m,
      ref: [1mnull[22m,
      pendingProps: [36m[Object][39m,
      memoizedProps: [36m[Object][39m,
      updateQueue: [1mnull[22m,
      memoizedState: [1mnull[22m,
      dependencies: [36m[Object][39m,
      mode: [33m1[39m,
      flags: [33m1[39m,
      subtreeFlags: [33m1048581[39m,
      deletions: [1mnull[22m,
      lanes: [33m0[39m,
      childLanes: [33m0[39m,
      alternate: [36m[FiberNode][39m,
      actualDuration: [33m0[39m,
      actualStartTime: [33m-1[39m,
      selfBaseDuration: [33m0[39m,
      treeBaseDuration: [33m0[39m,
      _debugSource: [90mundefined[39m,
      _debugOwner: [36m[FiberNode][39m,
      _debugNeedsRemount: [33mfalse[39m,
      _debugHookTypes: [36m[Array][39m
    },
    child: FiberNode {
      tag: [33m0[39m,
      key: [1mnull[22m,
      elementType: [36m[Function: FieldPill][39m,
      type: [36m[Function: FieldPill][39m,
      stateNode: [1mnull[22m,
      return: [36m[Circular *2][39m,
      child: [36m[FiberNode][39m,
      sibling: [1mnull[22m,
      index: [33m0[39m,
      ref: [1mnull[22m,
      pendingProps: [36m[Object][39m,
      memoizedProps: [36m[Object][39m,
      updateQueue: [1mnull[22m,
      memoizedState: [1mnull[22m,
      dependencies: [1mnull[22m,
      mode: [33m1[39m,
      flags: [33m1[39m,
      subtreeFlags: [33m0[39m,
      deletions: [1mnull[22m,
      lanes: [33m0[39m,
      childLanes: [33m0[39m,
      alternate: [36m[FiberNode][39m,
      actualDuration: [33m0[39m,
      actualStartTime: [33m-1[39m,
      selfBaseDuration: [33m0[39m,
      treeBaseDuration: [33m0[39m,
      _debugSource: [1mnull[22m,
      _debugOwner: [36m[FiberNode][39m,
      _debugNeedsRemount: [33mfalse[39m,
      _debugHookTypes: [1mnull[22m
    },
    sibling: [1mnull[22m,
    index: [33m1[39m,
    ref: [1mnull[22m,
    pendingProps: {
      className: [32m&apos;MuiBox-root css-0&apos;[39m,
      id: [32m&apos;pill-pill-0&apos;[39m,
      children: [36m[Object][39m
    },
    memoizedProps: {
      className: [32m&apos;MuiBox-root css-0&apos;[39m,
      id: [32m&apos;pill-pill-0&apos;[39m,
      children: [36m[Object][39m
    },
    updateQueue: [1mnull[22m,
    memoizedState: [1mnull[22m,
    dependencies: [1mnull[22m,
    mode: [33m1[39m,
    flags: [33m1048576[39m,
    subtreeFlags: [33m1[39m,
    deletions: [1mnull[22m,
    lanes: [33m0[39m,
    childLanes: [33m0[39m,
    alternate: FiberNode {
      tag: [33m5[39m,
      key: [1mnull[22m,
      elementType: [32m&apos;div&apos;[39m,
      type: [32m&apos;div&apos;[39m,
      stateNode: [36m[Circular *1][39m,
      return: [36m[FiberNode][39m,
      child: [36m[FiberNode][39m,
      sibling: [1mnull[22m,
      index: [33m1[39m,
      ref: [1mnull[22m,
      pendingProps: [36m[Object][39m,
      memoizedProps: [36m[Object][39m,
      updateQueue: [1mnull[22m,
      memoizedState: [1mnull[22m,
      dependencies: [1mnull[22m,
      mode: [33m1[39m,
      flags: [33m0[39m,
      subtreeFlags: [33m5[39m,
      deletions: [1mnull[22m,
      lanes: [33m0[39m,
      childLanes: [33m0[39m,
      alternate: [36m[Circular *2][39m,
      actualDuration: [33m0[39m,
      actualStartTime: [33m-1[39m,
      selfBaseDuration: [33m0[39m,
      treeBaseDuration: [33m0[39m,
      _debugSource: [1mnull[22m,
      _debugOwner: [36m[FiberNode][39m,
      _debugNeedsRemount: [33mfalse[39m,
      _debugHookTypes: [1mnull[22m
    },
    actualDuration: [33m0[39m,
    actualStartTime: [33m-1[39m,
    selfBaseDuration: [33m0[39m,
    treeBaseDuration: [33m0[39m,
    _debugSource: [1mnull[22m,
    _debugOwner: FiberNode {
      tag: [33m11[39m,
      key: [1mnull[22m,
      elementType: [36m[Object][39m,
      type: [36m[Object][39m,
      stateNode: [1mnull[22m,
      return: [36m[FiberNode][39m,
      child: [36m[FiberNode][39m,
      sibling: [1mnull[22m,
      index: [33m0[39m,
      ref: [1mnull[22m,
      pendingProps: [36m[Object][39m,
      memoizedProps: [36m[Object][39m,
      updateQueue: [1mnull[22m,
      memoizedState: [1mnull[22m,
      dependencies: [36m[Object][39m,
      mode: [33m1[39m,
      flags: [33m1[39m,
      subtreeFlags: [33m1048581[39m,
      deletions: [1mnull[22m,
      lanes: [33m0[39m,
      childLanes: [33m0[39m,
      alternate: [36m[FiberNode][39m,
      actualDuration: [33m0[39m,
      actualStartTime: [33m-1[39m,
      selfBaseDuration: [33m0[39m,
      treeBaseDuration: [33m0[39m,
      _debugSource: [90mundefined[39m,
      _debugOwner: [36m[FiberNode][39m,
      _debugNeedsRemount: [33mfalse[39m,
      _debugHookTypes: [36m[Array][39m
    },
    _debugNeedsRemount: [33mfalse[39m,
    _debugHookTypes: [1mnull[22m
  },
  [32m&apos;__reactProps$a2doyi6ytu8&apos;[39m: {
    className: [32m&apos;MuiBox-root css-0&apos;[39m,
    id: [32m&apos;pill-pill-0&apos;[39m,
    children: {
      [32m&apos;$$typeof&apos;[39m: [32mSymbol(react.element)[39m,
      type: [36m[Function: FieldPill][39m,
      key: [1mnull[22m,
      ref: [1mnull[22m,
      props: [36m[Object][39m,
      _owner: [36m[FiberNode][39m,
      _store: {}
    }
  }
}
Operation selector positioning element: [36m&lt;ref *1&gt;[39m HTMLDivElement {
  [32m&apos;__reactFiber$a2doyi6ytu8&apos;[39m: [36m&lt;ref *2&gt;[39m FiberNode {
    tag: [33m5[39m,
    key: [1mnull[22m,
    elementType: [32m&apos;div&apos;[39m,
    type: [32m&apos;div&apos;[39m,
    stateNode: [36m[Circular *1][39m,
    return: FiberNode {
      tag: [33m11[39m,
      key: [1mnull[22m,
      elementType: [36m[Object][39m,
      type: [36m[Object][39m,
      stateNode: [1mnull[22m,
      return: [36m[FiberNode][39m,
      child: [36m[FiberNode][39m,
      sibling: [1mnull[22m,
      index: [33m0[39m,
      ref: [1mnull[22m,
      pendingProps: [36m[Object][39m,
      memoizedProps: [36m[Object][39m,
      updateQueue: [1mnull[22m,
      memoizedState: [1mnull[22m,
      dependencies: [36m[Object][39m,
      mode: [33m1[39m,
      flags: [33m1[39m,
      subtreeFlags: [33m1048581[39m,
      deletions: [1mnull[22m,
      lanes: [33m0[39m,
      childLanes: [33m0[39m,
      alternate: [36m[FiberNode][39m,
      actualDuration: [33m0[39m,
      actualStartTime: [33m-1[39m,
      selfBaseDuration: [33m0[39m,
      treeBaseDuration: [33m0[39m,
      _debugSource: [90mundefined[39m,
      _debugOwner: [36m[FiberNode][39m,
      _debugNeedsRemount: [33mfalse[39m,
      _debugHookTypes: [36m[Array][39m
    },
    child: FiberNode {
      tag: [33m0[39m,
      key: [1mnull[22m,
      elementType: [36m[Function: FieldPill][39m,
      type: [36m[Function: FieldPill][39m,
      stateNode: [1mnull[22m,
      return: [36m[Circular *2][39m,
      child: [36m[FiberNode][39m,
      sibling: [1mnull[22m,
      index: [33m0[39m,
      ref: [1mnull[22m,
      pendingProps: [36m[Object][39m,
      memoizedProps: [36m[Object][39m,
      updateQueue: [1mnull[22m,
      memoizedState: [1mnull[22m,
      dependencies: [1mnull[22m,
      mode: [33m1[39m,
      flags: [33m1[39m,
      subtreeFlags: [33m0[39m,
      deletions: [1mnull[22m,
      lanes: [33m0[39m,
      childLanes: [33m0[39m,
      alternate: [36m[FiberNode][39m,
      actualDuration: [33m0[39m,
      actualStartTime: [33m-1[39m,
      selfBaseDuration: [33m0[39m,
      treeBaseDuration: [33m0[39m,
      _debugSource: [1mnull[22m,
      _debugOwner: [36m[FiberNode][39m,
      _debugNeedsRemount: [33mfalse[39m,
      _debugHookTypes: [1mnull[22m
    },
    sibling: [1mnull[22m,
    index: [33m1[39m,
    ref: [1mnull[22m,
    pendingProps: {
      className: [32m&apos;MuiBox-root css-0&apos;[39m,
      id: [32m&apos;pill-pill-0&apos;[39m,
      children: [36m[Object][39m
    },
    memoizedProps: {
      className: [32m&apos;MuiBox-root css-0&apos;[39m,
      id: [32m&apos;pill-pill-0&apos;[39m,
      children: [36m[Object][39m
    },
    updateQueue: [1mnull[22m,
    memoizedState: [1mnull[22m,
    dependencies: [1mnull[22m,
    mode: [33m1[39m,
    flags: [33m1048576[39m,
    subtreeFlags: [33m1[39m,
    deletions: [1mnull[22m,
    lanes: [33m0[39m,
    childLanes: [33m0[39m,
    alternate: FiberNode {
      tag: [33m5[39m,
      key: [1mnull[22m,
      elementType: [32m&apos;div&apos;[39m,
      type: [32m&apos;div&apos;[39m,
      stateNode: [36m[Circular *1][39m,
      return: [36m[FiberNode][39m,
      child: [36m[FiberNode][39m,
      sibling: [1mnull[22m,
      index: [33m1[39m,
      ref: [1mnull[22m,
      pendingProps: [36m[Object][39m,
      memoizedProps: [36m[Object][39m,
      updateQueue: [1mnull[22m,
      memoizedState: [1mnull[22m,
      dependencies: [1mnull[22m,
      mode: [33m1[39m,
      flags: [33m0[39m,
      subtreeFlags: [33m5[39m,
      deletions: [1mnull[22m,
      lanes: [33m0[39m,
      childLanes: [33m0[39m,
      alternate: [36m[Circular *2][39m,
      actualDuration: [33m0[39m,
      actualStartTime: [33m-1[39m,
      selfBaseDuration: [33m0[39m,
      treeBaseDuration: [33m0[39m,
      _debugSource: [1mnull[22m,
      _debugOwner: [36m[FiberNode][39m,
      _debugNeedsRemount: [33mfalse[39m,
      _debugHookTypes: [1mnull[22m
    },
    actualDuration: [33m0[39m,
    actualStartTime: [33m-1[39m,
    selfBaseDuration: [33m0[39m,
    treeBaseDuration: [33m0[39m,
    _debugSource: [1mnull[22m,
    _debugOwner: FiberNode {
      tag: [33m11[39m,
      key: [1mnull[22m,
      elementType: [36m[Object][39m,
      type: [36m[Object][39m,
      stateNode: [1mnull[22m,
      return: [36m[FiberNode][39m,
      child: [36m[FiberNode][39m,
      sibling: [1mnull[22m,
      index: [33m0[39m,
      ref: [1mnull[22m,
      pendingProps: [36m[Object][39m,
      memoizedProps: [36m[Object][39m,
      updateQueue: [1mnull[22m,
      memoizedState: [1mnull[22m,
      dependencies: [36m[Object][39m,
      mode: [33m1[39m,
      flags: [33m1[39m,
      subtreeFlags: [33m1048581[39m,
      deletions: [1mnull[22m,
      lanes: [33m0[39m,
      childLanes: [33m0[39m,
      alternate: [36m[FiberNode][39m,
      actualDuration: [33m0[39m,
      actualStartTime: [33m-1[39m,
      selfBaseDuration: [33m0[39m,
      treeBaseDuration: [33m0[39m,
      _debugSource: [90mundefined[39m,
      _debugOwner: [36m[FiberNode][39m,
      _debugNeedsRemount: [33mfalse[39m,
      _debugHookTypes: [36m[Array][39m
    },
    _debugNeedsRemount: [33mfalse[39m,
    _debugHookTypes: [1mnull[22m
  },
  [32m&apos;__reactProps$a2doyi6ytu8&apos;[39m: {
    className: [32m&apos;MuiBox-root css-0&apos;[39m,
    id: [32m&apos;pill-pill-0&apos;[39m,
    children: {
      [32m&apos;$$typeof&apos;[39m: [32mSymbol(react.element)[39m,
      type: [36m[Function: FieldPill][39m,
      key: [1mnull[22m,
      ref: [1mnull[22m,
      props: [36m[Object][39m,
      _owner: [36m[FiberNode][39m,
      _store: {}
    }
  }
}

Field selector positioning element: [1mnull[22m
Operation selector positioning element: [1mnull[22m

            </system-out>
        </testcase>
    </testsuite>
</testsuites>
