<?xml version="1.0" encoding="UTF-8" ?>
<testsuites name="vitest tests" tests="611" failures="0" errors="0" time="18.913038589">
    <testsuite name="packages/http-client/src/__tests__/AxiosRequest.test.ts" timestamp="2025-09-07T10:38:18.145Z" hostname="c82ba9db4d53" tests="21" failures="0" errors="0" skipped="0" time="0.023812913">
        <testcase classname="packages/http-client/src/__tests__/AxiosRequest.test.ts" name="AxiosRequest &gt; structure &gt; should have all HTTP methods" time="0.002955973">
        </testcase>
        <testcase classname="packages/http-client/src/__tests__/AxiosRequest.test.ts" name="AxiosRequest &gt; structure &gt; should map to correct method functions" time="0.00069001">
        </testcase>
        <testcase classname="packages/http-client/src/__tests__/AxiosRequest.test.ts" name="AxiosRequest &gt; method delegation &gt; should delegate GET requests correctly" time="0.002606158">
        </testcase>
        <testcase classname="packages/http-client/src/__tests__/AxiosRequest.test.ts" name="AxiosRequest &gt; method delegation &gt; should delegate POST requests correctly" time="0.000521727">
        </testcase>
        <testcase classname="packages/http-client/src/__tests__/AxiosRequest.test.ts" name="AxiosRequest &gt; method delegation &gt; should delegate PUT requests correctly" time="0.000589019">
        </testcase>
        <testcase classname="packages/http-client/src/__tests__/AxiosRequest.test.ts" name="AxiosRequest &gt; method delegation &gt; should delegate DELETE requests correctly" time="0.000459867">
        </testcase>
        <testcase classname="packages/http-client/src/__tests__/AxiosRequest.test.ts" name="AxiosRequest &gt; error handling delegation &gt; should propagate GET errors" time="0.002477395">
        </testcase>
        <testcase classname="packages/http-client/src/__tests__/AxiosRequest.test.ts" name="AxiosRequest &gt; error handling delegation &gt; should propagate POST errors" time="0.00070511">
        </testcase>
        <testcase classname="packages/http-client/src/__tests__/AxiosRequest.test.ts" name="AxiosRequest &gt; error handling delegation &gt; should propagate PUT errors" time="0.000873053">
        </testcase>
        <testcase classname="packages/http-client/src/__tests__/AxiosRequest.test.ts" name="AxiosRequest &gt; error handling delegation &gt; should propagate DELETE errors" time="0.000730031">
        </testcase>
        <testcase classname="packages/http-client/src/__tests__/AxiosRequest.test.ts" name="AxiosRequest &gt; type safety &gt; should support generic type parameters for GET" time="0.000842512">
        </testcase>
        <testcase classname="packages/http-client/src/__tests__/AxiosRequest.test.ts" name="AxiosRequest &gt; type safety &gt; should support generic type parameters for POST" time="0.000551378">
        </testcase>
        <testcase classname="packages/http-client/src/__tests__/AxiosRequest.test.ts" name="AxiosRequest &gt; type safety &gt; should support generic type parameters for PUT" time="0.000603609">
        </testcase>
        <testcase classname="packages/http-client/src/__tests__/AxiosRequest.test.ts" name="AxiosRequest &gt; type safety &gt; should support generic type parameters for DELETE" time="0.000803412">
        </testcase>
        <testcase classname="packages/http-client/src/__tests__/AxiosRequest.test.ts" name="AxiosRequest &gt; usage patterns &gt; should support chaining and method calls" time="0.000899963">
        </testcase>
        <testcase classname="packages/http-client/src/__tests__/AxiosRequest.test.ts" name="AxiosRequest &gt; usage patterns &gt; should handle concurrent requests" time="0.001447481">
        </testcase>
        <testcase classname="packages/http-client/src/__tests__/AxiosRequest.test.ts" name="AxiosRequest &gt; interface consistency &gt; should provide consistent interface across all methods" time="0.000499217">
        </testcase>
        <testcase classname="packages/http-client/src/__tests__/AxiosRequest.test.ts" name="AxiosRequest &gt; interface consistency &gt; should maintain object structure" time="0.001295359">
        </testcase>
        <testcase classname="packages/http-client/src/__tests__/AxiosRequest.test.ts" name="AxiosRequest &gt; interface consistency &gt; should be extensible" time="0.000546808">
        </testcase>
        <testcase classname="packages/http-client/src/__tests__/AxiosRequest.test.ts" name="AxiosRequest &gt; module exports &gt; should be the default export of the module" time="0.000276804">
        </testcase>
        <testcase classname="packages/http-client/src/__tests__/AxiosRequest.test.ts" name="AxiosRequest &gt; module exports &gt; should not expose internal implementation details" time="0.000413296">
        </testcase>
    </testsuite>
    <testsuite name="packages/http-client/src/__tests__/methods/axiosDelete.test.ts" timestamp="2025-09-07T10:38:18.151Z" hostname="c82ba9db4d53" tests="24" failures="0" errors="0" skipped="0" time="0.064204604">
        <testcase classname="packages/http-client/src/__tests__/methods/axiosDelete.test.ts" name="axiosDelete &gt; basic functionality &gt; should make DELETE request with correct parameters" time="0.011155181">
        </testcase>
        <testcase classname="packages/http-client/src/__tests__/methods/axiosDelete.test.ts" name="axiosDelete &gt; basic functionality &gt; should use HTTPS agent with rejectUnauthorized: false" time="0.008452711">
        </testcase>
        <testcase classname="packages/http-client/src/__tests__/methods/axiosDelete.test.ts" name="axiosDelete &gt; headers configuration &gt; should include required headers" time="0.001646334">
        </testcase>
        <testcase classname="packages/http-client/src/__tests__/methods/axiosDelete.test.ts" name="axiosDelete &gt; headers configuration &gt; should always include Accept header for JSON responses" time="0.000880563">
        </testcase>
        <testcase classname="packages/http-client/src/__tests__/methods/axiosDelete.test.ts" name="axiosDelete &gt; headers configuration &gt; should always include X-Plex-Token header" time="0.000628749">
        </testcase>
        <testcase classname="packages/http-client/src/__tests__/methods/axiosDelete.test.ts" name="axiosDelete &gt; error handling &gt; should propagate axios errors" time="0.00419917">
        </testcase>
        <testcase classname="packages/http-client/src/__tests__/methods/axiosDelete.test.ts" name="axiosDelete &gt; error handling &gt; should propagate HTTP error responses" time="0.001151387">
        </testcase>
        <testcase classname="packages/http-client/src/__tests__/methods/axiosDelete.test.ts" name="axiosDelete &gt; error handling &gt; should handle authorization errors" time="0.001131426">
        </testcase>
        <testcase classname="packages/http-client/src/__tests__/methods/axiosDelete.test.ts" name="axiosDelete &gt; error handling &gt; should handle not found errors" time="0.001193137">
        </testcase>
        <testcase classname="packages/http-client/src/__tests__/methods/axiosDelete.test.ts" name="axiosDelete &gt; error handling &gt; should handle connection timeouts" time="0.001220668">
        </testcase>
        <testcase classname="packages/http-client/src/__tests__/methods/axiosDelete.test.ts" name="axiosDelete &gt; type safety &gt; should support generic type parameters" time="0.001063026">
        </testcase>
        <testcase classname="packages/http-client/src/__tests__/methods/axiosDelete.test.ts" name="axiosDelete &gt; type safety &gt; should handle complex response types" time="0.000992414">
        </testcase>
        <testcase classname="packages/http-client/src/__tests__/methods/axiosDelete.test.ts" name="axiosDelete &gt; type safety &gt; should handle void response types" time="0.001037195">
        </testcase>
        <testcase classname="packages/http-client/src/__tests__/methods/axiosDelete.test.ts" name="axiosDelete &gt; Plex API specific features &gt; should work with playlist deletion endpoint" time="0.001838276">
        </testcase>
        <testcase classname="packages/http-client/src/__tests__/methods/axiosDelete.test.ts" name="axiosDelete &gt; Plex API specific features &gt; should work with different Plex resource endpoints" time="0.002300923">
        </testcase>
        <testcase classname="packages/http-client/src/__tests__/methods/axiosDelete.test.ts" name="axiosDelete &gt; Plex API specific features &gt; should handle different token formats" time="0.00413114">
        </testcase>
        <testcase classname="packages/http-client/src/__tests__/methods/axiosDelete.test.ts" name="axiosDelete &gt; performance and reliability &gt; should handle concurrent requests" time="0.002555777">
        </testcase>
        <testcase classname="packages/http-client/src/__tests__/methods/axiosDelete.test.ts" name="axiosDelete &gt; performance and reliability &gt; should maintain consistent configuration across calls" time="0.005392708">
        </testcase>
        <testcase classname="packages/http-client/src/__tests__/methods/axiosDelete.test.ts" name="axiosDelete &gt; performance and reliability &gt; should handle network retries gracefully" time="0.001053665">
        </testcase>
        <testcase classname="packages/http-client/src/__tests__/methods/axiosDelete.test.ts" name="axiosDelete &gt; edge cases &gt; should handle empty token" time="0.001120127">
        </testcase>
        <testcase classname="packages/http-client/src/__tests__/methods/axiosDelete.test.ts" name="axiosDelete &gt; edge cases &gt; should handle special characters in URL" time="0.000746311">
        </testcase>
        <testcase classname="packages/http-client/src/__tests__/methods/axiosDelete.test.ts" name="axiosDelete &gt; edge cases &gt; should handle very long URLs" time="0.000725451">
        </testcase>
        <testcase classname="packages/http-client/src/__tests__/methods/axiosDelete.test.ts" name="axiosDelete &gt; edge cases &gt; should work with both HTTP and HTTPS URLs" time="0.002142481">
        </testcase>
        <testcase classname="packages/http-client/src/__tests__/methods/axiosDelete.test.ts" name="axiosDelete &gt; edge cases &gt; should handle numeric IDs in URLs" time="0.003018443">
        </testcase>
    </testsuite>
    <testsuite name="packages/http-client/src/__tests__/methods/axiosGet.test.ts" timestamp="2025-09-07T10:38:18.156Z" hostname="c82ba9db4d53" tests="22" failures="0" errors="0" skipped="0" time="0.051066195">
        <testcase classname="packages/http-client/src/__tests__/methods/axiosGet.test.ts" name="axiosGet &gt; basic functionality &gt; should make GET request with correct parameters" time="0.007299205">
        </testcase>
        <testcase classname="packages/http-client/src/__tests__/methods/axiosGet.test.ts" name="axiosGet &gt; basic functionality &gt; should use default timeout of 10 seconds" time="0.003809785">
        </testcase>
        <testcase classname="packages/http-client/src/__tests__/methods/axiosGet.test.ts" name="axiosGet &gt; basic functionality &gt; should use HTTPS agent with rejectUnauthorized: false" time="0.001981419">
        </testcase>
        <testcase classname="packages/http-client/src/__tests__/methods/axiosGet.test.ts" name="axiosGet &gt; configuration merging &gt; should merge custom config with defaults" time="0.00141535">
        </testcase>
        <testcase classname="packages/http-client/src/__tests__/methods/axiosGet.test.ts" name="axiosGet &gt; configuration merging &gt; should allow custom timeout to override default" time="0.001243177">
        </testcase>
        <testcase classname="packages/http-client/src/__tests__/methods/axiosGet.test.ts" name="axiosGet &gt; configuration merging &gt; should merge custom headers with Plex token header" time="0.005250105">
        </testcase>
        <testcase classname="packages/http-client/src/__tests__/methods/axiosGet.test.ts" name="axiosGet &gt; configuration merging &gt; should not allow custom headers to override Plex token" time="0.001296148">
        </testcase>
        <testcase classname="packages/http-client/src/__tests__/methods/axiosGet.test.ts" name="axiosGet &gt; configuration merging &gt; should preserve httpsAgent from default configuration" time="0.001248758">
        </testcase>
        <testcase classname="packages/http-client/src/__tests__/methods/axiosGet.test.ts" name="axiosGet &gt; error handling &gt; should propagate axios errors" time="0.003297357">
        </testcase>
        <testcase classname="packages/http-client/src/__tests__/methods/axiosGet.test.ts" name="axiosGet &gt; error handling &gt; should propagate HTTP error responses" time="0.000903823">
        </testcase>
        <testcase classname="packages/http-client/src/__tests__/methods/axiosGet.test.ts" name="axiosGet &gt; error handling &gt; should handle timeout errors" time="0.000796952">
        </testcase>
        <testcase classname="packages/http-client/src/__tests__/methods/axiosGet.test.ts" name="axiosGet &gt; type safety &gt; should support generic type parameters" time="0.000747811">
        </testcase>
        <testcase classname="packages/http-client/src/__tests__/methods/axiosGet.test.ts" name="axiosGet &gt; type safety &gt; should handle complex response types" time="0.001445801">
        </testcase>
        <testcase classname="packages/http-client/src/__tests__/methods/axiosGet.test.ts" name="axiosGet &gt; Plex API specific features &gt; should always include X-Plex-Token header" time="0.001122326">
        </testcase>
        <testcase classname="packages/http-client/src/__tests__/methods/axiosGet.test.ts" name="axiosGet &gt; Plex API specific features &gt; should handle different token formats" time="0.002675109">
        </testcase>
        <testcase classname="packages/http-client/src/__tests__/methods/axiosGet.test.ts" name="axiosGet &gt; Plex API specific features &gt; should work with different Plex API endpoints" time="0.001601243">
        </testcase>
        <testcase classname="packages/http-client/src/__tests__/methods/axiosGet.test.ts" name="axiosGet &gt; performance and reliability &gt; should handle concurrent requests" time="0.001583153">
        </testcase>
        <testcase classname="packages/http-client/src/__tests__/methods/axiosGet.test.ts" name="axiosGet &gt; performance and reliability &gt; should handle large response data" time="0.005384238">
        </testcase>
        <testcase classname="packages/http-client/src/__tests__/methods/axiosGet.test.ts" name="axiosGet &gt; performance and reliability &gt; should maintain consistent configuration across calls" time="0.001761266">
        </testcase>
        <testcase classname="packages/http-client/src/__tests__/methods/axiosGet.test.ts" name="axiosGet &gt; edge cases &gt; should handle empty token" time="0.000979714">
        </testcase>
        <testcase classname="packages/http-client/src/__tests__/methods/axiosGet.test.ts" name="axiosGet &gt; edge cases &gt; should handle very long URLs" time="0.000674959">
        </testcase>
        <testcase classname="packages/http-client/src/__tests__/methods/axiosGet.test.ts" name="axiosGet &gt; edge cases &gt; should handle special characters in URL" time="0.00071007">
        </testcase>
    </testsuite>
    <testsuite name="packages/http-client/src/__tests__/methods/axiosPost.test.ts" timestamp="2025-09-07T10:38:18.161Z" hostname="c82ba9db4d53" tests="28" failures="0" errors="0" skipped="0" time="0.046059104">
        <testcase classname="packages/http-client/src/__tests__/methods/axiosPost.test.ts" name="axiosPost &gt; basic functionality &gt; should make POST request with correct parameters" time="0.005292056">
        </testcase>
        <testcase classname="packages/http-client/src/__tests__/methods/axiosPost.test.ts" name="axiosPost &gt; basic functionality &gt; should use empty object as request body" time="0.000967434">
        </testcase>
        <testcase classname="packages/http-client/src/__tests__/methods/axiosPost.test.ts" name="axiosPost &gt; basic functionality &gt; should create Agent with rejectUnauthorized: false" time="0.000660489">
        </testcase>
        <testcase classname="packages/http-client/src/__tests__/methods/axiosPost.test.ts" name="axiosPost &gt; headers configuration &gt; should include required headers" time="0.003886096">
        </testcase>
        <testcase classname="packages/http-client/src/__tests__/methods/axiosPost.test.ts" name="axiosPost &gt; headers configuration &gt; should always include Accept header for JSON responses" time="0.000996254">
        </testcase>
        <testcase classname="packages/http-client/src/__tests__/methods/axiosPost.test.ts" name="axiosPost &gt; headers configuration &gt; should always include X-Plex-Token header" time="0.000664359">
        </testcase>
        <testcase classname="packages/http-client/src/__tests__/methods/axiosPost.test.ts" name="axiosPost &gt; HTTPS Agent configuration &gt; should use custom HTTPS agent" time="0.001527641">
        </testcase>
        <testcase classname="packages/http-client/src/__tests__/methods/axiosPost.test.ts" name="axiosPost &gt; HTTPS Agent configuration &gt; should configure agent to not reject unauthorized certificates" time="0.00068333">
        </testcase>
        <testcase classname="packages/http-client/src/__tests__/methods/axiosPost.test.ts" name="axiosPost &gt; HTTPS Agent configuration &gt; should create new agent instance for each call" time="0.003299718">
        </testcase>
        <testcase classname="packages/http-client/src/__tests__/methods/axiosPost.test.ts" name="axiosPost &gt; error handling &gt; should propagate axios errors" time="0.002885921">
        </testcase>
        <testcase classname="packages/http-client/src/__tests__/methods/axiosPost.test.ts" name="axiosPost &gt; error handling &gt; should propagate HTTP error responses" time="0.00072464">
        </testcase>
        <testcase classname="packages/http-client/src/__tests__/methods/axiosPost.test.ts" name="axiosPost &gt; error handling &gt; should handle server errors" time="0.000551148">
        </testcase>
        <testcase classname="packages/http-client/src/__tests__/methods/axiosPost.test.ts" name="axiosPost &gt; error handling &gt; should handle connection timeouts" time="0.000613869">
        </testcase>
        <testcase classname="packages/http-client/src/__tests__/methods/axiosPost.test.ts" name="axiosPost &gt; type safety &gt; should support generic type parameters" time="0.000916044">
        </testcase>
        <testcase classname="packages/http-client/src/__tests__/methods/axiosPost.test.ts" name="axiosPost &gt; type safety &gt; should handle complex response types" time="0.000577028">
        </testcase>
        <testcase classname="packages/http-client/src/__tests__/methods/axiosPost.test.ts" name="axiosPost &gt; type safety &gt; should handle void response types" time="0.00069071">
        </testcase>
        <testcase classname="packages/http-client/src/__tests__/methods/axiosPost.test.ts" name="axiosPost &gt; Plex API specific features &gt; should work with playlist creation endpoint" time="0.001121426">
        </testcase>
        <testcase classname="packages/http-client/src/__tests__/methods/axiosPost.test.ts" name="axiosPost &gt; Plex API specific features &gt; should work with different Plex server URLs" time="0.001842507">
        </testcase>
        <testcase classname="packages/http-client/src/__tests__/methods/axiosPost.test.ts" name="axiosPost &gt; Plex API specific features &gt; should handle different token formats" time="0.003269277">
        </testcase>
        <testcase classname="packages/http-client/src/__tests__/methods/axiosPost.test.ts" name="axiosPost &gt; performance and reliability &gt; should handle concurrent requests" time="0.001649963">
        </testcase>
        <testcase classname="packages/http-client/src/__tests__/methods/axiosPost.test.ts" name="axiosPost &gt; performance and reliability &gt; should maintain consistent configuration across calls" time="0.003584012">
        </testcase>
        <testcase classname="packages/http-client/src/__tests__/methods/axiosPost.test.ts" name="axiosPost &gt; performance and reliability &gt; should handle large response payloads" time="0.001248358">
        </testcase>
        <testcase classname="packages/http-client/src/__tests__/methods/axiosPost.test.ts" name="axiosPost &gt; edge cases &gt; should handle empty token" time="0.000945824">
        </testcase>
        <testcase classname="packages/http-client/src/__tests__/methods/axiosPost.test.ts" name="axiosPost &gt; edge cases &gt; should handle special characters in URL" time="0.000535758">
        </testcase>
        <testcase classname="packages/http-client/src/__tests__/methods/axiosPost.test.ts" name="axiosPost &gt; edge cases &gt; should handle very long URLs" time="0.000616449">
        </testcase>
        <testcase classname="packages/http-client/src/__tests__/methods/axiosPost.test.ts" name="axiosPost &gt; edge cases &gt; should work with HTTP and HTTPS URLs" time="0.001126546">
        </testcase>
        <testcase classname="packages/http-client/src/__tests__/methods/axiosPost.test.ts" name="axiosPost &gt; request body consistency &gt; should always send empty object as body" time="0.000877783">
        </testcase>
        <testcase classname="packages/http-client/src/__tests__/methods/axiosPost.test.ts" name="axiosPost &gt; request body consistency &gt; should send same body structure across multiple calls" time="0.000729741">
        </testcase>
    </testsuite>
    <testsuite name="packages/http-client/src/__tests__/methods/axiosPut.test.ts" timestamp="2025-09-07T10:38:18.167Z" hostname="c82ba9db4d53" tests="32" failures="0" errors="0" skipped="0" time="0.078191606">
        <testcase classname="packages/http-client/src/__tests__/methods/axiosPut.test.ts" name="axiosPut &gt; basic functionality &gt; should make PUT request with correct parameters" time="0.007653931">
        </testcase>
        <testcase classname="packages/http-client/src/__tests__/methods/axiosPut.test.ts" name="axiosPut &gt; basic functionality &gt; should use empty object as request body" time="0.001528603">
        </testcase>
        <testcase classname="packages/http-client/src/__tests__/methods/axiosPut.test.ts" name="axiosPut &gt; basic functionality &gt; should create Agent with rejectUnauthorized: false" time="0.000981444">
        </testcase>
        <testcase classname="packages/http-client/src/__tests__/methods/axiosPut.test.ts" name="axiosPut &gt; headers configuration &gt; should include required headers" time="0.005308976">
        </testcase>
        <testcase classname="packages/http-client/src/__tests__/methods/axiosPut.test.ts" name="axiosPut &gt; headers configuration &gt; should always include Accept header for JSON responses" time="0.001631203">
        </testcase>
        <testcase classname="packages/http-client/src/__tests__/methods/axiosPut.test.ts" name="axiosPut &gt; headers configuration &gt; should always include X-Plex-Token header" time="0.005073243">
        </testcase>
        <testcase classname="packages/http-client/src/__tests__/methods/axiosPut.test.ts" name="axiosPut &gt; HTTPS Agent configuration &gt; should use custom HTTPS agent" time="0.001506592">
        </testcase>
        <testcase classname="packages/http-client/src/__tests__/methods/axiosPut.test.ts" name="axiosPut &gt; HTTPS Agent configuration &gt; should configure agent to not reject unauthorized certificates" time="0.00065911">
        </testcase>
        <testcase classname="packages/http-client/src/__tests__/methods/axiosPut.test.ts" name="axiosPut &gt; HTTPS Agent configuration &gt; should create new agent instance for each call" time="0.000767791">
        </testcase>
        <testcase classname="packages/http-client/src/__tests__/methods/axiosPut.test.ts" name="axiosPut &gt; error handling &gt; should propagate axios errors" time="0.013946861">
        </testcase>
        <testcase classname="packages/http-client/src/__tests__/methods/axiosPut.test.ts" name="axiosPut &gt; error handling &gt; should propagate HTTP error responses" time="0.001069915">
        </testcase>
        <testcase classname="packages/http-client/src/__tests__/methods/axiosPut.test.ts" name="axiosPut &gt; error handling &gt; should handle authorization errors" time="0.000890783">
        </testcase>
        <testcase classname="packages/http-client/src/__tests__/methods/axiosPut.test.ts" name="axiosPut &gt; error handling &gt; should handle conflict errors" time="0.000826442">
        </testcase>
        <testcase classname="packages/http-client/src/__tests__/methods/axiosPut.test.ts" name="axiosPut &gt; error handling &gt; should handle connection timeouts" time="0.001673804">
        </testcase>
        <testcase classname="packages/http-client/src/__tests__/methods/axiosPut.test.ts" name="axiosPut &gt; type safety &gt; should support generic type parameters" time="0.00136086">
        </testcase>
        <testcase classname="packages/http-client/src/__tests__/methods/axiosPut.test.ts" name="axiosPut &gt; type safety &gt; should handle complex response types" time="0.00203965">
        </testcase>
        <testcase classname="packages/http-client/src/__tests__/methods/axiosPut.test.ts" name="axiosPut &gt; type safety &gt; should handle void response types" time="0.000798162">
        </testcase>
        <testcase classname="packages/http-client/src/__tests__/methods/axiosPut.test.ts" name="axiosPut &gt; Plex API specific features &gt; should work with playlist update endpoint" time="0.001133286">
        </testcase>
        <testcase classname="packages/http-client/src/__tests__/methods/axiosPut.test.ts" name="axiosPut &gt; Plex API specific features &gt; should work with different Plex resource endpoints" time="0.003128625">
        </testcase>
        <testcase classname="packages/http-client/src/__tests__/methods/axiosPut.test.ts" name="axiosPut &gt; Plex API specific features &gt; should handle different token formats" time="0.003654022">
        </testcase>
        <testcase classname="packages/http-client/src/__tests__/methods/axiosPut.test.ts" name="axiosPut &gt; performance and reliability &gt; should handle concurrent requests" time="0.001627843">
        </testcase>
        <testcase classname="packages/http-client/src/__tests__/methods/axiosPut.test.ts" name="axiosPut &gt; performance and reliability &gt; should maintain consistent configuration across calls" time="0.002735049">
        </testcase>
        <testcase classname="packages/http-client/src/__tests__/methods/axiosPut.test.ts" name="axiosPut &gt; performance and reliability &gt; should handle large response payloads" time="0.00135438">
        </testcase>
        <testcase classname="packages/http-client/src/__tests__/methods/axiosPut.test.ts" name="axiosPut &gt; performance and reliability &gt; should handle network retries gracefully" time="0.001317929">
        </testcase>
        <testcase classname="packages/http-client/src/__tests__/methods/axiosPut.test.ts" name="axiosPut &gt; edge cases &gt; should handle empty token" time="0.001014964">
        </testcase>
        <testcase classname="packages/http-client/src/__tests__/methods/axiosPut.test.ts" name="axiosPut &gt; edge cases &gt; should handle special characters in URL" time="0.000655059">
        </testcase>
        <testcase classname="packages/http-client/src/__tests__/methods/axiosPut.test.ts" name="axiosPut &gt; edge cases &gt; should handle very long URLs" time="0.000887092">
        </testcase>
        <testcase classname="packages/http-client/src/__tests__/methods/axiosPut.test.ts" name="axiosPut &gt; edge cases &gt; should work with both HTTP and HTTPS URLs" time="0.001271188">
        </testcase>
        <testcase classname="packages/http-client/src/__tests__/methods/axiosPut.test.ts" name="axiosPut &gt; edge cases &gt; should handle numeric IDs in URLs" time="0.004194131">
        </testcase>
        <testcase classname="packages/http-client/src/__tests__/methods/axiosPut.test.ts" name="axiosPut &gt; request body consistency &gt; should always send empty object as body" time="0.001014085">
        </testcase>
        <testcase classname="packages/http-client/src/__tests__/methods/axiosPut.test.ts" name="axiosPut &gt; request body consistency &gt; should send same body structure across multiple calls" time="0.001058685">
        </testcase>
        <testcase classname="packages/http-client/src/__tests__/methods/axiosPut.test.ts" name="axiosPut &gt; idempotency characteristics &gt; should be idempotent - multiple calls with same parameters" time="0.00074072">
        </testcase>
    </testsuite>
    <testsuite name="packages/shared-utils/src/__tests__/array/filterUnique.test.ts" timestamp="2025-09-07T10:38:18.175Z" hostname="c82ba9db4d53" tests="14" failures="0" errors="0" skipped="0" time="0.025170082">
        <testcase classname="packages/shared-utils/src/__tests__/array/filterUnique.test.ts" name="filterUnique &gt; basic functionality &gt; should filter out duplicate strings" time="0.003950697">
        </testcase>
        <testcase classname="packages/shared-utils/src/__tests__/array/filterUnique.test.ts" name="filterUnique &gt; basic functionality &gt; should filter out duplicate numbers" time="0.000571738">
        </testcase>
        <testcase classname="packages/shared-utils/src/__tests__/array/filterUnique.test.ts" name="filterUnique &gt; basic functionality &gt; should handle empty array" time="0.000610378">
        </testcase>
        <testcase classname="packages/shared-utils/src/__tests__/array/filterUnique.test.ts" name="filterUnique &gt; basic functionality &gt; should handle array with no duplicates" time="0.000638949">
        </testcase>
        <testcase classname="packages/shared-utils/src/__tests__/array/filterUnique.test.ts" name="filterUnique &gt; edge cases &gt; should handle single element array" time="0.000543828">
        </testcase>
        <testcase classname="packages/shared-utils/src/__tests__/array/filterUnique.test.ts" name="filterUnique &gt; edge cases &gt; should handle array with all same elements" time="0.000418796">
        </testcase>
        <testcase classname="packages/shared-utils/src/__tests__/array/filterUnique.test.ts" name="filterUnique &gt; edge cases &gt; should handle null and undefined values" time="0.000443347">
        </testcase>
        <testcase classname="packages/shared-utils/src/__tests__/array/filterUnique.test.ts" name="filterUnique &gt; edge cases &gt; should handle mixed data types" time="0.000546298">
        </testcase>
        <testcase classname="packages/shared-utils/src/__tests__/array/filterUnique.test.ts" name="filterUnique &gt; object references &gt; should compare object references, not values" time="0.002127571">
        </testcase>
        <testcase classname="packages/shared-utils/src/__tests__/array/filterUnique.test.ts" name="filterUnique &gt; object references &gt; should handle array of objects with same reference" time="0.000878733">
        </testcase>
        <testcase classname="packages/shared-utils/src/__tests__/array/filterUnique.test.ts" name="filterUnique &gt; performance considerations &gt; should handle large arrays efficiently" time="0.008225619">
        </testcase>
        <testcase classname="packages/shared-utils/src/__tests__/array/filterUnique.test.ts" name="filterUnique &gt; performance considerations &gt; should maintain original order of first occurrences" time="0.000522648">
        </testcase>
        <testcase classname="packages/shared-utils/src/__tests__/array/filterUnique.test.ts" name="filterUnique &gt; function signature verification &gt; should be compatible with Array.prototype.filter" time="0.000367955">
        </testcase>
        <testcase classname="packages/shared-utils/src/__tests__/array/filterUnique.test.ts" name="filterUnique &gt; function signature verification &gt; should receive correct parameters from filter" time="0.001503432">
        </testcase>
    </testsuite>
    <testsuite name="packages/shared-utils/src/__tests__/utils/getAPIUrl.test.ts" timestamp="2025-09-07T10:38:18.178Z" hostname="c82ba9db4d53" tests="34" failures="0" errors="0" skipped="0" time="0.027203342">
        <testcase classname="packages/shared-utils/src/__tests__/utils/getAPIUrl.test.ts" name="getAPIUrl &gt; basic functionality &gt; should construct API URL with protocol, host and path" time="0.003049414">
        </testcase>
        <testcase classname="packages/shared-utils/src/__tests__/utils/getAPIUrl.test.ts" name="getAPIUrl &gt; basic functionality &gt; should work with HTTPS URLs" time="0.000518867">
        </testcase>
        <testcase classname="packages/shared-utils/src/__tests__/utils/getAPIUrl.test.ts" name="getAPIUrl &gt; basic functionality &gt; should handle paths with query parameters" time="0.000545607">
        </testcase>
        <testcase classname="packages/shared-utils/src/__tests__/utils/getAPIUrl.test.ts" name="getAPIUrl &gt; basic functionality &gt; should handle root path" time="0.000524837">
        </testcase>
        <testcase classname="packages/shared-utils/src/__tests__/utils/getAPIUrl.test.ts" name="getAPIUrl &gt; port validation &gt; should throw error when port is missing" time="0.001466462">
        </testcase>
        <testcase classname="packages/shared-utils/src/__tests__/utils/getAPIUrl.test.ts" name="getAPIUrl &gt; port validation &gt; should throw error when URL has no port in hostname only format" time="0.000426056">
        </testcase>
        <testcase classname="packages/shared-utils/src/__tests__/utils/getAPIUrl.test.ts" name="getAPIUrl &gt; port validation &gt; should work with explicit port numbers" time="0.000630469">
        </testcase>
        <testcase classname="packages/shared-utils/src/__tests__/utils/getAPIUrl.test.ts" name="getAPIUrl &gt; port validation &gt; should work with default HTTPS port" time="0.000460026">
        </testcase>
        <testcase classname="packages/shared-utils/src/__tests__/utils/getAPIUrl.test.ts" name="getAPIUrl &gt; port validation &gt; should work with default HTTP port" time="0.000476996">
        </testcase>
        <testcase classname="packages/shared-utils/src/__tests__/utils/getAPIUrl.test.ts" name="getAPIUrl &gt; URL parsing &gt; should handle complex hostnames" time="0.000935984">
        </testcase>
        <testcase classname="packages/shared-utils/src/__tests__/utils/getAPIUrl.test.ts" name="getAPIUrl &gt; URL parsing &gt; should preserve protocol from original URL" time="0.000425626">
        </testcase>
        <testcase classname="packages/shared-utils/src/__tests__/utils/getAPIUrl.test.ts" name="getAPIUrl &gt; URL parsing &gt; should handle URLs with existing paths that get replaced" time="0.000356896">
        </testcase>
        <testcase classname="packages/shared-utils/src/__tests__/utils/getAPIUrl.test.ts" name="getAPIUrl &gt; URL parsing &gt; should handle URLs with query parameters that get replaced" time="0.000227103">
        </testcase>
        <testcase classname="packages/shared-utils/src/__tests__/utils/getAPIUrl.test.ts" name="getAPIUrl &gt; URL parsing &gt; should handle URLs with fragments that get replaced" time="0.000438377">
        </testcase>
        <testcase classname="packages/shared-utils/src/__tests__/utils/getAPIUrl.test.ts" name="getAPIUrl &gt; path handling &gt; should handle paths starting with slash" time="0.000256554">
        </testcase>
        <testcase classname="packages/shared-utils/src/__tests__/utils/getAPIUrl.test.ts" name="getAPIUrl &gt; path handling &gt; should handle paths not starting with slash" time="0.000320804">
        </testcase>
        <testcase classname="packages/shared-utils/src/__tests__/utils/getAPIUrl.test.ts" name="getAPIUrl &gt; path handling &gt; should handle empty paths" time="0.000290554">
        </testcase>
        <testcase classname="packages/shared-utils/src/__tests__/utils/getAPIUrl.test.ts" name="getAPIUrl &gt; path handling &gt; should handle complex paths" time="0.00071496">
        </testcase>
        <testcase classname="packages/shared-utils/src/__tests__/utils/getAPIUrl.test.ts" name="getAPIUrl &gt; path handling &gt; should handle paths with special characters" time="0.000477727">
        </testcase>
        <testcase classname="packages/shared-utils/src/__tests__/utils/getAPIUrl.test.ts" name="getAPIUrl &gt; error handling &gt; should throw specific error message about Roon extension" time="0.000469356">
        </testcase>
        <testcase classname="packages/shared-utils/src/__tests__/utils/getAPIUrl.test.ts" name="getAPIUrl &gt; error handling &gt; should handle malformed URLs gracefully" time="0.000413046">
        </testcase>
        <testcase classname="packages/shared-utils/src/__tests__/utils/getAPIUrl.test.ts" name="getAPIUrl &gt; error handling &gt; should handle invalid protocols" time="0.000562108">
        </testcase>
        <testcase classname="packages/shared-utils/src/__tests__/utils/getAPIUrl.test.ts" name="getAPIUrl &gt; real-world usage patterns &gt; should work with typical Plex server configurations" time="0.000806781">
        </testcase>
        <testcase classname="packages/shared-utils/src/__tests__/utils/getAPIUrl.test.ts" name="getAPIUrl &gt; real-world usage patterns &gt; should work with Plex API endpoints" time="0.000538278">
        </testcase>
        <testcase classname="packages/shared-utils/src/__tests__/utils/getAPIUrl.test.ts" name="getAPIUrl &gt; real-world usage patterns &gt; should handle dynamic port assignments" time="0.000390276">
        </testcase>
        <testcase classname="packages/shared-utils/src/__tests__/utils/getAPIUrl.test.ts" name="getAPIUrl &gt; URL component preservation &gt; should preserve protocol exactly" time="0.000227444">
        </testcase>
        <testcase classname="packages/shared-utils/src/__tests__/utils/getAPIUrl.test.ts" name="getAPIUrl &gt; URL component preservation &gt; should preserve hostname exactly" time="0.000449966">
        </testcase>
        <testcase classname="packages/shared-utils/src/__tests__/utils/getAPIUrl.test.ts" name="getAPIUrl &gt; URL component preservation &gt; should preserve port exactly" time="0.000398285">
        </testcase>
        <testcase classname="packages/shared-utils/src/__tests__/utils/getAPIUrl.test.ts" name="getAPIUrl &gt; edge cases &gt; should handle very long paths" time="0.000200813">
        </testcase>
        <testcase classname="packages/shared-utils/src/__tests__/utils/getAPIUrl.test.ts" name="getAPIUrl &gt; edge cases &gt; should handle paths with Unicode characters" time="0.000240924">
        </testcase>
        <testcase classname="packages/shared-utils/src/__tests__/utils/getAPIUrl.test.ts" name="getAPIUrl &gt; edge cases &gt; should handle IPv6 addresses with ports" time="0.000173632">
        </testcase>
        <testcase classname="packages/shared-utils/src/__tests__/utils/getAPIUrl.test.ts" name="getAPIUrl &gt; edge cases &gt; should handle unusual but valid port numbers" time="0.000270834">
        </testcase>
        <testcase classname="packages/shared-utils/src/__tests__/utils/getAPIUrl.test.ts" name="getAPIUrl &gt; performance &gt; should handle many URL constructions efficiently" time="0.005385878">
        </testcase>
        <testcase classname="packages/shared-utils/src/__tests__/utils/getAPIUrl.test.ts" name="getAPIUrl &gt; performance &gt; should handle complex URLs efficiently" time="0.000352465">
        </testcase>
    </testsuite>
    <testsuite name="packages/shared-utils/src/__tests__/validation/validateExpression.basic.test.ts" timestamp="2025-09-07T10:38:18.186Z" hostname="c82ba9db4d53" tests="12" failures="0" errors="0" skipped="0" time="0.021463849">
        <testcase classname="packages/shared-utils/src/__tests__/validation/validateExpression.basic.test.ts" name="validateExpression - Basic Validation &gt; basic validation &gt; should return valid: false for empty expression" time="0.004753038">
        </testcase>
        <testcase classname="packages/shared-utils/src/__tests__/validation/validateExpression.basic.test.ts" name="validateExpression - Basic Validation &gt; basic validation &gt; should return valid: false for whitespace-only expression" time="0.000827492">
        </testcase>
        <testcase classname="packages/shared-utils/src/__tests__/validation/validateExpression.basic.test.ts" name="validateExpression - Basic Validation &gt; basic validation &gt; should return valid: true for single valid field" time="0.002481455">
        </testcase>
        <testcase classname="packages/shared-utils/src/__tests__/validation/validateExpression.basic.test.ts" name="validateExpression - Basic Validation &gt; basic validation &gt; should return valid: true for field with operation" time="0.00142446">
        </testcase>
        <testcase classname="packages/shared-utils/src/__tests__/validation/validateExpression.basic.test.ts" name="validateExpression - Basic Validation &gt; field validation &gt; should accept all valid fields as standalone" time="0.002874942">
        </testcase>
        <testcase classname="packages/shared-utils/src/__tests__/validation/validateExpression.basic.test.ts" name="validateExpression - Basic Validation &gt; field validation &gt; should accept all valid fields with operations" time="0.002170161">
        </testcase>
        <testcase classname="packages/shared-utils/src/__tests__/validation/validateExpression.basic.test.ts" name="validateExpression - Basic Validation &gt; field validation &gt; should reject invalid field names" time="0.001150516">
        </testcase>
        <testcase classname="packages/shared-utils/src/__tests__/validation/validateExpression.basic.test.ts" name="validateExpression - Basic Validation &gt; field validation &gt; should reject multiple invalid fields" time="0.000525227">
        </testcase>
        <testcase classname="packages/shared-utils/src/__tests__/validation/validateExpression.basic.test.ts" name="validateExpression - Basic Validation &gt; field validation &gt; should handle mixed valid and invalid fields" time="0.000448446">
        </testcase>
        <testcase classname="packages/shared-utils/src/__tests__/validation/validateExpression.basic.test.ts" name="validateExpression - Basic Validation &gt; mixed field formats &gt; should handle expressions with both field:operation and standalone fields" time="0.000464067">
        </testcase>
        <testcase classname="packages/shared-utils/src/__tests__/validation/validateExpression.basic.test.ts" name="validateExpression - Basic Validation &gt; mixed field formats &gt; should handle multiple standalone fields" time="0.000386316">
        </testcase>
        <testcase classname="packages/shared-utils/src/__tests__/validation/validateExpression.basic.test.ts" name="validateExpression - Basic Validation &gt; mixed field formats &gt; should handle all standalone fields" time="0.000377286">
        </testcase>
    </testsuite>
    <testsuite name="packages/shared-utils/src/__tests__/validation/validateExpression.boolean.test.ts" timestamp="2025-09-07T10:38:18.188Z" hostname="c82ba9db4d53" tests="8" failures="0" errors="0" skipped="0" time="0.015384811">
        <testcase classname="packages/shared-utils/src/__tests__/validation/validateExpression.boolean.test.ts" name="validateExpression - Boolean Operators &gt; boolean operator validation &gt; should accept AND operator" time="0.005635541">
        </testcase>
        <testcase classname="packages/shared-utils/src/__tests__/validation/validateExpression.boolean.test.ts" name="validateExpression - Boolean Operators &gt; boolean operator validation &gt; should accept OR operator" time="0.001167567">
        </testcase>
        <testcase classname="packages/shared-utils/src/__tests__/validation/validateExpression.boolean.test.ts" name="validateExpression - Boolean Operators &gt; boolean operator validation &gt; should reject invalid boolean operators" time="0.001577913">
        </testcase>
        <testcase classname="packages/shared-utils/src/__tests__/validation/validateExpression.boolean.test.ts" name="validateExpression - Boolean Operators &gt; boolean operator validation &gt; should reject all invalid boolean operators comprehensively" time="0.002015469">
        </testcase>
        <testcase classname="packages/shared-utils/src/__tests__/validation/validateExpression.boolean.test.ts" name="validateExpression - Boolean Operators &gt; boolean operator validation &gt; should handle mixed case invalid operators" time="0.000845192">
        </testcase>
        <testcase classname="packages/shared-utils/src/__tests__/validation/validateExpression.boolean.test.ts" name="validateExpression - Boolean Operators &gt; boolean operator validation &gt; should detect multiple invalid operators in single expression" time="0.000514928">
        </testcase>
        <testcase classname="packages/shared-utils/src/__tests__/validation/validateExpression.boolean.test.ts" name="validateExpression - Boolean Operators &gt; boolean operator validation &gt; should handle multiple boolean operators" time="0.000615719">
        </testcase>
        <testcase classname="packages/shared-utils/src/__tests__/validation/validateExpression.boolean.test.ts" name="validateExpression - Boolean Operators &gt; boolean operator validation &gt; should be case sensitive for operators" time="0.000440957">
        </testcase>
    </testsuite>
    <testsuite name="packages/shared-utils/src/__tests__/validation/validateExpression.edge-cases.test.ts" timestamp="2025-09-07T10:38:18.190Z" hostname="c82ba9db4d53" tests="12" failures="0" errors="0" skipped="0" time="0.019371579">
        <testcase classname="packages/shared-utils/src/__tests__/validation/validateExpression.edge-cases.test.ts" name="validateExpression - Edge Cases &gt; edge cases &gt; should handle single character inputs" time="0.004386324">
        </testcase>
        <testcase classname="packages/shared-utils/src/__tests__/validation/validateExpression.edge-cases.test.ts" name="validateExpression - Edge Cases &gt; edge cases &gt; should handle field extraction edge cases" time="0.001636164">
        </testcase>
        <testcase classname="packages/shared-utils/src/__tests__/validation/validateExpression.edge-cases.test.ts" name="validateExpression - Edge Cases &gt; edge cases &gt; should handle regex special characters in field context" time="0.001327889">
        </testcase>
        <testcase classname="packages/shared-utils/src/__tests__/validation/validateExpression.edge-cases.test.ts" name="validateExpression - Edge Cases &gt; edge cases &gt; should validate exact syntax pattern matching" time="0.000611618">
        </testcase>
        <testcase classname="packages/shared-utils/src/__tests__/validation/validateExpression.edge-cases.test.ts" name="validateExpression - Edge Cases &gt; edge cases &gt; should handle expressions with only operators" time="0.000341065">
        </testcase>
        <testcase classname="packages/shared-utils/src/__tests__/validation/validateExpression.edge-cases.test.ts" name="validateExpression - Edge Cases &gt; edge cases &gt; should handle expressions with only colons" time="0.000386905">
        </testcase>
        <testcase classname="packages/shared-utils/src/__tests__/validation/validateExpression.edge-cases.test.ts" name="validateExpression - Edge Cases &gt; edge cases &gt; should handle unicode characters" time="0.001272618">
        </testcase>
        <testcase classname="packages/shared-utils/src/__tests__/validation/validateExpression.edge-cases.test.ts" name="validateExpression - Edge Cases &gt; edge cases &gt; should handle extremely malformed expressions" time="0.002003699">
        </testcase>
        <testcase classname="packages/shared-utils/src/__tests__/validation/validateExpression.edge-cases.test.ts" name="validateExpression - Edge Cases &gt; edge cases &gt; should maintain consistent validation result structure" time="0.003582782">
        </testcase>
        <testcase classname="packages/shared-utils/src/__tests__/validation/validateExpression.edge-cases.test.ts" name="validateExpression - Edge Cases &gt; error handling &gt; should handle parsing errors gracefully" time="0.000500898">
        </testcase>
        <testcase classname="packages/shared-utils/src/__tests__/validation/validateExpression.edge-cases.test.ts" name="validateExpression - Edge Cases &gt; error handling &gt; should return ValidationResult interface" time="0.000380645">
        </testcase>
        <testcase classname="packages/shared-utils/src/__tests__/validation/validateExpression.edge-cases.test.ts" name="validateExpression - Edge Cases &gt; error handling &gt; should handle very long expressions" time="0.000590628">
        </testcase>
    </testsuite>
    <testsuite name="packages/shared-utils/src/__tests__/validation/validateExpression.integration.test.ts" timestamp="2025-09-07T10:38:18.193Z" hostname="c82ba9db4d53" tests="10" failures="0" errors="0" skipped="0" time="0.059305174">
        <testcase classname="packages/shared-utils/src/__tests__/validation/validateExpression.integration.test.ts" name="validateExpression - Integration &amp; Error Messages &gt; comprehensive integration &gt; should validate real-world music search expressions" time="0.009527647">
        </testcase>
        <testcase classname="packages/shared-utils/src/__tests__/validation/validateExpression.integration.test.ts" name="validateExpression - Integration &amp; Error Messages &gt; comprehensive integration &gt; should handle all valid field combinations with all operations" time="0.005075693">
        </testcase>
        <testcase classname="packages/shared-utils/src/__tests__/validation/validateExpression.integration.test.ts" name="validateExpression - Integration &amp; Error Messages &gt; comprehensive integration &gt; should provide specific error messages for each validation failure" time="0.007778703">
            <system-out>
Expression &quot;artist:match AND&quot; failed validation with errors: [
  [32m&apos;Invalid expression syntax. Expected format: &quot;field[:operation] AND/OR field[:operation]&quot;&apos;[39m
]

            </system-out>
        </testcase>
        <testcase classname="packages/shared-utils/src/__tests__/validation/validateExpression.integration.test.ts" name="validateExpression - Integration &amp; Error Messages &gt; comprehensive integration &gt; should provide helpful error messages" time="0.000777261">
        </testcase>
        <testcase classname="packages/shared-utils/src/__tests__/validation/validateExpression.integration.test.ts" name="validateExpression - Integration &amp; Error Messages &gt; error message quality and specificity &gt; should provide clear and actionable error messages" time="0.000930053">
        </testcase>
        <testcase classname="packages/shared-utils/src/__tests__/validation/validateExpression.integration.test.ts" name="validateExpression - Integration &amp; Error Messages &gt; error message quality and specificity &gt; should provide multiple specific errors for expressions with multiple issues" time="0.001005485">
        </testcase>
        <testcase classname="packages/shared-utils/src/__tests__/validation/validateExpression.integration.test.ts" name="validateExpression - Integration &amp; Error Messages &gt; error message quality and specificity &gt; should prioritize validation errors appropriately" time="0.000615419">
        </testcase>
        <testcase classname="packages/shared-utils/src/__tests__/validation/validateExpression.integration.test.ts" name="validateExpression - Integration &amp; Error Messages &gt; consistency and determinism &gt; should return identical results for identical inputs" time="0.00422246">
        </testcase>
        <testcase classname="packages/shared-utils/src/__tests__/validation/validateExpression.integration.test.ts" name="validateExpression - Integration &amp; Error Messages &gt; consistency and determinism &gt; should handle concurrent validations consistently" time="0.025887143">
        </testcase>
        <testcase classname="packages/shared-utils/src/__tests__/validation/validateExpression.integration.test.ts" name="validateExpression - Integration &amp; Error Messages &gt; consistency and determinism &gt; should maintain validation behavior across different input encodings" time="0.000820342">
        </testcase>
    </testsuite>
    <testsuite name="packages/shared-utils/src/__tests__/validation/validateExpression.operations.test.ts" timestamp="2025-09-07T10:38:18.195Z" hostname="c82ba9db4d53" tests="10" failures="0" errors="0" skipped="0" time="0.021299747">
        <testcase classname="packages/shared-utils/src/__tests__/validation/validateExpression.operations.test.ts" name="validateExpression - Operations Validation &gt; operation validation &gt; should accept all valid operations" time="0.006342782">
        </testcase>
        <testcase classname="packages/shared-utils/src/__tests__/validation/validateExpression.operations.test.ts" name="validateExpression - Operations Validation &gt; operation validation &gt; should handle operation regex pattern with special characters" time="0.001854997">
        </testcase>
        <testcase classname="packages/shared-utils/src/__tests__/validation/validateExpression.operations.test.ts" name="validateExpression - Operations Validation &gt; operation validation &gt; should reject operations with invalid characters" time="0.002273933">
        </testcase>
        <testcase classname="packages/shared-utils/src/__tests__/validation/validateExpression.operations.test.ts" name="validateExpression - Operations Validation &gt; operation validation &gt; should accept similarity operations with valid thresholds" time="0.002529947">
        </testcase>
        <testcase classname="packages/shared-utils/src/__tests__/validation/validateExpression.operations.test.ts" name="validateExpression - Operations Validation &gt; operation validation &gt; should handle boundary values for similarity thresholds" time="0.001665074">
        </testcase>
        <testcase classname="packages/shared-utils/src/__tests__/validation/validateExpression.operations.test.ts" name="validateExpression - Operations Validation &gt; operation validation &gt; should validate exact similarity threshold error messages" time="0.000458586">
        </testcase>
        <testcase classname="packages/shared-utils/src/__tests__/validation/validateExpression.operations.test.ts" name="validateExpression - Operations Validation &gt; operation validation &gt; should handle similarity operations with malformed syntax" time="0.00069981">
        </testcase>
        <testcase classname="packages/shared-utils/src/__tests__/validation/validateExpression.operations.test.ts" name="validateExpression - Operations Validation &gt; operation validation &gt; should reject invalid operations" time="0.000404496">
        </testcase>
        <testcase classname="packages/shared-utils/src/__tests__/validation/validateExpression.operations.test.ts" name="validateExpression - Operations Validation &gt; operation validation &gt; should reject similarity operations with invalid thresholds" time="0.001455691">
        </testcase>
        <testcase classname="packages/shared-utils/src/__tests__/validation/validateExpression.operations.test.ts" name="validateExpression - Operations Validation &gt; operation validation &gt; should handle missing similarity threshold" time="0.000642959">
        </testcase>
    </testsuite>
    <testsuite name="packages/shared-utils/src/__tests__/validation/validateExpression.performance.test.ts" timestamp="2025-09-07T10:38:18.198Z" hostname="c82ba9db4d53" tests="6" failures="0" errors="0" skipped="0" time="0.045385154">
        <testcase classname="packages/shared-utils/src/__tests__/validation/validateExpression.performance.test.ts" name="validateExpression - Performance &amp; Security &gt; performance &gt; should handle moderately complex expressions efficiently" time="0.004528225">
        </testcase>
        <testcase classname="packages/shared-utils/src/__tests__/validation/validateExpression.performance.test.ts" name="validateExpression - Performance &amp; Security &gt; performance &gt; should handle many validation calls efficiently" time="0.027148251">
        </testcase>
        <testcase classname="packages/shared-utils/src/__tests__/validation/validateExpression.performance.test.ts" name="validateExpression - Performance &amp; Security &gt; performance &gt; should handle deeply nested validation without performance degradation" time="0.000852272">
        </testcase>
        <testcase classname="packages/shared-utils/src/__tests__/validation/validateExpression.performance.test.ts" name="validateExpression - Performance &amp; Security &gt; security and robustness &gt; should handle potential ReDoS (Regular Expression Denial of Service) patterns" time="0.005509049">
        </testcase>
        <testcase classname="packages/shared-utils/src/__tests__/validation/validateExpression.performance.test.ts" name="validateExpression - Performance &amp; Security &gt; security and robustness &gt; should sanitize and handle injection-like patterns safely" time="0.001472341">
        </testcase>
        <testcase classname="packages/shared-utils/src/__tests__/validation/validateExpression.performance.test.ts" name="validateExpression - Performance &amp; Security &gt; security and robustness &gt; should handle extremely large expressions without memory issues" time="0.003045853">
        </testcase>
    </testsuite>
    <testsuite name="packages/shared-utils/src/__tests__/validation/validateExpression.structure.test.ts" timestamp="2025-09-07T10:38:18.199Z" hostname="c82ba9db4d53" tests="8" failures="0" errors="0" skipped="0" time="0.023828043">
        <testcase classname="packages/shared-utils/src/__tests__/validation/validateExpression.structure.test.ts" name="validateExpression - Expression Structure &gt; expression structure validation &gt; should validate balanced expressions" time="0.008814267">
        </testcase>
        <testcase classname="packages/shared-utils/src/__tests__/validation/validateExpression.structure.test.ts" name="validateExpression - Expression Structure &gt; expression structure validation &gt; should validate operator-to-condition ratio precisely" time="0.003594052">
        </testcase>
        <testcase classname="packages/shared-utils/src/__tests__/validation/validateExpression.structure.test.ts" name="validateExpression - Expression Structure &gt; expression structure validation &gt; should handle complex nested logical patterns" time="0.002639498">
        </testcase>
        <testcase classname="packages/shared-utils/src/__tests__/validation/validateExpression.structure.test.ts" name="validateExpression - Expression Structure &gt; expression structure validation &gt; should reject unbalanced expressions" time="0.001067775">
        </testcase>
        <testcase classname="packages/shared-utils/src/__tests__/validation/validateExpression.structure.test.ts" name="validateExpression - Expression Structure &gt; expression structure validation &gt; should handle complex valid expressions" time="0.00141458">
        </testcase>
        <testcase classname="packages/shared-utils/src/__tests__/validation/validateExpression.structure.test.ts" name="validateExpression - Expression Structure &gt; whitespace handling &gt; should handle expressions with extra whitespace" time="0.000763371">
        </testcase>
        <testcase classname="packages/shared-utils/src/__tests__/validation/validateExpression.structure.test.ts" name="validateExpression - Expression Structure &gt; whitespace handling &gt; should handle expressions with no spaces around operators" time="0.000717561">
        </testcase>
        <testcase classname="packages/shared-utils/src/__tests__/validation/validateExpression.structure.test.ts" name="validateExpression - Expression Structure &gt; whitespace handling &gt; should handle tabs and other whitespace characters" time="0.00070246">
        </testcase>
    </testsuite>
    <testsuite name="packages/shared-utils/src/__tests__/validation/validateExpression.test.ts" timestamp="2025-09-07T10:38:18.201Z" hostname="c82ba9db4d53" tests="3" failures="0" errors="0" skipped="0" time="0.006633286">
        <testcase classname="packages/shared-utils/src/__tests__/validation/validateExpression.test.ts" name="validateExpression - Smoke Tests &gt; should validate a basic expression" time="0.003349948">
        </testcase>
        <testcase classname="packages/shared-utils/src/__tests__/validation/validateExpression.test.ts" name="validateExpression - Smoke Tests &gt; should reject an invalid expression" time="0.000618969">
        </testcase>
        <testcase classname="packages/shared-utils/src/__tests__/validation/validateExpression.test.ts" name="validateExpression - Smoke Tests &gt; should handle empty input" time="0.0006912">
        </testcase>
    </testsuite>
    <testsuite name="packages/music-search/src/__tests__/functions/parseExpression.basic.test.ts" timestamp="2025-09-07T10:38:18.202Z" hostname="c82ba9db4d53" tests="31" failures="0" errors="0" skipped="0" time="0.044660493">
        <testcase classname="packages/music-search/src/__tests__/functions/parseExpression.basic.test.ts" name="parseExpression - Basic Functionality &gt; basic functionality &gt; should return a function when given a valid expression" time="0.003663853">
        </testcase>
        <testcase classname="packages/music-search/src/__tests__/functions/parseExpression.basic.test.ts" name="parseExpression - Basic Functionality &gt; basic functionality &gt; should return a function that always returns false for invalid expressions" time="0.001694385">
        </testcase>
        <testcase classname="packages/music-search/src/__tests__/functions/parseExpression.basic.test.ts" name="parseExpression - Basic Functionality &gt; basic functionality &gt; should handle empty expressions gracefully" time="0.000768491">
        </testcase>
        <testcase classname="packages/music-search/src/__tests__/functions/parseExpression.basic.test.ts" name="parseExpression - Basic Functionality &gt; simple field expressions &gt; match operation &gt; should filter by artist match" time="0.000876573">
        </testcase>
        <testcase classname="packages/music-search/src/__tests__/functions/parseExpression.basic.test.ts" name="parseExpression - Basic Functionality &gt; simple field expressions &gt; match operation &gt; should filter by title match" time="0.00069847">
        </testcase>
        <testcase classname="packages/music-search/src/__tests__/functions/parseExpression.basic.test.ts" name="parseExpression - Basic Functionality &gt; simple field expressions &gt; match operation &gt; should filter by album match" time="0.000706721">
        </testcase>
        <testcase classname="packages/music-search/src/__tests__/functions/parseExpression.basic.test.ts" name="parseExpression - Basic Functionality &gt; simple field expressions &gt; match operation &gt; should filter by artistWithTitle match" time="0.000619229">
        </testcase>
        <testcase classname="packages/music-search/src/__tests__/functions/parseExpression.basic.test.ts" name="parseExpression - Basic Functionality &gt; simple field expressions &gt; match operation &gt; should filter by artistInTitle match" time="0.00069971">
        </testcase>
        <testcase classname="packages/music-search/src/__tests__/functions/parseExpression.basic.test.ts" name="parseExpression - Basic Functionality &gt; simple field expressions &gt; contains operation &gt; should filter by artist contains" time="0.00070489">
        </testcase>
        <testcase classname="packages/music-search/src/__tests__/functions/parseExpression.basic.test.ts" name="parseExpression - Basic Functionality &gt; simple field expressions &gt; contains operation &gt; should filter by title contains" time="0.000953374">
        </testcase>
        <testcase classname="packages/music-search/src/__tests__/functions/parseExpression.basic.test.ts" name="parseExpression - Basic Functionality &gt; simple field expressions &gt; is operation (exact match) &gt; should filter by exact match (both match and contains)" time="0.000910403">
        </testcase>
        <testcase classname="packages/music-search/src/__tests__/functions/parseExpression.basic.test.ts" name="parseExpression - Basic Functionality &gt; simple field expressions &gt; not operation (negation) &gt; should filter by negated match" time="0.000471196">
        </testcase>
        <testcase classname="packages/music-search/src/__tests__/functions/parseExpression.basic.test.ts" name="parseExpression - Basic Functionality &gt; simple field expressions &gt; similarity operations &gt; should filter by similarity threshold" time="0.00066312">
        </testcase>
        <testcase classname="packages/music-search/src/__tests__/functions/parseExpression.basic.test.ts" name="parseExpression - Basic Functionality &gt; simple field expressions &gt; similarity operations &gt; should handle different similarity thresholds" time="0.000723191">
        </testcase>
        <testcase classname="packages/music-search/src/__tests__/functions/parseExpression.basic.test.ts" name="parseExpression - Basic Functionality &gt; simple field expressions &gt; similarity operations &gt; should handle missing similarity values" time="0.000438597">
        </testcase>
        <testcase classname="packages/music-search/src/__tests__/functions/parseExpression.basic.test.ts" name="parseExpression - Basic Functionality &gt; invalid expressions and error handling &gt; should handle invalid field names" time="0.004208891">
        </testcase>
        <testcase classname="packages/music-search/src/__tests__/functions/parseExpression.basic.test.ts" name="parseExpression - Basic Functionality &gt; invalid expressions and error handling &gt; should handle invalid operations" time="0.000891442">
        </testcase>
        <testcase classname="packages/music-search/src/__tests__/functions/parseExpression.basic.test.ts" name="parseExpression - Basic Functionality &gt; invalid expressions and error handling &gt; should handle invalid similarity thresholds" time="0.001333559">
        </testcase>
        <testcase classname="packages/music-search/src/__tests__/functions/parseExpression.basic.test.ts" name="parseExpression - Basic Functionality &gt; invalid expressions and error handling &gt; should handle malformed condition format" time="0.001577053">
        </testcase>
        <testcase classname="packages/music-search/src/__tests__/functions/parseExpression.basic.test.ts" name="parseExpression - Basic Functionality &gt; invalid expressions and error handling &gt; should handle invalid operators" time="0.000602238">
        </testcase>
        <testcase classname="packages/music-search/src/__tests__/functions/parseExpression.basic.test.ts" name="parseExpression - Basic Functionality &gt; invalid expressions and error handling &gt; should handle expressions with only operators" time="0.000431706">
        </testcase>
        <testcase classname="packages/music-search/src/__tests__/functions/parseExpression.basic.test.ts" name="parseExpression - Basic Functionality &gt; edge cases and malformed input &gt; should handle expressions with extra whitespace" time="0.000367636">
        </testcase>
        <testcase classname="packages/music-search/src/__tests__/functions/parseExpression.basic.test.ts" name="parseExpression - Basic Functionality &gt; edge cases and malformed input &gt; should handle case sensitivity in operators" time="0.000486607">
        </testcase>
        <testcase classname="packages/music-search/src/__tests__/functions/parseExpression.basic.test.ts" name="parseExpression - Basic Functionality &gt; edge cases and malformed input &gt; should handle expressions with missing fields" time="0.000298925">
        </testcase>
        <testcase classname="packages/music-search/src/__tests__/functions/parseExpression.basic.test.ts" name="parseExpression - Basic Functionality &gt; edge cases and malformed input &gt; should handle boundary similarity values" time="0.000583038">
        </testcase>
        <testcase classname="packages/music-search/src/__tests__/functions/parseExpression.basic.test.ts" name="parseExpression - Basic Functionality &gt; edge cases and malformed input &gt; should handle expressions with no valid conditions" time="0.004243061">
        </testcase>
        <testcase classname="packages/music-search/src/__tests__/functions/parseExpression.basic.test.ts" name="parseExpression - Basic Functionality &gt; edge cases and malformed input &gt; should handle extremely long expressions" time="0.000944414">
        </testcase>
        <testcase classname="packages/music-search/src/__tests__/functions/parseExpression.basic.test.ts" name="parseExpression - Basic Functionality &gt; edge cases and malformed input &gt; should handle decimal precision in similarity thresholds" time="0.000401126">
        </testcase>
        <testcase classname="packages/music-search/src/__tests__/functions/parseExpression.basic.test.ts" name="parseExpression - Basic Functionality &gt; real-world scenarios &gt; should handle typical music search patterns" time="0.000731751">
        </testcase>
        <testcase classname="packages/music-search/src/__tests__/functions/parseExpression.basic.test.ts" name="parseExpression - Basic Functionality &gt; real-world scenarios &gt; should handle high-precision matching requirements" time="0.000494097">
        </testcase>
        <testcase classname="packages/music-search/src/__tests__/functions/parseExpression.basic.test.ts" name="parseExpression - Basic Functionality &gt; performance &gt; should handle many evaluations efficiently" time="0.007610899">
        </testcase>
    </testsuite>
    <testsuite name="packages/music-search/src/__tests__/functions/parseExpression.complex.test.ts" timestamp="2025-09-07T10:38:18.218Z" hostname="c82ba9db4d53" tests="7" failures="0" errors="0" skipped="0" time="0.016877953">
        <testcase classname="packages/music-search/src/__tests__/functions/parseExpression.complex.test.ts" name="parseExpression - Complex Boolean Expressions &gt; AND operations &gt; should handle simple AND expressions" time="0.004419233">
        </testcase>
        <testcase classname="packages/music-search/src/__tests__/functions/parseExpression.complex.test.ts" name="parseExpression - Complex Boolean Expressions &gt; AND operations &gt; should handle multiple AND operations" time="0.000826692">
        </testcase>
        <testcase classname="packages/music-search/src/__tests__/functions/parseExpression.complex.test.ts" name="parseExpression - Complex Boolean Expressions &gt; AND operations &gt; should handle mixed operations with AND" time="0.000970494">
        </testcase>
        <testcase classname="packages/music-search/src/__tests__/functions/parseExpression.complex.test.ts" name="parseExpression - Complex Boolean Expressions &gt; OR operations &gt; should handle simple OR expressions" time="0.00558203">
        </testcase>
        <testcase classname="packages/music-search/src/__tests__/functions/parseExpression.complex.test.ts" name="parseExpression - Complex Boolean Expressions &gt; OR operations &gt; should handle multiple OR operations" time="0.00067964">
        </testcase>
        <testcase classname="packages/music-search/src/__tests__/functions/parseExpression.complex.test.ts" name="parseExpression - Complex Boolean Expressions &gt; mixed AND/OR operations &gt; should handle combined AND/OR expressions (left-to-right evaluation)" time="0.000566278">
        </testcase>
        <testcase classname="packages/music-search/src/__tests__/functions/parseExpression.complex.test.ts" name="parseExpression - Complex Boolean Expressions &gt; mixed AND/OR operations &gt; should handle complex mixed expressions" time="0.000620139">
        </testcase>
    </testsuite>
    <testsuite name="packages/music-search/src/__tests__/functions/parseExpression.migration.test.ts" timestamp="2025-09-07T10:38:18.221Z" hostname="c82ba9db4d53" tests="22" failures="0" errors="0" skipped="0" time="0.0222139">
        <testcase classname="packages/music-search/src/__tests__/functions/parseExpression.migration.test.ts" name="parseExpression - Migration Functionality &gt; basic patterns &gt; should migrate artist match AND title match" time="0.003851505">
        </testcase>
        <testcase classname="packages/music-search/src/__tests__/functions/parseExpression.migration.test.ts" name="parseExpression - Migration Functionality &gt; basic patterns &gt; should migrate artist match AND title contains" time="0.000948424">
        </testcase>
        <testcase classname="packages/music-search/src/__tests__/functions/parseExpression.migration.test.ts" name="parseExpression - Migration Functionality &gt; basic patterns &gt; should migrate artist contains AND title match" time="0.000825312">
        </testcase>
        <testcase classname="packages/music-search/src/__tests__/functions/parseExpression.migration.test.ts" name="parseExpression - Migration Functionality &gt; similarity patterns &gt; should migrate artist similarity with threshold" time="0.001273788">
        </testcase>
        <testcase classname="packages/music-search/src/__tests__/functions/parseExpression.migration.test.ts" name="parseExpression - Migration Functionality &gt; similarity patterns &gt; should migrate artist match AND title similarity" time="0.000546578">
        </testcase>
        <testcase classname="packages/music-search/src/__tests__/functions/parseExpression.migration.test.ts" name="parseExpression - Migration Functionality &gt; similarity patterns &gt; should migrate artist contains AND title similarity" time="0.000818201">
        </testcase>
        <testcase classname="packages/music-search/src/__tests__/functions/parseExpression.migration.test.ts" name="parseExpression - Migration Functionality &gt; similarity patterns &gt; should migrate dual similarity thresholds" time="0.00068622">
        </testcase>
        <testcase classname="packages/music-search/src/__tests__/functions/parseExpression.migration.test.ts" name="parseExpression - Migration Functionality &gt; complex patterns &gt; should migrate triple condition with album" time="0.000590318">
        </testcase>
        <testcase classname="packages/music-search/src/__tests__/functions/parseExpression.migration.test.ts" name="parseExpression - Migration Functionality &gt; complex patterns &gt; should migrate complex similarity with match pattern" time="0.001058125">
        </testcase>
        <testcase classname="packages/music-search/src/__tests__/functions/parseExpression.migration.test.ts" name="parseExpression - Migration Functionality &gt; exact match patterns (is operation) &gt; should migrate artist exact match" time="0.00071822">
        </testcase>
        <testcase classname="packages/music-search/src/__tests__/functions/parseExpression.migration.test.ts" name="parseExpression - Migration Functionality &gt; exact match patterns (is operation) &gt; should migrate title exact match" time="0.000524298">
        </testcase>
        <testcase classname="packages/music-search/src/__tests__/functions/parseExpression.migration.test.ts" name="parseExpression - Migration Functionality &gt; negation patterns (not operation) &gt; should migrate artist not match" time="0.000430466">
        </testcase>
        <testcase classname="packages/music-search/src/__tests__/functions/parseExpression.migration.test.ts" name="parseExpression - Migration Functionality &gt; negation patterns (not operation) &gt; should migrate title not match" time="0.000498897">
        </testcase>
        <testcase classname="packages/music-search/src/__tests__/functions/parseExpression.migration.test.ts" name="parseExpression - Migration Functionality &gt; negation patterns (not operation) &gt; should handle complex negation patterns (current implementation behavior)" time="0.000739991">
        </testcase>
        <testcase classname="packages/music-search/src/__tests__/functions/parseExpression.migration.test.ts" name="parseExpression - Migration Functionality &gt; format variations &gt; should handle different function wrapper formats" time="0.00074921">
        </testcase>
        <testcase classname="packages/music-search/src/__tests__/functions/parseExpression.migration.test.ts" name="parseExpression - Migration Functionality &gt; format variations &gt; should handle extra whitespace" time="0.000308594">
        </testcase>
        <testcase classname="packages/music-search/src/__tests__/functions/parseExpression.migration.test.ts" name="parseExpression - Migration Functionality &gt; decimal precision in legacy filters &gt; should migrate artistWithTitle similarity patterns" time="0.000295304">
        </testcase>
        <testcase classname="packages/music-search/src/__tests__/functions/parseExpression.migration.test.ts" name="parseExpression - Migration Functionality &gt; decimal precision in legacy filters &gt; should handle integer thresholds" time="0.000289104">
        </testcase>
        <testcase classname="packages/music-search/src/__tests__/functions/parseExpression.migration.test.ts" name="parseExpression - Migration Functionality &gt; unmigrateable patterns &gt; should return null for unrecognized patterns" time="0.000434987">
        </testcase>
        <testcase classname="packages/music-search/src/__tests__/functions/parseExpression.migration.test.ts" name="parseExpression - Migration Functionality &gt; unmigrateable patterns &gt; should return null for malformed input" time="0.000771851">
        </testcase>
        <testcase classname="packages/music-search/src/__tests__/functions/parseExpression.migration.test.ts" name="parseExpression - Migration Functionality &gt; unmigrateable patterns &gt; should handle errors gracefully" time="0.000299855">
        </testcase>
        <testcase classname="packages/music-search/src/__tests__/functions/parseExpression.migration.test.ts" name="parseExpression - Migration Functionality &gt; comprehensive migration test &gt; should migrate all supported patterns correctly" time="0.000977974">
        </testcase>
    </testsuite>
    <testsuite name="packages/music-search/src/__tests__/utils/compareTitles.test.ts" timestamp="2025-09-07T10:38:18.225Z" hostname="c82ba9db4d53" tests="52" failures="0" errors="0" skipped="0" time="0.251566834">
        <testcase classname="packages/music-search/src/__tests__/utils/compareTitles.test.ts" name="compareTitles &gt; basic functionality &gt; should return default result for undefined inputs" time="0.005879245">
        </testcase>
        <testcase classname="packages/music-search/src/__tests__/utils/compareTitles.test.ts" name="compareTitles &gt; basic functionality &gt; should return default result when first parameter is undefined" time="0.000755581">
        </testcase>
        <testcase classname="packages/music-search/src/__tests__/utils/compareTitles.test.ts" name="compareTitles &gt; basic functionality &gt; should return default result when second parameter is undefined" time="0.000798771">
        </testcase>
        <testcase classname="packages/music-search/src/__tests__/utils/compareTitles.test.ts" name="compareTitles &gt; basic functionality &gt; should return default result for empty strings" time="0.000803292">
        </testcase>
[...]
      sibling: [1mnull[22m,
      index: [33m1[39m,
      ref: [1mnull[22m,
      pendingProps: [36m[Object][39m,
      memoizedProps: [36m[Object][39m,
      updateQueue: [1mnull[22m,
      memoizedState: [1mnull[22m,
      dependencies: [1mnull[22m,
      mode: [33m1[39m,
      flags: [33m0[39m,
      subtreeFlags: [33m5[39m,
      deletions: [1mnull[22m,
      lanes: [33m0[39m,
      childLanes: [33m0[39m,
      alternate: [36m[Circular *2][39m,
      actualDuration: [33m0[39m,
      actualStartTime: [33m-1[39m,
      selfBaseDuration: [33m0[39m,
      treeBaseDuration: [33m0[39m,
      _debugSource: [1mnull[22m,
      _debugOwner: [36m[FiberNode][39m,
      _debugNeedsRemount: [33mfalse[39m,
      _debugHookTypes: [1mnull[22m
    },
    actualDuration: [33m0[39m,
    actualStartTime: [33m-1[39m,
    selfBaseDuration: [33m0[39m,
    treeBaseDuration: [33m0[39m,
    _debugSource: [1mnull[22m,
    _debugOwner: FiberNode {
      tag: [33m11[39m,
      key: [1mnull[22m,
      elementType: [36m[Object][39m,
      type: [36m[Object][39m,
      stateNode: [1mnull[22m,
      return: [36m[FiberNode][39m,
      child: [36m[FiberNode][39m,
      sibling: [1mnull[22m,
      index: [33m0[39m,
      ref: [1mnull[22m,
      pendingProps: [36m[Object][39m,
      memoizedProps: [36m[Object][39m,
      updateQueue: [1mnull[22m,
      memoizedState: [1mnull[22m,
      dependencies: [36m[Object][39m,
      mode: [33m1[39m,
      flags: [33m1[39m,
      subtreeFlags: [33m1048581[39m,
      deletions: [1mnull[22m,
      lanes: [33m0[39m,
      childLanes: [33m0[39m,
      alternate: [36m[FiberNode][39m,
      actualDuration: [33m0[39m,
      actualStartTime: [33m-1[39m,
      selfBaseDuration: [33m0[39m,
      treeBaseDuration: [33m0[39m,
      _debugSource: [90mundefined[39m,
      _debugOwner: [36m[FiberNode][39m,
      _debugNeedsRemount: [33mfalse[39m,
      _debugHookTypes: [36m[Array][39m
    },
    _debugNeedsRemount: [33mfalse[39m,
    _debugHookTypes: [1mnull[22m
  },
  [32m&apos;__reactProps$hof2a6r6kyu&apos;[39m: {
    className: [32m&apos;MuiBox-root css-0&apos;[39m,
    id: [32m&apos;pill-pill-0&apos;[39m,
    children: {
      [32m&apos;$$typeof&apos;[39m: [32mSymbol(react.element)[39m,
      type: [36m[Function: FieldPill][39m,
      key: [1mnull[22m,
      ref: [1mnull[22m,
      props: [36m[Object][39m,
      _owner: [36m[FiberNode][39m,
      _store: {}
    }
  }
}
Operation selector positioning element: [36m&lt;ref *1&gt;[39m HTMLDivElement {
  [32m&apos;__reactFiber$hof2a6r6kyu&apos;[39m: [36m&lt;ref *2&gt;[39m FiberNode {
    tag: [33m5[39m,
    key: [1mnull[22m,
    elementType: [32m&apos;div&apos;[39m,
    type: [32m&apos;div&apos;[39m,
    stateNode: [36m[Circular *1][39m,
    return: FiberNode {
      tag: [33m11[39m,
      key: [1mnull[22m,
      elementType: [36m[Object][39m,
      type: [36m[Object][39m,
      stateNode: [1mnull[22m,
      return: [36m[FiberNode][39m,
      child: [36m[FiberNode][39m,
      sibling: [1mnull[22m,
      index: [33m0[39m,
      ref: [1mnull[22m,
      pendingProps: [36m[Object][39m,
      memoizedProps: [36m[Object][39m,
      updateQueue: [1mnull[22m,
      memoizedState: [1mnull[22m,
      dependencies: [36m[Object][39m,
      mode: [33m1[39m,
      flags: [33m1[39m,
      subtreeFlags: [33m1048581[39m,
      deletions: [1mnull[22m,
      lanes: [33m0[39m,
      childLanes: [33m0[39m,
      alternate: [36m[FiberNode][39m,
      actualDuration: [33m0[39m,
      actualStartTime: [33m-1[39m,
      selfBaseDuration: [33m0[39m,
      treeBaseDuration: [33m0[39m,
      _debugSource: [90mundefined[39m,
      _debugOwner: [36m[FiberNode][39m,
      _debugNeedsRemount: [33mfalse[39m,
      _debugHookTypes: [36m[Array][39m
    },
    child: FiberNode {
      tag: [33m0[39m,
      key: [1mnull[22m,
      elementType: [36m[Function: FieldPill][39m,
      type: [36m[Function: FieldPill][39m,
      stateNode: [1mnull[22m,
      return: [36m[Circular *2][39m,
      child: [36m[FiberNode][39m,
      sibling: [1mnull[22m,
      index: [33m0[39m,
      ref: [1mnull[22m,
      pendingProps: [36m[Object][39m,
      memoizedProps: [36m[Object][39m,
      updateQueue: [1mnull[22m,
      memoizedState: [1mnull[22m,
      dependencies: [1mnull[22m,
      mode: [33m1[39m,
      flags: [33m1[39m,
      subtreeFlags: [33m0[39m,
      deletions: [1mnull[22m,
      lanes: [33m0[39m,
      childLanes: [33m0[39m,
      alternate: [36m[FiberNode][39m,
      actualDuration: [33m0[39m,
      actualStartTime: [33m-1[39m,
      selfBaseDuration: [33m0[39m,
      treeBaseDuration: [33m0[39m,
      _debugSource: [1mnull[22m,
      _debugOwner: [36m[FiberNode][39m,
      _debugNeedsRemount: [33mfalse[39m,
      _debugHookTypes: [1mnull[22m
    },
    sibling: [1mnull[22m,
    index: [33m1[39m,
    ref: [1mnull[22m,
    pendingProps: {
      className: [32m&apos;MuiBox-root css-0&apos;[39m,
      id: [32m&apos;pill-pill-0&apos;[39m,
      children: [36m[Object][39m
    },
    memoizedProps: {
      className: [32m&apos;MuiBox-root css-0&apos;[39m,
      id: [32m&apos;pill-pill-0&apos;[39m,
      children: [36m[Object][39m
    },
    updateQueue: [1mnull[22m,
    memoizedState: [1mnull[22m,
    dependencies: [1mnull[22m,
    mode: [33m1[39m,
    flags: [33m1048576[39m,
    subtreeFlags: [33m1[39m,
    deletions: [1mnull[22m,
    lanes: [33m0[39m,
    childLanes: [33m0[39m,
    alternate: FiberNode {
      tag: [33m5[39m,
      key: [1mnull[22m,
      elementType: [32m&apos;div&apos;[39m,
      type: [32m&apos;div&apos;[39m,
      stateNode: [36m[Circular *1][39m,
      return: [36m[FiberNode][39m,
      child: [36m[FiberNode][39m,
      sibling: [1mnull[22m,
      index: [33m1[39m,
      ref: [1mnull[22m,
      pendingProps: [36m[Object][39m,
      memoizedProps: [36m[Object][39m,
      updateQueue: [1mnull[22m,
      memoizedState: [1mnull[22m,
      dependencies: [1mnull[22m,
      mode: [33m1[39m,
      flags: [33m0[39m,
      subtreeFlags: [33m5[39m,
      deletions: [1mnull[22m,
      lanes: [33m0[39m,
      childLanes: [33m0[39m,
      alternate: [36m[Circular *2][39m,
      actualDuration: [33m0[39m,
      actualStartTime: [33m-1[39m,
      selfBaseDuration: [33m0[39m,
      treeBaseDuration: [33m0[39m,
      _debugSource: [1mnull[22m,
      _debugOwner: [36m[FiberNode][39m,
      _debugNeedsRemount: [33mfalse[39m,
      _debugHookTypes: [1mnull[22m
    },
    actualDuration: [33m0[39m,
    actualStartTime: [33m-1[39m,
    selfBaseDuration: [33m0[39m,
    treeBaseDuration: [33m0[39m,
    _debugSource: [1mnull[22m,
    _debugOwner: FiberNode {
      tag: [33m11[39m,
      key: [1mnull[22m,
      elementType: [36m[Object][39m,
      type: [36m[Object][39m,
      stateNode: [1mnull[22m,
      return: [36m[FiberNode][39m,
      child: [36m[FiberNode][39m,
      sibling: [1mnull[22m,
      index: [33m0[39m,
      ref: [1mnull[22m,
      pendingProps: [36m[Object][39m,
      memoizedProps: [36m[Object][39m,
      updateQueue: [1mnull[22m,
      memoizedState: [1mnull[22m,
      dependencies: [36m[Object][39m,
      mode: [33m1[39m,
      flags: [33m1[39m,
      subtreeFlags: [33m1048581[39m,
      deletions: [1mnull[22m,
      lanes: [33m0[39m,
      childLanes: [33m0[39m,
      alternate: [36m[FiberNode][39m,
      actualDuration: [33m0[39m,
      actualStartTime: [33m-1[39m,
      selfBaseDuration: [33m0[39m,
      treeBaseDuration: [33m0[39m,
      _debugSource: [90mundefined[39m,
      _debugOwner: [36m[FiberNode][39m,
      _debugNeedsRemount: [33mfalse[39m,
      _debugHookTypes: [36m[Array][39m
    },
    _debugNeedsRemount: [33mfalse[39m,
    _debugHookTypes: [1mnull[22m
  },
  [32m&apos;__reactProps$hof2a6r6kyu&apos;[39m: {
    className: [32m&apos;MuiBox-root css-0&apos;[39m,
    id: [32m&apos;pill-pill-0&apos;[39m,
    children: {
      [32m&apos;$$typeof&apos;[39m: [32mSymbol(react.element)[39m,
      type: [36m[Function: FieldPill][39m,
      key: [1mnull[22m,
      ref: [1mnull[22m,
      props: [36m[Object][39m,
      _owner: [36m[FiberNode][39m,
      _store: {}
    }
  }
}

Field selector positioning element: [1mnull[22m
Operation selector positioning element: [1mnull[22m

            </system-out>
        </testcase>
        <testcase classname="apps/web/__tests__/components/PillEditor/PillEditor.test.tsx" name="PillEditor &gt; Expression Updates &gt; should handle rapid updates without conflicts" time="0.354500956">
            <system-out>
Field selector positioning element: [1mnull[22m
Operation selector positioning element: [1mnull[22m

Field selector positioning element: [36m&lt;ref *1&gt;[39m HTMLDivElement {
  [32m&apos;__reactFiber$hof2a6r6kyu&apos;[39m: [36m&lt;ref *2&gt;[39m FiberNode {
    tag: [33m5[39m,
    key: [1mnull[22m,
    elementType: [32m&apos;div&apos;[39m,
    type: [32m&apos;div&apos;[39m,
    stateNode: [36m[Circular *1][39m,
    return: FiberNode {
      tag: [33m11[39m,
      key: [1mnull[22m,
      elementType: [36m[Object][39m,
      type: [36m[Object][39m,
      stateNode: [1mnull[22m,
      return: [36m[FiberNode][39m,
      child: [36m[FiberNode][39m,
      sibling: [1mnull[22m,
      index: [33m0[39m,
      ref: [1mnull[22m,
      pendingProps: [36m[Object][39m,
      memoizedProps: [36m[Object][39m,
      updateQueue: [1mnull[22m,
      memoizedState: [1mnull[22m,
      dependencies: [36m[Object][39m,
      mode: [33m1[39m,
      flags: [33m1[39m,
      subtreeFlags: [33m1048581[39m,
      deletions: [1mnull[22m,
      lanes: [33m0[39m,
      childLanes: [33m0[39m,
      alternate: [36m[FiberNode][39m,
      actualDuration: [33m0[39m,
      actualStartTime: [33m-1[39m,
      selfBaseDuration: [33m0[39m,
      treeBaseDuration: [33m0[39m,
      _debugSource: [90mundefined[39m,
      _debugOwner: [36m[FiberNode][39m,
      _debugNeedsRemount: [33mfalse[39m,
      _debugHookTypes: [36m[Array][39m
    },
    child: FiberNode {
      tag: [33m0[39m,
      key: [1mnull[22m,
      elementType: [36m[Function: FieldPill][39m,
      type: [36m[Function: FieldPill][39m,
      stateNode: [1mnull[22m,
      return: [36m[Circular *2][39m,
      child: [36m[FiberNode][39m,
      sibling: [1mnull[22m,
      index: [33m0[39m,
      ref: [1mnull[22m,
      pendingProps: [36m[Object][39m,
      memoizedProps: [36m[Object][39m,
      updateQueue: [1mnull[22m,
      memoizedState: [1mnull[22m,
      dependencies: [1mnull[22m,
      mode: [33m1[39m,
      flags: [33m1[39m,
      subtreeFlags: [33m0[39m,
      deletions: [1mnull[22m,
      lanes: [33m0[39m,
      childLanes: [33m0[39m,
      alternate: [36m[FiberNode][39m,
      actualDuration: [33m0[39m,
      actualStartTime: [33m-1[39m,
      selfBaseDuration: [33m0[39m,
      treeBaseDuration: [33m0[39m,
      _debugSource: [1mnull[22m,
      _debugOwner: [36m[FiberNode][39m,
      _debugNeedsRemount: [33mfalse[39m,
      _debugHookTypes: [1mnull[22m
    },
    sibling: [1mnull[22m,
    index: [33m1[39m,
    ref: [1mnull[22m,
    pendingProps: {
      className: [32m&apos;MuiBox-root css-0&apos;[39m,
      id: [32m&apos;pill-pill-0&apos;[39m,
      children: [36m[Object][39m
    },
    memoizedProps: {
      className: [32m&apos;MuiBox-root css-0&apos;[39m,
      id: [32m&apos;pill-pill-0&apos;[39m,
      children: [36m[Object][39m
    },
    updateQueue: [1mnull[22m,
    memoizedState: [1mnull[22m,
    dependencies: [1mnull[22m,
    mode: [33m1[39m,
    flags: [33m1048576[39m,
    subtreeFlags: [33m1[39m,
    deletions: [1mnull[22m,
    lanes: [33m0[39m,
    childLanes: [33m0[39m,
    alternate: FiberNode {
      tag: [33m5[39m,
      key: [1mnull[22m,
      elementType: [32m&apos;div&apos;[39m,
      type: [32m&apos;div&apos;[39m,
      stateNode: [36m[Circular *1][39m,
      return: [36m[FiberNode][39m,
      child: [36m[FiberNode][39m,
      sibling: [1mnull[22m,
      index: [33m1[39m,
      ref: [1mnull[22m,
      pendingProps: [36m[Object][39m,
      memoizedProps: [36m[Object][39m,
      updateQueue: [1mnull[22m,
      memoizedState: [1mnull[22m,
      dependencies: [1mnull[22m,
      mode: [33m1[39m,
      flags: [33m0[39m,
      subtreeFlags: [33m5[39m,
      deletions: [1mnull[22m,
      lanes: [33m0[39m,
      childLanes: [33m0[39m,
      alternate: [36m[Circular *2][39m,
      actualDuration: [33m0[39m,
      actualStartTime: [33m-1[39m,
      selfBaseDuration: [33m0[39m,
      treeBaseDuration: [33m0[39m,
      _debugSource: [1mnull[22m,
      _debugOwner: [36m[FiberNode][39m,
      _debugNeedsRemount: [33mfalse[39m,
      _debugHookTypes: [1mnull[22m
    },
    actualDuration: [33m0[39m,
    actualStartTime: [33m-1[39m,
    selfBaseDuration: [33m0[39m,
    treeBaseDuration: [33m0[39m,
    _debugSource: [1mnull[22m,
    _debugOwner: FiberNode {
      tag: [33m11[39m,
      key: [1mnull[22m,
      elementType: [36m[Object][39m,
      type: [36m[Object][39m,
      stateNode: [1mnull[22m,
      return: [36m[FiberNode][39m,
      child: [36m[FiberNode][39m,
      sibling: [1mnull[22m,
      index: [33m0[39m,
      ref: [1mnull[22m,
      pendingProps: [36m[Object][39m,
      memoizedProps: [36m[Object][39m,
      updateQueue: [1mnull[22m,
      memoizedState: [1mnull[22m,
      dependencies: [36m[Object][39m,
      mode: [33m1[39m,
      flags: [33m1[39m,
      subtreeFlags: [33m1048581[39m,
      deletions: [1mnull[22m,
      lanes: [33m0[39m,
      childLanes: [33m0[39m,
      alternate: [36m[FiberNode][39m,
      actualDuration: [33m0[39m,
      actualStartTime: [33m-1[39m,
      selfBaseDuration: [33m0[39m,
      treeBaseDuration: [33m0[39m,
      _debugSource: [90mundefined[39m,
      _debugOwner: [36m[FiberNode][39m,
      _debugNeedsRemount: [33mfalse[39m,
      _debugHookTypes: [36m[Array][39m
    },
    _debugNeedsRemount: [33mfalse[39m,
    _debugHookTypes: [1mnull[22m
  },
  [32m&apos;__reactProps$hof2a6r6kyu&apos;[39m: {
    className: [32m&apos;MuiBox-root css-0&apos;[39m,
    id: [32m&apos;pill-pill-0&apos;[39m,
    children: {
      [32m&apos;$$typeof&apos;[39m: [32mSymbol(react.element)[39m,
      type: [36m[Function: FieldPill][39m,
      key: [1mnull[22m,
      ref: [1mnull[22m,
      props: [36m[Object][39m,
      _owner: [36m[FiberNode][39m,
      _store: {}
    }
  }
}
Operation selector positioning element: [36m&lt;ref *1&gt;[39m HTMLDivElement {
  [32m&apos;__reactFiber$hof2a6r6kyu&apos;[39m: [36m&lt;ref *2&gt;[39m FiberNode {
    tag: [33m5[39m,
    key: [1mnull[22m,
    elementType: [32m&apos;div&apos;[39m,
    type: [32m&apos;div&apos;[39m,
    stateNode: [36m[Circular *1][39m,
    return: FiberNode {
      tag: [33m11[39m,
      key: [1mnull[22m,
      elementType: [36m[Object][39m,
      type: [36m[Object][39m,
      stateNode: [1mnull[22m,
      return: [36m[FiberNode][39m,
      child: [36m[FiberNode][39m,
      sibling: [1mnull[22m,
      index: [33m0[39m,
      ref: [1mnull[22m,
      pendingProps: [36m[Object][39m,
      memoizedProps: [36m[Object][39m,
      updateQueue: [1mnull[22m,
      memoizedState: [1mnull[22m,
      dependencies: [36m[Object][39m,
      mode: [33m1[39m,
      flags: [33m1[39m,
      subtreeFlags: [33m1048581[39m,
      deletions: [1mnull[22m,
      lanes: [33m0[39m,
      childLanes: [33m0[39m,
      alternate: [36m[FiberNode][39m,
      actualDuration: [33m0[39m,
      actualStartTime: [33m-1[39m,
      selfBaseDuration: [33m0[39m,
      treeBaseDuration: [33m0[39m,
      _debugSource: [90mundefined[39m,
      _debugOwner: [36m[FiberNode][39m,
      _debugNeedsRemount: [33mfalse[39m,
      _debugHookTypes: [36m[Array][39m
    },
    child: FiberNode {
      tag: [33m0[39m,
      key: [1mnull[22m,
      elementType: [36m[Function: FieldPill][39m,
      type: [36m[Function: FieldPill][39m,
      stateNode: [1mnull[22m,
      return: [36m[Circular *2][39m,
      child: [36m[FiberNode][39m,
      sibling: [1mnull[22m,
      index: [33m0[39m,
      ref: [1mnull[22m,
      pendingProps: [36m[Object][39m,
      memoizedProps: [36m[Object][39m,
      updateQueue: [1mnull[22m,
      memoizedState: [1mnull[22m,
      dependencies: [1mnull[22m,
      mode: [33m1[39m,
      flags: [33m1[39m,
      subtreeFlags: [33m0[39m,
      deletions: [1mnull[22m,
      lanes: [33m0[39m,
      childLanes: [33m0[39m,
      alternate: [36m[FiberNode][39m,
      actualDuration: [33m0[39m,
      actualStartTime: [33m-1[39m,
      selfBaseDuration: [33m0[39m,
      treeBaseDuration: [33m0[39m,
      _debugSource: [1mnull[22m,
      _debugOwner: [36m[FiberNode][39m,
      _debugNeedsRemount: [33mfalse[39m,
      _debugHookTypes: [1mnull[22m
    },
    sibling: [1mnull[22m,
    index: [33m1[39m,
    ref: [1mnull[22m,
    pendingProps: {
      className: [32m&apos;MuiBox-root css-0&apos;[39m,
      id: [32m&apos;pill-pill-0&apos;[39m,
      children: [36m[Object][39m
    },
    memoizedProps: {
      className: [32m&apos;MuiBox-root css-0&apos;[39m,
      id: [32m&apos;pill-pill-0&apos;[39m,
      children: [36m[Object][39m
    },
    updateQueue: [1mnull[22m,
    memoizedState: [1mnull[22m,
    dependencies: [1mnull[22m,
    mode: [33m1[39m,
    flags: [33m1048576[39m,
    subtreeFlags: [33m1[39m,
    deletions: [1mnull[22m,
    lanes: [33m0[39m,
    childLanes: [33m0[39m,
    alternate: FiberNode {
      tag: [33m5[39m,
      key: [1mnull[22m,
      elementType: [32m&apos;div&apos;[39m,
      type: [32m&apos;div&apos;[39m,
      stateNode: [36m[Circular *1][39m,
      return: [36m[FiberNode][39m,
      child: [36m[FiberNode][39m,
      sibling: [1mnull[22m,
      index: [33m1[39m,
      ref: [1mnull[22m,
      pendingProps: [36m[Object][39m,
      memoizedProps: [36m[Object][39m,
      updateQueue: [1mnull[22m,
      memoizedState: [1mnull[22m,
      dependencies: [1mnull[22m,
      mode: [33m1[39m,
      flags: [33m0[39m,
      subtreeFlags: [33m5[39m,
      deletions: [1mnull[22m,
      lanes: [33m0[39m,
      childLanes: [33m0[39m,
      alternate: [36m[Circular *2][39m,
      actualDuration: [33m0[39m,
      actualStartTime: [33m-1[39m,
      selfBaseDuration: [33m0[39m,
      treeBaseDuration: [33m0[39m,
      _debugSource: [1mnull[22m,
      _debugOwner: [36m[FiberNode][39m,
      _debugNeedsRemount: [33mfalse[39m,
      _debugHookTypes: [1mnull[22m
    },
    actualDuration: [33m0[39m,
    actualStartTime: [33m-1[39m,
    selfBaseDuration: [33m0[39m,
    treeBaseDuration: [33m0[39m,
    _debugSource: [1mnull[22m,
    _debugOwner: FiberNode {
      tag: [33m11[39m,
      key: [1mnull[22m,
      elementType: [36m[Object][39m,
      type: [36m[Object][39m,
      stateNode: [1mnull[22m,
      return: [36m[FiberNode][39m,
      child: [36m[FiberNode][39m,
      sibling: [1mnull[22m,
      index: [33m0[39m,
      ref: [1mnull[22m,
      pendingProps: [36m[Object][39m,
      memoizedProps: [36m[Object][39m,
      updateQueue: [1mnull[22m,
      memoizedState: [1mnull[22m,
      dependencies: [36m[Object][39m,
      mode: [33m1[39m,
      flags: [33m1[39m,
      subtreeFlags: [33m1048581[39m,
      deletions: [1mnull[22m,
      lanes: [33m0[39m,
      childLanes: [33m0[39m,
      alternate: [36m[FiberNode][39m,
      actualDuration: [33m0[39m,
      actualStartTime: [33m-1[39m,
      selfBaseDuration: [33m0[39m,
      treeBaseDuration: [33m0[39m,
      _debugSource: [90mundefined[39m,
      _debugOwner: [36m[FiberNode][39m,
      _debugNeedsRemount: [33mfalse[39m,
      _debugHookTypes: [36m[Array][39m
    },
    _debugNeedsRemount: [33mfalse[39m,
    _debugHookTypes: [1mnull[22m
  },
  [32m&apos;__reactProps$hof2a6r6kyu&apos;[39m: {
    className: [32m&apos;MuiBox-root css-0&apos;[39m,
    id: [32m&apos;pill-pill-0&apos;[39m,
    children: {
      [32m&apos;$$typeof&apos;[39m: [32mSymbol(react.element)[39m,
      type: [36m[Function: FieldPill][39m,
      key: [1mnull[22m,
      ref: [1mnull[22m,
      props: [36m[Object][39m,
      _owner: [36m[FiberNode][39m,
      _store: {}
    }
  }
}

Field selector positioning element: [1mnull[22m
Operation selector positioning element: [1mnull[22m

            </system-out>
        </testcase>
    </testsuite>
</testsuites>
