<?xml version="1.0" encoding="UTF-8" ?>
<testsuites name="vitest tests" tests="27" failures="27" errors="0" time="0.277022388">
    <testsuite name="__tests__/pages/index.test.tsx" timestamp="2025-09-06T12:23:15.741Z" hostname="c82ba9db4d53" tests="27" failures="27" errors="0" skipped="0" time="0.277022388">
        <testcase classname="__tests__/pages/index.test.tsx" name="Index Page &gt; Initial Loading State &gt; should render loading state initially" time="0.079680603">
            <system-err>
Error: Uncaught [ReferenceError: React is not defined]
    at reportException (/var/tmp/vibe-kanban/worktrees/vk-b25b-create-tes/node_modules/.pnpm/jsdom@26.1.0/node_modules/jsdom/lib/jsdom/living/helpers/runtime-script-errors.js:66:24)
    at innerInvokeEventListeners (/var/tmp/vibe-kanban/worktrees/vk-b25b-create-tes/node_modules/.pnpm/jsdom@26.1.0/node_modules/jsdom/lib/jsdom/living/events/EventTarget-impl.js:353:9)
    at invokeEventListeners (/var/tmp/vibe-kanban/worktrees/vk-b25b-create-tes/node_modules/.pnpm/jsdom@26.1.0/node_modules/jsdom/lib/jsdom/living/events/EventTarget-impl.js:286:3)
    at HTMLUnknownElementImpl._dispatch (/var/tmp/vibe-kanban/worktrees/vk-b25b-create-tes/node_modules/.pnpm/jsdom@26.1.0/node_modules/jsdom/lib/jsdom/living/events/EventTarget-impl.js:233:9)
    at HTMLUnknownElementImpl.dispatchEvent (/var/tmp/vibe-kanban/worktrees/vk-b25b-create-tes/node_modules/.pnpm/jsdom@26.1.0/node_modules/jsdom/lib/jsdom/living/events/EventTarget-impl.js:104:17)
    at HTMLUnknownElement.dispatchEvent (/var/tmp/vibe-kanban/worktrees/vk-b25b-create-tes/node_modules/.pnpm/jsdom@26.1.0/node_modules/jsdom/lib/jsdom/living/generated/EventTarget.js:241:34)
    at Object.invokeGuardedCallbackDev (/var/tmp/vibe-kanban/worktrees/vk-b25b-create-tes/node_modules/.pnpm/react-dom@18.3.1_react@18.3.1/node_modules/react-dom/cjs/react-dom.development.js:4213:16)
    at invokeGuardedCallback (/var/tmp/vibe-kanban/worktrees/vk-b25b-create-tes/node_modules/.pnpm/react-dom@18.3.1_react@18.3.1/node_modules/react-dom/cjs/react-dom.development.js:4277:31)
    at beginWork$1 (/var/tmp/vibe-kanban/worktrees/vk-b25b-create-tes/node_modules/.pnpm/react-dom@18.3.1_react@18.3.1/node_modules/react-dom/cjs/react-dom.development.js:27490:7)
    at performUnitOfWork (/var/tmp/vibe-kanban/worktrees/vk-b25b-create-tes/node_modules/.pnpm/react-dom@18.3.1_react@18.3.1/node_modules/react-dom/cjs/react-dom.development.js:26599:12) ReferenceError: React is not defined
    at Page [90m(/var/tmp/vibe-kanban/worktrees/vk-b25b-create-tes/apps/web/[39mpages/index.tsx:71:19[90m)[39m
    at renderWithHooks (/var/tmp/vibe-kanban/worktrees/vk-b25b-create-tes/node_modules/[4m.pnpm[24m/react-dom@18.3.1_react@18.3.1/node_modules/[4mreact-dom[24m/cjs/react-dom.development.js:15486:18)
    at mountIndeterminateComponent (/var/tmp/vibe-kanban/worktrees/vk-b25b-create-tes/node_modules/[4m.pnpm[24m/react-dom@18.3.1_react@18.3.1/node_modules/[4mreact-dom[24m/cjs/react-dom.development.js:20103:13)
    at beginWork (/var/tmp/vibe-kanban/worktrees/vk-b25b-create-tes/node_modules/[4m.pnpm[24m/react-dom@18.3.1_react@18.3.1/node_modules/[4mreact-dom[24m/cjs/react-dom.development.js:21626:16)
    at HTMLUnknownElement.callCallback (/var/tmp/vibe-kanban/worktrees/vk-b25b-create-tes/node_modules/[4m.pnpm[24m/react-dom@18.3.1_react@18.3.1/node_modules/[4mreact-dom[24m/cjs/react-dom.development.js:4164:14)
    at HTMLUnknownElement.callTheUserObjectsOperation (/var/tmp/vibe-kanban/worktrees/vk-b25b-create-tes/node_modules/[4m.pnpm[24m/jsdom@26.1.0/node_modules/[4mjsdom[24m/lib/jsdom/living/generated/EventListener.js:26:30)
    at innerInvokeEventListeners (/var/tmp/vibe-kanban/worktrees/vk-b25b-create-tes/node_modules/[4m.pnpm[24m/jsdom@26.1.0/node_modules/[4mjsdom[24m/lib/jsdom/living/events/EventTarget-impl.js:350:25)
    at invokeEventListeners (/var/tmp/vibe-kanban/worktrees/vk-b25b-create-tes/node_modules/[4m.pnpm[24m/jsdom@26.1.0/node_modules/[4mjsdom[24m/lib/jsdom/living/events/EventTarget-impl.js:286:3)
    at HTMLUnknownElementImpl._dispatch (/var/tmp/vibe-kanban/worktrees/vk-b25b-create-tes/node_modules/[4m.pnpm[24m/jsdom@26.1.0/node_modules/[4mjsdom[24m/lib/jsdom/living/events/EventTarget-impl.js:233:9)
    at HTMLUnknownElementImpl.dispatchEvent (/var/tmp/vibe-kanban/worktrees/vk-b25b-create-tes/node_modules/[4m.pnpm[24m/jsdom@26.1.0/node_modules/[4mjsdom[24m/lib/jsdom/living/events/EventTarget-impl.js:104:17)
Error: Uncaught [ReferenceError: React is not defined]
    at reportException (/var/tmp/vibe-kanban/worktrees/vk-b25b-create-tes/node_modules/.pnpm/jsdom@26.1.0/node_modules/jsdom/lib/jsdom/living/helpers/runtime-script-errors.js:66:24)
    at innerInvokeEventListeners (/var/tmp/vibe-kanban/worktrees/vk-b25b-create-tes/node_modules/.pnpm/jsdom@26.1.0/node_modules/jsdom/lib/jsdom/living/events/EventTarget-impl.js:353:9)
    at invokeEventListeners (/var/tmp/vibe-kanban/worktrees/vk-b25b-create-tes/node_modules/.pnpm/jsdom@26.1.0/node_modules/jsdom/lib/jsdom/living/events/EventTarget-impl.js:286:3)
    at HTMLUnknownElementImpl._dispatch (/var/tmp/vibe-kanban/worktrees/vk-b25b-create-tes/node_modules/.pnpm/jsdom@26.1.0/node_modules/jsdom/lib/jsdom/living/events/EventTarget-impl.js:233:9)
    at HTMLUnknownElementImpl.dispatchEvent (/var/tmp/vibe-kanban/worktrees/vk-b25b-create-tes/node_modules/.pnpm/jsdom@26.1.0/node_modules/jsdom/lib/jsdom/living/events/EventTarget-impl.js:104:17)
    at HTMLUnknownElement.dispatchEvent (/var/tmp/vibe-kanban/worktrees/vk-b25b-create-tes/node_modules/.pnpm/jsdom@26.1.0/node_modules/jsdom/lib/jsdom/living/generated/EventTarget.js:241:34)
    at Object.invokeGuardedCallbackDev (/var/tmp/vibe-kanban/worktrees/vk-b25b-create-tes/node_modules/.pnpm/react-dom@18.3.1_react@18.3.1/node_modules/react-dom/cjs/react-dom.development.js:4213:16)
    at invokeGuardedCallback (/var/tmp/vibe-kanban/worktrees/vk-b25b-create-tes/node_modules/.pnpm/react-dom@18.3.1_react@18.3.1/node_modules/react-dom/cjs/react-dom.development.js:4277:31)
    at beginWork$1 (/var/tmp/vibe-kanban/worktrees/vk-b25b-create-tes/node_modules/.pnpm/react-dom@18.3.1_react@18.3.1/node_modules/react-dom/cjs/react-dom.development.js:27490:7)
    at performUnitOfWork (/var/tmp/vibe-kanban/worktrees/vk-b25b-create-tes/node_modules/.pnpm/react-dom@18.3.1_react@18.3.1/node_modules/react-dom/cjs/react-dom.development.js:26599:12) ReferenceError: React is not defined
    at Page [90m(/var/tmp/vibe-kanban/worktrees/vk-b25b-create-tes/apps/web/[39mpages/index.tsx:71:19[90m)[39m
    at renderWithHooks (/var/tmp/vibe-kanban/worktrees/vk-b25b-create-tes/node_modules/[4m.pnpm[24m/react-dom@18.3.1_react@18.3.1/node_modules/[4mreact-dom[24m/cjs/react-dom.development.js:15486:18)
    at mountIndeterminateComponent (/var/tmp/vibe-kanban/worktrees/vk-b25b-create-tes/node_modules/[4m.pnpm[24m/react-dom@18.3.1_react@18.3.1/node_modules/[4mreact-dom[24m/cjs/react-dom.development.js:20103:13)
    at beginWork (/var/tmp/vibe-kanban/worktrees/vk-b25b-create-tes/node_modules/[4m.pnpm[24m/react-dom@18.3.1_react@18.3.1/node_modules/[4mreact-dom[24m/cjs/react-dom.development.js:21626:16)
    at HTMLUnknownElement.callCallback (/var/tmp/vibe-kanban/worktrees/vk-b25b-create-tes/node_modules/[4m.pnpm[24m/react-dom@18.3.1_react@18.3.1/node_modules/[4mreact-dom[24m/cjs/react-dom.development.js:4164:14)
    at HTMLUnknownElement.callTheUserObjectsOperation (/var/tmp/vibe-kanban/worktrees/vk-b25b-create-tes/node_modules/[4m.pnpm[24m/jsdom@26.1.0/node_modules/[4mjsdom[24m/lib/jsdom/living/generated/EventListener.js:26:30)
    at innerInvokeEventListeners (/var/tmp/vibe-kanban/worktrees/vk-b25b-create-tes/node_modules/[4m.pnpm[24m/jsdom@26.1.0/node_modules/[4mjsdom[24m/lib/jsdom/living/events/EventTarget-impl.js:350:25)
    at invokeEventListeners (/var/tmp/vibe-kanban/worktrees/vk-b25b-create-tes/node_modules/[4m.pnpm[24m/jsdom@26.1.0/node_modules/[4mjsdom[24m/lib/jsdom/living/events/EventTarget-impl.js:286:3)
    at HTMLUnknownElementImpl._dispatch (/var/tmp/vibe-kanban/worktrees/vk-b25b-create-tes/node_modules/[4m.pnpm[24m/jsdom@26.1.0/node_modules/[4mjsdom[24m/lib/jsdom/living/events/EventTarget-impl.js:233:9)
    at HTMLUnknownElementImpl.dispatchEvent (/var/tmp/vibe-kanban/worktrees/vk-b25b-create-tes/node_modules/[4m.pnpm[24m/jsdom@26.1.0/node_modules/[4mjsdom[24m/lib/jsdom/living/events/EventTarget-impl.js:104:17)

            </system-err>
            <failure message="React is not defined" type="ReferenceError">
ReferenceError: React is not defined
 ❯ Page pages/index.tsx:71:19
 ❯ renderWithHooks ../../node_modules/.pnpm/react-dom@18.3.1_react@18.3.1/node_modules/react-dom/cjs/react-dom.development.js:15486:18
 ❯ mountIndeterminateComponent ../../node_modules/.pnpm/react-dom@18.3.1_react@18.3.1/node_modules/react-dom/cjs/react-dom.development.js:20103:13
 ❯ beginWork ../../node_modules/.pnpm/react-dom@18.3.1_react@18.3.1/node_modules/react-dom/cjs/react-dom.development.js:21626:16
 ❯ beginWork$1 ../../node_modules/.pnpm/react-dom@18.3.1_react@18.3.1/node_modules/react-dom/cjs/react-dom.development.js:27465:14
 ❯ performUnitOfWork ../../node_modules/.pnpm/react-dom@18.3.1_react@18.3.1/node_modules/react-dom/cjs/react-dom.development.js:26599:12
 ❯ workLoopSync ../../node_modules/.pnpm/react-dom@18.3.1_react@18.3.1/node_modules/react-dom/cjs/react-dom.development.js:26505:5
 ❯ renderRootSync ../../node_modules/.pnpm/react-dom@18.3.1_react@18.3.1/node_modules/react-dom/cjs/react-dom.development.js:26473:7
 ❯ recoverFromConcurrentError ../../node_modules/.pnpm/react-dom@18.3.1_react@18.3.1/node_modules/react-dom/cjs/react-dom.development.js:25889:20
 ❯ performConcurrentWorkOnRoot ../../node_modules/.pnpm/react-dom@18.3.1_react@18.3.1/node_modules/react-dom/cjs/react-dom.development.js:25789:22
            </failure>
        </testcase>
        <testcase classname="__tests__/pages/index.test.tsx" name="Index Page &gt; Initial Loading State &gt; should render without crashing" time="0.008052093">
            <system-err>
Error: Uncaught [ReferenceError: React is not defined]
    at reportException (/var/tmp/vibe-kanban/worktrees/vk-b25b-create-tes/node_modules/.pnpm/jsdom@26.1.0/node_modules/jsdom/lib/jsdom/living/helpers/runtime-script-errors.js:66:24)
    at innerInvokeEventListeners (/var/tmp/vibe-kanban/worktrees/vk-b25b-create-tes/node_modules/.pnpm/jsdom@26.1.0/node_modules/jsdom/lib/jsdom/living/events/EventTarget-impl.js:353:9)
    at invokeEventListeners (/var/tmp/vibe-kanban/worktrees/vk-b25b-create-tes/node_modules/.pnpm/jsdom@26.1.0/node_modules/jsdom/lib/jsdom/living/events/EventTarget-impl.js:286:3)
    at HTMLUnknownElementImpl._dispatch (/var/tmp/vibe-kanban/worktrees/vk-b25b-create-tes/node_modules/.pnpm/jsdom@26.1.0/node_modules/jsdom/lib/jsdom/living/events/EventTarget-impl.js:233:9)
    at HTMLUnknownElementImpl.dispatchEvent (/var/tmp/vibe-kanban/worktrees/vk-b25b-create-tes/node_modules/.pnpm/jsdom@26.1.0/node_modules/jsdom/lib/jsdom/living/events/EventTarget-impl.js:104:17)
    at HTMLUnknownElement.dispatchEvent (/var/tmp/vibe-kanban/worktrees/vk-b25b-create-tes/node_modules/.pnpm/jsdom@26.1.0/node_modules/jsdom/lib/jsdom/living/generated/EventTarget.js:241:34)
    at Object.invokeGuardedCallbackDev (/var/tmp/vibe-kanban/worktrees/vk-b25b-create-tes/node_modules/.pnpm/react-dom@18.3.1_react@18.3.1/node_modules/react-dom/cjs/react-dom.development.js:4213:16)
    at invokeGuardedCallback (/var/tmp/vibe-kanban/worktrees/vk-b25b-create-tes/node_modules/.pnpm/react-dom@18.3.1_react@18.3.1/node_modules/react-dom/cjs/react-dom.development.js:4277:31)
    at beginWork$1 (/var/tmp/vibe-kanban/worktrees/vk-b25b-create-tes/node_modules/.pnpm/react-dom@18.3.1_react@18.3.1/node_modules/react-dom/cjs/react-dom.development.js:27490:7)
    at performUnitOfWork (/var/tmp/vibe-kanban/worktrees/vk-b25b-create-tes/node_modules/.pnpm/react-dom@18.3.1_react@18.3.1/node_modules/react-dom/cjs/react-dom.development.js:26599:12) ReferenceError: React is not defined
    at Page [90m(/var/tmp/vibe-kanban/worktrees/vk-b25b-create-tes/apps/web/[39mpages/index.tsx:71:19[90m)[39m
    at renderWithHooks (/var/tmp/vibe-kanban/worktrees/vk-b25b-create-tes/node_modules/[4m.pnpm[24m/react-dom@18.3.1_react@18.3.1/node_modules/[4mreact-dom[24m/cjs/react-dom.development.js:15486:18)
    at mountIndeterminateComponent (/var/tmp/vibe-kanban/worktrees/vk-b25b-create-tes/node_modules/[4m.pnpm[24m/react-dom@18.3.1_react@18.3.1/node_modules/[4mreact-dom[24m/cjs/react-dom.development.js:20103:13)
    at beginWork (/var/tmp/vibe-kanban/worktrees/vk-b25b-create-tes/node_modules/[4m.pnpm[24m/react-dom@18.3.1_react@18.3.1/node_modules/[4mreact-dom[24m/cjs/react-dom.development.js:21626:16)
    at HTMLUnknownElement.callCallback (/var/tmp/vibe-kanban/worktrees/vk-b25b-create-tes/node_modules/[4m.pnpm[24m/react-dom@18.3.1_react@18.3.1/node_modules/[4mreact-dom[24m/cjs/react-dom.development.js:4164:14)
    at HTMLUnknownElement.callTheUserObjectsOperation (/var/tmp/vibe-kanban/worktrees/vk-b25b-create-tes/node_modules/[4m.pnpm[24m/jsdom@26.1.0/node_modules/[4mjsdom[24m/lib/jsdom/living/generated/EventListener.js:26:30)
    at innerInvokeEventListeners (/var/tmp/vibe-kanban/worktrees/vk-b25b-create-tes/node_modules/[4m.pnpm[24m/jsdom@26.1.0/node_modules/[4mjsdom[24m/lib/jsdom/living/events/EventTarget-impl.js:350:25)
    at invokeEventListeners (/var/tmp/vibe-kanban/worktrees/vk-b25b-create-tes/node_modules/[4m.pnpm[24m/jsdom@26.1.0/node_modules/[4mjsdom[24m/lib/jsdom/living/events/EventTarget-impl.js:286:3)
    at HTMLUnknownElementImpl._dispatch (/var/tmp/vibe-kanban/worktrees/vk-b25b-create-tes/node_modules/[4m.pnpm[24m/jsdom@26.1.0/node_modules/[4mjsdom[24m/lib/jsdom/living/events/EventTarget-impl.js:233:9)
    at HTMLUnknownElementImpl.dispatchEvent (/var/tmp/vibe-kanban/worktrees/vk-b25b-create-tes/node_modules/[4m.pnpm[24m/jsdom@26.1.0/node_modules/[4mjsdom[24m/lib/jsdom/living/events/EventTarget-impl.js:104:17)
Error: Uncaught [ReferenceError: React is not defined]
    at reportException (/var/tmp/vibe-kanban/worktrees/vk-b25b-create-tes/node_modules/.pnpm/jsdom@26.1.0/node_modules/jsdom/lib/jsdom/living/helpers/runtime-script-errors.js:66:24)
    at innerInvokeEventListeners (/var/tmp/vibe-kanban/worktrees/vk-b25b-create-tes/node_modules/.pnpm/jsdom@26.1.0/node_modules/jsdom/lib/jsdom/living/events/EventTarget-impl.js:353:9)
    at invokeEventListeners (/var/tmp/vibe-kanban/worktrees/vk-b25b-create-tes/node_modules/.pnpm/jsdom@26.1.0/node_modules/jsdom/lib/jsdom/living/events/EventTarget-impl.js:286:3)
    at HTMLUnknownElementImpl._dispatch (/var/tmp/vibe-kanban/worktrees/vk-b25b-create-tes/node_modules/.pnpm/jsdom@26.1.0/node_modules/jsdom/lib/jsdom/living/events/EventTarget-impl.js:233:9)
    at HTMLUnknownElementImpl.dispatchEvent (/var/tmp/vibe-kanban/worktrees/vk-b25b-create-tes/node_modules/.pnpm/jsdom@26.1.0/node_modules/jsdom/lib/jsdom/living/events/EventTarget-impl.js:104:17)
    at HTMLUnknownElement.dispatchEvent (/var/tmp/vibe-kanban/worktrees/vk-b25b-create-tes/node_modules/.pnpm/jsdom@26.1.0/node_modules/jsdom/lib/jsdom/living/generated/EventTarget.js:241:34)
    at Object.invokeGuardedCallbackDev (/var/tmp/vibe-kanban/worktrees/vk-b25b-create-tes/node_modules/.pnpm/react-dom@18.3.1_react@18.3.1/node_modules/react-dom/cjs/react-dom.development.js:4213:16)
    at invokeGuardedCallback (/var/tmp/vibe-kanban/worktrees/vk-b25b-create-tes/node_modules/.pnpm/react-dom@18.3.1_react@18.3.1/node_modules/react-dom/cjs/react-dom.development.js:4277:31)
    at beginWork$1 (/var/tmp/vibe-kanban/worktrees/vk-b25b-create-tes/node_modules/.pnpm/react-dom@18.3.1_react@18.3.1/node_modules/react-dom/cjs/react-dom.development.js:27490:7)
    at performUnitOfWork (/var/tmp/vibe-kanban/worktrees/vk-b25b-create-tes/node_modules/.pnpm/react-dom@18.3.1_react@18.3.1/node_modules/react-dom/cjs/react-dom.development.js:26599:12) ReferenceError: React is not defined
    at Page [90m(/var/tmp/vibe-kanban/worktrees/vk-b25b-create-tes/apps/web/[39mpages/index.tsx:71:19[90m)[39m
    at renderWithHooks (/var/tmp/vibe-kanban/worktrees/vk-b25b-create-tes/node_modules/[4m.pnpm[24m/react-dom@18.3.1_react@18.3.1/node_modules/[4mreact-dom[24m/cjs/react-dom.development.js:15486:18)
    at mountIndeterminateComponent (/var/tmp/vibe-kanban/worktrees/vk-b25b-create-tes/node_modules/[4m.pnpm[24m/react-dom@18.3.1_react@18.3.1/node_modules/[4mreact-dom[24m/cjs/react-dom.development.js:20103:13)
    at beginWork (/var/tmp/vibe-kanban/worktrees/vk-b25b-create-tes/node_modules/[4m.pnpm[24m/react-dom@18.3.1_react@18.3.1/node_modules/[4mreact-dom[24m/cjs/react-dom.development.js:21626:16)
    at HTMLUnknownElement.callCallback (/var/tmp/vibe-kanban/worktrees/vk-b25b-create-tes/node_modules/[4m.pnpm[24m/react-dom@18.3.1_react@18.3.1/node_modules/[4mreact-dom[24m/cjs/react-dom.development.js:4164:14)
    at HTMLUnknownElement.callTheUserObjectsOperation (/var/tmp/vibe-kanban/worktrees/vk-b25b-create-tes/node_modules/[4m.pnpm[24m/jsdom@26.1.0/node_modules/[4mjsdom[24m/lib/jsdom/living/generated/EventListener.js:26:30)
    at innerInvokeEventListeners (/var/tmp/vibe-kanban/worktrees/vk-b25b-create-tes/node_modules/[4m.pnpm[24m/jsdom@26.1.0/node_modules/[4mjsdom[24m/lib/jsdom/living/events/EventTarget-impl.js:350:25)
    at invokeEventListeners (/var/tmp/vibe-kanban/worktrees/vk-b25b-create-tes/node_modules/[4m.pnpm[24m/jsdom@26.1.0/node_modules/[4mjsdom[24m/lib/jsdom/living/events/EventTarget-impl.js:286:3)
    at HTMLUnknownElementImpl._dispatch (/var/tmp/vibe-kanban/worktrees/vk-b25b-create-tes/node_modules/[4m.pnpm[24m/jsdom@26.1.0/node_modules/[4mjsdom[24m/lib/jsdom/living/events/EventTarget-impl.js:233:9)
    at HTMLUnknownElementImpl.dispatchEvent (/var/tmp/vibe-kanban/worktrees/vk-b25b-create-tes/node_modules/[4m.pnpm[24m/jsdom@26.1.0/node_modules/[4mjsdom[24m/lib/jsdom/living/events/EventTarget-impl.js:104:17)

            </system-err>
            <failure message="React is not defined" type="ReferenceError">
ReferenceError: React is not defined
 ❯ Page pages/index.tsx:71:19
 ❯ renderWithHooks ../../node_modules/.pnpm/react-dom@18.3.1_react@18.3.1/node_modules/react-dom/cjs/react-dom.development.js:15486:18
 ❯ mountIndeterminateComponent ../../node_modules/.pnpm/react-dom@18.3.1_react@18.3.1/node_modules/react-dom/cjs/react-dom.development.js:20103:13
 ❯ beginWork ../../node_modules/.pnpm/react-dom@18.3.1_react@18.3.1/node_modules/react-dom/cjs/react-dom.development.js:21626:16
 ❯ beginWork$1 ../../node_modules/.pnpm/react-dom@18.3.1_react@18.3.1/node_modules/react-dom/cjs/react-dom.development.js:27465:14
 ❯ performUnitOfWork ../../node_modules/.pnpm/react-dom@18.3.1_react@18.3.1/node_modules/react-dom/cjs/react-dom.development.js:26599:12
 ❯ workLoopSync ../../node_modules/.pnpm/react-dom@18.3.1_react@18.3.1/node_modules/react-dom/cjs/react-dom.development.js:26505:5
 ❯ renderRootSync ../../node_modules/.pnpm/react-dom@18.3.1_react@18.3.1/node_modules/react-dom/cjs/react-dom.development.js:26473:7
 ❯ recoverFromConcurrentError ../../node_modules/.pnpm/react-dom@18.3.1_react@18.3.1/node_modules/react-dom/cjs/react-dom.development.js:25889:20
 ❯ performConcurrentWorkOnRoot ../../node_modules/.pnpm/react-dom@18.3.1_react@18.3.1/node_modules/react-dom/cjs/react-dom.development.js:25789:22
            </failure>
        </testcase>
        <testcase classname="__tests__/pages/index.test.tsx" name="Index Page &gt; Not Connected State &gt; should show PlexConnection component when not connected" time="0.007655267">
            <system-err>
Error: Uncaught [ReferenceError: React is not defined]
    at reportException (/var/tmp/vibe-kanban/worktrees/vk-b25b-create-tes/node_modules/.pnpm/jsdom@26.1.0/node_modules/jsdom/lib/jsdom/living/helpers/runtime-script-errors.js:66:24)
    at innerInvokeEventListeners (/var/tmp/vibe-kanban/worktrees/vk-b25b-create-tes/node_modules/.pnpm/jsdom@26.1.0/node_modules/jsdom/lib/jsdom/living/events/EventTarget-impl.js:353:9)
    at invokeEventListeners (/var/tmp/vibe-kanban/worktrees/vk-b25b-create-tes/node_modules/.pnpm/jsdom@26.1.0/node_modules/jsdom/lib/jsdom/living/events/EventTarget-impl.js:286:3)
    at HTMLUnknownElementImpl._dispatch (/var/tmp/vibe-kanban/worktrees/vk-b25b-create-tes/node_modules/.pnpm/jsdom@26.1.0/node_modules/jsdom/lib/jsdom/living/events/EventTarget-impl.js:233:9)
    at HTMLUnknownElementImpl.dispatchEvent (/var/tmp/vibe-kanban/worktrees/vk-b25b-create-tes/node_modules/.pnpm/jsdom@26.1.0/node_modules/jsdom/lib/jsdom/living/events/EventTarget-impl.js:104:17)
    at HTMLUnknownElement.dispatchEvent (/var/tmp/vibe-kanban/worktrees/vk-b25b-create-tes/node_modules/.pnpm/jsdom@26.1.0/node_modules/jsdom/lib/jsdom/living/generated/EventTarget.js:241:34)
    at Object.invokeGuardedCallbackDev (/var/tmp/vibe-kanban/worktrees/vk-b25b-create-tes/node_modules/.pnpm/react-dom@18.3.1_react@18.3.1/node_modules/react-dom/cjs/react-dom.development.js:4213:16)
    at invokeGuardedCallback (/var/tmp/vibe-kanban/worktrees/vk-b25b-create-tes/node_modules/.pnpm/react-dom@18.3.1_react@18.3.1/node_modules/react-dom/cjs/react-dom.development.js:4277:31)
    at beginWork$1 (/var/tmp/vibe-kanban/worktrees/vk-b25b-create-tes/node_modules/.pnpm/react-dom@18.3.1_react@18.3.1/node_modules/react-dom/cjs/react-dom.development.js:27490:7)
    at performUnitOfWork (/var/tmp/vibe-kanban/worktrees/vk-b25b-create-tes/node_modules/.pnpm/react-dom@18.3.1_react@18.3.1/node_modules/react-dom/cjs/react-dom.development.js:26599:12) ReferenceError: React is not defined
    at Page [90m(/var/tmp/vibe-kanban/worktrees/vk-b25b-create-tes/apps/web/[39mpages/index.tsx:71:19[90m)[39m
    at renderWithHooks (/var/tmp/vibe-kanban/worktrees/vk-b25b-create-tes/node_modules/[4m.pnpm[24m/react-dom@18.3.1_react@18.3.1/node_modules/[4mreact-dom[24m/cjs/react-dom.development.js:15486:18)
    at mountIndeterminateComponent (/var/tmp/vibe-kanban/worktrees/vk-b25b-create-tes/node_modules/[4m.pnpm[24m/react-dom@18.3.1_react@18.3.1/node_modules/[4mreact-dom[24m/cjs/react-dom.development.js:20103:13)
    at beginWork (/var/tmp/vibe-kanban/worktrees/vk-b25b-create-tes/node_modules/[4m.pnpm[24m/react-dom@18.3.1_react@18.3.1/node_modules/[4mreact-dom[24m/cjs/react-dom.development.js:21626:16)
    at HTMLUnknownElement.callCallback (/var/tmp/vibe-kanban/worktrees/vk-b25b-create-tes/node_modules/[4m.pnpm[24m/react-dom@18.3.1_react@18.3.1/node_modules/[4mreact-dom[24m/cjs/react-dom.development.js:4164:14)
    at HTMLUnknownElement.callTheUserObjectsOperation (/var/tmp/vibe-kanban/worktrees/vk-b25b-create-tes/node_modules/[4m.pnpm[24m/jsdom@26.1.0/node_modules/[4mjsdom[24m/lib/jsdom/living/generated/EventListener.js:26:30)
    at innerInvokeEventListeners (/var/tmp/vibe-kanban/worktrees/vk-b25b-create-tes/node_modules/[4m.pnpm[24m/jsdom@26.1.0/node_modules/[4mjsdom[24m/lib/jsdom/living/events/EventTarget-impl.js:350:25)
    at invokeEventListeners (/var/tmp/vibe-kanban/worktrees/vk-b25b-create-tes/node_modules/[4m.pnpm[24m/jsdom@26.1.0/node_modules/[4mjsdom[24m/lib/jsdom/living/events/EventTarget-impl.js:286:3)
    at HTMLUnknownElementImpl._dispatch (/var/tmp/vibe-kanban/worktrees/vk-b25b-create-tes/node_modules/[4m.pnpm[24m/jsdom@26.1.0/node_modules/[4mjsdom[24m/lib/jsdom/living/events/EventTarget-impl.js:233:9)
    at HTMLUnknownElementImpl.dispatchEvent (/var/tmp/vibe-kanban/worktrees/vk-b25b-create-tes/node_modules/[4m.pnpm[24m/jsdom@26.1.0/node_modules/[4mjsdom[24m/lib/jsdom/living/events/EventTarget-impl.js:104:17)
Error: Uncaught [ReferenceError: React is not defined]
    at reportException (/var/tmp/vibe-kanban/worktrees/vk-b25b-create-tes/node_modules/.pnpm/jsdom@26.1.0/node_modules/jsdom/lib/jsdom/living/helpers/runtime-script-errors.js:66:24)
    at innerInvokeEventListeners (/var/tmp/vibe-kanban/worktrees/vk-b25b-create-tes/node_modules/.pnpm/jsdom@26.1.0/node_modules/jsdom/lib/jsdom/living/events/EventTarget-impl.js:353:9)
    at invokeEventListeners (/var/tmp/vibe-kanban/worktrees/vk-b25b-create-tes/node_modules/.pnpm/jsdom@26.1.0/node_modules/jsdom/lib/jsdom/living/events/EventTarget-impl.js:286:3)
    at HTMLUnknownElementImpl._dispatch (/var/tmp/vibe-kanban/worktrees/vk-b25b-create-tes/node_modules/.pnpm/jsdom@26.1.0/node_modules/jsdom/lib/jsdom/living/events/EventTarget-impl.js:233:9)
    at HTMLUnknownElementImpl.dispatchEvent (/var/tmp/vibe-kanban/worktrees/vk-b25b-create-tes/node_modules/.pnpm/jsdom@26.1.0/node_modules/jsdom/lib/jsdom/living/events/EventTarget-impl.js:104:17)
    at HTMLUnknownElement.dispatchEvent (/var/tmp/vibe-kanban/worktrees/vk-b25b-create-tes/node_modules/.pnpm/jsdom@26.1.0/node_modules/jsdom/lib/jsdom/living/generated/EventTarget.js:241:34)
    at Object.invokeGuardedCallbackDev (/var/tmp/vibe-kanban/worktrees/vk-b25b-create-tes/node_modules/.pnpm/react-dom@18.3.1_react@18.3.1/node_modules/react-dom/cjs/react-dom.development.js:4213:16)
    at invokeGuardedCallback (/var/tmp/vibe-kanban/worktrees/vk-b25b-create-tes/node_modules/.pnpm/react-dom@18.3.1_react@18.3.1/node_modules/react-dom/cjs/react-dom.development.js:4277:31)
    at beginWork$1 (/var/tmp/vibe-kanban/worktrees/vk-b25b-create-tes/node_modules/.pnpm/react-dom@18.3.1_react@18.3.1/node_modules/react-dom/cjs/react-dom.development.js:27490:7)
    at performUnitOfWork (/var/tmp/vibe-kanban/worktrees/vk-b25b-create-tes/node_modules/.pnpm/react-dom@18.3.1_react@18.3.1/node_modules/react-dom/cjs/react-dom.development.js:26599:12) ReferenceError: React is not defined
    at Page [90m(/var/tmp/vibe-kanban/worktrees/vk-b25b-create-tes/apps/web/[39mpages/index.tsx:71:19[90m)[39m
    at renderWithHooks (/var/tmp/vibe-kanban/worktrees/vk-b25b-create-tes/node_modules/[4m.pnpm[24m/react-dom@18.3.1_react@18.3.1/node_modules/[4mreact-dom[24m/cjs/react-dom.development.js:15486:18)
    at mountIndeterminateComponent (/var/tmp/vibe-kanban/worktrees/vk-b25b-create-tes/node_modules/[4m.pnpm[24m/react-dom@18.3.1_react@18.3.1/node_modules/[4mreact-dom[24m/cjs/react-dom.development.js:20103:13)
    at beginWork (/var/tmp/vibe-kanban/worktrees/vk-b25b-create-tes/node_modules/[4m.pnpm[24m/react-dom@18.3.1_react@18.3.1/node_modules/[4mreact-dom[24m/cjs/react-dom.development.js:21626:16)
    at HTMLUnknownElement.callCallback (/var/tmp/vibe-kanban/worktrees/vk-b25b-create-tes/node_modules/[4m.pnpm[24m/react-dom@18.3.1_react@18.3.1/node_modules/[4mreact-dom[24m/cjs/react-dom.development.js:4164:14)
    at HTMLUnknownElement.callTheUserObjectsOperation (/var/tmp/vibe-kanban/worktrees/vk-b25b-create-tes/node_modules/[4m.pnpm[24m/jsdom@26.1.0/node_modules/[4mjsdom[24m/lib/jsdom/living/generated/EventListener.js:26:30)
    at innerInvokeEventListeners (/var/tmp/vibe-kanban/worktrees/vk-b25b-create-tes/node_modules/[4m.pnpm[24m/jsdom@26.1.0/node_modules/[4mjsdom[24m/lib/jsdom/living/events/EventTarget-impl.js:350:25)
    at invokeEventListeners (/var/tmp/vibe-kanban/worktrees/vk-b25b-create-tes/node_modules/[4m.pnpm[24m/jsdom@26.1.0/node_modules/[4mjsdom[24m/lib/jsdom/living/events/EventTarget-impl.js:286:3)
    at HTMLUnknownElementImpl._dispatch (/var/tmp/vibe-kanban/worktrees/vk-b25b-create-tes/node_modules/[4m.pnpm[24m/jsdom@26.1.0/node_modules/[4mjsdom[24m/lib/jsdom/living/events/EventTarget-impl.js:233:9)
    at HTMLUnknownElementImpl.dispatchEvent (/var/tmp/vibe-kanban/worktrees/vk-b25b-create-tes/node_modules/[4m.pnpm[24m/jsdom@26.1.0/node_modules/[4mjsdom[24m/lib/jsdom/living/events/EventTarget-impl.js:104:17)

            </system-err>
            <failure message="React is not defined" type="ReferenceError">
ReferenceError: React is not defined
 ❯ Page pages/index.tsx:71:19
 ❯ renderWithHooks ../../node_modules/.pnpm/react-dom@18.3.1_react@18.3.1/node_modules/react-dom/cjs/react-dom.development.js:15486:18
 ❯ mountIndeterminateComponent ../../node_modules/.pnpm/react-dom@18.3.1_react@18.3.1/node_modules/react-dom/cjs/react-dom.development.js:20103:13
 ❯ beginWork ../../node_modules/.pnpm/react-dom@18.3.1_react@18.3.1/node_modules/react-dom/cjs/react-dom.development.js:21626:16
 ❯ beginWork$1 ../../node_modules/.pnpm/react-dom@18.3.1_react@18.3.1/node_modules/react-dom/cjs/react-dom.development.js:27465:14
 ❯ performUnitOfWork ../../node_modules/.pnpm/react-dom@18.3.1_react@18.3.1/node_modules/react-dom/cjs/react-dom.development.js:26599:12
 ❯ workLoopSync ../../node_modules/.pnpm/react-dom@18.3.1_react@18.3.1/node_modules/react-dom/cjs/react-dom.development.js:26505:5
 ❯ renderRootSync ../../node_modules/.pnpm/react-dom@18.3.1_react@18.3.1/node_modules/react-dom/cjs/react-dom.development.js:26473:7
 ❯ recoverFromConcurrentError ../../node_modules/.pnpm/react-dom@18.3.1_react@18.3.1/node_modules/react-dom/cjs/react-dom.development.js:25889:20
 ❯ performConcurrentWorkOnRoot ../../node_modules/.pnpm/react-dom@18.3.1_react@18.3.1/node_modules/react-dom/cjs/react-dom.development.js:25789:22
            </failure>
        </testcase>
        <testcase classname="__tests__/pages/index.test.tsx" name="Index Page &gt; Not Connected State &gt; should show PlexConnection when connected but no URI" time="0.006920147">
            <system-err>
Error: Uncaught [ReferenceError: React is not defined]
    at reportException (/var/tmp/vibe-kanban/worktrees/vk-b25b-create-tes/node_modules/.pnpm/jsdom@26.1.0/node_modules/jsdom/lib/jsdom/living/helpers/runtime-script-errors.js:66:24)
    at innerInvokeEventListeners (/var/tmp/vibe-kanban/worktrees/vk-b25b-create-tes/node_modules/.pnpm/jsdom@26.1.0/node_modules/jsdom/lib/jsdom/living/events/EventTarget-impl.js:353:9)
    at invokeEventListeners (/var/tmp/vibe-kanban/worktrees/vk-b25b-create-tes/node_modules/.pnpm/jsdom@26.1.0/node_modules/jsdom/lib/jsdom/living/events/EventTarget-impl.js:286:3)
    at HTMLUnknownElementImpl._dispatch (/var/tmp/vibe-kanban/worktrees/vk-b25b-create-tes/node_modules/.pnpm/jsdom@26.1.0/node_modules/jsdom/lib/jsdom/living/events/EventTarget-impl.js:233:9)
    at HTMLUnknownElementImpl.dispatchEvent (/var/tmp/vibe-kanban/worktrees/vk-b25b-create-tes/node_modules/.pnpm/jsdom@26.1.0/node_modules/jsdom/lib/jsdom/living/events/EventTarget-impl.js:104:17)
    at HTMLUnknownElement.dispatchEvent (/var/tmp/vibe-kanban/worktrees/vk-b25b-create-tes/node_modules/.pnpm/jsdom@26.1.0/node_modules/jsdom/lib/jsdom/living/generated/EventTarget.js:241:34)
    at Object.invokeGuardedCallbackDev (/var/tmp/vibe-kanban/worktrees/vk-b25b-create-tes/node_modules/.pnpm/react-dom@18.3.1_react@18.3.1/node_modules/react-dom/cjs/react-dom.development.js:4213:16)
    at invokeGuardedCallback (/var/tmp/vibe-kanban/worktrees/vk-b25b-create-tes/node_modules/.pnpm/react-dom@18.3.1_react@18.3.1/node_modules/react-dom/cjs/react-dom.development.js:4277:31)
    at beginWork$1 (/var/tmp/vibe-kanban/worktrees/vk-b25b-create-tes/node_modules/.pnpm/react-dom@18.3.1_react@18.3.1/node_modules/react-dom/cjs/react-dom.development.js:27490:7)
    at performUnitOfWork (/var/tmp/vibe-kanban/worktrees/vk-b25b-create-tes/node_modules/.pnpm/react-dom@18.3.1_react@18.3.1/node_modules/react-dom/cjs/react-dom.development.js:26599:12) ReferenceError: React is not defined
    at Page [90m(/var/tmp/vibe-kanban/worktrees/vk-b25b-create-tes/apps/web/[39mpages/index.tsx:71:19[90m)[39m
    at renderWithHooks (/var/tmp/vibe-kanban/worktrees/vk-b25b-create-tes/node_modules/[4m.pnpm[24m/react-dom@18.3.1_react@18.3.1/node_modules/[4mreact-dom[24m/cjs/react-dom.development.js:15486:18)
    at mountIndeterminateComponent (/var/tmp/vibe-kanban/worktrees/vk-b25b-create-tes/node_modules/[4m.pnpm[24m/react-dom@18.3.1_react@18.3.1/node_modules/[4mreact-dom[24m/cjs/react-dom.development.js:20103:13)
    at beginWork (/var/tmp/vibe-kanban/worktrees/vk-b25b-create-tes/node_modules/[4m.pnpm[24m/react-dom@18.3.1_react@18.3.1/node_modules/[4mreact-dom[24m/cjs/react-dom.development.js:21626:16)
    at HTMLUnknownElement.callCallback (/var/tmp/vibe-kanban/worktrees/vk-b25b-create-tes/node_modules/[4m.pnpm[24m/react-dom@18.3.1_react@18.3.1/node_modules/[4mreact-dom[24m/cjs/react-dom.development.js:4164:14)
    at HTMLUnknownElement.callTheUserObjectsOperation (/var/tmp/vibe-kanban/worktrees/vk-b25b-create-tes/node_modules/[4m.pnpm[24m/jsdom@26.1.0/node_modules/[4mjsdom[24m/lib/jsdom/living/generated/EventListener.js:26:30)
    at innerInvokeEventListeners (/var/tmp/vibe-kanban/worktrees/vk-b25b-create-tes/node_modules/[4m.pnpm[24m/jsdom@26.1.0/node_modules/[4mjsdom[24m/lib/jsdom/living/events/EventTarget-impl.js:350:25)
    at invokeEventListeners (/var/tmp/vibe-kanban/worktrees/vk-b25b-create-tes/node_modules/[4m.pnpm[24m/jsdom@26.1.0/node_modules/[4mjsdom[24m/lib/jsdom/living/events/EventTarget-impl.js:286:3)
    at HTMLUnknownElementImpl._dispatch (/var/tmp/vibe-kanban/worktrees/vk-b25b-create-tes/node_modules/[4m.pnpm[24m/jsdom@26.1.0/node_modules/[4mjsdom[24m/lib/jsdom/living/events/EventTarget-impl.js:233:9)
    at HTMLUnknownElementImpl.dispatchEvent (/var/tmp/vibe-kanban/worktrees/vk-b25b-create-tes/node_modules/[4m.pnpm[24m/jsdom@26.1.0/node_modules/[4mjsdom[24m/lib/jsdom/living/events/EventTarget-impl.js:104:17)
Error: Uncaught [ReferenceError: React is not defined]
    at reportException (/var/tmp/vibe-kanban/worktrees/vk-b25b-create-tes/node_modules/.pnpm/jsdom@26.1.0/node_modules/jsdom/lib/jsdom/living/helpers/runtime-script-errors.js:66:24)
    at innerInvokeEventListeners (/var/tmp/vibe-kanban/worktrees/vk-b25b-create-tes/node_modules/.pnpm/jsdom@26.1.0/node_modules/jsdom/lib/jsdom/living/events/EventTarget-impl.js:353:9)
    at invokeEventListeners (/var/tmp/vibe-kanban/worktrees/vk-b25b-create-tes/node_modules/.pnpm/jsdom@26.1.0/node_modules/jsdom/lib/jsdom/living/events/EventTarget-impl.js:286:3)
    at HTMLUnknownElementImpl._dispatch (/var/tmp/vibe-kanban/worktrees/vk-b25b-create-tes/node_modules/.pnpm/jsdom@26.1.0/node_modules/jsdom/lib/jsdom/living/events/EventTarget-impl.js:233:9)
    at HTMLUnknownElementImpl.dispatchEvent (/var/tmp/vibe-kanban/worktrees/vk-b25b-create-tes/node_modules/.pnpm/jsdom@26.1.0/node_modules/jsdom/lib/jsdom/living/events/EventTarget-impl.js:104:17)
    at HTMLUnknownElement.dispatchEvent (/var/tmp/vibe-kanban/worktrees/vk-b25b-create-tes/node_modules/.pnpm/jsdom@26.1.0/node_modules/jsdom/lib/jsdom/living/generated/EventTarget.js:241:34)
    at Object.invokeGuardedCallbackDev (/var/tmp/vibe-kanban/worktrees/vk-b25b-create-tes/node_modules/.pnpm/react-dom@18.3.1_react@18.3.1/node_modules/react-dom/cjs/react-dom.development.js:4213:16)
    at invokeGuardedCallback (/var/tmp/vibe-kanban/worktrees/vk-b25b-create-tes/node_modules/.pnpm/react-dom@18.3.1_react@18.3.1/node_modules/react-dom/cjs/react-dom.development.js:4277:31)
    at beginWork$1 (/var/tmp/vibe-kanban/worktrees/vk-b25b-create-tes/node_modules/.pnpm/react-dom@18.3.1_react@18.3.1/node_modules/react-dom/cjs/react-dom.development.js:27490:7)
    at performUnitOfWork (/var/tmp/vibe-kanban/worktrees/vk-b25b-create-tes/node_modules/.pnpm/react-dom@18.3.1_react@18.3.1/node_modules/react-dom/cjs/react-dom.development.js:26599:12) ReferenceError: React is not defined
    at Page [90m(/var/tmp/vibe-kanban/worktrees/vk-b25b-create-tes/apps/web/[39mpages/index.tsx:71:19[90m)[39m
    at renderWithHooks (/var/tmp/vibe-kanban/worktrees/vk-b25b-create-tes/node_modules/[4m.pnpm[24m/react-dom@18.3.1_react@18.3.1/node_modules/[4mreact-dom[24m/cjs/react-dom.development.js:15486:18)
    at mountIndeterminateComponent (/var/tmp/vibe-kanban/worktrees/vk-b25b-create-tes/node_modules/[4m.pnpm[24m/react-dom@18.3.1_react@18.3.1/node_modules/[4mreact-dom[24m/cjs/react-dom.development.js:20103:13)
    at beginWork (/var/tmp/vibe-kanban/worktrees/vk-b25b-create-tes/node_modules/[4m.pnpm[24m/react-dom@18.3.1_react@18.3.1/node_modules/[4mreact-dom[24m/cjs/react-dom.development.js:21626:16)
    at HTMLUnknownElement.callCallback (/var/tmp/vibe-kanban/worktrees/vk-b25b-create-tes/node_modules/[4m.pnpm[24m/react-dom@18.3.1_react@18.3.1/node_modules/[4mreact-dom[24m/cjs/react-dom.development.js:4164:14)
    at HTMLUnknownElement.callTheUserObjectsOperation (/var/tmp/vibe-kanban/worktrees/vk-b25b-create-tes/node_modules/[4m.pnpm[24m/jsdom@26.1.0/node_modules/[4mjsdom[24m/lib/jsdom/living/generated/EventListener.js:26:30)
    at innerInvokeEventListeners (/var/tmp/vibe-kanban/worktrees/vk-b25b-create-tes/node_modules/[4m.pnpm[24m/jsdom@26.1.0/node_modules/[4mjsdom[24m/lib/jsdom/living/events/EventTarget-impl.js:350:25)
    at invokeEventListeners (/var/tmp/vibe-kanban/worktrees/vk-b25b-create-tes/node_modules/[4m.pnpm[24m/jsdom@26.1.0/node_modules/[4mjsdom[24m/lib/jsdom/living/events/EventTarget-impl.js:286:3)
    at HTMLUnknownElementImpl._dispatch (/var/tmp/vibe-kanban/worktrees/vk-b25b-create-tes/node_modules/[4m.pnpm[24m/jsdom@26.1.0/node_modules/[4mjsdom[24m/lib/jsdom/living/events/EventTarget-impl.js:233:9)
    at HTMLUnknownElementImpl.dispatchEvent (/var/tmp/vibe-kanban/worktrees/vk-b25b-create-tes/node_modules/[4m.pnpm[24m/jsdom@26.1.0/node_modules/[4mjsdom[24m/lib/jsdom/living/events/EventTarget-impl.js:104:17)

            </system-err>
            <failure message="React is not defined" type="ReferenceError">
ReferenceError: React is not defined
 ❯ Page pages/index.tsx:71:19
 ❯ renderWithHooks ../../node_modules/.pnpm/react-dom@18.3.1_react@18.3.1/node_modules/react-dom/cjs/react-dom.development.js:15486:18
 ❯ mountIndeterminateComponent ../../node_modules/.pnpm/react-dom@18.3.1_react@18.3.1/node_modules/react-dom/cjs/react-dom.development.js:20103:13
 ❯ beginWork ../../node_modules/.pnpm/react-dom@18.3.1_react@18.3.1/node_modules/react-dom/cjs/react-dom.development.js:21626:16
 ❯ beginWork$1 ../../node_modules/.pnpm/react-dom@18.3.1_react@18.3.1/node_modules/react-dom/cjs/react-dom.development.js:27465:14
 ❯ performUnitOfWork ../../node_modules/.pnpm/react-dom@18.3.1_react@18.3.1/node_modules/react-dom/cjs/react-dom.development.js:26599:12
 ❯ workLoopSync ../../node_modules/.pnpm/react-dom@18.3.1_react@18.3.1/node_modules/react-dom/cjs/react-dom.development.js:26505:5
 ❯ renderRootSync ../../node_modules/.pnpm/react-dom@18.3.1_react@18.3.1/node_modules/react-dom/cjs/react-dom.development.js:26473:7
 ❯ recoverFromConcurrentError ../../node_modules/.pnpm/react-dom@18.3.1_react@18.3.1/node_modules/react-dom/cjs/react-dom.development.js:25889:20
 ❯ performConcurrentWorkOnRoot ../../node_modules/.pnpm/react-dom@18.3.1_react@18.3.1/node_modules/react-dom/cjs/react-dom.development.js:25789:22
            </failure>
        </testcase>
        <testcase classname="__tests__/pages/index.test.tsx" name="Index Page &gt; Connected State &gt; should show main content when connected with URI" time="0.01001776">
            <system-err>
Error: Uncaught [ReferenceError: React is not defined]
    at reportException (/var/tmp/vibe-kanban/worktrees/vk-b25b-create-tes/node_modules/.pnpm/jsdom@26.1.0/node_modules/jsdom/lib/jsdom/living/helpers/runtime-script-errors.js:66:24)
    at innerInvokeEventListeners (/var/tmp/vibe-kanban/worktrees/vk-b25b-create-tes/node_modules/.pnpm/jsdom@26.1.0/node_modules/jsdom/lib/jsdom/living/events/EventTarget-impl.js:353:9)
    at invokeEventListeners (/var/tmp/vibe-kanban/worktrees/vk-b25b-create-tes/node_modules/.pnpm/jsdom@26.1.0/node_modules/jsdom/lib/jsdom/living/events/EventTarget-impl.js:286:3)
    at HTMLUnknownElementImpl._dispatch (/var/tmp/vibe-kanban/worktrees/vk-b25b-create-tes/node_modules/.pnpm/jsdom@26.1.0/node_modules/jsdom/lib/jsdom/living/events/EventTarget-impl.js:233:9)
    at HTMLUnknownElementImpl.dispatchEvent (/var/tmp/vibe-kanban/worktrees/vk-b25b-create-tes/node_modules/.pnpm/jsdom@26.1.0/node_modules/jsdom/lib/jsdom/living/events/EventTarget-impl.js:104:17)
    at HTMLUnknownElement.dispatchEvent (/var/tmp/vibe-kanban/worktrees/vk-b25b-create-tes/node_modules/.pnpm/jsdom@26.1.0/node_modules/jsdom/lib/jsdom/living/generated/EventTarget.js:241:34)
    at Object.invokeGuardedCallbackDev (/var/tmp/vibe-kanban/worktrees/vk-b25b-create-tes/node_modules/.pnpm/react-dom@18.3.1_react@18.3.1/node_modules/react-dom/cjs/react-dom.development.js:4213:16)
    at invokeGuardedCallback (/var/tmp/vibe-kanban/worktrees/vk-b25b-create-tes/node_modules/.pnpm/react-dom@18.3.1_react@18.3.1/node_modules/react-dom/cjs/react-dom.development.js:4277:31)
    at beginWork$1 (/var/tmp/vibe-kanban/worktrees/vk-b25b-create-tes/node_modules/.pnpm/react-dom@18.3.1_react@18.3.1/node_modules/react-dom/cjs/react-dom.development.js:27490:7)
    at performUnitOfWork (/var/tmp/vibe-kanban/worktrees/vk-b25b-create-tes/node_modules/.pnpm/react-dom@18.3.1_react@18.3.1/node_modules/react-dom/cjs/react-dom.development.js:26599:12) ReferenceError: React is not defined
    at Page [90m(/var/tmp/vibe-kanban/worktrees/vk-b25b-create-tes/apps/web/[39mpages/index.tsx:71:19[90m)[39m
    at renderWithHooks (/var/tmp/vibe-kanban/worktrees/vk-b25b-create-tes/node_modules/[4m.pnpm[24m/react-dom@18.3.1_react@18.3.1/node_modules/[4mreact-dom[24m/cjs/react-dom.development.js:15486:18)
    at mountIndeterminateComponent (/var/tmp/vibe-kanban/worktrees/vk-b25b-create-tes/node_modules/[4m.pnpm[24m/react-dom@18.3.1_react@18.3.1/node_modules/[4mreact-dom[24m/cjs/react-dom.development.js:20103:13)
    at beginWork (/var/tmp/vibe-kanban/worktrees/vk-b25b-create-tes/node_modules/[4m.pnpm[24m/react-dom@18.3.1_react@18.3.1/node_modules/[4mreact-dom[24m/cjs/react-dom.development.js:21626:16)
    at HTMLUnknownElement.callCallback (/var/tmp/vibe-kanban/worktrees/vk-b25b-create-tes/node_modules/[4m.pnpm[24m/react-dom@18.3.1_react@18.3.1/node_modules/[4mreact-dom[24m/cjs/react-dom.development.js:4164:14)
    at HTMLUnknownElement.callTheUserObjectsOperation (/var/tmp/vibe-kanban/worktrees/vk-b25b-create-tes/node_modules/[4m.pnpm[24m/jsdom@26.1.0/node_modules/[4mjsdom[24m/lib/jsdom/living/generated/EventListener.js:26:30)
    at innerInvokeEventListeners (/var/tmp/vibe-kanban/worktrees/vk-b25b-create-tes/node_modules/[4m.pnpm[24m/jsdom@26.1.0/node_modules/[4mjsdom[24m/lib/jsdom/living/events/EventTarget-impl.js:350:25)
    at invokeEventListeners (/var/tmp/vibe-kanban/worktrees/vk-b25b-create-tes/node_modules/[4m.pnpm[24m/jsdom@26.1.0/node_modules/[4mjsdom[24m/lib/jsdom/living/events/EventTarget-impl.js:286:3)
    at HTMLUnknownElementImpl._dispatch (/var/tmp/vibe-kanban/worktrees/vk-b25b-create-tes/node_modules/[4m.pnpm[24m/jsdom@26.1.0/node_modules/[4mjsdom[24m/lib/jsdom/living/events/EventTarget-impl.js:233:9)
    at HTMLUnknownElementImpl.dispatchEvent (/var/tmp/vibe-kanban/worktrees/vk-b25b-create-tes/node_modules/[4m.pnpm[24m/jsdom@26.1.0/node_modules/[4mjsdom[24m/lib/jsdom/living/events/EventTarget-impl.js:104:17)
Error: Uncaught [ReferenceError: React is not defined]
    at reportException (/var/tmp/vibe-kanban/worktrees/vk-b25b-create-tes/node_modules/.pnpm/jsdom@26.1.0/node_modules/jsdom/lib/jsdom/living/helpers/runtime-script-errors.js:66:24)
    at innerInvokeEventListeners (/var/tmp/vibe-kanban/worktrees/vk-b25b-create-tes/node_modules/.pnpm/jsdom@26.1.0/node_modules/jsdom/lib/jsdom/living/events/EventTarget-impl.js:353:9)
    at invokeEventListeners (/var/tmp/vibe-kanban/worktrees/vk-b25b-create-tes/node_modules/.pnpm/jsdom@26.1.0/node_modules/jsdom/lib/jsdom/living/events/EventTarget-impl.js:286:3)
    at HTMLUnknownElementImpl._dispatch (/var/tmp/vibe-kanban/worktrees/vk-b25b-create-tes/node_modules/.pnpm/jsdom@26.1.0/node_modules/jsdom/lib/jsdom/living/events/EventTarget-impl.js:233:9)
    at HTMLUnknownElementImpl.dispatchEvent (/var/tmp/vibe-kanban/worktrees/vk-b25b-create-tes/node_modules/.pnpm/jsdom@26.1.0/node_modules/jsdom/lib/jsdom/living/events/EventTarget-impl.js:104:17)
    at HTMLUnknownElement.dispatchEvent (/var/tmp/vibe-kanban/worktrees/vk-b25b-create-tes/node_modules/.pnpm/jsdom@26.1.0/node_modules/jsdom/lib/jsdom/living/generated/EventTarget.js:241:34)
    at Object.invokeGuardedCallbackDev (/var/tmp/vibe-kanban/worktrees/vk-b25b-create-tes/node_modules/.pnpm/react-dom@18.3.1_react@18.3.1/node_modules/react-dom/cjs/react-dom.development.js:4213:16)
    at invokeGuardedCallback (/var/tmp/vibe-kanban/worktrees/vk-b25b-create-tes/node_modules/.pnpm/react-dom@18.3.1_react@18.3.1/node_modules/react-dom/cjs/react-dom.development.js:4277:31)
    at beginWork$1 (/var/tmp/vibe-kanban/worktrees/vk-b25b-create-tes/node_modules/.pnpm/react-dom@18.3.1_react@18.3.1/node_modules/react-dom/cjs/react-dom.development.js:27490:7)
    at performUnitOfWork (/var/tmp/vibe-kanban/worktrees/vk-b25b-create-tes/node_modules/.pnpm/react-dom@18.3.1_react@18.3.1/node_modules/react-dom/cjs/react-dom.development.js:26599:12) ReferenceError: React is not defined
    at Page [90m(/var/tmp/vibe-kanban/worktrees/vk-b25b-create-tes/apps/web/[39mpages/index.tsx:71:19[90m)[39m
    at renderWithHooks (/var/tmp/vibe-kanban/worktrees/vk-b25b-create-tes/node_modules/[4m.pnpm[24m/react-dom@18.3.1_react@18.3.1/node_modules/[4mreact-dom[24m/cjs/react-dom.development.js:15486:18)
    at mountIndeterminateComponent (/var/tmp/vibe-kanban/worktrees/vk-b25b-create-tes/node_modules/[4m.pnpm[24m/react-dom@18.3.1_react@18.3.1/node_modules/[4mreact-dom[24m/cjs/react-dom.development.js:20103:13)
    at beginWork (/var/tmp/vibe-kanban/worktrees/vk-b25b-create-tes/node_modules/[4m.pnpm[24m/react-dom@18.3.1_react@18.3.1/node_modules/[4mreact-dom[24m/cjs/react-dom.development.js:21626:16)
    at HTMLUnknownElement.callCallback (/var/tmp/vibe-kanban/worktrees/vk-b25b-create-tes/node_modules/[4m.pnpm[24m/react-dom@18.3.1_react@18.3.1/node_modules/[4mreact-dom[24m/cjs/react-dom.development.js:4164:14)
    at HTMLUnknownElement.callTheUserObjectsOperation (/var/tmp/vibe-kanban/worktrees/vk-b25b-create-tes/node_modules/[4m.pnpm[24m/jsdom@26.1.0/node_modules/[4mjsdom[24m/lib/jsdom/living/generated/EventListener.js:26:30)
    at innerInvokeEventListeners (/var/tmp/vibe-kanban/worktrees/vk-b25b-create-tes/node_modules/[4m.pnpm[24m/jsdom@26.1.0/node_modules/[4mjsdom[24m/lib/jsdom/living/events/EventTarget-impl.js:350:25)
    at invokeEventListeners (/var/tmp/vibe-kanban/worktrees/vk-b25b-create-tes/node_modules/[4m.pnpm[24m/jsdom@26.1.0/node_modules/[4mjsdom[24m/lib/jsdom/living/events/EventTarget-impl.js:286:3)
    at HTMLUnknownElementImpl._dispatch (/var/tmp/vibe-kanban/worktrees/vk-b25b-create-tes/node_modules/[4m.pnpm[24m/jsdom@26.1.0/node_modules/[4mjsdom[24m/lib/jsdom/living/events/EventTarget-impl.js:233:9)
    at HTMLUnknownElementImpl.dispatchEvent (/var/tmp/vibe-kanban/worktrees/vk-b25b-create-tes/node_modules/[4m.pnpm[24m/jsdom@26.1.0/node_modules/[4mjsdom[24m/lib/jsdom/living/events/EventTarget-impl.js:104:17)

            </system-err>
            <failure message="React is not defined" type="ReferenceError">
ReferenceError: React is not defined
 ❯ Page pages/index.tsx:71:19
 ❯ renderWithHooks ../../node_modules/.pnpm/react-dom@18.3.1_react@18.3.1/node_modules/react-dom/cjs/react-dom.development.js:15486:18
 ❯ mountIndeterminateComponent ../../node_modules/.pnpm/react-dom@18.3.1_react@18.3.1/node_modules/react-dom/cjs/react-dom.development.js:20103:13
 ❯ beginWork ../../node_modules/.pnpm/react-dom@18.3.1_react@18.3.1/node_modules/react-dom/cjs/react-dom.development.js:21626:16
 ❯ beginWork$1 ../../node_modules/.pnpm/react-dom@18.3.1_react@18.3.1/node_modules/react-dom/cjs/react-dom.development.js:27465:14
 ❯ performUnitOfWork ../../node_modules/.pnpm/react-dom@18.3.1_react@18.3.1/node_modules/react-dom/cjs/react-dom.development.js:26599:12
 ❯ workLoopSync ../../node_modules/.pnpm/react-dom@18.3.1_react@18.3.1/node_modules/react-dom/cjs/react-dom.development.js:26505:5
 ❯ renderRootSync ../../node_modules/.pnpm/react-dom@18.3.1_react@18.3.1/node_modules/react-dom/cjs/react-dom.development.js:26473:7
 ❯ recoverFromConcurrentError ../../node_modules/.pnpm/react-dom@18.3.1_react@18.3.1/node_modules/react-dom/cjs/react-dom.development.js:25889:20
 ❯ performConcurrentWorkOnRoot ../../node_modules/.pnpm/react-dom@18.3.1_react@18.3.1/node_modules/react-dom/cjs/react-dom.development.js:25789:22
            </failure>
        </testcase>
        <testcase classname="__tests__/pages/index.test.tsx" name="Index Page &gt; Connected State &gt; should render all menu items" time="0.006614373">
            <system-err>
Error: Uncaught [ReferenceError: React is not defined]
    at reportException (/var/tmp/vibe-kanban/worktrees/vk-b25b-create-tes/node_modules/.pnpm/jsdom@26.1.0/node_modules/jsdom/lib/jsdom/living/helpers/runtime-script-errors.js:66:24)
    at innerInvokeEventListeners (/var/tmp/vibe-kanban/worktrees/vk-b25b-create-tes/node_modules/.pnpm/jsdom@26.1.0/node_modules/jsdom/lib/jsdom/living/events/EventTarget-impl.js:353:9)
    at invokeEventListeners (/var/tmp/vibe-kanban/worktrees/vk-b25b-create-tes/node_modules/.pnpm/jsdom@26.1.0/node_modules/jsdom/lib/jsdom/living/events/EventTarget-impl.js:286:3)
    at HTMLUnknownElementImpl._dispatch (/var/tmp/vibe-kanban/worktrees/vk-b25b-create-tes/node_modules/.pnpm/jsdom@26.1.0/node_modules/jsdom/lib/jsdom/living/events/EventTarget-impl.js:233:9)
    at HTMLUnknownElementImpl.dispatchEvent (/var/tmp/vibe-kanban/worktrees/vk-b25b-create-tes/node_modules/.pnpm/jsdom@26.1.0/node_modules/jsdom/lib/jsdom/living/events/EventTarget-impl.js:104:17)
    at HTMLUnknownElement.dispatchEvent (/var/tmp/vibe-kanban/worktrees/vk-b25b-create-tes/node_modules/.pnpm/jsdom@26.1.0/node_modules/jsdom/lib/jsdom/living/generated/EventTarget.js:241:34)
    at Object.invokeGuardedCallbackDev (/var/tmp/vibe-kanban/worktrees/vk-b25b-create-tes/node_modules/.pnpm/react-dom@18.3.1_react@18.3.1/node_modules/react-dom/cjs/react-dom.development.js:4213:16)
    at invokeGuardedCallback (/var/tmp/vibe-kanban/worktrees/vk-b25b-create-tes/node_modules/.pnpm/react-dom@18.3.1_react@18.3.1/node_modules/react-dom/cjs/react-dom.development.js:4277:31)
    at beginWork$1 (/var/tmp/vibe-kanban/worktrees/vk-b25b-create-tes/node_modules/.pnpm/react-dom@18.3.1_react@18.3.1/node_modules/react-dom/cjs/react-dom.development.js:27490:7)
    at performUnitOfWork (/var/tmp/vibe-kanban/worktrees/vk-b25b-create-tes/node_modules/.pnpm/react-dom@18.3.1_react@18.3.1/node_modules/react-dom/cjs/react-dom.development.js:26599:12) ReferenceError: React is not defined
    at Page [90m(/var/tmp/vibe-kanban/worktrees/vk-b25b-create-tes/apps/web/[39mpages/index.tsx:71:19[90m)[39m
    at renderWithHooks (/var/tmp/vibe-kanban/worktrees/vk-b25b-create-tes/node_modules/[4m.pnpm[24m/react-dom@18.3.1_react@18.3.1/node_modules/[4mreact-dom[24m/cjs/react-dom.development.js:15486:18)
    at mountIndeterminateComponent (/var/tmp/vibe-kanban/worktrees/vk-b25b-create-tes/node_modules/[4m.pnpm[24m/react-dom@18.3.1_react@18.3.1/node_modules/[4mreact-dom[24m/cjs/react-dom.development.js:20103:13)
    at beginWork (/var/tmp/vibe-kanban/worktrees/vk-b25b-create-tes/node_modules/[4m.pnpm[24m/react-dom@18.3.1_react@18.3.1/node_modules/[4mreact-dom[24m/cjs/react-dom.development.js:21626:16)
    at HTMLUnknownElement.callCallback (/var/tmp/vibe-kanban/worktrees/vk-b25b-create-tes/node_modules/[4m.pnpm[24m/react-dom@18.3.1_react@18.3.1/node_modules/[4mreact-dom[24m/cjs/react-dom.development.js:4164:14)
    at HTMLUnknownElement.callTheUserObjectsOperation (/var/tmp/vibe-kanban/worktrees/vk-b25b-create-tes/node_modules/[4m.pnpm[24m/jsdom@26.1.0/node_modules/[4mjsdom[24m/lib/jsdom/living/generated/EventListener.js:26:30)
    at innerInvokeEventListeners (/var/tmp/vibe-kanban/worktrees/vk-b25b-create-tes/node_modules/[4m.pnpm[24m/jsdom@26.1.0/node_modules/[4mjsdom[24m/lib/jsdom/living/events/EventTarget-impl.js:350:25)
    at invokeEventListeners (/var/tmp/vibe-kanban/worktrees/vk-b25b-create-tes/node_modules/[4m.pnpm[24m/jsdom@26.1.0/node_modules/[4mjsdom[24m/lib/jsdom/living/events/EventTarget-impl.js:286:3)
    at HTMLUnknownElementImpl._dispatch (/var/tmp/vibe-kanban/worktrees/vk-b25b-create-tes/node_modules/[4m.pnpm[24m/jsdom@26.1.0/node_modules/[4mjsdom[24m/lib/jsdom/living/events/EventTarget-impl.js:233:9)
    at HTMLUnknownElementImpl.dispatchEvent (/var/tmp/vibe-kanban/worktrees/vk-b25b-create-tes/node_modules/[4m.pnpm[24m/jsdom@26.1.0/node_modules/[4mjsdom[24m/lib/jsdom/living/events/EventTarget-impl.js:104:17)
Error: Uncaught [ReferenceError: React is not defined]
    at reportException (/var/tmp/vibe-kanban/worktrees/vk-b25b-create-tes/node_modules/.pnpm/jsdom@26.1.0/node_modules/jsdom/lib/jsdom/living/helpers/runtime-script-errors.js:66:24)
    at innerInvokeEventListeners (/var/tmp/vibe-kanban/worktrees/vk-b25b-create-tes/node_modules/.pnpm/jsdom@26.1.0/node_modules/jsdom/lib/jsdom/living/events/EventTarget-impl.js:353:9)
    at invokeEventListeners (/var/tmp/vibe-kanban/worktrees/vk-b25b-create-tes/node_modules/.pnpm/jsdom@26.1.0/node_modules/jsdom/lib/jsdom/living/events/EventTarget-impl.js:286:3)
    at HTMLUnknownElementImpl._dispatch (/var/tmp/vibe-kanban/worktrees/vk-b25b-create-tes/node_modules/.pnpm/jsdom@26.1.0/node_modules/jsdom/lib/jsdom/living/events/EventTarget-impl.js:233:9)
    at HTMLUnknownElementImpl.dispatchEvent (/var/tmp/vibe-kanban/worktrees/vk-b25b-create-tes/node_modules/.pnpm/jsdom@26.1.0/node_modules/jsdom/lib/jsdom/living/events/EventTarget-impl.js:104:17)
    at HTMLUnknownElement.dispatchEvent (/var/tmp/vibe-kanban/worktrees/vk-b25b-create-tes/node_modules/.pnpm/jsdom@26.1.0/node_modules/jsdom/lib/jsdom/living/generated/EventTarget.js:241:34)
    at Object.invokeGuardedCallbackDev (/var/tmp/vibe-kanban/worktrees/vk-b25b-create-tes/node_modules/.pnpm/react-dom@18.3.1_react@18.3.1/node_modules/react-dom/cjs/react-dom.development.js:4213:16)
    at invokeGuardedCallback (/var/tmp/vibe-kanban/worktrees/vk-b25b-create-tes/node_modules/.pnpm/react-dom@18.3.1_react@18.3.1/node_modules/react-dom/cjs/react-dom.development.js:4277:31)
    at beginWork$1 (/var/tmp/vibe-kanban/worktrees/vk-b25b-create-tes/node_modules/.pnpm/react-dom@18.3.1_react@18.3.1/node_modules/react-dom/cjs/react-dom.development.js:27490:7)
    at performUnitOfWork (/var/tmp/vibe-kanban/worktrees/vk-b25b-create-tes/node_modules/.pnpm/react-dom@18.3.1_react@18.3.1/node_modules/react-dom/cjs/react-dom.development.js:26599:12) ReferenceError: React is not defined
    at Page [90m(/var/tmp/vibe-kanban/worktrees/vk-b25b-create-tes/apps/web/[39mpages/index.tsx:71:19[90m)[39m
    at renderWithHooks (/var/tmp/vibe-kanban/worktrees/vk-b25b-create-tes/node_modules/[4m.pnpm[24m/react-dom@18.3.1_react@18.3.1/node_modules/[4mreact-dom[24m/cjs/react-dom.development.js:15486:18)
    at mountIndeterminateComponent (/var/tmp/vibe-kanban/worktrees/vk-b25b-create-tes/node_modules/[4m.pnpm[24m/react-dom@18.3.1_react@18.3.1/node_modules/[4mreact-dom[24m/cjs/react-dom.development.js:20103:13)
    at beginWork (/var/tmp/vibe-kanban/worktrees/vk-b25b-create-tes/node_modules/[4m.pnpm[24m/react-dom@18.3.1_react@18.3.1/node_modules/[4mreact-dom[24m/cjs/react-dom.development.js:21626:16)
    at HTMLUnknownElement.callCallback (/var/tmp/vibe-kanban/worktrees/vk-b25b-create-tes/node_modules/[4m.pnpm[24m/react-dom@18.3.1_react@18.3.1/node_modules/[4mreact-dom[24m/cjs/react-dom.development.js:4164:14)
    at HTMLUnknownElement.callTheUserObjectsOperation (/var/tmp/vibe-kanban/worktrees/vk-b25b-create-tes/node_modules/[4m.pnpm[24m/jsdom@26.1.0/node_modules/[4mjsdom[24m/lib/jsdom/living/generated/EventListener.js:26:30)
    at innerInvokeEventListeners (/var/tmp/vibe-kanban/worktrees/vk-b25b-create-tes/node_modules/[4m.pnpm[24m/jsdom@26.1.0/node_modules/[4mjsdom[24m/lib/jsdom/living/events/EventTarget-impl.js:350:25)
    at invokeEventListeners (/var/tmp/vibe-kanban/worktrees/vk-b25b-create-tes/node_modules/[4m.pnpm[24m/jsdom@26.1.0/node_modules/[4mjsdom[24m/lib/jsdom/living/events/EventTarget-impl.js:286:3)
    at HTMLUnknownElementImpl._dispatch (/var/tmp/vibe-kanban/worktrees/vk-b25b-create-tes/node_modules/[4m.pnpm[24m/jsdom@26.1.0/node_modules/[4mjsdom[24m/lib/jsdom/living/events/EventTarget-impl.js:233:9)
    at HTMLUnknownElementImpl.dispatchEvent (/var/tmp/vibe-kanban/worktrees/vk-b25b-create-tes/node_modules/[4m.pnpm[24m/jsdom@26.1.0/node_modules/[4mjsdom[24m/lib/jsdom/living/events/EventTarget-impl.js:104:17)

            </system-err>
            <failure message="React is not defined" type="ReferenceError">
ReferenceError: React is not defined
 ❯ Page pages/index.tsx:71:19
 ❯ renderWithHooks ../../node_modules/.pnpm/react-dom@18.3.1_react@18.3.1/node_modules/react-dom/cjs/react-dom.development.js:15486:18
 ❯ mountIndeterminateComponent ../../node_modules/.pnpm/react-dom@18.3.1_react@18.3.1/node_modules/react-dom/cjs/react-dom.development.js:20103:13
 ❯ beginWork ../../node_modules/.pnpm/react-dom@18.3.1_react@18.3.1/node_modules/react-dom/cjs/react-dom.development.js:21626:16
 ❯ beginWork$1 ../../node_modules/.pnpm/react-dom@18.3.1_react@18.3.1/node_modules/react-dom/cjs/react-dom.development.js:27465:14
 ❯ performUnitOfWork ../../node_modules/.pnpm/react-dom@18.3.1_react@18.3.1/node_modules/react-dom/cjs/react-dom.development.js:26599:12
 ❯ workLoopSync ../../node_modules/.pnpm/react-dom@18.3.1_react@18.3.1/node_modules/react-dom/cjs/react-dom.development.js:26505:5
 ❯ renderRootSync ../../node_modules/.pnpm/react-dom@18.3.1_react@18.3.1/node_modules/react-dom/cjs/react-dom.development.js:26473:7
 ❯ recoverFromConcurrentError ../../node_modules/.pnpm/react-dom@18.3.1_react@18.3.1/node_modules/react-dom/cjs/react-dom.development.js:25889:20
 ❯ performConcurrentWorkOnRoot ../../node_modules/.pnpm/react-dom@18.3.1_react@18.3.1/node_modules/react-dom/cjs/react-dom.development.js:25789:22
            </failure>
        </testcase>
        <testcase classname="__tests__/pages/index.test.tsx" name="Index Page &gt; Connected State &gt; should render menu items as clickable cards" time="0.007289582">
            <system-err>
Error: Uncaught [ReferenceError: React is not defined]
    at reportException (/var/tmp/vibe-kanban/worktrees/vk-b25b-create-tes/node_modules/.pnpm/jsdom@26.1.0/node_modules/jsdom/lib/jsdom/living/helpers/runtime-script-errors.js:66:24)
    at innerInvokeEventListeners (/var/tmp/vibe-kanban/worktrees/vk-b25b-create-tes/node_modules/.pnpm/jsdom@26.1.0/node_modules/jsdom/lib/jsdom/living/events/EventTarget-impl.js:353:9)
    at invokeEventListeners (/var/tmp/vibe-kanban/worktrees/vk-b25b-create-tes/node_modules/.pnpm/jsdom@26.1.0/node_modules/jsdom/lib/jsdom/living/events/EventTarget-impl.js:286:3)
    at HTMLUnknownElementImpl._dispatch (/var/tmp/vibe-kanban/worktrees/vk-b25b-create-tes/node_modules/.pnpm/jsdom@26.1.0/node_modules/jsdom/lib/jsdom/living/events/EventTarget-impl.js:233:9)
    at HTMLUnknownElementImpl.dispatchEvent (/var/tmp/vibe-kanban/worktrees/vk-b25b-create-tes/node_modules/.pnpm/jsdom@26.1.0/node_modules/jsdom/lib/jsdom/living/events/EventTarget-impl.js:104:17)
    at HTMLUnknownElement.dispatchEvent (/var/tmp/vibe-kanban/worktrees/vk-b25b-create-tes/node_modules/.pnpm/jsdom@26.1.0/node_modules/jsdom/lib/jsdom/living/generated/EventTarget.js:241:34)
    at Object.invokeGuardedCallbackDev (/var/tmp/vibe-kanban/worktrees/vk-b25b-create-tes/node_modules/.pnpm/react-dom@18.3.1_react@18.3.1/node_modules/react-dom/cjs/react-dom.development.js:4213:16)
    at invokeGuardedCallback (/var/tmp/vibe-kanban/worktrees/vk-b25b-create-tes/node_modules/.pnpm/react-dom@18.3.1_react@18.3.1/node_modules/react-dom/cjs/react-dom.development.js:4277:31)
    at beginWork$1 (/var/tmp/vibe-kanban/worktrees/vk-b25b-create-tes/node_modules/.pnpm/react-dom@18.3.1_react@18.3.1/node_modules/react-dom/cjs/react-dom.development.js:27490:7)
    at performUnitOfWork (/var/tmp/vibe-kanban/worktrees/vk-b25b-create-tes/node_modules/.pnpm/react-dom@18.3.1_react@18.3.1/node_modules/react-dom/cjs/react-dom.development.js:26599:12) ReferenceError: React is not defined
    at Page [90m(/var/tmp/vibe-kanban/worktrees/vk-b25b-create-tes/apps/web/[39mpages/index.tsx:71:19[90m)[39m
    at renderWithHooks (/var/tmp/vibe-kanban/worktrees/vk-b25b-create-tes/node_modules/[4m.pnpm[24m/react-dom@18.3.1_react@18.3.1/node_modules/[4mreact-dom[24m/cjs/react-dom.development.js:15486:18)
    at mountIndeterminateComponent (/var/tmp/vibe-kanban/worktrees/vk-b25b-create-tes/node_modules/[4m.pnpm[24m/react-dom@18.3.1_react@18.3.1/node_modules/[4mreact-dom[24m/cjs/react-dom.development.js:20103:13)
    at beginWork (/var/tmp/vibe-kanban/worktrees/vk-b25b-create-tes/node_modules/[4m.pnpm[24m/react-dom@18.3.1_react@18.3.1/node_modules/[4mreact-dom[24m/cjs/react-dom.development.js:21626:16)
    at HTMLUnknownElement.callCallback (/var/tmp/vibe-kanban/worktrees/vk-b25b-create-tes/node_modules/[4m.pnpm[24m/react-dom@18.3.1_react@18.3.1/node_modules/[4mreact-dom[24m/cjs/react-dom.development.js:4164:14)
    at HTMLUnknownElement.callTheUserObjectsOperation (/var/tmp/vibe-kanban/worktrees/vk-b25b-create-tes/node_modules/[4m.pnpm[24m/jsdom@26.1.0/node_modules/[4mjsdom[24m/lib/jsdom/living/generated/EventListener.js:26:30)
    at innerInvokeEventListeners (/var/tmp/vibe-kanban/worktrees/vk-b25b-create-tes/node_modules/[4m.pnpm[24m/jsdom@26.1.0/node_modules/[4mjsdom[24m/lib/jsdom/living/events/EventTarget-impl.js:350:25)
    at invokeEventListeners (/var/tmp/vibe-kanban/worktrees/vk-b25b-create-tes/node_modules/[4m.pnpm[24m/jsdom@26.1.0/node_modules/[4mjsdom[24m/lib/jsdom/living/events/EventTarget-impl.js:286:3)
    at HTMLUnknownElementImpl._dispatch (/var/tmp/vibe-kanban/worktrees/vk-b25b-create-tes/node_modules/[4m.pnpm[24m/jsdom@26.1.0/node_modules/[4mjsdom[24m/lib/jsdom/living/events/EventTarget-impl.js:233:9)
    at HTMLUnknownElementImpl.dispatchEvent (/var/tmp/vibe-kanban/worktrees/vk-b25b-create-tes/node_modules/[4m.pnpm[24m/jsdom@26.1.0/node_modules/[4mjsdom[24m/lib/jsdom/living/events/EventTarget-impl.js:104:17)
Error: Uncaught [ReferenceError: React is not defined]
    at reportException (/var/tmp/vibe-kanban/worktrees/vk-b25b-create-tes/node_modules/.pnpm/jsdom@26.1.0/node_modules/jsdom/lib/jsdom/living/helpers/runtime-script-errors.js:66:24)
    at innerInvokeEventListeners (/var/tmp/vibe-kanban/worktrees/vk-b25b-create-tes/node_modules/.pnpm/jsdom@26.1.0/node_modules/jsdom/lib/jsdom/living/events/EventTarget-impl.js:353:9)
    at invokeEventListeners (/var/tmp/vibe-kanban/worktrees/vk-b25b-create-tes/node_modules/.pnpm/jsdom@26.1.0/node_modules/jsdom/lib/jsdom/living/events/EventTarget-impl.js:286:3)
    at HTMLUnknownElementImpl._dispatch (/var/tmp/vibe-kanban/worktrees/vk-b25b-create-tes/node_modules/.pnpm/jsdom@26.1.0/node_modules/jsdom/lib/jsdom/living/events/EventTarget-impl.js:233:9)
    at HTMLUnknownElementImpl.dispatchEvent (/var/tmp/vibe-kanban/worktrees/vk-b25b-create-tes/node_modules/.pnpm/jsdom@26.1.0/node_modules/jsdom/lib/jsdom/living/events/EventTarget-impl.js:104:17)
    at HTMLUnknownElement.dispatchEvent (/var/tmp/vibe-kanban/worktrees/vk-b25b-create-tes/node_modules/.pnpm/jsdom@26.1.0/node_modules/jsdom/lib/jsdom/living/generated/EventTarget.js:241:34)
    at Object.invokeGuardedCallbackDev (/var/tmp/vibe-kanban/worktrees/vk-b25b-create-tes/node_modules/.pnpm/react-dom@18.3.1_react@18.3.1/node_modules/react-dom/cjs/react-dom.development.js:4213:16)
    at invokeGuardedCallback (/var/tmp/vibe-kanban/worktrees/vk-b25b-create-tes/node_modules/.pnpm/react-dom@18.3.1_react@18.3.1/node_modules/react-dom/cjs/react-dom.development.js:4277:31)
    at beginWork$1 (/var/tmp/vibe-kanban/worktrees/vk-b25b-create-tes/node_modules/.pnpm/react-dom@18.3.1_react@18.3.1/node_modules/react-dom/cjs/react-dom.development.js:27490:7)
    at performUnitOfWork (/var/tmp/vibe-kanban/worktrees/vk-b25b-create-tes/node_modules/.pnpm/react-dom@18.3.1_react@18.3.1/node_modules/react-dom/cjs/react-dom.development.js:26599:12) ReferenceError: React is not defined
    at Page [90m(/var/tmp/vibe-kanban/worktrees/vk-b25b-create-tes/apps/web/[39mpages/index.tsx:71:19[90m)[39m
    at renderWithHooks (/var/tmp/vibe-kanban/worktrees/vk-b25b-create-tes/node_modules/[4m.pnpm[24m/react-dom@18.3.1_react@18.3.1/node_modules/[4mreact-dom[24m/cjs/react-dom.development.js:15486:18)
    at mountIndeterminateComponent (/var/tmp/vibe-kanban/worktrees/vk-b25b-create-tes/node_modules/[4m.pnpm[24m/react-dom@18.3.1_react@18.3.1/node_modules/[4mreact-dom[24m/cjs/react-dom.development.js:20103:13)
    at beginWork (/var/tmp/vibe-kanban/worktrees/vk-b25b-create-tes/node_modules/[4m.pnpm[24m/react-dom@18.3.1_react@18.3.1/node_modules/[4mreact-dom[24m/cjs/react-dom.development.js:21626:16)
    at HTMLUnknownElement.callCallback (/var/tmp/vibe-kanban/worktrees/vk-b25b-create-tes/node_modules/[4m.pnpm[24m/react-dom@18.3.1_react@18.3.1/node_modules/[4mreact-dom[24m/cjs/react-dom.development.js:4164:14)
    at HTMLUnknownElement.callTheUserObjectsOperation (/var/tmp/vibe-kanban/worktrees/vk-b25b-create-tes/node_modules/[4m.pnpm[24m/jsdom@26.1.0/node_modules/[4mjsdom[24m/lib/jsdom/living/generated/EventListener.js:26:30)
    at innerInvokeEventListeners (/var/tmp/vibe-kanban/worktrees/vk-b25b-create-tes/node_modules/[4m.pnpm[24m/jsdom@26.1.0/node_modules/[4mjsdom[24m/lib/jsdom/living/events/EventTarget-impl.js:350:25)
    at invokeEventListeners (/var/tmp/vibe-kanban/worktrees/vk-b25b-create-tes/node_modules/[4m.pnpm[24m/jsdom@26.1.0/node_modules/[4mjsdom[24m/lib/jsdom/living/events/EventTarget-impl.js:286:3)
    at HTMLUnknownElementImpl._dispatch (/var/tmp/vibe-kanban/worktrees/vk-b25b-create-tes/node_modules/[4m.pnpm[24m/jsdom@26.1.0/node_modules/[4mjsdom[24m/lib/jsdom/living/events/EventTarget-impl.js:233:9)
    at HTMLUnknownElementImpl.dispatchEvent (/var/tmp/vibe-kanban/worktrees/vk-b25b-create-tes/node_modules/[4m.pnpm[24m/jsdom@26.1.0/node_modules/[4mjsdom[24m/lib/jsdom/living/events/EventTarget-impl.js:104:17)

            </system-err>
            <failure message="React is not defined" type="ReferenceError">
ReferenceError: React is not defined
 ❯ Page pages/index.tsx:71:19
 ❯ renderWithHooks ../../node_modules/.pnpm/react-dom@18.3.1_react@18.3.1/node_modules/react-dom/cjs/react-dom.development.js:15486:18
 ❯ mountIndeterminateComponent ../../node_modules/.pnpm/react-dom@18.3.1_react@18.3.1/node_modules/react-dom/cjs/react-dom.development.js:20103:13
 ❯ beginWork ../../node_modules/.pnpm/react-dom@18.3.1_react@18.3.1/node_modules/react-dom/cjs/react-dom.development.js:21626:16
 ❯ beginWork$1 ../../node_modules/.pnpm/react-dom@18.3.1_react@18.3.1/node_modules/react-dom/cjs/react-dom.development.js:27465:14
 ❯ performUnitOfWork ../../node_modules/.pnpm/react-dom@18.3.1_react@18.3.1/node_modules/react-dom/cjs/react-dom.development.js:26599:12
 ❯ workLoopSync ../../node_modules/.pnpm/react-dom@18.3.1_react@18.3.1/node_modules/react-dom/cjs/react-dom.development.js:26505:5
 ❯ renderRootSync ../../node_modules/.pnpm/react-dom@18.3.1_react@18.3.1/node_modules/react-dom/cjs/react-dom.development.js:26473:7
 ❯ recoverFromConcurrentError ../../node_modules/.pnpm/react-dom@18.3.1_react@18.3.1/node_modules/react-dom/cjs/react-dom.development.js:25889:20
 ❯ performConcurrentWorkOnRoot ../../node_modules/.pnpm/react-dom@18.3.1_react@18.3.1/node_modules/react-dom/cjs/react-dom.development.js:25789:22
            </failure>
        </testcase>
        <testcase classname="__tests__/pages/index.test.tsx" name="Index Page &gt; Connected State &gt; should render Plex Settings button" time="0.00645518">
            <system-err>
Error: Uncaught [ReferenceError: React is not defined]
    at reportException (/var/tmp/vibe-kanban/worktrees/vk-b25b-create-tes/node_modules/.pnpm/jsdom@26.1.0/node_modules/jsdom/lib/jsdom/living/helpers/runtime-script-errors.js:66:24)
    at innerInvokeEventListeners (/var/tmp/vibe-kanban/worktrees/vk-b25b-create-tes/node_modules/.pnpm/jsdom@26.1.0/node_modules/jsdom/lib/jsdom/living/events/EventTarget-impl.js:353:9)
    at invokeEventListeners (/var/tmp/vibe-kanban/worktrees/vk-b25b-create-tes/node_modules/.pnpm/jsdom@26.1.0/node_modules/jsdom/lib/jsdom/living/events/EventTarget-impl.js:286:3)
    at HTMLUnknownElementImpl._dispatch (/var/tmp/vibe-kanban/worktrees/vk-b25b-create-tes/node_modules/.pnpm/jsdom@26.1.0/node_modules/jsdom/lib/jsdom/living/events/EventTarget-impl.js:233:9)
    at HTMLUnknownElementImpl.dispatchEvent (/var/tmp/vibe-kanban/worktrees/vk-b25b-create-tes/node_modules/.pnpm/jsdom@26.1.0/node_modules/jsdom/lib/jsdom/living/events/EventTarget-impl.js:104:17)
    at HTMLUnknownElement.dispatchEvent (/var/tmp/vibe-kanban/worktrees/vk-b25b-create-tes/node_modules/.pnpm/jsdom@26.1.0/node_modules/jsdom/lib/jsdom/living/generated/EventTarget.js:241:34)
    at Object.invokeGuardedCallbackDev (/var/tmp/vibe-kanban/worktrees/vk-b25b-create-tes/node_modules/.pnpm/react-dom@18.3.1_react@18.3.1/node_modules/react-dom/cjs/react-dom.development.js:4213:16)
    at invokeGuardedCallback (/var/tmp/vibe-kanban/worktrees/vk-b25b-create-tes/node_modules/.pnpm/react-dom@18.3.1_react@18.3.1/node_modules/react-dom/cjs/react-dom.development.js:4277:31)
    at beginWork$1 (/var/tmp/vibe-kanban/worktrees/vk-b25b-create-tes/node_modules/.pnpm/react-dom@18.3.1_react@18.3.1/node_modules/react-dom/cjs/react-dom.development.js:27490:7)
    at performUnitOfWork (/var/tmp/vibe-kanban/worktrees/vk-b25b-create-tes/node_modules/.pnpm/react-dom@18.3.1_react@18.3.1/node_modules/react-dom/cjs/react-dom.development.js:26599:12) ReferenceError: React is not defined
    at Page [90m(/var/tmp/vibe-kanban/worktrees/vk-b25b-create-tes/apps/web/[39mpages/index.tsx:71:19[90m)[39m
    at renderWithHooks (/var/tmp/vibe-kanban/worktrees/vk-b25b-create-tes/node_modules/[4m.pnpm[24m/react-dom@18.3.1_react@18.3.1/node_modules/[4mreact-dom[24m/cjs/react-dom.development.js:15486:18)
    at mountIndeterminateComponent (/var/tmp/vibe-kanban/worktrees/vk-b25b-create-tes/node_modules/[4m.pnpm[24m/react-dom@18.3.1_react@18.3.1/node_modules/[4mreact-dom[24m/cjs/react-dom.development.js:20103:13)
    at beginWork (/var/tmp/vibe-kanban/worktrees/vk-b25b-create-tes/node_modules/[4m.pnpm[24m/react-dom@18.3.1_react@18.3.1/node_modules/[4mreact-dom[24m/cjs/react-dom.development.js:21626:16)
    at HTMLUnknownElement.callCallback (/var/tmp/vibe-kanban/worktrees/vk-b25b-create-tes/node_modules/[4m.pnpm[24m/react-dom@18.3.1_react@18.3.1/node_modules/[4mreact-dom[24m/cjs/react-dom.development.js:4164:14)
    at HTMLUnknownElement.callTheUserObjectsOperation (/var/tmp/vibe-kanban/worktrees/vk-b25b-create-tes/node_modules/[4m.pnpm[24m/jsdom@26.1.0/node_modules/[4mjsdom[24m/lib/jsdom/living/generated/EventListener.js:26:30)
    at innerInvokeEventListeners (/var/tmp/vibe-kanban/worktrees/vk-b25b-create-tes/node_modules/[4m.pnpm[24m/jsdom@26.1.0/node_modules/[4mjsdom[24m/lib/jsdom/living/events/EventTarget-impl.js:350:25)
    at invokeEventListeners (/var/tmp/vibe-kanban/worktrees/vk-b25b-create-tes/node_modules/[4m.pnpm[24m/jsdom@26.1.0/node_modules/[4mjsdom[24m/lib/jsdom/living/events/EventTarget-impl.js:286:3)
    at HTMLUnknownElementImpl._dispatch (/var/tmp/vibe-kanban/worktrees/vk-b25b-create-tes/node_modules/[4m.pnpm[24m/jsdom@26.1.0/node_modules/[4mjsdom[24m/lib/jsdom/living/events/EventTarget-impl.js:233:9)
    at HTMLUnknownElementImpl.dispatchEvent (/var/tmp/vibe-kanban/worktrees/vk-b25b-create-tes/node_modules/[4m.pnpm[24m/jsdom@26.1.0/node_modules/[4mjsdom[24m/lib/jsdom/living/events/EventTarget-impl.js:104:17)
Error: Uncaught [ReferenceError: React is not defined]
    at reportException (/var/tmp/vibe-kanban/worktrees/vk-b25b-create-tes/node_modules/.pnpm/jsdom@26.1.0/node_modules/jsdom/lib/jsdom/living/helpers/runtime-script-errors.js:66:24)
    at innerInvokeEventListeners (/var/tmp/vibe-kanban/worktrees/vk-b25b-create-tes/node_modules/.pnpm/jsdom@26.1.0/node_modules/jsdom/lib/jsdom/living/events/EventTarget-impl.js:353:9)
    at invokeEventListeners (/var/tmp/vibe-kanban/worktrees/vk-b25b-create-tes/node_modules/.pnpm/jsdom@26.1.0/node_modules/jsdom/lib/jsdom/living/events/EventTarget-impl.js:286:3)
    at HTMLUnknownElementImpl._dispatch (/var/tmp/vibe-kanban/worktrees/vk-b25b-create-tes/node_modules/.pnpm/jsdom@26.1.0/node_modules/jsdom/lib/jsdom/living/events/EventTarget-impl.js:233:9)
    at HTMLUnknownElementImpl.dispatchEvent (/var/tmp/vibe-kanban/worktrees/vk-b25b-create-tes/node_modules/.pnpm/jsdom@26.1.0/node_modules/jsdom/lib/jsdom/living/events/EventTarget-impl.js:104:17)
    at HTMLUnknownElement.dispatchEvent (/var/tmp/vibe-kanban/worktrees/vk-b25b-create-tes/node_modules/.pnpm/jsdom@26.1.0/node_modules/jsdom/lib/jsdom/living/generated/EventTarget.js:241:34)
    at Object.invokeGuardedCallbackDev (/var/tmp/vibe-kanban/worktrees/vk-b25b-create-tes/node_modules/.pnpm/react-dom@18.3.1_react@18.3.1/node_modules/react-dom/cjs/react-dom.development.js:4213:16)
    at invokeGuardedCallback (/var/tmp/vibe-kanban/worktrees/vk-b25b-create-tes/node_modules/.pnpm/react-dom@18.3.1_react@18.3.1/node_modules/react-dom/cjs/react-dom.development.js:4277:31)
    at beginWork$1 (/var/tmp/vibe-kanban/worktrees/vk-b25b-create-tes/node_modules/.pnpm/react-dom@18.3.1_react@18.3.1/node_modules/react-dom/cjs/react-dom.development.js:27490:7)
    at performUnitOfWork (/var/tmp/vibe-kanban/worktrees/vk-b25b-create-tes/node_modules/.pnpm/react-dom@18.3.1_react@18.3.1/node_modules/react-dom/cjs/react-dom.development.js:26599:12) ReferenceError: React is not defined
    at Page [90m(/var/tmp/vibe-kanban/worktrees/vk-b25b-create-tes/apps/web/[39mpages/index.tsx:71:19[90m)[39m
    at renderWithHooks (/var/tmp/vibe-kanban/worktrees/vk-b25b-create-tes/node_modules/[4m.pnpm[24m/react-dom@18.3.1_react@18.3.1/node_modules/[4mreact-dom[24m/cjs/react-dom.development.js:15486:18)
    at mountIndeterminateComponent (/var/tmp/vibe-kanban/worktrees/vk-b25b-create-tes/node_modules/[4m.pnpm[24m/react-dom@18.3.1_react@18.3.1/node_modules/[4mreact-dom[24m/cjs/react-dom.development.js:20103:13)
    at beginWork (/var/tmp/vibe-kanban/worktrees/vk-b25b-create-tes/node_modules/[4m.pnpm[24m/react-dom@18.3.1_react@18.3.1/node_modules/[4mreact-dom[24m/cjs/react-dom.development.js:21626:16)
    at HTMLUnknownElement.callCallback (/var/tmp/vibe-kanban/worktrees/vk-b25b-create-tes/node_modules/[4m.pnpm[24m/react-dom@18.3.1_react@18.3.1/node_modules/[4mreact-dom[24m/cjs/react-dom.development.js:4164:14)
    at HTMLUnknownElement.callTheUserObjectsOperation (/var/tmp/vibe-kanban/worktrees/vk-b25b-create-tes/node_modules/[4m.pnpm[24m/jsdom@26.1.0/node_modules/[4mjsdom[24m/lib/jsdom/living/generated/EventListener.js:26:30)
    at innerInvokeEventListeners (/var/tmp/vibe-kanban/worktrees/vk-b25b-create-tes/node_modules/[4m.pnpm[24m/jsdom@26.1.0/node_modules/[4mjsdom[24m/lib/jsdom/living/events/EventTarget-impl.js:350:25)
    at invokeEventListeners (/var/tmp/vibe-kanban/worktrees/vk-b25b-create-tes/node_modules/[4m.pnpm[24m/jsdom@26.1.0/node_modules/[4mjsdom[24m/lib/jsdom/living/events/EventTarget-impl.js:286:3)
    at HTMLUnknownElementImpl._dispatch (/var/tmp/vibe-kanban/worktrees/vk-b25b-create-tes/node_modules/[4m.pnpm[24m/jsdom@26.1.0/node_modules/[4mjsdom[24m/lib/jsdom/living/events/EventTarget-impl.js:233:9)
    at HTMLUnknownElementImpl.dispatchEvent (/var/tmp/vibe-kanban/worktrees/vk-b25b-create-tes/node_modules/[4m.pnpm[24m/jsdom@26.1.0/node_modules/[4mjsdom[24m/lib/jsdom/living/events/EventTarget-impl.js:104:17)

            </system-err>
            <failure message="React is not defined" type="ReferenceError">
ReferenceError: React is not defined
 ❯ Page pages/index.tsx:71:19
 ❯ renderWithHooks ../../node_modules/.pnpm/react-dom@18.3.1_react@18.3.1/node_modules/react-dom/cjs/react-dom.development.js:15486:18
 ❯ mountIndeterminateComponent ../../node_modules/.pnpm/react-dom@18.3.1_react@18.3.1/node_modules/react-dom/cjs/react-dom.development.js:20103:13
 ❯ beginWork ../../node_modules/.pnpm/react-dom@18.3.1_react@18.3.1/node_modules/react-dom/cjs/react-dom.development.js:21626:16
 ❯ beginWork$1 ../../node_modules/.pnpm/react-dom@18.3.1_react@18.3.1/node_modules/react-dom/cjs/react-dom.development.js:27465:14
 ❯ performUnitOfWork ../../node_modules/.pnpm/react-dom@18.3.1_react@18.3.1/node_modules/react-dom/cjs/react-dom.development.js:26599:12
 ❯ workLoopSync ../../node_modules/.pnpm/react-dom@18.3.1_react@18.3.1/node_modules/react-dom/cjs/react-dom.development.js:26505:5
 ❯ renderRootSync ../../node_modules/.pnpm/react-dom@18.3.1_react@18.3.1/node_modules/react-dom/cjs/react-dom.development.js:26473:7
 ❯ recoverFromConcurrentError ../../node_modules/.pnpm/react-dom@18.3.1_react@18.3.1/node_modules/react-dom/cjs/react-dom.development.js:25889:20
 ❯ performConcurrentWorkOnRoot ../../node_modules/.pnpm/react-dom@18.3.1_react@18.3.1/node_modules/react-dom/cjs/react-dom.development.js:25789:22
            </failure>
        </testcase>
        <testcase classname="__tests__/pages/index.test.tsx" name="Index Page &gt; Plex Settings Dialog &gt; should open Plex settings dialog when button is clicked" time="0.008759723">
            <system-err>
Error: Uncaught [ReferenceError: React is not defined]
    at reportException (/var/tmp/vibe-kanban/worktrees/vk-b25b-create-tes/node_modules/.pnpm/jsdom@26.1.0/node_modules/jsdom/lib/jsdom/living/helpers/runtime-script-errors.js:66:24)
    at innerInvokeEventListeners (/var/tmp/vibe-kanban/worktrees/vk-b25b-create-tes/node_modules/.pnpm/jsdom@26.1.0/node_modules/jsdom/lib/jsdom/living/events/EventTarget-impl.js:353:9)
    at invokeEventListeners (/var/tmp/vibe-kanban/worktrees/vk-b25b-create-tes/node_modules/.pnpm/jsdom@26.1.0/node_modules/jsdom/lib/jsdom/living/events/EventTarget-impl.js:286:3)
    at HTMLUnknownElementImpl._dispatch (/var/tmp/vibe-kanban/worktrees/vk-b25b-create-tes/node_modules/.pnpm/jsdom@26.1.0/node_modules/jsdom/lib/jsdom/living/events/EventTarget-impl.js:233:9)
    at HTMLUnknownElementImpl.dispatchEvent (/var/tmp/vibe-kanban/worktrees/vk-b25b-create-tes/node_modules/.pnpm/jsdom@26.1.0/node_modules/jsdom/lib/jsdom/living/events/EventTarget-impl.js:104:17)
    at HTMLUnknownElement.dispatchEvent (/var/tmp/vibe-kanban/worktrees/vk-b25b-create-tes/node_modules/.pnpm/jsdom@26.1.0/node_modules/jsdom/lib/jsdom/living/generated/EventTarget.js:241:34)
    at Object.invokeGuardedCallbackDev (/var/tmp/vibe-kanban/worktrees/vk-b25b-create-tes/node_modules/.pnpm/react-dom@18.3.1_react@18.3.1/node_modules/react-dom/cjs/react-dom.development.js:4213:16)
    at invokeGuardedCallback (/var/tmp/vibe-kanban/worktrees/vk-b25b-create-tes/node_modules/.pnpm/react-dom@18.3.1_react@18.3.1/node_modules/react-dom/cjs/react-dom.development.js:4277:31)
    at beginWork$1 (/var/tmp/vibe-kanban/worktrees/vk-b25b-create-tes/node_modules/.pnpm/react-dom@18.3.1_react@18.3.1/node_modules/react-dom/cjs/react-dom.development.js:27490:7)
    at performUnitOfWork (/var/tmp/vibe-kanban/worktrees/vk-b25b-create-tes/node_modules/.pnpm/react-dom@18.3.1_react@18.3.1/node_modules/react-dom/cjs/react-dom.development.js:26599:12) ReferenceError: React is not defined
    at Page [90m(/var/tmp/vibe-kanban/worktrees/vk-b25b-create-tes/apps/web/[39mpages/index.tsx:71:19[90m)[39m
    at renderWithHooks (/var/tmp/vibe-kanban/worktrees/vk-b25b-create-tes/node_modules/[4m.pnpm[24m/react-dom@18.3.1_react@18.3.1/node_modules/[4mreact-dom[24m/cjs/react-dom.development.js:15486:18)
    at mountIndeterminateComponent (/var/tmp/vibe-kanban/worktrees/vk-b25b-create-tes/node_modules/[4m.pnpm[24m/react-dom@18.3.1_react@18.3.1/node_modules/[4mreact-dom[24m/cjs/react-dom.development.js:20103:13)
    at beginWork (/var/tmp/vibe-kanban/worktrees/vk-b25b-create-tes/node_modules/[4m.pnpm[24m/react-dom@18.3.1_react@18.3.1/node_modules/[4mreact-dom[24m/cjs/react-dom.development.js:21626:16)
    at HTMLUnknownElement.callCallback (/var/tmp/vibe-kanban/worktrees/vk-b25b-create-tes/node_modules/[4m.pnpm[24m/react-dom@18.3.1_react@18.3.1/node_modules/[4mreact-dom[24m/cjs/react-dom.development.js:4164:14)
    at HTMLUnknownElement.callTheUserObjectsOperation (/var/tmp/vibe-kanban/worktrees/vk-b25b-create-tes/node_modules/[4m.pnpm[24m/jsdom@26.1.0/node_modules/[4mjsdom[24m/lib/jsdom/living/generated/EventListener.js:26:30)
[...]
 ❯ beginWork$1 ../../node_modules/.pnpm/react-dom@18.3.1_react@18.3.1/node_modules/react-dom/cjs/react-dom.development.js:27465:14
 ❯ performUnitOfWork ../../node_modules/.pnpm/react-dom@18.3.1_react@18.3.1/node_modules/react-dom/cjs/react-dom.development.js:26599:12
 ❯ workLoopSync ../../node_modules/.pnpm/react-dom@18.3.1_react@18.3.1/node_modules/react-dom/cjs/react-dom.development.js:26505:5
 ❯ renderRootSync ../../node_modules/.pnpm/react-dom@18.3.1_react@18.3.1/node_modules/react-dom/cjs/react-dom.development.js:26473:7
 ❯ recoverFromConcurrentError ../../node_modules/.pnpm/react-dom@18.3.1_react@18.3.1/node_modules/react-dom/cjs/react-dom.development.js:25889:20
 ❯ performConcurrentWorkOnRoot ../../node_modules/.pnpm/react-dom@18.3.1_react@18.3.1/node_modules/react-dom/cjs/react-dom.development.js:25789:22
            </failure>
        </testcase>
        <testcase classname="__tests__/pages/index.test.tsx" name="Index Page &gt; Performance and Edge Cases &gt; should cleanup properly on unmount" time="0.004966329">
            <system-err>
Error: Uncaught [ReferenceError: React is not defined]
    at reportException (/var/tmp/vibe-kanban/worktrees/vk-b25b-create-tes/node_modules/.pnpm/jsdom@26.1.0/node_modules/jsdom/lib/jsdom/living/helpers/runtime-script-errors.js:66:24)
    at innerInvokeEventListeners (/var/tmp/vibe-kanban/worktrees/vk-b25b-create-tes/node_modules/.pnpm/jsdom@26.1.0/node_modules/jsdom/lib/jsdom/living/events/EventTarget-impl.js:353:9)
    at invokeEventListeners (/var/tmp/vibe-kanban/worktrees/vk-b25b-create-tes/node_modules/.pnpm/jsdom@26.1.0/node_modules/jsdom/lib/jsdom/living/events/EventTarget-impl.js:286:3)
    at HTMLUnknownElementImpl._dispatch (/var/tmp/vibe-kanban/worktrees/vk-b25b-create-tes/node_modules/.pnpm/jsdom@26.1.0/node_modules/jsdom/lib/jsdom/living/events/EventTarget-impl.js:233:9)
    at HTMLUnknownElementImpl.dispatchEvent (/var/tmp/vibe-kanban/worktrees/vk-b25b-create-tes/node_modules/.pnpm/jsdom@26.1.0/node_modules/jsdom/lib/jsdom/living/events/EventTarget-impl.js:104:17)
    at HTMLUnknownElement.dispatchEvent (/var/tmp/vibe-kanban/worktrees/vk-b25b-create-tes/node_modules/.pnpm/jsdom@26.1.0/node_modules/jsdom/lib/jsdom/living/generated/EventTarget.js:241:34)
    at Object.invokeGuardedCallbackDev (/var/tmp/vibe-kanban/worktrees/vk-b25b-create-tes/node_modules/.pnpm/react-dom@18.3.1_react@18.3.1/node_modules/react-dom/cjs/react-dom.development.js:4213:16)
    at invokeGuardedCallback (/var/tmp/vibe-kanban/worktrees/vk-b25b-create-tes/node_modules/.pnpm/react-dom@18.3.1_react@18.3.1/node_modules/react-dom/cjs/react-dom.development.js:4277:31)
    at beginWork$1 (/var/tmp/vibe-kanban/worktrees/vk-b25b-create-tes/node_modules/.pnpm/react-dom@18.3.1_react@18.3.1/node_modules/react-dom/cjs/react-dom.development.js:27490:7)
    at performUnitOfWork (/var/tmp/vibe-kanban/worktrees/vk-b25b-create-tes/node_modules/.pnpm/react-dom@18.3.1_react@18.3.1/node_modules/react-dom/cjs/react-dom.development.js:26599:12) ReferenceError: React is not defined
    at Page [90m(/var/tmp/vibe-kanban/worktrees/vk-b25b-create-tes/apps/web/[39mpages/index.tsx:71:19[90m)[39m
    at renderWithHooks (/var/tmp/vibe-kanban/worktrees/vk-b25b-create-tes/node_modules/[4m.pnpm[24m/react-dom@18.3.1_react@18.3.1/node_modules/[4mreact-dom[24m/cjs/react-dom.development.js:15486:18)
    at mountIndeterminateComponent (/var/tmp/vibe-kanban/worktrees/vk-b25b-create-tes/node_modules/[4m.pnpm[24m/react-dom@18.3.1_react@18.3.1/node_modules/[4mreact-dom[24m/cjs/react-dom.development.js:20103:13)
    at beginWork (/var/tmp/vibe-kanban/worktrees/vk-b25b-create-tes/node_modules/[4m.pnpm[24m/react-dom@18.3.1_react@18.3.1/node_modules/[4mreact-dom[24m/cjs/react-dom.development.js:21626:16)
    at HTMLUnknownElement.callCallback (/var/tmp/vibe-kanban/worktrees/vk-b25b-create-tes/node_modules/[4m.pnpm[24m/react-dom@18.3.1_react@18.3.1/node_modules/[4mreact-dom[24m/cjs/react-dom.development.js:4164:14)
    at HTMLUnknownElement.callTheUserObjectsOperation (/var/tmp/vibe-kanban/worktrees/vk-b25b-create-tes/node_modules/[4m.pnpm[24m/jsdom@26.1.0/node_modules/[4mjsdom[24m/lib/jsdom/living/generated/EventListener.js:26:30)
    at innerInvokeEventListeners (/var/tmp/vibe-kanban/worktrees/vk-b25b-create-tes/node_modules/[4m.pnpm[24m/jsdom@26.1.0/node_modules/[4mjsdom[24m/lib/jsdom/living/events/EventTarget-impl.js:350:25)
    at invokeEventListeners (/var/tmp/vibe-kanban/worktrees/vk-b25b-create-tes/node_modules/[4m.pnpm[24m/jsdom@26.1.0/node_modules/[4mjsdom[24m/lib/jsdom/living/events/EventTarget-impl.js:286:3)
    at HTMLUnknownElementImpl._dispatch (/var/tmp/vibe-kanban/worktrees/vk-b25b-create-tes/node_modules/[4m.pnpm[24m/jsdom@26.1.0/node_modules/[4mjsdom[24m/lib/jsdom/living/events/EventTarget-impl.js:233:9)
    at HTMLUnknownElementImpl.dispatchEvent (/var/tmp/vibe-kanban/worktrees/vk-b25b-create-tes/node_modules/[4m.pnpm[24m/jsdom@26.1.0/node_modules/[4mjsdom[24m/lib/jsdom/living/events/EventTarget-impl.js:104:17)
Error: Uncaught [ReferenceError: React is not defined]
    at reportException (/var/tmp/vibe-kanban/worktrees/vk-b25b-create-tes/node_modules/.pnpm/jsdom@26.1.0/node_modules/jsdom/lib/jsdom/living/helpers/runtime-script-errors.js:66:24)
    at innerInvokeEventListeners (/var/tmp/vibe-kanban/worktrees/vk-b25b-create-tes/node_modules/.pnpm/jsdom@26.1.0/node_modules/jsdom/lib/jsdom/living/events/EventTarget-impl.js:353:9)
    at invokeEventListeners (/var/tmp/vibe-kanban/worktrees/vk-b25b-create-tes/node_modules/.pnpm/jsdom@26.1.0/node_modules/jsdom/lib/jsdom/living/events/EventTarget-impl.js:286:3)
    at HTMLUnknownElementImpl._dispatch (/var/tmp/vibe-kanban/worktrees/vk-b25b-create-tes/node_modules/.pnpm/jsdom@26.1.0/node_modules/jsdom/lib/jsdom/living/events/EventTarget-impl.js:233:9)
    at HTMLUnknownElementImpl.dispatchEvent (/var/tmp/vibe-kanban/worktrees/vk-b25b-create-tes/node_modules/.pnpm/jsdom@26.1.0/node_modules/jsdom/lib/jsdom/living/events/EventTarget-impl.js:104:17)
    at HTMLUnknownElement.dispatchEvent (/var/tmp/vibe-kanban/worktrees/vk-b25b-create-tes/node_modules/.pnpm/jsdom@26.1.0/node_modules/jsdom/lib/jsdom/living/generated/EventTarget.js:241:34)
    at Object.invokeGuardedCallbackDev (/var/tmp/vibe-kanban/worktrees/vk-b25b-create-tes/node_modules/.pnpm/react-dom@18.3.1_react@18.3.1/node_modules/react-dom/cjs/react-dom.development.js:4213:16)
    at invokeGuardedCallback (/var/tmp/vibe-kanban/worktrees/vk-b25b-create-tes/node_modules/.pnpm/react-dom@18.3.1_react@18.3.1/node_modules/react-dom/cjs/react-dom.development.js:4277:31)
    at beginWork$1 (/var/tmp/vibe-kanban/worktrees/vk-b25b-create-tes/node_modules/.pnpm/react-dom@18.3.1_react@18.3.1/node_modules/react-dom/cjs/react-dom.development.js:27490:7)
    at performUnitOfWork (/var/tmp/vibe-kanban/worktrees/vk-b25b-create-tes/node_modules/.pnpm/react-dom@18.3.1_react@18.3.1/node_modules/react-dom/cjs/react-dom.development.js:26599:12) ReferenceError: React is not defined
    at Page [90m(/var/tmp/vibe-kanban/worktrees/vk-b25b-create-tes/apps/web/[39mpages/index.tsx:71:19[90m)[39m
    at renderWithHooks (/var/tmp/vibe-kanban/worktrees/vk-b25b-create-tes/node_modules/[4m.pnpm[24m/react-dom@18.3.1_react@18.3.1/node_modules/[4mreact-dom[24m/cjs/react-dom.development.js:15486:18)
    at mountIndeterminateComponent (/var/tmp/vibe-kanban/worktrees/vk-b25b-create-tes/node_modules/[4m.pnpm[24m/react-dom@18.3.1_react@18.3.1/node_modules/[4mreact-dom[24m/cjs/react-dom.development.js:20103:13)
    at beginWork (/var/tmp/vibe-kanban/worktrees/vk-b25b-create-tes/node_modules/[4m.pnpm[24m/react-dom@18.3.1_react@18.3.1/node_modules/[4mreact-dom[24m/cjs/react-dom.development.js:21626:16)
    at HTMLUnknownElement.callCallback (/var/tmp/vibe-kanban/worktrees/vk-b25b-create-tes/node_modules/[4m.pnpm[24m/react-dom@18.3.1_react@18.3.1/node_modules/[4mreact-dom[24m/cjs/react-dom.development.js:4164:14)
    at HTMLUnknownElement.callTheUserObjectsOperation (/var/tmp/vibe-kanban/worktrees/vk-b25b-create-tes/node_modules/[4m.pnpm[24m/jsdom@26.1.0/node_modules/[4mjsdom[24m/lib/jsdom/living/generated/EventListener.js:26:30)
    at innerInvokeEventListeners (/var/tmp/vibe-kanban/worktrees/vk-b25b-create-tes/node_modules/[4m.pnpm[24m/jsdom@26.1.0/node_modules/[4mjsdom[24m/lib/jsdom/living/events/EventTarget-impl.js:350:25)
    at invokeEventListeners (/var/tmp/vibe-kanban/worktrees/vk-b25b-create-tes/node_modules/[4m.pnpm[24m/jsdom@26.1.0/node_modules/[4mjsdom[24m/lib/jsdom/living/events/EventTarget-impl.js:286:3)
    at HTMLUnknownElementImpl._dispatch (/var/tmp/vibe-kanban/worktrees/vk-b25b-create-tes/node_modules/[4m.pnpm[24m/jsdom@26.1.0/node_modules/[4mjsdom[24m/lib/jsdom/living/events/EventTarget-impl.js:233:9)
    at HTMLUnknownElementImpl.dispatchEvent (/var/tmp/vibe-kanban/worktrees/vk-b25b-create-tes/node_modules/[4m.pnpm[24m/jsdom@26.1.0/node_modules/[4mjsdom[24m/lib/jsdom/living/events/EventTarget-impl.js:104:17)

            </system-err>
            <failure message="React is not defined" type="ReferenceError">
ReferenceError: React is not defined
 ❯ Page pages/index.tsx:71:19
 ❯ renderWithHooks ../../node_modules/.pnpm/react-dom@18.3.1_react@18.3.1/node_modules/react-dom/cjs/react-dom.development.js:15486:18
 ❯ mountIndeterminateComponent ../../node_modules/.pnpm/react-dom@18.3.1_react@18.3.1/node_modules/react-dom/cjs/react-dom.development.js:20103:13
 ❯ beginWork ../../node_modules/.pnpm/react-dom@18.3.1_react@18.3.1/node_modules/react-dom/cjs/react-dom.development.js:21626:16
 ❯ beginWork$1 ../../node_modules/.pnpm/react-dom@18.3.1_react@18.3.1/node_modules/react-dom/cjs/react-dom.development.js:27465:14
 ❯ performUnitOfWork ../../node_modules/.pnpm/react-dom@18.3.1_react@18.3.1/node_modules/react-dom/cjs/react-dom.development.js:26599:12
 ❯ workLoopSync ../../node_modules/.pnpm/react-dom@18.3.1_react@18.3.1/node_modules/react-dom/cjs/react-dom.development.js:26505:5
 ❯ renderRootSync ../../node_modules/.pnpm/react-dom@18.3.1_react@18.3.1/node_modules/react-dom/cjs/react-dom.development.js:26473:7
 ❯ recoverFromConcurrentError ../../node_modules/.pnpm/react-dom@18.3.1_react@18.3.1/node_modules/react-dom/cjs/react-dom.development.js:25889:20
 ❯ performConcurrentWorkOnRoot ../../node_modules/.pnpm/react-dom@18.3.1_react@18.3.1/node_modules/react-dom/cjs/react-dom.development.js:25789:22
            </failure>
        </testcase>
        <testcase classname="__tests__/pages/index.test.tsx" name="Index Page &gt; Performance and Edge Cases &gt; should handle component re-renders without unnecessary API calls" time="0.004836288">
            <system-err>
Error: Uncaught [ReferenceError: React is not defined]
    at reportException (/var/tmp/vibe-kanban/worktrees/vk-b25b-create-tes/node_modules/.pnpm/jsdom@26.1.0/node_modules/jsdom/lib/jsdom/living/helpers/runtime-script-errors.js:66:24)
    at innerInvokeEventListeners (/var/tmp/vibe-kanban/worktrees/vk-b25b-create-tes/node_modules/.pnpm/jsdom@26.1.0/node_modules/jsdom/lib/jsdom/living/events/EventTarget-impl.js:353:9)
    at invokeEventListeners (/var/tmp/vibe-kanban/worktrees/vk-b25b-create-tes/node_modules/.pnpm/jsdom@26.1.0/node_modules/jsdom/lib/jsdom/living/events/EventTarget-impl.js:286:3)
    at HTMLUnknownElementImpl._dispatch (/var/tmp/vibe-kanban/worktrees/vk-b25b-create-tes/node_modules/.pnpm/jsdom@26.1.0/node_modules/jsdom/lib/jsdom/living/events/EventTarget-impl.js:233:9)
    at HTMLUnknownElementImpl.dispatchEvent (/var/tmp/vibe-kanban/worktrees/vk-b25b-create-tes/node_modules/.pnpm/jsdom@26.1.0/node_modules/jsdom/lib/jsdom/living/events/EventTarget-impl.js:104:17)
    at HTMLUnknownElement.dispatchEvent (/var/tmp/vibe-kanban/worktrees/vk-b25b-create-tes/node_modules/.pnpm/jsdom@26.1.0/node_modules/jsdom/lib/jsdom/living/generated/EventTarget.js:241:34)
    at Object.invokeGuardedCallbackDev (/var/tmp/vibe-kanban/worktrees/vk-b25b-create-tes/node_modules/.pnpm/react-dom@18.3.1_react@18.3.1/node_modules/react-dom/cjs/react-dom.development.js:4213:16)
    at invokeGuardedCallback (/var/tmp/vibe-kanban/worktrees/vk-b25b-create-tes/node_modules/.pnpm/react-dom@18.3.1_react@18.3.1/node_modules/react-dom/cjs/react-dom.development.js:4277:31)
    at beginWork$1 (/var/tmp/vibe-kanban/worktrees/vk-b25b-create-tes/node_modules/.pnpm/react-dom@18.3.1_react@18.3.1/node_modules/react-dom/cjs/react-dom.development.js:27490:7)
    at performUnitOfWork (/var/tmp/vibe-kanban/worktrees/vk-b25b-create-tes/node_modules/.pnpm/react-dom@18.3.1_react@18.3.1/node_modules/react-dom/cjs/react-dom.development.js:26599:12) ReferenceError: React is not defined
    at Page [90m(/var/tmp/vibe-kanban/worktrees/vk-b25b-create-tes/apps/web/[39mpages/index.tsx:71:19[90m)[39m
    at renderWithHooks (/var/tmp/vibe-kanban/worktrees/vk-b25b-create-tes/node_modules/[4m.pnpm[24m/react-dom@18.3.1_react@18.3.1/node_modules/[4mreact-dom[24m/cjs/react-dom.development.js:15486:18)
    at mountIndeterminateComponent (/var/tmp/vibe-kanban/worktrees/vk-b25b-create-tes/node_modules/[4m.pnpm[24m/react-dom@18.3.1_react@18.3.1/node_modules/[4mreact-dom[24m/cjs/react-dom.development.js:20103:13)
    at beginWork (/var/tmp/vibe-kanban/worktrees/vk-b25b-create-tes/node_modules/[4m.pnpm[24m/react-dom@18.3.1_react@18.3.1/node_modules/[4mreact-dom[24m/cjs/react-dom.development.js:21626:16)
    at HTMLUnknownElement.callCallback (/var/tmp/vibe-kanban/worktrees/vk-b25b-create-tes/node_modules/[4m.pnpm[24m/react-dom@18.3.1_react@18.3.1/node_modules/[4mreact-dom[24m/cjs/react-dom.development.js:4164:14)
    at HTMLUnknownElement.callTheUserObjectsOperation (/var/tmp/vibe-kanban/worktrees/vk-b25b-create-tes/node_modules/[4m.pnpm[24m/jsdom@26.1.0/node_modules/[4mjsdom[24m/lib/jsdom/living/generated/EventListener.js:26:30)
    at innerInvokeEventListeners (/var/tmp/vibe-kanban/worktrees/vk-b25b-create-tes/node_modules/[4m.pnpm[24m/jsdom@26.1.0/node_modules/[4mjsdom[24m/lib/jsdom/living/events/EventTarget-impl.js:350:25)
    at invokeEventListeners (/var/tmp/vibe-kanban/worktrees/vk-b25b-create-tes/node_modules/[4m.pnpm[24m/jsdom@26.1.0/node_modules/[4mjsdom[24m/lib/jsdom/living/events/EventTarget-impl.js:286:3)
    at HTMLUnknownElementImpl._dispatch (/var/tmp/vibe-kanban/worktrees/vk-b25b-create-tes/node_modules/[4m.pnpm[24m/jsdom@26.1.0/node_modules/[4mjsdom[24m/lib/jsdom/living/events/EventTarget-impl.js:233:9)
    at HTMLUnknownElementImpl.dispatchEvent (/var/tmp/vibe-kanban/worktrees/vk-b25b-create-tes/node_modules/[4m.pnpm[24m/jsdom@26.1.0/node_modules/[4mjsdom[24m/lib/jsdom/living/events/EventTarget-impl.js:104:17)
Error: Uncaught [ReferenceError: React is not defined]
    at reportException (/var/tmp/vibe-kanban/worktrees/vk-b25b-create-tes/node_modules/.pnpm/jsdom@26.1.0/node_modules/jsdom/lib/jsdom/living/helpers/runtime-script-errors.js:66:24)
    at innerInvokeEventListeners (/var/tmp/vibe-kanban/worktrees/vk-b25b-create-tes/node_modules/.pnpm/jsdom@26.1.0/node_modules/jsdom/lib/jsdom/living/events/EventTarget-impl.js:353:9)
    at invokeEventListeners (/var/tmp/vibe-kanban/worktrees/vk-b25b-create-tes/node_modules/.pnpm/jsdom@26.1.0/node_modules/jsdom/lib/jsdom/living/events/EventTarget-impl.js:286:3)
    at HTMLUnknownElementImpl._dispatch (/var/tmp/vibe-kanban/worktrees/vk-b25b-create-tes/node_modules/.pnpm/jsdom@26.1.0/node_modules/jsdom/lib/jsdom/living/events/EventTarget-impl.js:233:9)
    at HTMLUnknownElementImpl.dispatchEvent (/var/tmp/vibe-kanban/worktrees/vk-b25b-create-tes/node_modules/.pnpm/jsdom@26.1.0/node_modules/jsdom/lib/jsdom/living/events/EventTarget-impl.js:104:17)
    at HTMLUnknownElement.dispatchEvent (/var/tmp/vibe-kanban/worktrees/vk-b25b-create-tes/node_modules/.pnpm/jsdom@26.1.0/node_modules/jsdom/lib/jsdom/living/generated/EventTarget.js:241:34)
    at Object.invokeGuardedCallbackDev (/var/tmp/vibe-kanban/worktrees/vk-b25b-create-tes/node_modules/.pnpm/react-dom@18.3.1_react@18.3.1/node_modules/react-dom/cjs/react-dom.development.js:4213:16)
    at invokeGuardedCallback (/var/tmp/vibe-kanban/worktrees/vk-b25b-create-tes/node_modules/.pnpm/react-dom@18.3.1_react@18.3.1/node_modules/react-dom/cjs/react-dom.development.js:4277:31)
    at beginWork$1 (/var/tmp/vibe-kanban/worktrees/vk-b25b-create-tes/node_modules/.pnpm/react-dom@18.3.1_react@18.3.1/node_modules/react-dom/cjs/react-dom.development.js:27490:7)
    at performUnitOfWork (/var/tmp/vibe-kanban/worktrees/vk-b25b-create-tes/node_modules/.pnpm/react-dom@18.3.1_react@18.3.1/node_modules/react-dom/cjs/react-dom.development.js:26599:12) ReferenceError: React is not defined
    at Page [90m(/var/tmp/vibe-kanban/worktrees/vk-b25b-create-tes/apps/web/[39mpages/index.tsx:71:19[90m)[39m
    at renderWithHooks (/var/tmp/vibe-kanban/worktrees/vk-b25b-create-tes/node_modules/[4m.pnpm[24m/react-dom@18.3.1_react@18.3.1/node_modules/[4mreact-dom[24m/cjs/react-dom.development.js:15486:18)
    at mountIndeterminateComponent (/var/tmp/vibe-kanban/worktrees/vk-b25b-create-tes/node_modules/[4m.pnpm[24m/react-dom@18.3.1_react@18.3.1/node_modules/[4mreact-dom[24m/cjs/react-dom.development.js:20103:13)
    at beginWork (/var/tmp/vibe-kanban/worktrees/vk-b25b-create-tes/node_modules/[4m.pnpm[24m/react-dom@18.3.1_react@18.3.1/node_modules/[4mreact-dom[24m/cjs/react-dom.development.js:21626:16)
    at HTMLUnknownElement.callCallback (/var/tmp/vibe-kanban/worktrees/vk-b25b-create-tes/node_modules/[4m.pnpm[24m/react-dom@18.3.1_react@18.3.1/node_modules/[4mreact-dom[24m/cjs/react-dom.development.js:4164:14)
    at HTMLUnknownElement.callTheUserObjectsOperation (/var/tmp/vibe-kanban/worktrees/vk-b25b-create-tes/node_modules/[4m.pnpm[24m/jsdom@26.1.0/node_modules/[4mjsdom[24m/lib/jsdom/living/generated/EventListener.js:26:30)
    at innerInvokeEventListeners (/var/tmp/vibe-kanban/worktrees/vk-b25b-create-tes/node_modules/[4m.pnpm[24m/jsdom@26.1.0/node_modules/[4mjsdom[24m/lib/jsdom/living/events/EventTarget-impl.js:350:25)
    at invokeEventListeners (/var/tmp/vibe-kanban/worktrees/vk-b25b-create-tes/node_modules/[4m.pnpm[24m/jsdom@26.1.0/node_modules/[4mjsdom[24m/lib/jsdom/living/events/EventTarget-impl.js:286:3)
    at HTMLUnknownElementImpl._dispatch (/var/tmp/vibe-kanban/worktrees/vk-b25b-create-tes/node_modules/[4m.pnpm[24m/jsdom@26.1.0/node_modules/[4mjsdom[24m/lib/jsdom/living/events/EventTarget-impl.js:233:9)
    at HTMLUnknownElementImpl.dispatchEvent (/var/tmp/vibe-kanban/worktrees/vk-b25b-create-tes/node_modules/[4m.pnpm[24m/jsdom@26.1.0/node_modules/[4mjsdom[24m/lib/jsdom/living/events/EventTarget-impl.js:104:17)

            </system-err>
            <failure message="React is not defined" type="ReferenceError">
ReferenceError: React is not defined
 ❯ Page pages/index.tsx:71:19
 ❯ renderWithHooks ../../node_modules/.pnpm/react-dom@18.3.1_react@18.3.1/node_modules/react-dom/cjs/react-dom.development.js:15486:18
 ❯ mountIndeterminateComponent ../../node_modules/.pnpm/react-dom@18.3.1_react@18.3.1/node_modules/react-dom/cjs/react-dom.development.js:20103:13
 ❯ beginWork ../../node_modules/.pnpm/react-dom@18.3.1_react@18.3.1/node_modules/react-dom/cjs/react-dom.development.js:21626:16
 ❯ beginWork$1 ../../node_modules/.pnpm/react-dom@18.3.1_react@18.3.1/node_modules/react-dom/cjs/react-dom.development.js:27465:14
 ❯ performUnitOfWork ../../node_modules/.pnpm/react-dom@18.3.1_react@18.3.1/node_modules/react-dom/cjs/react-dom.development.js:26599:12
 ❯ workLoopSync ../../node_modules/.pnpm/react-dom@18.3.1_react@18.3.1/node_modules/react-dom/cjs/react-dom.development.js:26505:5
 ❯ renderRootSync ../../node_modules/.pnpm/react-dom@18.3.1_react@18.3.1/node_modules/react-dom/cjs/react-dom.development.js:26473:7
 ❯ recoverFromConcurrentError ../../node_modules/.pnpm/react-dom@18.3.1_react@18.3.1/node_modules/react-dom/cjs/react-dom.development.js:25889:20
 ❯ performConcurrentWorkOnRoot ../../node_modules/.pnpm/react-dom@18.3.1_react@18.3.1/node_modules/react-dom/cjs/react-dom.development.js:25789:22
            </failure>
        </testcase>
    </testsuite>
</testsuites>
